0 -11000 2000 1554958000000 0 -22865984.6761134 3000
6258351.25335895 -11359.6610585506 1998.48466044166 1485007939894.44 12513613808.6036 -22865984.5794259 3000
16136278.7060524 -12003.5531770877 1988.20070448333 1369703146185.66 32213065090.2708 -22865984.3264001 3000
24990968.9484424 -12682.7889483555 1966.81488062572 1260490705727.05 49733865763.3993 -22865984.0237235 3000
32914836.8104529 -13400.8033161827 1932.42714399078 1157229114769.29 65194229491.8023 -22865983.6598238 3000
39990743.2678497 -14161.1379288154 1882.78077742335 1059793531160.42 78705335478.6935 -22865983.2207953 3000
46295784.1008239 -14967.6951348439 1815.18678688496 968038999035.228 90377602397.3654 -22865982.6891518 3000
51901536.7966937 -15824.7836875811 1726.43227063317 881803668045.672 100319961548.252 -22865982.0427782 3000
56874315.2700549 -16737.1710488362 1612.66584609756 800911662812.517 108639214491.027 -22865981.2535255 3000
61275427.57909 -17710.1431872962 1469.25328207071 725175649700.634 115439456071.269 -22865980.2853149 3000
65161434.6780908 -18749.5731618291 1290.59397146814 654399114449.857 120821547683.637 -22865979.0915461 3000
68584408.6905355 -19862.0001042828 1069.8852320614 588378357659.535 124882623657.652 -22865977.6115062 3000
71592189.5230177 -21054.7206733768 798.81599577795 526904208119.135 127715609806.988 -22865975.7653217 3000
74228639.0507196 -22335.8957768543 467.163147233341 469763442778.963 129408726664.047 -22865973.4467277 3000
76533892.6137737 -23714.6765891393 62.2506677135561 416739884301.206 130044938714.242 -22865970.5124908 3000
78544608.3682562 -25201.3562035891 -431.789761262799 367615114739.5 129701291307.277 -22865966.7665293 3000
80294216.255227 -26807.5578390869 -1035.05493682243 322168686700.93 128448041031.323 -22865961.9352977 3000
81813170.6695153 -28546.4804084891 -1773.36823575737 280177600077.569 126347416713.405 -22865955.6280665 3000
83129051.9090695 -30432.9820536667 -2680.39995798242 241419557035.415 123452146862.547 -22865947.2746708 3000
84251189.5564026 -32452.109681333 -3782.52072689327 206179589546.932 119862610117.328 -22865936.7569849 3000
85192500.9701559 -34573.3887028618 -5100.22747044001 174670684145.302 115718371002 -22865924.6342574 3000
85983213.3659939 -36792.7941629684 -6674.61726227409 146487226299.064 111099530800.845 -22865910.6636295 3000
86648315.3195492 -39100.2504688051 -8554.90921951378 121275406959.881 106071343436.311 -22865894.6278415 3000
87208839.9724894 -41478.0026380504 -10801.0721945251 98713937081.7837 100683063166.791 -22865876.3366151 3000
87682543.9853777 -43897.0170483814 -13486.9621090302 78509461726.0584 94967048199.8658 -22865855.6710122 3000
88084500.289261 -46311.4064101543 -16705.0365800146 60391450289.185 88936132662.005 -22865832.6614566 3000
88427646.1603128 -48649.3237295819 -20574.1335707482 44105538222.6465 82577699426.8359 -22865807.6260064 3000
88723362.9930624 -50796.845225985 -25254.1595926473 29402562226.0939 75840398726.6531 -22865781.4226563 3000
88982297.024915 -52565.4734011119 -30979.9423551521 16014195689.2243 68600825261.1707 -22865755.9405971 3000
89213559.7972818 -53602.9232143858 -38069.8188368627 3720779373.43184 60660225159.2119 -22865736.1310358 3000
89418316.7363547 -53274.4493569922 -46574.3997173577 -7251729782.51174 52035658068.1644 -22865729.8311057 3000
89616433.6813089 -50345.1502611002 -57229.8047599612 -17576005948.6858 41792398745.0815 -22865711.3294463 3000
89783868.9349089 -44088.5037568971 -67645.7277601729 -25543269578.8368 31346559693.2601 -22865614.1321974 3000
89918031.0634665 -35535.6647995201 -75609.1960869344 -30921969900.3933 21722702774.2687 -22865511.2304249 3000
90040411.2996475 -25086.4850752737 -80974.5527904954 -34652749740.0133 12115091116.645 -22865457.3720751 3000
90150964.8837267 -14479.5210930958 -83223.9384648684 -36843741564.4861 3013544577.85889 -22865477.3745933 3000
90275066.9873788 -2921.31778099244 -82594.4971207743 -37911288401.471 -7307606898.01232 -22865578.5379634 3000
90417603.5143132 8160.41739817888 -78823.7558460429 -37503557328.0793 -18840299338.19 -22865718.6253743 3000
90589800.020418 17636.2393568365 -72334.3009692595 -35223665289.5872 -31868287052.3062 -22865818.3037796 3000
90793243.8818892 24384.5731098864 -64552.8835175401 -30882852169.4335 -45780534017.4691 -22865858.6503763 3000
91006556.1388232 28222.5393145646 -57518.4385289167 -25228455768.3762 -58776233215.1813 -22865879.9549563 3000
91239461.2052339 30336.364457399 -51319.9498095816 -18378991269.4778 -71422764824.2697 -22865903.7132008 3000
91509334.2345266 31385.5367363689 -45713.5171847512 -10026877831.963 -84483247908.7664 -22865932.1380026 3000
91828828.6365169 31683.00669302 -40654.1510496615 66401191.2309389 -98242425237.3688 -22865963.3782978 3000
92194075.7443407 31456.6004577051 -36292.4419740317 11608839572.1668 -112257173916.919 -22865989.2705362 3000
92613576.1941979 30894.1733577907 -32514.8810818402 24693464732.072 -126652393495.605 -22866010.2231498 3000
93098774.4835653 30113.4360277065 -29214.5521501564 39496226337.4043 -141590633878.654 -22866027.3794218 3000
93662081.9034491 29191.6753444584 -26313.9662628664 56198425800.1353 -157192739285.393 -22866041.515751 3000
94317364.1274274 28181.8959942166 -23753.1773193256 74991652761.6781 -173558441830.284 -22866053.210127 3000
95080299.8106554 27121.3695560658 -21484.0151279692 96080079618.2823 -190775831001.9 -22866062.9124674 3000
95968701.9279206 26036.6677630316 -19466.8495016172 119681717357.996 -208926194406.755 -22866070.9810432 3000
97002837.7524804 24946.8432520387 -17668.564895444 146029200148.128 -228086667028.013 -22866077.7047387 3000
98205763.6352295 23865.5424315715 -16061.1870116937 175370301903.515 -248331717700.299 -22866083.3182432 3000
99603683.2554387 22802.4610266395 -14620.8950792404 207968257849.128 -269733955527.454 -22866088.0131561 3000
101226334.804042 21764.3745127435 -13327.2801650603 244101910398.347 -292364500324.947 -22866091.9464505 3000
103107411.071818 20755.8829191513 -12162.7702343088 284065673974.223 -316293047138.717 -22866095.2470846 3000
105285015.59571 19779.9579076284 -11112.173858083 328169298719.986 -341587695197.43 -22866098.0212455 3000
107802157.582221 18838.3496629219 -10162.3116161701 376737404514.557 -368314579395.933 -22866100.3565473 3000
110707287.983752 17931.8924700051 -9301.71430850791 430108748945.813 -396537322907.279 -22866102.3254156 3000
114054878.812139 17060.7359185535 -8520.37327493997 488635185972.967 -426316317472.033 -22866103.9878259 3000
117906047.59539 16224.5207774169 -7809.53209171662 552680267069.88 -457707830905.488 -22866105.3935288 3000
122329228.458625 15422.5132934768 -7161.51163779024 622617427317.364 -490762934545.199 -22866106.5838608 3000
127400891.063552 14653.7079406526 -6569.56235881191 698827693329.062 -525526240245.7 -22866107.5932233 3000
133206308.121643 13916.9060592239 -6027.73892140371 781696839964.442 -562034432366.127 -22866108.4502911 3000
139834508.187741 13211.3482608611 -5531.18761841562 871534450818.052 -600282146611.577 -22866109.1761353 3000
147325349.843661 12540.7271783218 -5078.59811098251 967915081195.684 -639960308448.588 -22866109.7684099 3000
155757743.423395 11903.5051112971 -4665.38352569415 1070901747266.29 -680982888971.08 -22866110.2502104 3000
165228295.765643 11297.113983593 -4286.87486307458 1180684707198.15 -723314249515.13 -22866110.6442728 3000
175840992.222526 10719.1751381214 -3939.06684745337 1297429022708.57 -766903747215.748 -22866110.9681581 3000
187707485.419047 10167.4833645409 -3618.50463764271 1421269486177.34 -811684254734.522 -22866111.2355494 3000
200947381.010135 9639.99050540307 -3322.19249254381 1552305201905.83 -857570618297.22 -22866111.4571945 3000
215688496.796609 9134.7902234889 -3047.52011147459 1690593548386.25 -904457964231.244 -22866111.6415982 3000
232067088.850631 8650.10378232083 -2792.20264674461 1836143481035.08 -952219860593.425 -22866111.7955342 3000
250228036.92382 8184.26671997566 -2554.2314277044 1988908124346.49 -1000706336732.14 -22866111.9244307 3000
270324980.465243 7735.71628817611 -2331.83315991205 2148776597655.25 -1049741762921.59 -22866112.0326613 3000
292520396.597597 7302.9795023636 -2123.43587885018 2315565020731.9 -1099122594056.8 -22866112.1237682 3000
316985610.727622 6884.66165122004 -1927.64033016947 2489006638174.19 -1148614980453.74 -22866112.2006339 3000
343900729.980005 6479.43510471625 -1743.19573607892 2668740993380.9 -1197952248159.34 -22866112.2656143 3000
373454491.694201 6086.02821244048 -1568.97910880698 2854302086525.75 -1246832254014.72 -22866112.3206432 3000
405844024.292199 5703.21402578806 -1403.9774223401 3045105458376.26 -1294914623392.65 -22866112.3673136 3000
441274518.49791 5329.7985930436 -1247.2721020997 3240434101823.4 -1341817867818.18 -22866112.4069435 3000
479958831.774748 4964.60832796786 -1098.02530409738 3439423173278.5 -1387116394878.68 -22866112.4406267 3000
522117055.572017 4606.47600268422 -955.467587101432 3641043370981.92 -1430337388163.28 -22866112.4692746 3000
567976133.093628 4254.22448445201 -818.886507375052 3844082927745.25 -1470957537793.33 -22866112.4936488 3000
617769679.118805 3906.64707354243 -687.615682339606 4047128064655.27 -1508399541823.63 -22866112.514389 3000
671738292.940931 3562.48259229834 -561.023739016083 4248541692597.77 -1542028215863.74 -22866112.532034 3000
730130893.009431 3220.38230135134 -438.502360504618 4446439917129.72 -1571145862861.39 -22866112.5470398 3000
793208075.710131 2878.86358635776 -319.452171296797 4638665511538.43 -1594986202692.27 -22866112.5597949 3000
861249390.924281 2536.24153605221 -203.26435991969 4822756501293.67 -1612705408862.75 -22866112.5706316 3000
934568338.32931 2190.52133663729 -89.2940375823456 4995905956281.52 -1623367225339.74 -22866112.5798363 3000
1013543174.18684 1839.21632480744 23.182887472494 5154904227772.47 -1625915519074.09 -22866112.5876563 3000
1098682410.95021 1479.01136002437 135.048218445517 5296042906298.24 -1619118578462.43 -22866112.5943025 3000
1190775698.33117 1105.05921675047 247.505853021074 5414926964969.5 -1601443421074.98 -22866112.5999402 3000
1291297419.9794 709.219036305789 362.498409779094 5506031423384.88 -1570725315977.99 -22866112.6046389 3000
1403854885.38607 274.014301834682 484.163273392784 5561321232860.43 -1523016991364.49 -22866112.608084 3000
1546446173.79238 -276.739976906906 631.046037014174 5561197122781.35 -1443432495095.96 -22866112.6041436 3000
1657415248.06443 -714.090955824446 742.098198124298 5506334080619.01 -1367227327997.92 -22866112.5988294 3000
1751626935.82301 -1097.96030523323 835.529333230596 5421090277100.95 -1292910142405.27 -22866112.5938731 3000
1836774259.18311 -1459.94121239679 920.196150472015 5312310855912.96 -1218166906043.07 -22866112.5885048 3000
1915052409.65653 -1809.9949533009 998.919855778664 5184452779646.8 -1143062243987.97 -22866112.5824575 3000
1987493185.92486 -2153.28193002751 1073.12768584602 5041028673943.4 -1068021550302.2 -22866112.5755275 3000
2054706833.62936 -2493.10012886762 1143.68118499654 4885007838704.18 -993532347538.506 -22866112.5675177 3000
2117115397.65233 -2831.84189771117 1211.14973545299 4718977185608.61 -920062677956.248 -22866112.5582195 3000
2175046627.60188 -3171.40099864774 1275.9276665972 4545220143501.86 -848034103229.581 -22866112.5474022 3000
2228777171.26022 -3513.37623970545 1338.29248618481 4365761958200.02 -777813222577.883 -22866112.5348042 3000
2278554036.77289 -3859.18560491851 1398.43666034745 4182399684508.9 -709710648163.19 -22866112.5201249 3000
2324605716.33574 -4210.13612043012 1456.48592412024 3996724647068.23 -643983278329.484 -22866112.5030154 3000
2367148051.82442 -4567.46997718408 1512.51002737326 3810140878412.09 -580838049854.063 -22866112.4830677 3000
2406387303.02773 -4932.39708541928 1566.52883731172 3623881222467.13 -520436303798.43 -22866112.459803 3000
2442521694.91865 -5306.1195490473 1618.51534192654 3439021913316.72 -462898314905.746 -22866112.4326564 3000
2475742139.64643 -5689.85126430827 1668.39640482748 3256495997180.48 -408307735322.596 -22866112.4009596 3000
2506232509.22551 -6084.83447117618 1716.05171736176 3077105836543.28 -356715837646.953 -22866112.363919 3000
2534169685.82384 -6492.35456999588 1761.31119064177 2901534755079.13 -308145478287.808 -22866112.3205899 3000
2559723507.91187 -6913.75396725343 1803.95086163459 2730357914218.55 -262594762636.481 -22866112.2698438 3000
2583056685.37596 -7350.44556972039 1843.68729473241 2564052448899.86 -220040401328.033 -22866112.2103297 3000
2604324721.19988 -7803.9263564535 1880.1703694116 2403006905012.28 -180440766098.813 -22866112.1404244 3000
2623675861.58975 -8275.79142182762 1912.97427203663 2247529999853.35 -143738655889.652 -22866112.0581726 3000
2641251082.74712 -8767.74879312622 1941.58642685932 2097858744610.93 -109863792495.065 -22866111.9612107 3000
2657184117.89862 -9281.63533884794 1965.3940175968 1954165955418.33 -78735063547.4669 -22866111.846673 3000
2671601522.71396 -9819.43403209785 1983.66764688579 1816567194534.66 -50262534545.6513 -22866111.7110727 3000
2684622777.85764 -10383.292918453 1995.54156241777 1685127160395.4 -24349246292.6075 -22866111.550152 3000
2696360423.72146 -10975.5460854924 1999.98972133498 1559865567499.5 -892818604.780238 -22866111.3586918 3000
2706920223.34719 -11598.736992403 1995.79677376613 1440762545457.83 20213122349.2528 -22866111.1302693 3000
2716401349.66486 -12255.6445790696 1981.52279773285 1327763582512.92 39077677070.6734 -22866110.8569466 3000
2724896592.59846 -12949.3125952529 1955.46029428798 1220784044986.75 55811549586.4392 -22866110.5288686 3000
2732492582.15991 -13683.0826572599 1915.58152925844 1119713300316.59 70526053075.9835 -22866110.1337415 3000
2739270024.32965 -14460.6316479644 1859.47374373989 1024418465016.25 83332230631.6387 -22866109.6561484 3000
2745303946.42349 -15286.0141452978 1784.25899747371 934747802133.365 94340077133.2557 -22866109.0766491 3000
2750663949.16326 -16163.7106894011 1686.49437557458 850533788889.526 103657848796.833 -22866108.3705802 3000
2755414462.92161 -17098.6828238839 1562.04686139699 771595874263.693 111391446684.78 -22866107.5064437 3000
2759615006.28792 -18096.4360860573 1405.93516030965 697742937804.023 117643860401.844 -22866106.44372 3000
2763320444.98233 -19163.0923020042 1212.12787998141 628775463716.149 122514655930.889 -22866105.1298586 3000
2766581249.74426 -20305.47290662 973.283247221819 564487435084.588 126099489417.54 -22866103.4960849 3000
2769443752.23871 -21531.1955453643 680.409191176186 504667943472.057 128489624119.96 -22866101.4514562 3000
2771950398.2423 -22848.7869661315 322.412832288712 449102500263.002 129771419592.86 -22866098.874275 3000
2774139998.15183 -24267.8166829549 -114.507255067771 397574011010.648 130025748897.42 -22866095.5993966 3000
2776047975.63012 -25799.0585589085 -647.698682089492 349863338151.206 129327275449.782 -22866091.3989367 3000
2777706616.65676 -27454.6929075494 -1299.24087630253 305749308193.89 127743476876.822 -22866085.951917 3000
2779145324.05793 -29248.5737334592 -2097.6807012166 265007880318.867 125333217237.187 -22866078.7943748 3000
2780390888.30458 -31196.6140830465 -3080.68642845963 227409899324.464 122144490093.811 -22866069.2325937 3000
2781439340.08411 -33254.6251508141 -4260.90839938348 193663439668.297 118332354914.215 -22866058.0043299 3000
2782319478.0093 -35414.1000493506 -5671.73466713939 163479355184.335 113997742411.555 -22866045.0501759 3000
2783059123.16001 -37668.4116717956 -7356.84393572333 136481385228.83 109215865429.664 -22866030.1518321 3000
2783681653.42294 -40004.8075950186 -9369.13938202204 112328985479.562 104046040975.39 -22866013.1052469 3000
2784206762.468 -42401.6256578077 -11773.2351807712 90712511638.582 98531497247.1912 -22865993.753693 3000
2784651099.73535 -44824.0576325951 -14648.9918254331 71348600663.8363 92698011190.4238 -22865972.0468783 3000
2785028835.58135 -47217.4787207229 -18096.9302064967 53974880032.882 86550482477.7364 -22865948.1445312 3000
2785352197.99588 -49496.295941842 -22247.3994127533 38342740925.6276 80065429622.3187 -22865922.6003301 3000
2785632071.88921 -51523.5086058487 -27278.4753567005 24204802235.409 73174093341.0071 -22865896.700037 3000
2785878925.00826 -53067.1883658186 -33458.9038800578 11285771351.4923 65719054878.7105 -22865873.1224518 3000
2786103918.82023 -53679.35851986 -41238.1169667793 -746082999.916657 57361878947.0009 -22865857.7072964 3000
2786296542.08333 -52626.395978238 -50121.1664104498 -11019217332.6716 48599563909.8226 -22865855.5891013 3000
2786492213.70023 -48306.9253268693 -61420.1517362643 -20966728640.3281 37719979953.1633 -22865808.3256974 3000
2786642562.86147 -41197.5028756969 -70848.3375288093 -27744856359.3359 27774473573.6374 -22865705.0575714 3000
2786772458.94765 -31749.7642230753 -77982.9307863386 -32515129167.5935 18088034498.5722 -22865605.6773977 3000
2786889246.88118 -21140.2680805255 -82143.9853467445 -35617462723.6606 8711126918.67314 -22865581.043211 3000
2787005929.58901 -9889.90119092975 -83351.5689082764 -37426356179.4733 -973681639.22828 -22865637.7668982 3000
2787134267.42316 1460.79389738867 -81506.6255346679 -37947781055.903 -11582952257.1963 -22865754.2555275 3000
2787286070.42565 12012.3813656043 -76631.1669843977 -36881895066.7125 -23610074605.3847 -22865884.6708155 3000
2787490021.80379 21213.7664936459 -68685.04116307 -33407806455.7261 -38432557608.0291 -22865997.2792664 3000
2787680755.09043 26125.4289858985 -61743.4842787476 -28849648468.9474 -50856123576.156 -22866013.0833454 3000
2787898848.45277 29180.7197585376 -55082.7055060342 -22781917484.1436 -63570269123.0299 -22866034.4128978 3000
2788144079.95418 30840.238135326 -49123.1653285949 -15395113007.9041 -76317801665.704 -22866059.9848762 3000
2788431956.53399 31575.0341694218 -43717.5447883144 -6389547178.81921 -89646159302.8545 -22866090.0480778 3000
2788769495.1148 31646.3577959254 -38913.7684660641 4296046151.76595 -103553502869.064 -22866120.0234621 3000
2789154109.8603 31274.2883845956 -34790.0784661975 16405697181.6271 -117690011173.606 -22866143.8613307 3000
2789597267.00874 30617.4372195634 -31205.0866479321 30124444499.8193 -132275987984.542 -22866163.2574636 3000
2790110708.43377 29775.3860534984 -28065.1659868164 45629457808.7088 -147454483248.168 -22866179.1838436 3000
2790707352.45842 28814.8114126082 -25300.4597669448 63105576263.5297 -163336691069.181 -22866192.3290658 3000
2791401716.81802 27781.9556123942 -22856.0100029264 82748992006.3393 -180017120294.713 -22866203.2165389 3000
2792210256.49497 26709.5419116449 -20687.2004412977 104769037496.563 -197580847794.316 -22866212.257952 3000
2793151681.81157 25620.9703976231 -18757.0798505526 129389223031.45 -216107343264.247 -22866219.7829762 3000
2794247282.69985 24533.0257864487 -17034.6296154795 156847904986.179 -235672593912.266 -22866226.0583088 3000
2795521271.63211 23457.7036532196 -15493.5597589635 187398723197.131 -256350291641.733 -22866231.3010679 3000
2797001152.36221 22403.4828071307 -14111.427287458 221310854999.13 -278212452411.366 -22866235.6887682 3000
2798718119.24461 21376.233808881 -12868.9652986811 258869093776.571 -301329658831.985 -22866239.3670058 3000
2800707490.71675 20379.8800201319 -11749.557811824 300373739803.298 -325771028602.696 -22866242.4555022 3000
2803009179.93804 19416.8856505162 -10738.8198912496 346140280408.644 -351603965086.829 -22866245.0529169 3000
2805668205.12216 18488.6202076204 -9824.25659110797 396498826908.591 -378893718993.84 -22866247.2407131 3000
2808735241.87924 17595.633034396 -8994.98250542272 451793270389.691 -407702775175.653 -22866249.0862775 3000
2812267219.52985 16737.8615090581 -8241.48896080916 512380110097.607 -438090067418.764 -22866250.6454496 3000
2816327963.17606 15914.7896791671 -7555.44926528401 578626903429.551 -470110018355.896 -22866251.9645783 3000
2820988882.88413 15125.5695139046 -6929.55479028089 650910277304.154 -503811395591.926 -22866253.0821978 3000
2826329711.11184 14369.1136933637 -6357.37627226325 729613435493.776 -539235972645.539 -22866254.0303966 3000
2832439288.86842 13644.166599786 -5833.24594869959 815123084674.209 -576416978610.55 -22866254.8359378 3000
2839393620.82937 12951.4399161384 -5353.56800907127 907530686469.31 -615255381459.412 -22866255.5112457 3000
2847232665.1367 12293.8725372804 -4916.59567360535 1006407266528.66 -655449570000.52 -22866256.0583053 3000
2856049249.32888 11668.7020702848 -4517.13124067839 1111964995076.82 -696976203908.662 -22866256.5042717 3000
2865942769.42859 11073.4336869912 -4150.77333331677 1224385212965.24 -739794139642.451 -22866256.8697294 3000
2877020100.13228 10505.7568961227 -3813.73873529466 1343822036172.59 -783846617599.962 -22866257.1706289 3000
2889395894.95538 9963.52826338071 -3502.757437906 1470397312591.62 -829059823051.324 -22866257.419438 3000
2903192862.82415 9444.75546218363 -3214.98859161584 1604194974939.59 -875341286695.902 -22866257.6259784 3000
2918542015.32514 8947.58244944393 -2947.95247291652 1745254755607.97 -922578134924.622 -22866257.798042 3000
2935582878.46985 8470.27559573943 -2699.47488435658 1893565226385.42 -970635197545.854 -22866257.9418496 3000
2954463659.75166 8011.21068327046 -2467.64135171008 2049056099934.11 -1019352972059.1 -22866258.0623968 3000
2975341363.62707 7568.86057916462 -2250.75906971075 2211589754275.82 -1068545452638.44 -22866258.1637171 3000
2998381844.64251 7141.78348720625 -2047.32506912675 2380951907327.45 -1117997821994.81 -22866258.2490831 3000
3023759789.69272 6728.61159135794 -1855.99937982453 2556841386928.98 -1167464012060.29 -22866258.3211624 3000
3051658619.85087 6328.0399237458 -1675.58223907119 2738858925290.9 -1216664135957 -22866258.3821389 3000
3082270305.96264 5938.81522352036 -1504.99456660155 2926494917229.54 -1265281798200.9 -22866258.4338078 3000
3115795093.87079 5559.72454644712 -1343.26108664736 3119116060942.79 -1312961285041.04 -22866258.4776504 3000
3152441148.37279 5189.58324758572 -1189.49554853215 3315950826823.39 -1359304642913.5 -22866258.5148937 3000
