0 -11000 -24094.9946956423 1554958000000 0 -75178242.3587281 3000
7296835.84643483 -13871.1604822032 -21188.8451903885 1463924688753.79 -165465924156.19 -75178236.5924197 3000
19662247.8388615 -17553.153818703 -15430.4574782995 1268018698751.17 -392829293552.384 -75178223.4990665 3000
31812858.1654686 -19557.4607293215 -9028.88662212384 1040867805484.55 -542011674465.327 -75178207.884919 3000
43738170.3012106 -19860.9631887755 -2320.25556665173 804164904135.039 -609979241083.724 -75178187.4345241 3000
55096514.5031295 -18598.4825002323 4290.51474583051 584331403691.914 -598971890823.169 -75178156.2116012 3000
65019063.092806 -16320.6785811928 10322.9830936506 410239364386.174 -526809221273.633 -75178095.4242766 3000
72258094.2123489 -14102.0150120912 15230.3814626541 299916240059.065 -434777762364.788 -75178009.5712865 3000
77542510.3990456 -12421.294380952 19644.2532529678 229909794140.193 -343140882167.541 -75177867.4103197 3000
81320596.3621016 -11584.703205113 23940.6793849242 184772182650.854 -261280062599.222 -75177646.7137099 3000
83987938.1396044 -11812.6656402562 28369.8840392694 153845716672.196 -191909332412.401 -75177321.3295223 3000
85861136.5490534 -13350.1311094659 33060.6440179343 130590340507.426 -134677076141.203 -75176856.9262682 3000
87176799.1319498 -16556.2969405692 38005.5506315821 111248215799.335 -88139211133.6993 -75176214.5394434 3000
88108362.4433462 -22011.2662158536 42996.6087108392 93631167706.5425 -50528461610.4726 -75175367.4453389 3000
88784468.9277872 -30745.7335256623 47406.2061100818 76169739027.872 -19977446583.9145 -75174373.718915 3000
89299044.866975 -44577.8086390588 49276.4417310287 57199744852.4798 5067689513.02008 -75173857.4404923 3000
89718116.3967539 -64817.8606049137 42418.5069175037 34580904021.8975 24811485220.4901 -75173876.5669315 3000
90012869.1242475 -79607.4630032646 23976.1304316602 13131906979.0803 34940018848.5524 -75170828.6522033 3000
90260479.9185621 -81924.4877602934 1896.13448971864 -7120931831.32894 38143038161.6833 -75172431.5740121 3000
90564303.3361421 -72464.9463317811 -17882.6826155994 -30759449673.4716 35395305629.3035 -75176648.4344369 3000
90979845.6653546 -57504.4243528195 -28436.3943669476 -57622207169.8037 25308459054.7153 -75177889.2675011 3000
91465156.9331361 -45956.487930039 -30984.370063126 -82491336557.0967 10680619742.9435 -75178575.6053086 3000
92136122.0397059 -36864.4363885308 -30247.2769929037 -109966757902.964 -9976211698.09982 -75179479.0652081 3000
93021945.5438391 -30424.021153493 -27984.7290595358 -139470005148.802 -35789980786.4799 -75180102.4519526 3000
94212028.6614991 -25879.2979056373 -25053.3850447056 -172677536289.369 -67306203757.2754 -75180521.3307326 3000
95825296.6017231 -22752.6763387727 -21793.1526456413 -211610648337.704 -104992411351.846 -75180807.9548696 3000
98014028.9579486 -20736.4012439225 -18330.4474641309 -258912550577.88 -148743657706.981 -75181005.0667043 3000
100974537.045895 -19598.5964653722 -14670.8493052594 -318344219668.367 -197378789365.932 -75181140.365209 3000
104958263.289703 -19127.3004412463 -10732.3446071369 -395251291485.582 -247709193454.292 -75181232.4569842 3000
110282119.060758 -19075.9206944692 -6359.92250066421 -496819600958.177 -292889207047.521 -75181294.2109057 3000
117323999.09808 -19092.5894900961 -1352.4677142236 -631307022535.527 -319675708305.018 -75181335.1377676 3000
126432009.858183 -18637.6658275581 4430.70121491848 -803666218608.794 -305196632416.038 -75181363.5023354 3000
137589317.586931 -17008.1820074134 10787.3348783297 -1003685887028.64 -219603463835.993 -75181387.0966901 3000
150144776.940746 -13682.4517613139 16996.3279649671 -1197973015949.07 -44060893547.9823 -75181409.7626418 3000
163423062.232168 -8587.4706760866 22256.7892535299 -1347480344494.57 218191262809.765 -75181431.176552 3000
177225714.027996 -1900.67384399381 25988.3620144746 -1421250153414.88 553361017778.245 -75181451.562851 3000
190065463.33843 5186.32890851205 27620.4423221623 -1400811952085.44 899524130755.172 -75181463.2052113 3000
202559512.206644 12453.0679277363 27357.6344467603 -1290768910408.58 1244918603552.58 -75181471.774928 3000
214874494.050658 19540.3553650216 25264.3608826582 -1093469935160.96 1570799773967.13 -75181478.6246687 3000
227145101.528403 26099.8458532266 21416.0921443972 -812726612746.483 1858941825805.56 -75181484.4822757 3000
240841534.084072 32329.6825905965 15221.4399725093 -410989126106.045 2111978748503.19 -75181493.3992385 3000
254774853.479274 36979.7340602362 7196.8703149012 74117535771.8015 2269927750908.86 -75181501.919324 3000
268354618.936649 39458.8771562949 -1843.68111867303 595612103435.929 2307346013303.21 -75181508.7517767 3000
281057303.420488 39686.0970358961 -10912.6223692805 1100521415610.54 2226689962161.37 -75181512.9965279 3000
293466628.354116 37832.2795875415 -19865.4585310037 1583643606563.72 2035569339252.1 -75181516.402712 3000
305750372.106993 33968.0291640044 -28347.6638593129 2026668175876.93 1738824586085.81 -75181519.3496854 3000
318701060.313891 27816.5945921385 -36374.8244147587 2428945249653.38 1318438811817.85 -75181522.9672036 3000
332463177.417956 19206.929815948 -43323.2317499016 2754757791741.49 767854304353.325 -75181527.368329 3000
346572146.245228 8604.08614375964 -48217.9792393904 2952745399692.45 119140539157.151 -75181531.948867 3000
359276551.527622 -1994.95751069832 -50331.3765174054 2995507312748.9 -509311859585.85 -75181534.422056 3000
371615449.322307 -12746.0234590608 -50091.2104854535 2904767601283.81 -1131253981105.5 -75181536.4034166 3000
383760704.014637 -23273.993219729 -47562.2280218108 2685724525754.75 -1726576975634.74 -75181538.1096427 3000
395842925.707123 -33201.8242551372 -42812.9693037988 2343755307549.51 -2274740584401.98 -75181539.6654412 3000
409306255.665434 -43040.6312712568 -35058.2679698451 1828737770253.39 -2801711871397.25 -75181542.1987306 3000
422959183.728454 -51097.3485454982 -24871.7825781003 1183577783283.67 -3213235726463.19 -75181544.7418498 3000
436223023.221479 -56556.7569348342 -13197.5730482146 466800920956.656 -3467349440011.5 -75181546.8574824 3000
448628144.904345 -59202.6213793603 -1194.31630108476 -253797566738.474 -3557426061832.04 -75181548.2348362 3000
460723853.006996 -59286.8788559867 11005.6099394832 -972953477852.735 -3498317975854.56 -75181549.3768314 3000
472658464.915556 -56869.6289534295 23006.2949247342 -1668572416229.1 -3295062899926.27 -75181550.3868328 3000
485199921.008832 -51682.1138364386 35008.5671622162 -2352049809874.88 -2930313611525.37 -75181551.6554282 3000
498446884.024829 -43432.1811596153 46369.8871722638 -2985027433526.23 -2389457640460.33 -75181553.2075129 3000
511894778.493426 -32491.4732134481 55874.0465412039 -3498178278156.47 -1699340068738.66 -75181554.7968323 3000
524943532.254904 -19881.353981079 62596.2269242356 -3841714010661.03 -923461902911.973 -75181556.1286292 3000
537136940.452318 -6837.58570858592 66279.3361578122 -4005572153257.9 -135049471285.712 -75181556.9991935 3000
549038566.98122 6539.60296597862 67224.9299796227 -4007709565406.35 662079983779.139 -75181557.7321717 3000
560784315.313878 19832.847993645 65485.7633625328 -3852651654315.24 1444089040995.26 -75181558.3871394 3000
573124916.549181 33305.6256256331 60805.5347719724 -3523940992778.45 2226306427866.95 -75181559.2171762 3000
586148738.746971 46307.7729964121 52846.9024235252 -3003782872109.04 2969629489291.21 -75181560.2372276 3000
599346647.932431 57527.6784331805 41939.378827072 -2316053104833.43 3598032386024.37 -75181561.2809094 3000
612212518.728934 65979.7271019862 29010.8100138165 -1518628043930.64 4056591318367.65 -75181562.176189 3000
624311457.830258 71266.0060024238 15297.7504711892 -685592583464.29 4325877435082.09 -75181562.7891394 3000
636095787.342548 73658.3950959926 1027.70629867148 171093865668.182 4422683291706.45 -75181563.3022247 3000
647702852.175438 73205.2840899479 -13362.545859776 1026156853035.61 4351149833341.48 -75181563.7583405 3000
659238077.885221 69955.3476998727 -27440.8540382244 1854519112530.11 4115332534150.8 -75181564.1835694 3000
671414151.132301 63578.689078855 -41455.3222858402 2670466872363.25 3694699369490.79 -75181564.7403551 3000
684340544.813833 53737.4517213641 -54706.2089843075 3431926469763.56 3071019438906.48 -75181565.4488868 3000
697530506.559698 40856.5381621616 -65816.8754195403 4058632174740.88 2273142516936.87 -75181566.2045366 3000
709649790.551669 26993.621348352 -73361.7593836338 4471462387537.34 1426975462544.35 -75181566.6736915 3000
721396094.01285 12239.021614108 -77882.3727184081 4702879327995.03 535872118479.189 -75181567.0588746 3000
732919099.269463 -2946.30818672122 -79425.5133891497 4756823873151.22 -373278327897.287 -75181567.3959216 3000
744327189.915519 -18112.855399377 -78028.3659743029 4636557243107.9 -1274184734096.44 -75181567.7053894 3000
755711798.713859 -32815.5293085412 -73740.2648872611 4345981464491.34 -2140804043232.57 -75181568.0015613 3000
768408982.43745 -48026.8101840672 -65694.2611158958 3831055989176.29 -3029528976835.72 -75181568.504454 3000
781277099.726974 -61453.0953243815 -54346.2644791068 3124133256235.03 -3805094482523.46 -75181569.0239036 3000
794479258.376632 -72450.1274785602 -39872.0492667658 2236783164580.25 -4429853392969.79 -75181569.5955408 3000
806287405.872506 -79420.0053485728 -25042.2915797787 1337277268244.12 -4814576354365.95 -75181569.9047053 3000
817803988.252975 -83294.3838264063 -9425.54211017135 397439713096.058 -5013870906795.63 -75181570.167456 3000
829151338.611526 -84106.4351759298 6509.92942199058 -555210653230.281 -5030654271906.43 -75181570.4030692 3000
840424798.098138 -81892.0572546422 22305.9445878644 -1493726550712.34 -4867922418004.79 -75181570.6237165 3000
852954467.830825 -75954.8014344649 39122.2355791397 -2486353058417.44 -4481893315803.52 -75181570.992664 3000
865580670.165723 -66487.8101728328 54533.9914575956 -3389115731465.31 -3888620407991.3 -75181571.3634896 3000
878437182.919532 -53652.7041528653 67903.5230063503 -4164594265779.02 -3098677823866.42 -75181571.7568921 3000
890881074.877603 -38685.6689894824 77994.3789987103 -4741400684705.91 -2187723304294.82 -75181572.0891414 3000
902482264.769595 -23036.541611021 84448.9638185663 -5100724809806.97 -1242537980423.49 -75181572.3053996 3000
913841989.308785 -6699.2256754392 87732.0561991806 -5270292672283.45 -261636095050.62 -75181572.4931055 3000
925069607.806845 9853.77626243611 87874.2412717292 -5252685096258.82 727106294741.085 -75181572.6643201 3000
936870305.122776 27038.6398125154 84661.2968234685 -5034465457810.44 1748493921943.11 -75181572.8851114 3000
949315995.316534 44186.9958729704 77643.2459825196 -4589808580552.18 2762247759988.81 -75181573.1590869 3000
961899108.68455 59741.3157964782 67033.1991574883 -3933667473059.3 3675993147151.42 -75181573.4394975 3000
974759286.23822 73043.281237861 52996.5978408337 -3076671187921.2 4450951451990.2 -75181573.7429613 3000
986515388.620219 82358.4085250399 37867.1875413509 -2160325016068.67 4986921628956.26 -75181573.9268477 3000
997940221.737324 88423.6237847342 21619.9381771057 -1181802231135 5327909846764.62 -75181574.0803653 3000
1009164954.4962 91270.3658164336 4749.19692721172 -170328916292.323 5476468126770.44 -75181574.2160761 3000
1020286726.36406 90923.1640780561 -12266.3886672541 845775698663.682 5434666311599.17 -75181574.3414528 3000
1031388260.8597 87419.7547307135 -28955.0976756062 1838606438853.39 5205308573606.04 -75181574.4618126 3000
1043767174.95116 79918.9201696961 -46500.5209425163 2878136315333.03 4736743238202.52 -75181574.6670176 3000
1056301221.61916 68758.5813729869 -62364.8313472262 3813435862508.45 4052092784316.58 -75181574.8784392 3000
1069134054.21865 54102.8702360802 -75878.2391559082 4604941691383.07 3161746005665.96 -75181575.1091955 3000
1080763114.02702 38543.0521748944 -85197.3365228036 5145449015571.3 2222253534611.85 -75181575.2424751 3000
1092088822.10062 21875.8283162208 -91225.298565122 5488724651335.41 1220224781131.27 -75181575.3548893 3000
1103232846.17386 4600.2637409884 -93986.8325527873 5636778570210.01 185226715529.096 -75181575.4549716 3000
1114287603.27677 -12800.1165596196 -93504.2627591123 5591419346897.36 -854083800463.2 -75181575.5479425 3000
1126557752.96312 -31691.7053629087 -89211.9861495855 5317615182047.14 -1979054934741.34 -75181575.7029086 3000
1138892394.34837 -49449.5259896126 -81071.8025657935 4815513909213.96 -3033055027377.18 -75181575.8565435 3000
1151408281.31601 -65415.717429147 -69227.0351678322 4094147175447.42 -3977152359977.47 -75181576.0163332 3000
1164253252.11739 -78904.0061993294 -53841.7237554035 3163746541737.58 -4770721230299.21 -75181576.1925237 3000
1175758527.19214 -87967.4133783005 -37847.8603213572 2200856132387.82 -5299894764359.68 -75181576.2876532 3000
1186991982.661 -93710.3505003631 -20794.9846976844 1177424382761.42 -5630326837561.83 -75181576.3685623 3000
1198065823.32268 -96151.743793565 -3183.80327827444 123157563215.447 -5763550409176.73 -75181576.4409242 3000
1209067756.77052 -95313.0021876 14499.2110313141 -933078765064.446 -5701197188153.37 -75181576.5083265 3000
1221291871.64196 -90586.8860286753 33630.1157557759 -2073318948974.61 -5406084219205.67 -75181576.6210805 3000
1233598300.3012 -81976.2083971949 51550.9256539396 -3138951921902.61 -4880162867545.08 -75181576.7331369 3000
1246105577.68693 -69625.5354231661 67596.5077484343 -4090552136630.74 -4132390585587.73 -75181576.850107 3000
1258288036.4308 -54608.1981472967 80445.6334204194 -4849984849911.93 -3227540066536.84 -75181576.9501741 3000
1269741161.32329 -38354.8421363258 89527.5049495113 -5384036228635.29 -2251211713617.81 -75181577.017739 3000
1280932526.53499 -21053.5707657334 95254.5629618843 -5717495682422.82 -1214208267012.43 -75181577.074962 3000
1291973139.19803 -3205.6951088949 97646.8762942148 -5851846543235.8 -146294358960.693 -75181577.1259568 3000
1302949956.10073 14700.2797124449 96726.1524754866 -5788627416318.46 923522212357.737 -75181577.1732851 3000
1314532919.5614 33098.0015428023 92213.3697369196 -5510982629530.7 2021219671573.92 -75181577.2352882 3000
1326809556.6685 51279.6694252422 83640.3922987394 -4991264354897.21 3104510260088.57 -75181577.3134028 3000
1339290502.64503 67591.6270074928 71286.5135191065 -4246782099264.03 4074897547582.11 -75181577.3943694 3000
1351444631.72759 80688.8446671351 56234.1351300301 -3342578187383.26 4852572059810.57 -75181577.4627514 3000
1362867741.993 89992.1394195739 39924.1128845211 -2364757448687.3 5403498265490.54 -75181577.5079006 3000
1374033662.27658 95927.9707809682 22536.5890250759 -1323746823331.41 5753263244438.53 -75181577.5455635 3000
1385051993.26513 98513.6902000391 4575.57127910382 -249488739875.042 5903080920592.7 -75181577.5785675 3000
1396008872.56947 97768.7113941907 -13468.2213990489 828861706315.683 5854250055884.18 -75181577.6086458 3000
1407572309.95688 93419.8819808172 -32035.0589592304 1937734480831.83 5590362126017.25 -75181577.6476008 3000
1419830029.48145 84992.9381911114 -50419.439805298 3035069608889.34 5083251505119.85 -75181577.695976 3000
1432293319.27869 72754.9730166966 -66957.6735113795 4021697745258.48 4349150237271.54 -75181577.7449976 3000
1444432659.33376 57779.9265263649 -80291.1017431463 4816755538597.89 3452318997356.07 -75181577.7851755 3000
1455844187.55047 41508.0111842112 -89825.65440327 5385010098249.47 2478713216833.86 -75181577.8104147 3000
1467000141.99007 24125.2802928237 -95990.6725872469 5752187681761.19 1439210709311.23 -75181577.8305986 3000
1478009756.78876 6137.5510490871 -98801.1445653658 5919257618602.13 363871401438.543 -75181577.8475128 3000
1488958920.25971 -11963.2162009092 -98274.1220931544 5887277538975.29 -718067111738.334 -75181577.8621822 3000
1500514888.46306 -30621.5705190068 -94145.0914274862 5640452432338.96 -1833346000982.07 -75181577.880691 3000
1512765485.03625 -49136.5746045021 -85934.9967321605 5150185437980.68 -2940274844377.87 -75181577.9027972 3000
1525222156.83134 -65840.3534275938 -73895.7373386511 4431455047203.59 -3939376251510.36 -75181577.9236102 3000
1537359587.54314 -79367.6862709231 -59083.3976594474 3547173824481.26 -4749171055471.03 -75181577.9387441 3000
1548773847.94116 -89108.079556232 -42930.50410178 2582715085030.97 -5333146639578.75 -75181577.9460656 3000
1559932765.26422 -95487.7768363866 -25634.9580463504 1549756557659.19 -5716808735757.08 -75181577.9502665 3000
1570945814.80023 -98519.5679120202 -7703.35993321045 478408228113.286 -5900893025592.74 -75181577.9521961 3000
1581899020.10835 -98218.1557711821 10372.129247683 -602077848231.409 -5886217341385.26 -75181577.9522455 3000
1593459802.11599 -94328.925637269 29037.1144692748 -1718560690334.41 -5657677468896.17 -75181577.9510298 3000
1605716351.94466 -86369.8157207684 47596.8486247299 -2829824292106.56 -5186356111680.13 -75181577.9474605 3000
1618180064.26789 -74576.6317588104 64385.2463024594 -3836454947952.72 -4485921776986.21 -75181577.9403927 3000
1630328229.16159 -59985.9011449914 78034.369634764 -4656600746016.12 -3617828431385.73 -75181577.9305516 3000
1641756011.07677 -44019.1635877298 87920.4820730923 -5252663908956.67 -2666655222727.81 -75181577.9198341 3000
1652928734.6928 -26884.6040295768 94466.0259316209 -5649883078923.09 -1644780875363.69 -75181577.9079683 3000
1663956342.65147 -9088.39852995737 97681.5828522203 -5848759007607.96 -582287209626.837 -75181577.8948864 3000
1674925222.99538 8878.23326432386 97579.6054335609 -5849874284025.8 491633532162.207 -75181577.880345 3000
1686503662.24422 27457.8990621023 93915.1542560429 -5638804636047.13 1603716860531.14 -75181577.8595812 3000
1698780862.16648 45963.083169847 86205.4119450149 -5186447745212.22 2713293356535.04 -75181577.8306201 3000
1711268241.10225 62735.6406325848 74671.235945623 -4505221605991.96 3721394578279.59 -75181577.7958706 3000
1723439900.15742 76405.3559955325 60335.1868368711 -3655438535100.85 4545827317026.74 -75181577.7609953 3000
1734888806.69757 86342.9803496834 44608.2502984907 -2720893894865.42 5148366527829.61 -75181577.7319207 3000
1746084441.7066 92971.9601687367 27700.1946245801 -1714146757219.83 5554269634369 -75181577.7034589 3000
1757137068.5991 96300.4847032177 10115.3263757688 -665158062963.213 5763788586009.08 -75181577.6746139 3000
1768743255.70355 96245.2255056616 -8638.74290994157 455735733649.663 5772309837742.16 -75181577.6353878 3000
1780965827.4717 92276.9057808386 -27939.4318822471 1611872223904.33 5547896574797.68 -75181577.5836965 3000
1793296373.376 84395.4669657133 -46137.9480025599 2704956620273.54 5089468518227.31 -75181577.5261142 3000
1805856917.13437 72728.9600405025 -62568.0246633315 3695335674524.3 4404146967589.38 -75181577.4593068 3000
1818065747.08846 58374.3674693551 -75823.1239063004 4498370813013.41 3556322091478.8 -75181577.3956948 3000
1829506789.02588 42774.8895778086 -85327.8568281181 5078700036534.02 2631575448992.89 -75181577.3463401 3000
1840713227.03071 26053.7141079169 -91569.5870634348 5465418175905.91 1637428006992.25 -75181577.2991746 3000
1851791529.5022 8709.44709876918 -94552.8660428857 5658446620688.84 603482726043.187 -75181577.252314 3000
1863435857.98992 -9731.45323380254 -94179.0965073209 5652374113418.35 -498842724507.127 -75181577.1891885 3000
1875714500.41563 -28647.9442203841 -89930.2323750861 5415793631307.79 -1633125635752.59 -75181577.1068029 3000
1888121032.21066 -46412.5992896742 -81825.2772618336 4948367040473.51 -2702369117826.32 -75181577.0161393 3000
1900783490.16632 -62361.945904286 -69991.2158526576 4256976571562.2 -3667089004946.08 -75181576.9116398 3000
1913049579.03569 -75052.1878635717 -55618.0706578691 3411137954379.08 -4440076649284.01 -75181576.8147884 3000
1924489233.22558 -83976.5748629646 -40188.5634220537 2498666697428.2 -4989658521110.67 -75181576.7430076 3000
1935716489.98741 -89695.317246016 -23717.8815611146 1520813646372.68 -5349361476189.88 -75181576.6744775 3000
1946833974.28563 -92209.9982837798 -6696.96451268838 506696725511.697 -5518809529150.44 -75181576.6063624 3000
1958533597.19474 -91402.2801327882 11322.9074806503 -570849670509.183 -5491527133896.39 -75181576.5142238 3000
1970891092.70379 -86769.1743917982 29721.8781403235 -1675639265055.71 -5236852834279.83 -75181576.3934018 3000
1983403026.41612 -78355.8520668904 46900.7459819455 -2712382693187.22 -4755582707729.24 -75181576.2598514 3000
1996206520.49177 -66287.7487814198 62199.3026451661 -3641806527614.58 -4054307096000.83 -75181576.1047815 3000
2007966654.78654 -52617.8001408485 73636.1875086445 -4343135300339.29 -3252889713605.87 -75181575.9960765 3000
2019408328.90294 -37480.4494245974 81943.2430417591 -4860032359975.14 -2360036128484.3 -75181575.8968395 3000
2030663008.15197 -21382.1766844069 87123.9387270405 -5192124549640.81 -1405761102102.3 -75181575.8016206 3000
2041828309.80657 -4805.61598793135 89174.8972030757 -5338610431065.55 -418643992658.669 -75181575.7066262 3000
2054223819.71302 13590.8728759578 87797.6056228265 -5283767317439.21 682139809691.607 -75181575.5458453 3000
2066690560.06936 31310.771077407 82634.5576233617 -5002656418375.9 1748335642685.59 -75181575.3741412 3000
2079348837.58431 47715.1076083636 73788.7448122397 -4500408225969.03 2741990639069.62 -75181575.1823739 3000
2092350283.75887 62146.5295116935 61382.6066301496 -3783197075839.31 3624040609380.75 -75181574.9561793 3000
2104080189.92062 72521.9423673408 47817.1597163858 -2990701746784 4266419329396.13 -75181574.811061 3000
2115535804.36452 79858.5077508724 32939.0670604618 -2115121220918.26 4730246037338.35 -75181574.6764899 3000
2126837731.52827 84150.9688170282 17239.2308166222 -1185476539359.14 5014487292065.47 -75181574.5456856 3000
2138080039.35904 85396.0894975117 1188.31203380298 -229576327637.727 5118205798945.04 -75181574.4135475 3000
2150586082.18793 83227.624242037 -16472.2166515095 828689106504.361 5022039053436.82 -75181574.1870606 3000
2163203810.81832 77392.2569823389 -33322.5306287514 1845738190815.08 4706467247680.99 -75181573.9412773 3000
2176065552.88455 67994.865424853 -48732.5694921342 2784207321848.5 4176482850792.44 -75181573.661156 3000
2188586905.01522 55960.7595204846 -61366.6292877527 3562941803749.17 3484446047213.39 -75181573.3990813 3000
2200330370.17251 42598.1976470982 -70618.7180785465 4143353083272.52 2706815290733.76 -75181573.2013938 3000
2211838279.53488 28091.248336149 -76923.5667677896 4551171445334.87 1855125713230.42 -75181573.0151843 3000
2223226261.08327 12912.9793758171 -80274.9857754416 4785156899915.14 957253477173.342 -75181572.8315255 3000
2235208906.85095 -3316.32426366198 -80609.8465033352 4842596616276.67 -9933402867.36691 -75181572.5827913 3000
2247869884.85491 -20032.0192164895 -77450.2382301551 4693931540982.68 -1014266054193.57 -75181572.2557473 3000
2260701961.22254 -35767.0907359035 -70770.0741002418 4334230251142.45 -1968830457226.09 -75181571.8926476 3000
2273857163.73248 -49897.8245973993 -60674.2117936477 3768162395077.97 -2836752693091.27 -75181571.4664303 3000
2285899006.34823 -60502.7762564388 -49015.4644009619 3100980324955.73 -3499244988667.8 -75181571.1738243 3000
2297627567.62337 -68297.8658589945 -35944.6421731319 2343062966980.18 -3998870857154.11 -75181570.9049752 3000
2309181655.6807 -73274.4636609898 -21940.4863327259 1522521924082.52 -4334090813179.59 -75181570.6443673 3000
2320666156.01963 -75421.0611529131 -7457.09185616605 665969132612.002 -4503172016585.06 -75181570.3807626 3000
2333439149.71422 -74494.8011600141 8637.76923893509 -295153802897.677 -4495241349917.2 -75181569.9248405 3000
2346328668.80606 -70137.7912510054 24134.0629706249 -1230850966722.83 -4282835714066.29 -75181569.4262389 3000
2359478376.25927 -62437.9597702911 38432.845867343 -2105904606335.7 -3869413295895.33 -75181568.8512044 3000
2372287498.24704 -52202.9031079855 50261.4508060025 -2842739589838.73 -3298853541485.16 -75181568.3079719 3000
2384295891.43039 -40636.4616436972 59012.0958432431 -3401816713231.84 -2640304562741.04 -75181567.8971518 3000
2396071805.82367 -27948.9454646465 65086.305006173 -3806693775103.34 -1907069227709.66 -75181567.5059031 3000
2407739694.42243 -14589.4813725826 68470.5139444065 -4055362520692.62 -1125300782381.67 -75181567.1142598 3000
2420032423.4687 -259.087917606751 69118.9091007962 -4146583154312.05 -276558238276.147 -75181566.5731067 3000
2433052153.63797 14520.63842709 66593.077254566 -4052918526652.14 610413887993.712 -75181565.8441463 3000
2446296767.81321 28420.3386255725 60846.9344012941 -3766903381797.84 1457720694559.52 -75181565.0089163 3000
2459951595.82347 40850.5704219093 51966.6439966429 -3291399278192.72 2231074167214.42 -75181563.98589 3000
2472191343.14837 49856.0287791289 41911.3246249472 -2734019433118.05 2807362335693.59 -75181563.3448176 3000
2484168145.98298 56375.6974927001 30639.17126493 -2095472300846.42 3242989029655.12 -75181562.7354126 3000
2496018675.8656 60388.0583308953 18590.9872921857 -1401153344101.76 3535315880670.04 -75181562.124197 3000
2509165494.97896 61887.8694499513 4811.11674638967 -593966443073.785 3689260102284.43 -75181561.0582939 3000
2522394626.48704 60290.8687720689 -8803.71156623027 217557489424.934 3662186062445.86 -75181559.8876376 3000
2535861404.6663 55656.7043391808 -21697.5451682882 1001518256159.68 3455337371677.34 -75181558.5244254 3000
2549768394.77261 48058.8267749478 -33306.77043046 1725737504904.25 3070490818861.38 -75181556.8160279 3000
2562190014.2664 39289.0287468729 -41729.3135223567 2269930420951.88 2602352613994.59 -75181555.7530598 3000
2574353903.46805 29350.1483414774 -47873.5122162133 2688503264994.63 2055161790760.11 -75181554.7256051 3000
2586404715.08207 18664.3447517252 -51712.5165187019 2978401616609.05 1452805322313.21 -75181553.6741716 3000
2599791484.80034 6416.8720010849 -53252.4323968617 3146367165336.63 747025739713.742 -75181551.7918742 3000
2613298893.14215 -5679.46353856841 -51939.3494225038 3150673362379.44 33428956637.2537 -75181549.6588443 3000
2627107559.52858 -17094.2224594783 -47826.302868454 2991958065732.61 -658431392863.48 -75181547.0718442 3000
2640550443.81354 -26697.8732021498 -41478.6707921464 2695654547936.46 -1261039820462.37 -75181544.5341286 3000
2653102329.61105 -33904.8799986444 -33872.1884192224 2313363410584.6 -1735402056013.77 -75181542.590697 3000
2665433885.91483 -39053.2749839468 -25259.9560012114 1861448298706.77 -2100922608224.49 -75181540.6431243 3000
2678368251.50804 -42221.2259451208 -15522.9804195095 1333313844402.1 -2365161186761.41 -75181537.8576279 3000
2692022948.57858 -43027.3631303866 -5065.67412105536 748344229033.96 -2505577770892.97 -75181533.9425179 3000
2705898063.83097 -41269.6918049305 5101.13240758687 160639013258.457 -2504428183080.74 -75181529.1845662 3000
2720232882.32284 -36996.4686491429 14467.8743448251 -403084005650.313 -2362425488268.67 -75181522.842137 3000
2733021000.68747 -31427.4327104466 21382.3531823354 -842142918751.167 -2131543999531.66 -75181518.7297145 3000
2745515044.34572 -24780.8230762657 26506.1011341268 -1194301529669.86 -1830579705955.76 -75181514.5620447 3000
2757887897.74675 -17444.0954301994 29792.9042902283 -1456071852366.34 -1480388210469.55 -75181510.0194457 3000
2771642311.06399 -8944.68311372695 31247.872835566 -1637638737386.52 -1057926328924.47 -75181501.0928738 3000
2785566682.07113 -574.866509386692 30384.7527276038 -1703285366026.91 -626169898942.853 -75181489.7686036 3000
2799902461.48536 7165.69472330523 27224.2642237282 -1654622077162.55 -210651641724.401 -75181473.7803733 3000
2812676953.74224 12848.7978687582 22737.8482630977 -1525356903198.84 109973419328.622 -75181462.6988084 3000
2825086121.36789 16943.3432910606 17187.9124034314 -1338921175232.51 358738437475.402 -75181450.7504945 3000
2837283317.08203 19378.1216128606 10916.4685422441 -1115725802363.36 530789709529.997 -75181436.6540319 3000
2849329281.90421 20106.0731062377 4242.42146268145 -876202316029.229 622426790405.547 -75181418.3842719 3000
2861089759.81275 19165.2118259214 -2499.31182637981 -643682278682.961 632824581504.587 -75181390.8517386 3000
2871890494.53438 16900.4641510189 -8861.66618302006 -447751222936.576 571706033603.014 -75181335.7149228 3000
2879902240.68936 14451.2546860587 -13946.5836309811 -321782796185.81 480730638529.607 -75181267.5557348 3000
2885828645.99596 12390.1291996602 -18397.1468033067 -242220879212.857 385380393032.611 -75181153.7658482 3000
2890145279.2351 11060.7171046815 -22675.2137867744 -191761890551.932 297237664085.997 -75180962.2610766 3000
2893205579.01516 10719.9925445616 -27046.2355799947 -158682093803.508 221597875973.528 -75180672.4692907 3000
2895351587.3649 11591.3643551895 -31681.1473578313 -135036321447.513 158934648227.097 -75180256.1119065 3000
2896853826.33132 13977.6719234763 -36634.9799686113 -116150537531.293 107878874474.297 -75179676.662173 3000
2897910701.34503 18360.1280348373 -41800.0059799454 -99398942801.8085 66595589901.5366 -75178902.1240422 3000
2898667009.35046 25559.5695793129 -46771.0181977083 -83148597523.7225 33167074569.6146 -75177948.2455687 3000
2899236117.37215 37261.4277278898 -50363.514497893 -65683184161.3933 5448268177.43237 -75177086.1580274 3000
2899693825.6461 55960.7488135718 -48183.5327678082 -44775443184.8606 -17504406634.6723 -75177816.1707695 3000
2900039081.29602 75228.4475949427 -32954.1723493566 -22095622272.3768 -32040421847.7013 -75174670.9375495 3000
2900307153.09012 82184.1301002253 -9990.403208545 -694842668.906612 -37906021608.3605 -75174548.8731408 3000
2900577440.79069 76488.7602508866 10533.7195533695 20958532838.1635 -37634943370.8565 -75178095.0855605 3000
2900992363.18524 61411.446847237 25066.5659937368 49518470224.9884 -29666872591.5259 -75180600.2995516 3000
2901490065.49238 48541.5094696425 29286.0320532257 76612590002.8605 -15839391331.159 -75181510.7809207 3000
2902132112.86967 39016.5408518028 29226.9728676266 104419254186.587 3085555239.47209 -75182429.3756935 3000
2902984683.06863 32143.683416949 27333.9496871721 134450425849.674 27240593656.0728 -75183104.7815659 3000
2904125488.94569 27259.8014187215 24626.4905924674 168036568976.392 56853809282.6742 -75183551.0826496 3000
2905669584.39287 23844.665785682 21511.7364933286 207193224052.543 92390862601.6365 -75183854.17852 3000
2907763013.39853 21573.1350982134 18149.932956956 254436132234.007 133764767414.314 -75184061.7189741 3000
2910593849.53514 20204.5542548812 14568.8534091441 313285226022.564 179878447182.158 -75184203.8806444 3000
2914403315.20242 19524.2940529671 10704.7030921909 388711824084.958 227765506599.905 -75184300.6575774 3000
2919497076.01879 19290.4763111795 6419.19148671572 487412159155.75 271073705166 -75184365.6942338 3000
2926247503.94416 19166.5889338831 1522.08873207836 617255463845.773 297518937785.973 -75184408.7998934 3000
2935035612.07702 18636.0800383258 -4144.60937165219 783808193770.294 285542632925.86 -75184437.7188851 3000
2945910957.63169 17000.8877642333 -10411.9999127172 978652128576.098 205695238019.701 -75184462.2539009 3000
2958333132.67255 13701.8803522278 -16598.2773558431 1170896020438.47 36797161613.5171 -75184489.0262617 3000
2971614241.1771 8626.89262388413 -21881.0072388235 1320805446768.95 -220391951053.188 -75184511.6998914 3000
2985403782.53002 1984.97930465138 -25621.7503370867 1395340784859.03 -550124496014.192 -75184532.7430019 3000
2998233408.34406 -5050.39849716617 -27266.3351948119 1376322786078.16 -891384709457.513 -75184544.6978746 3000
3010727336.17672 -12266.5465863767 -27022.7582451657 1268290880600.91 -1232464792715.69 -75184553.4991648 3000
3023047523.58636 -19304.1110823426 -24954.9601174489 1073510803570.94 -1554507392605.24 -75184560.5296197 3000
3035327127.67985 -25815.0567850327 -21138.8154661981 795760334319.773 -1839250467798.49 -75184566.5374259 3000
3049036558.9367 -31992.7539135931 -14988.8077323498 397905143132.376 -2089019768394.25 -75184575.6728087 3000
3062987688.84216 -36594.2168218054 -7018.75857483788 -82777918399.2625 -2244291807952.82 -75184584.3999298 3000
3076583964.79687 -39031.0627307452 1956.22071406621 -599369373446.552 -2279765867783.42 -75184591.3891293 3000
3089298848.62719 -39226.9711773863 10950.4922227213 -1099113790523.35 -2198064910520.34 -75184595.7181889 3000
3101723953.5239 -37353.3708548156 19823.5147690535 -1577010481372.37 -2006717359920.19 -75184599.193821 3000
3114027137.07979 -33481.1430862292 28221.293892436 -2014781396669.97 -1710530815989.15 -75184602.2022984 3000
3127001660.93703 -27335.3653332485 36154.5116750284 -2411500244569.18 -1291613492320.22 -75184605.895047 3000
3140794816.85224 -18747.9234898377 43000.3730248441 -2731539201032.33 -743527503612.806 -75184610.3892136 3000
3153600000 -9249.08000654426 47444.4135566485 -2912131696995.57 -162277531913.255 -75184613.5073792 3000
