0 -11000 2000 1554958000000 0 -22865984.6761134 3000
4361265.36644797 -11247.1064847968 1999.28470180979 1506450920171.85 8721507296.61053 -22865984.6666838 3000
10766227.3040122 -11640.717219585 1995.19080449821 1433173989842.92 21515893694.0126 -22865984.6444713 3000
16753194.5470806 -12047.4019423217 1987.14691713294 1362284461916.88 33439295307.9184 -22865984.6196647 3000
22345663.4982063 -12467.9235538704 1974.75063207695 1293753921570.3 44520214069.8758 -22865984.5919134 3000
27565470.4231648 -12903.0461375753 1957.5546828585 1227557790385.79 54785861525.3492 -22865984.5608298 3000
32433520.5011793 -13353.5795169157 1935.06132795841 1163667752459.32 64263483250.5761 -22865984.5259693 3000
36969810.0492094 -13820.3826507726 1906.71623690956 1102052117952.34 72980275457.0955 -22865984.4868209 3000
41193450.623939 -14304.3674128729 1871.90151414093 1042676148986.92 80963310331.7731 -22865984.4427961 3000
45122693.1003906 -14806.5026438939 1829.92772590489 985502370909.111 88239466060.6618 -22865984.3932157 3000
48774951.9629053 -15327.818519176 1780.02476597447 930490866082.988 94835361733.5936 -22865984.3372939 3000
52166830.2251158 -15869.411333783 1721.33135589479 877599543366.205 100777297559.425 -22865984.2741195 3000
55314144.0287424 -16432.4486238967 1652.88295219333 826784396736.114 106091198298.464 -22865984.202633 3000
58231947.7690541 -17018.1747938664 1573.59776045816 777999739829.121 110802561061.841 -22865984.1215993 3000
60934559.157416 -17627.9172339606 1482.26050951839 731198424353.817 114936405932.538 -22865984.0295744 3000
63435584.0405931 -18263.0929403017 1377.5035631219 686332045264.759 118517228665.836 -22865983.9248647 3000
65747941.3084012 -18925.2157699207 1257.78482999313 643351126606.631 121568955437.674 -22865983.8054776 3000
67883887.6057683 -19615.9043542887 1121.36181984136 602205292049.952 124114898492.64 -22865983.6690596 3000
69855042.0287053 -20336.8908201076 966.261006381031 562843415930.374 126177712078.507 -22865983.512821 3000
71672410.526356 -21090.0303557497 790.241460169168 525213758936.676 127779347244.218 -22865983.3334403 3000
73346410.0906818 -21877.3117695546 590.751408387281 489264086050.296 128941004351.254 -22865983.1269445 3000
74886892.7758583 -22700.8692241102 364.875980348119 454941764486.729 129683081673.895 -22865982.8885571 3000
76303169.6007373 -23562.9954034014 109.273846490527 422193838514.005 130025117894.527 -22865982.6125023 3000
77604034.2698209 -24466.1563811318 -179.900281137356 390967080118.751 129985725508.278 -22865982.2917513 3000
78797786.8866386 -25413.0086965728 -507.091426934252 361208008403.899 129582511212.615 -22865981.9176868 3000
79892257.7586999 -26406.4193154383 -877.464111247192 332862870703.689 128831977646.62 -22865981.4796575 3000
80894831.553731 -27449.489593595 -1297.05416910734 305877572398.934 127749398345.646 -22865980.9643684 3000
81812472.1270453 -28545.5849751429 -1772.96431212718 280197537438.605 126348653822.324 -22865980.355036 3000
82651748.6010853 -29698.3733539949 -2313.62087169838 255767469402.016 124642010231.913 -22865979.6301858 3000
83415570.9111959 -30906.2850025145 -2926.16977753514 232632739218.466 122649451087.415 -22865978.7803423 3000
84104091.4310699 -32160.0224077917 -3614.25505444281 210931633912.434 120406530656.145 -22865977.8256928 3000
84721699.6805622 -33453.4642533099 -4383.13318201805 190679170738.778 117945578683.172 -22865976.7814925 3000
85275891.5685674 -34785.851066282 -5241.89866998106 171778758821.727 115287185001.674 -22865975.6399789 3000
85773380.4545848 -36155.7731781941 -6200.75188376424 154140056802.361 112449545123.948 -22865974.3932976 3000
86220193.1407015 -37561.0298981612 -7271.17524766006 137678124148.051 109448483694.351 -22865973.0335903 3000
86621743.885662 -38998.4227581509 -8466.13102027238 122312999762.639 106297475338.247 -22865971.5532758 3000
86982901.0411266 -40463.4917955592 -9800.30332151395 107969285955.837 103007614189.95 -22865969.9454496 3000
87308047.4766922 -41950.1754691939 -11290.4002840327 94575725819.4982 99587516733.7746 -22865968.2044581 3000
87601135.9779534 -43450.3660760431 -12955.540773117 82064756153.767 96043133144.9898 -22865966.3267184 3000
87865740.9185282 -44953.318442345 -14817.7648113726 70372008430.3723 92377426493.8644 -22865964.3118775 3000
88105107.8333008 -46444.8460367356 -16902.7333582224 59435711886.79 88589850993.226 -22865962.1644681 3000
88322203.2433824 -47906.196900318 -19240.7336538675 49195916798.1181 84675507434.0021 -22865959.8962784 3000
88519768.6454261 -49312.4230963108 -21868.2092421366 39593381373.8799 80623747498.5451 -22865957.5297978 3000
88700386.1717218 -50629.8972786813 -24830.2617418632 30567795721.3642 76415765710.0325 -22865955.1033022 3000
88866572.4462841 -51812.2695572445 -28185.133389648 22054586882.604 72020150916.3963 -22865952.6785476 3000
89020943.3366226 -52793.2288895287 -32013.2840146642 13978285727.1661 67383770712.3201 -22865950.3526657 3000
89166435.1911932 -53471.0046773303 -36434.2768531826 6243903475.55975 62415287080.3795 -22865948.286166 3000
89301161.1650411 -53676.7251990266 -41414.3929553324 -979989152.663366 57181773518.5001 -22865946.9573202 3000
89424502.4388028 -53232.1692498861 -46870.2133015982 -7581138005.51043 51746650242.9745 -22865946.4217958 3000
89549282.6752905 -51759.1533152602 -53353.0061481903 -14144914307.3279 45503879950.5209 -22865945.1422195 3000
89673237.0101896 -48707.0519314519 -60683.3945004853 -20391351115.2213 38444116808.2406 -22865937.4142408 3000
89778316.2687741 -44370.4683246631 -67295.9541354324 -25297674277.6937 31721208328.5936 -22865923.538733 3000
89865903.4783048 -39256.4880810031 -72673.7536936856 -28970455765.2818 25588744163.3331 -22865911.8565607 3000
89945142.4035621 -33410.9005959699 -77009.1468538131 -31856867476.5865 19653639954.4613 -22865902.8559484 3000
90020197.341497 -26946.3050384544 -80275.3319589062 -34126789253.1205 13744988781.4365 -22865897.5367579 3000
90091481.9216203 -20241.5564334383 -82353.5054590862 -35810943415.8528 7942041052.47184 -22865897.0437851 3000
90164871.7282714 -13135.753639143 -83312.5197582034 -37035760523.5348 1855505692.38862 -22865901.6973772 3000
90243709.6477124 -5718.81432520035 -83038.0055794648 -37776112329.4053 -4710247458.4221 -22865911.8260927 3000
90329305.8828611 1634.14048457728 -81453.2826766697 -37944462486.5033 -11758454448.5198 -22865925.92138 3000
90426488.3815275 8752.77083759893 -78520.3565601753 -37428423024.003 -19539283812.3745 -22865942.0844131 3000
90537023.9639983 15161.3540322676 -74408.6747148409 -36090685790.0202 -27995909478.7257 -22865954.3678522 3000
90676778.6697393 21006.1112910413 -68922.0956886796 -33537194824.5341 -38010949821.1737 -22865965.511765 3000
90797318.4615876 24483.1344714174 -64406.0887265989 -30783314796.549 -46043250306.2279 -22865967.0335197 3000
90931392.9619213 27141.0256331461 -59842.854364094 -27310684946.0774 -54366650353.6681 -22865968.9641142 3000
91072450.4949364 28985.4566190719 -55616.2243432387 -23342786447.188 -62503012062.3538 -22865971.1968603 3000
91225454.5464382 30249.1184211672 -51653.3339490444 -18803329620.0506 -70701608505.1174 -22865973.8885074 3000
91394381.7215149 31064.2397826929 -47924.3941973573 -13617762968.3925 -79103592072.3505 -22865977.0199649 3000
91583330.7720769 31519.8920495537 -44410.8538251348 -7699221799.82977 -87817146520.1522 -22865980.551018 3000
91793710.403542 31680.5035715473 -41144.279590745 -1046270236.02981 -96806161879.4073 -22865984.1772926 3000
92021922.6113175 31610.4502816905 -38195.4844267595 6179245193.97016 -105849022269.899 -22865987.3081055 3000
92271110.9639427 31369.0308971577 -35515.4604340509 14028738449.9691 -115022778657.566 -22865990.041522 3000
92544294.6562278 30998.3904718082 -33068.9685508603 22549378929.9618 -124380673841.392 -22865992.4402398 3000
92844579.5276285 30529.8061434643 -30828.3814004718 31788374243.3684 -133964169252.994 -22865994.5516934 3000
93175243.0150757 29987.1359428029 -28771.114386502 41794056850.0183 -143807584382.434 -22865996.4140409 3000
93539791.5418457 29388.926087803 -26878.181860153 52616449538.3363 -153940653638.468 -22865998.0590689 3000
93942005.3066863 28749.7869305538 -25133.3114625312 64307593265.513 -164390044855.484 -22865999.5137984 3000
94385977.1611703 28081.3369345885 -23522.3620140257 76921754766.9413 -175180311606.354 -22866000.8014777 3000
94876148.937693 27392.8753382219 -22032.9187117984 90515568613.9655 -186334515618.94 -22866001.9422576 3000
95417347.0342174 26691.8760006286 -20653.9983586228 105148139972.25 -197874645543.881 -22866002.9536885 3000
96014818.3222136 25984.3587034293 -19375.8263868191 120881121775.664 -209821904143.032 -22866003.8511016 3000
96674267.045639 25275.1737558375 -18189.6628396023 137778773451.942 -222196906811.041 -22866004.6479203 3000
97401893.1848025 24568.2236009342 -17087.6630064055 155908005507.474 -235019818445.541 -22866005.3559154 3000
98204432.538738 23866.6377049805 -16062.7635595553 175338409979.839 -248310444385.775 -22866005.9854221 3000
99089198.8794195 23172.9120035143 -15108.5877733286 196142280090.708 -262088288515.017 -22866006.5455223 3000
100064128.255746 22489.0212080677 -14219.3656783457 218394615996.957 -276372583832.489 -22866007.0442055 3000
101137825.708189 21816.5098907494 -13389.8659137993 242173118388.253 -291182302166.935 -22866007.4885039 3000
102319614.455482 21156.5668983992 -12615.3370950877 267558167042.154 -306536145160.603 -22866007.8846123 3000
103619587.784342 20510.0864319143 -11891.4569006499 294632785411.615 -322452520289.411 -22866008.2379913 3000
105048663.642129 19877.7184814802 -11214.2876569426 323482587200.019 -338949501836.992 -22866008.5534576 3000
106618642.117975 19259.9106018699 -10580.237328939 354195705038.669 -356044778920.83 -22866008.8352625 3000
108342265.869422 18656.94265123 -9986.02512507721 386862698553.325 -373755590620.519 -22866009.0871608 3000
110233283.609199 18068.9557514724 -9428.65104145332 421576440310.818 -392098648782.392 -22866009.3124707 3000
112306516.679202 17495.976503721 -8905.36881950378 458431976440.609 -411090048011.778 -22866009.5141267 3000
114577929.006765 16937.9372172654 -8413.66181199718 497526363465.794 -430745164729.068 -22866009.6947258 3000
117064700.024485 16394.692950839 -7951.22150302617 538958470141.245 -451078540553.709 -22866009.8565672 3000
119785301.067822 15866.0357667941 -7515.92823077461 582828749961.616 -472103754063.357 -22866010.0016882 3000
122759575.169457 15351.706695518 -7105.83389455405 629238978790.465 -493833278975.993 -22866010.1318953 3000
126008820.262857 14851.4057831428 -6719.14641829386 678291953953.594 -516278327922.836 -22866010.2487908 3000
129555875.518361 14364.8005639664 -6354.21579674186 730091147008.011 -539448679216.325 -22866010.3537976 3000
133425211.247114 13891.5331303883 -6009.52148694471 784740313341.82 -563352489124.208 -22866010.4481794 3000
137641052.486665 13431.4292156866 -5683.80284723043 842316595956.646 -587984892121.458 -22866010.5328759 3000
142205763.480947 12986.3965078003 -5377.31606167009 902592495600.319 -613214074512.855 -22866010.606978 3000
147137240.182328 12556.2295746638 -5088.86305601362 965554405244.034 -639004733527.604 -22866010.6715615 3000
152459663.622357 12140.1711897295 -4816.98524338834 1031256675087.71 -665350105188.578 -22866010.7279926 3000
158198410.209738 11737.5022685506 -4560.36819757341 1099749988828.22 -692241047582.502 -22866010.7774176 3000
164380082.473678 11347.5398636172 -4317.82434772057 1171080857780 -719665895081.268 -22866010.8208026 3000
171032541.984782 10969.6349429077 -4088.27798998061 1245291121792.33 -747610318763.769 -22866010.8589651 3000
178184940.876825 10603.1702865456 -3870.75241390087 1322417410783.92 -776057174849.338 -22866010.8925994 3000
185867752.850728 10247.5584421058 -3664.35876077784 1402490577128.99 -804986345953.608 -22866010.9222972 3000
194112800.817632 9902.2398653785 -3468.28640886327 1485535069204.1 -834374565227.677 -22866010.9485647 3000
202953283.170988 9566.68110806729 -3281.79457411837 1571568269939.76 -864195233414.593 -22866010.9718359 3000
212423798.457247 9240.37306649636 -3104.20495235206 1660599797427.38 -894418228313.615 -22866010.9924844 3000
222560365.594915 8922.82937580531 -2934.89529644785 1752630741342.65 -925009698560.385 -22866011.0108323 3000
233400442.859462 8613.58480804691 -2773.29372412376 1847652867710.27 -955931853916.41 -22866011.027158 3000
244982942.685555 8312.19376813388 -2618.87370418368 1945647764340.48 -987142743367.368 -22866011.0417033 3000
257348244.26066 8018.22881084707 -2471.14959311517 2046585945244.99 -1018596027948.2 -22866011.0546779 3000
270538196.15953 7731.2793463006 -2329.67273294295 2150425851572.22 -1050240729763.49 -22866011.0662645 3000
284596123.504321 7450.95016621225 -2194.02786357631 2257112869008.8 -1082020995716.93 -22866011.0766226 3000
299566821.946893 7176.86020212416 -2063.83000543869 2366578216776.55 -1113875831617.11 -22866011.0858917 3000
315496552.475487 6908.641177112 -1938.72159969074 2478737820894.94 -1145738842480.69 -22866011.0941939 3000
332433028.092207 6645.93633558738 -1818.36996083285 2593491099872.44 -1177537958019.37 -22866011.1016363 3000
350425391.397778 6388.39922327173 -1702.46499418709 2710719660204.48 -1209195144607.01 -22866011.1083133 3000
369524189.836092 6135.6923952628 -1590.71709599561 2830285946632.08 -1240626117401.03 -22866011.1143078 3000
389781348.807972 5887.48606783859 -1482.85522444711 2952031838344.61 -1271740049995.57 -22866011.119693 3000
411250130.387517 5643.45685730278 -1378.62518574543 3075777110424.59 -1302439261619.71 -22866011.1245336 3000
433985097.857392 5403.2863342768 -1277.78800079709 3201317877620.79 -1332618913256.59 -22866011.1288868 3000
458042069.33663 5166.65960199209 -1180.11843259903 3328424905581.5 -1362166683464.43 -22866011.1328034 3000
483478074.889449 4933.26372154374 -1085.40358903293 3456841858382.43 -1390962441735.58 -22866011.1363284 3000
510351318.369533 4702.78598926154 -993.441599380179 3586283459842.59 -1418877912677.6 -22866011.1395018 3000
538721150.200349 4474.91202054292 -904.040343976532 3716433563667.11 -1445776328025.88 -22866011.1423593 3000
568648057.086201 4249.323602823 -817.016223130735 3846943112360.34 -1471512059034.75 -22866011.1449326 3000
600193690.370921 4025.69617046383 -732.192913032978 3977428013725.92 -1495930229401.89 -22866011.1472501 3000
633420941.747003 3803.69587999504 -649.400111290028 4107466870881.16 -1518866286206.06 -22866011.1493373 3000
668394107.775721 3582.97604179802 -568.472195800531 4236598597802.51 -1540145520170.38 -22866011.1512169 3000
705179177.204967 3363.17276573925 -489.24677009258 4364319845729.33 -1559582497111.36 -22866011.1529093 3000
743844320.657568 3143.89942540792 -411.562987561682 4490082237514.85 -1576980361405.88 -22866011.1544332 3000
784460678.607557 2924.73952754207 -335.259561758195 4613289297177.83 -1592129930278.95 -22866011.155805 3000
827103590.025964 2705.23737032777 -260.172323509097 4733292891101.64 -1604808453771.58 -22866011.15704 3000
871854562.615707 2484.8851446104 -186.130976407296 4849389094874.34 -1614777861240.15 -22866011.1581517 3000
918804320.361438 2263.10513433881 -112.95477465771 4960812869437.09 -1621782141770.44 -22866011.1591529 3000
968057738.263791 2039.22353090672 -40.4462368643158 5066731163168.49 -1625543325950.39 -22866011.1600548 3000
1019741838.96812 1812.43107168507 31.6182098026902 5166233014926.06 -1625755041783.64 -22866011.1608681 3000
1074019319.00946 1581.72029904935 103.503153350817 5258314658833.24 -1622071768993.88 -22866011.1616021 3000
1131112513.11619 1345.77941852676 175.539559035523 5341855369410.23 -1614089966119.74 -22866011.1622652 3000
1191349012.35153 1102.79729237515 248.171754393922 5415575279695.48 -1601312576687.85 -22866011.1628645 3000
1255257784.20961 850.063522249007 322.054774846028 5477954201235.81 -1583075440733.5 -22866011.1634037 3000
1323806742.18198 583.000452437457 398.292848343081 5527052999442.29 -1558369819683.19 -22866011.1638791 3000
1399175733.48517 292.065953226457 479.212853097207 5560018491639.86 -1525284486114.44 -22866011.164258 3000
1489623302.89793 -56.4574043828883 573.240673784477 5570681518354.83 -1477666851743.88 -22866011.1642401 3000
1566724662.79551 -355.774809454559 651.476988902102 5554811589174.25 -1430443984458.69 -22866011.1638363 3000
1634829233.08713 -623.979880419432 719.61734731023 5521474549415.87 -1383751148969.92 -22866011.1633667 3000
1696179063.71573 -870.247173479248 780.55777485344 5475665793879.1 -1337732027591.93 -22866011.1629178 3000
1753269602.39859 -1104.74306668309 837.144567110445 5419316809357.78 -1291554276653.24 -22866011.1624532 3000
1807061430.61235 -1331.62528034022 890.561838260437 5353817111616.72 -1245086918281.94 -22866011.1619597 3000
1858061054.85572 -1553.2321973988 941.477062396171 5280283296009.85 -1198371767748.48 -22866011.1614286 3000
1906579303.4122 -1771.09264940242 990.32217069779 5199668288096.49 -1151509941977.44 -22866011.1608524 3000
1952826804.49092 -1986.30367179117 1037.40015533697 5112813943933.69 -1104623637754.91 -22866011.1602242 3000
1996957420.6266 -2199.70539001237 1082.93497550395 5020479536459.53 -1057840246413.62 -22866011.159537 3000
2039090679.10367 -2411.97356068849 1127.09818751353 4923358485612.85 -1011284896875.77 -22866011.1587839 3000
2079324337.42398 -2623.67311851309 1170.02444870976 4822088929485.96 -965076758784.907 -22866011.1579571 3000
2117741861.56356 -2835.29142771317 1211.8211644577 4717260786689.57 -919327178177.861 -22866011.1570489 3000
2154417062.87473 -3047.26004916456 1252.57478646778 4609420758831.32 -874138796076.278 -22866011.1560505 3000
2189417061.20163 -3259.96962947353 1292.35508087362 4499076072955.06 -829605222589.778 -22866011.1549527 3000
2222804224.73165 -3473.78050901341 1331.21810957438 4386697409926.01 -785811030434.643 -22866011.1537454 3000
2254637446.41076 -3689.03045800738 1369.20834154842 4272721346418.3 -742831957555.409 -22866011.1524175 3000
2284972996.9985 -3906.04052878335 1406.36017450775 4157552448150.94 -700735226455.688 -22866011.1509568 3000
2313865098.62912 -4125.1196231264 1442.69903857165 4041565113664.04 -659579929883.65 -22866011.1493501 3000
2341366303.29889 -4346.56810607945 1478.24218394894 3925105265000.72 -619417462566.42 -22866011.1475825 3000
2367527741.11874 -4570.68074730196 1512.99923157893 3808491917318.55 -580291973776.356 -22866011.1456379 3000
2392399285.3782 -4797.74922428333 1546.97254592023 3692018626997.47 -542240817798.446 -22866011.1434983 3000
2416029649.55787 -5028.0642087994 1580.15744821558 3575954892044.18 -505295012079.7 -22866011.1411438 3000
2438466445.50738 -5261.91720410426 1612.54230705647 3460547476299.12 -469479682644.839 -22866011.1385522 3000
2459756218.12772 -5499.6022319656 1644.1085264032 3346021651038.7 -434814488960.672 -22866011.1356992 3000
2479944456.23425 -5741.41732400747 1674.83042838468 3232582408029.1 -401314040972.165 -22866011.1325574 3000
2499075590.38753 -5987.66588208564 1704.67504299669 3120415631931.56 -368988300786.408 -22866011.1290966 3000
2517192993.22151 -6238.65808185466 1733.60182580365 3009689169456.61 -337842949492.456 -22866011.1252828 3000
2534338966.46619 -6494.71211651397 1761.56227591067 2900553904484.52 -307879750401.642 -22866011.1210784 3000
2550554728.90131 -6756.15543130141 1788.49947109355 2793144776868.82 -279096889239.588 -22866011.1164414 3000
2565880410.37849 -7023.32604528351 1814.34752409172 2687581717203.79 -251489284562.98 -22866011.1113244 3000
2580355038.12186 -7296.57374287042 1839.03093101787 2583970595945.51 -225048895088.223 -22866011.105675 3000
2594016530.79443 -7576.26137435179 1862.46383000443 2482404092777.59 -199764998519.636 -22866011.0994341 3000
2606901692.38739 -7862.7661464666 1884.54914848914 2382962541900.76 -175624457280.848 -22866011.0925353 3000
2619046208.31557 -8156.48093972624 1905.17763313098 2285714741682.86 -152611968169.798 -22866011.0849043 3000
2630484648.48637 -8457.81578407651 1924.22675889262 2190718691087.82 -130710287714.966 -22866011.0764574 3000
2641250466.9135 -8767.19926198991 1941.55948584322 2098022336205.41 -109900453674.832 -22866011.0671004 3000
2651376007.10343 -9085.08005445617 1957.0228638902 2007664256515.53 -90161986034.9332 -22866011.0567273 3000
2660892509.8512 -9411.92857916656 1970.44646129782 1919674315725.2 -71473074257.5464 -22866011.045218 3000
2669830122.2256 -9748.23869288583 1981.64059407853 1834074288781.55 -53810753687.1174 -22866011.0324371 3000
2678217909.262 -10094.5295177349 1990.3943343133 1750878451796.09 -37151068591.0202 -22866011.0182313 3000
2686083867.19127 -10451.3473702481 1996.47326749935 1670094145119.21 -21469224490.4342 -22866011.0024268 3000
2693454938.9713 -10819.2678432282 1999.61696699171 1591722301551.45 -6739728599.02553 -22866010.9848263 3000
2700357030.97185 -11198.8980152549 1999.53614616795 1515757950385.7 7063479038.02319 -22866010.9652055 3000
2706815031.37188 -11590.8788342031 1995.90944448916 1442190691078.23 19966904516.0369 -22866010.943309 3000
2712852829.61818 -11995.8876683195 1988.37979535775 1371005142690.79 31997387569.0814 -22866010.9188454 3000
2718493336.7534 -12414.6410316179 1976.55031630779 1302181371133.3 43181996937.873 -22866010.8914818 3000
2723758507.31755 -12847.8975622202 1959.97964971361 1235695284996.75 53547934737.3899 -22866010.8608372 3000
2728669361.26144 -13296.461173458 1938.17667378747 1171519018009.89 63122446450.9924 -22866010.8264746 3000
2733246006.99348 -13761.184481839 1910.59448555316 1109621284344.05 71932738522.6173 -22866010.787892 3000
2737507665.35399 -14242.9725529602 1876.62353804855 1049967707522.68 80005902816.1389 -22866010.7445111 3000
2741472693.32644 -14742.7868825943 1835.5838019683 992521138437.273 87368845350.8289 -22866010.6956649 3000
2745158608.45676 -15261.64973644 1786.71578582663 937241949351.119 94048220916.7502 -22866010.6405819 3000
2748582113.63751 -15800.6488701829 1729.17022009603 884088307373.098 100070372549.671 -22866010.5783675 3000
2751759121.9462 -16360.9426377384 1661.99617463737 833016431358.133 105461274933.032 -22866010.5079823 3000
2754704781.59341 -16943.76554129 1584.12732722539 783980831030.574 110246481456.545 -22866010.4282149 3000
2757433500.83348 -17550.4342508301 1494.36604367942 736934530175.926 114451074257.741 -22866010.3376491 3000
2759958972.94475 -18182.3541742554 1391.36484765711 691829271553.131 118099616936.677 -22866010.2346253 3000
2762294201.2333 -18841.0266554586 1273.60475948651 648615703255.54 121216109239.927 -22866010.117191 3000
2764451523.70811 -19528.0567935924 1139.36987493587 607243552114.174 123823942521.937 -22866009.9830419 3000
2766442637.75379 -20245.1620526394 986.717366721749 567661777652.873 125945855653.672 -22866009.8294472 3000
2768278624.55748 -20994.1817118572 813.441899671759 529818709989.277 127603890012.58 -22866009.653158 3000
2769969973.27646 -21777.0872659038 617.033165875365 493662171164.754 128819342338.898 -22866009.4502902 3000
2771526605.19612 -22595.9940476836 394.624832011784 459139573273.636 129612714043.093 -22866009.216177 3000
2772957897.58289 -23453.1741783261 142.932718093204 426197997573.826 130003654540.329 -22866008.9451805 3000
2774272707.43182 -24351.071204946 -141.820738442394 394784248246.636 130010895987.123 -22866008.6304438 3000
2775479395.16284 -25292.3168589498 -463.999702027436 364844876364.402 129652175567.508 -22866008.2635702 3000
2776585848.42287 -26279.750618783 -828.671325065292 336326165901.613 128944139946.004 -22866007.8341917 3000
2777599506.18528 -27316.4431018577 -1241.7530187278 309174070698.529 127902224112.887 -22866007.3293836 3000
2778527383.45135 -28405.7249049108 -1710.20174195638 283334085394.999 126540493171.868 -22866006.7328548 3000
2779376097.13089 -29551.2236595721 -2242.26187676739 258751021146.964 124871429514.064 -22866006.0237986 3000
2780149428.53726 -30752.8004191432 -2845.6493525426 235444464470.926 122912656028.886 -22866005.1886289 3000
2780847373.51003 -32001.5944852201 -3524.26969725034 213555137087.261 120698419951.147 -22866004.2444774 3000
2781473392.98094 -33290.116438513 -4282.60307150042 193127553698.287 118263468794.963 -22866003.2118626 3000
2782035107.31254 -34617.712142733 -5129.63394672379 174063680075.717 115628639398.327 -22866002.0829035 3000
2782539321.01418 -35983.0582611909 -6075.41499382692 156272472105.482 112812426409.587 -22866000.8497596 3000
2782992142.2513 -37384.062967127 -7131.25883811425 139668339377.747 109830947886.105 -22865999.5045615 3000
2783399057.84908 -38817.6652074918 -8309.93113655741 124170722918.993 106697971823.017 -22865998.0396738 3000
2783765000.78222 -40279.578998315 -9625.88634941412 109703679123.539 103424892783.257 -22865996.4480801 3000
2784094411.31277 -41763.9641825956 -11095.5612903131 96195458694.4606 100020644147.143 -22865994.7239319 3000
2784391292.94714 -43262.9968176819 -12737.7495560591 83578063872.4878 96491522662.0459 -22865992.8633336 3000
2784659264.49126 -44766.2991262322 -14574.093647533 71786757965.0683 92840887145.3425 -22865990.8654516 3000
2784901609.77837 -46260.1668741428 -16629.756183655 60759484088.6024 89068666987.0271 -22865988.734097 3000
2785121327.29411 -47726.4932419268 -18934.3780823442 50436117262.4265 85170567308.7042 -22865986.4799933 3000
2785321183.3415 -49141.2158215653 -21523.525368099 40757406113.5234 81136760447.5185 -22865984.1240582 3000
2785503775.61673 -50471.967566456 -24441.0316415557 31663307716.4116 76949643233.5225 -22865981.7022476 3000
2785671622.05291 -51674.2888669263 -27743.1419082437 23090039329.7646 72579735720.5768 -22865979.2728465 3000
2785827312.48211 -52684.9398788016 -31506.7574838696 14964077674.1172 67977406183.7511 -22865976.9277306 3000
2785973839.99249 -53408.3569927343 -35848.8685209936 7187450226.4521 63053389756.923 -22865974.8097935 3000
2786109777.555 -53682.9281081151 -40754.7269079864 -97235281.0663333 57857372978.2929 -22865973.3815227 3000
2786234241.52736 -53332.4722706237 -46141.8657838348 -6764735711.1102 52459193150.4524 -22865972.7828231 3000
2786359548.67977 -52004.8643062823 -52533.6730365261 -13377296353.4965 46287160061.6914 -22865971.7705021 3000
2786484110.23501 -49158.3031478071 -59808.4068604441 -19697073160.7754 39298863077.601 -22865965.2929964 3000
2786591591.80018 -44950.4807226816 -66551.9412332255 -24771307141.2665 32509939577.0408 -22865951.7944522 3000
2786681067.99824 -39906.3143745245 -72087.8125446757 -28578725612.837 26305064517.0292 -22865939.5157843 3000
2786760868.80967 -34156.4025541785 -76538.5198045491 -31541500769.0168 20370301186.1503 -22865930.2407994 3000
2786836389.47675 -27748.6862708524 -79942.6335093799 -33884242168.4779 14455474798.632 -22865924.3855057 3000
2786908136.2591 -21049.7496480193 -82166.0073204094 -35637380546.872 8633580942.80127 -22865923.3364077 3000
2786981602.96412 -13939.9743088902 -83264.6154986273 -36922994763.6032 2549289205.43244 -22865927.5176034 3000
2787060050.20836 -6515.16089303991 -83129.7162851975 -37722774404.5233 -3985710617.5421 -22865937.2046332 3000
2787144597.17545 842.521617882745 -81690.2222546547 -37956570443.4137 -10961513273.3253 -22865950.8532438 3000
2787240387.61723 8006.68525033888 -78900.5825273081 -37521971415.7677 -18660729128.8815 -22865967.0073113 3000
2787348542.47954 14468.3341684385 -74935.0330703537 -36291341124.7641 -26984664196.3809 -22865979.4601498 3000
2787484579.53203 20401.4295035384 -69593.0014169037 -33894584694.6266 -36815562578.7397 -22865990.5506516 3000
2787605917.03309 24077.4234782637 -65001.9726353756 -31183050655.9968 -44978075854.4452 -22865992.3002577 3000
2787739625.98309 26863.1299878546 -60386.3387711248 -27765090893.4832 -53355055823.9128 -22865994.2357011 3000
2787879507.96693 28792.2565660628 -56123.6792212875 -23862899049.36 -61497169876.0828 -22865996.415098 3000
2788030814.8749 30119.3425749129 -52130.1829582182 -19397987380.4627 -69679321460.1818 -22865999.0498943 3000
2788197559.23173 30984.4678402467 -48373.4392583817 -14296689624.9358 -78049942630.7864 -22866002.1292102 3000
2788383793.68741 31480.6617014512 -44834.1243678132 -8474071382.65474 -86719537222.7337 -22866005.6127369 3000
2788591785.36034 31674.5789963955 -41530.825632962 -1901121623.02482 -95690643091.1005 -22866009.2707465 3000
2788817607.29738 31629.4561265735 -38545.709347518 5250370697.16394 -104721852756.712 -22866012.4563768 3000
2789064031.15346 31406.7246738267 -35834.4665326645 13019912485.1535 -113876172689.962 -22866015.2352526 3000
2789334073.46265 31050.2278486476 -33360.6410833634 21454781585.2262 -123208798047.748 -22866017.6726623 3000
2789630823.88301 30592.3655942955 -31095.8341069992 30602106106.9225 -132762338585.526 -22866019.8175105 3000
2789957535.08965 30057.7818285703 -29016.9296894155 40510041472.8908 -142571831610.761 -22866021.7089099 3000
2790317682.50471 29465.5954708596 -27104.5521963036 51228379692.1408 -152667482320.381 -22866023.3793319 3000
2790715010.18793 28830.8467696346 -25342.1290708481 62808898438.1333 -163076278434.78 -22866024.8563266 3000
2791153570.21842 28165.4842043726 -23715.2796566629 75305579726.6217 -173822996675.232 -22866026.1635679 3000
2791637759.2194 27479.0647804548 -22211.3928798074 88774758304.7316 -184930857705.591 -22866027.3215615 3000
2792172353.9665 26779.2664483397 -20819.3213311957 103275228358.782 -196421965447.579 -22866028.348157 3000
2792762547.21925 26072.2723309431 -19529.1508462466 118868323530.219 -208317607931.801 -22866029.2589433 3000
2793413984.45353 25363.0646181155 -18332.021357865 135617977253.024 -220638464792.473 -22866030.067565 3000
2794132802.02933 24655.6529724706 -17219.9837923734 153590769127.06 -233404750858.01 -22866030.7859858 3000
2794925667.06801 23953.2544932353 -16185.8834025585 172855957625.716 -246636312467.925 -22866031.4247077 3000
2795799819.30787 23258.4370896319 -15223.2629353609 193485500322.114 -260352688639.083 -22866031.9929596 3000
2796763115.15688 22573.2347679227 -14326.281090333 215554061988.188 -274573145150.397 -22866032.4988583 3000
2797824074.06381 21899.2411038909 -13489.6430931537 239139008910.308 -289316686091.094 -22866032.9495479 3000
2798991927.45551 21237.6854779424 -12708.5409317099 264320390815.582 -304602047935.852 -22866033.3513212 3000
2800276670.18968 20589.4957097908 -11978.6016344376 291180905178.54 -320447676034.203 -22866033.7097248 3000
2801689114.92991 19955.3496248565 -11295.8420307301 319805848753.828 -336871688977.083 -22866034.0296506 3000
2803240949.13126 19335.7178760831 -10656.6291957007 350283045805.042 -353891826554.461 -22866034.3154162 3000
2804944795.19704 18730.8994315369 -10057.6454673798 382702760911.343 -371525387677.756 -22866034.5708342 3000
2806814273.53268 18141.0512142242 -9495.8575588011 417157586774.749 -389789154129.074 -22866034.7992743 3000
2808864068.76444 17566.2128471852 -8968.48910791616 453742308698.804 -408699302464.184 -22866035.0037161 3000
2811109999.19817 17006.327357729 -8472.9962227108 492553743196.363 -428271303767.914 -22866035.1867956 3000
2813569089.4822 16461.2585518967 -8007.04566302663 533690546319.326 -448519810027.847 -22866035.3508473 3000
2816259646.5086 15930.8056072015 -7568.49532332068 577252988815.608 -469458526758.526 -22866035.4979392 3000
2819201338.80574 15414.7152950188 -7155.37670289696 623342698600.372 -491100073067.18 -22866035.6299046 3000
2822415279.25581 14912.6922587212 -6765.87917121524 672062363845.191 -513455826799.187 -22866035.7483702 3000
2825924111.0597 14424.4076607375 -6398.33582236719 723515392045.07 -536535753646.623 -22866035.8547795 3000
2829752097.31447 13949.5063985898 -6051.21069682453 777805526871.212 -560348222016.283 -22866035.9504151 3000
2833925213.68543 13487.6131811127 -5723.08727533891 835036411238.727 -584899799384.289 -22866036.0364169 3000
2838446130.83392 13040.6848342883 -5414.25793497987 894983627932.527 -610059080063.96 -22866036.1118054 3000
2843330900.95094 12608.7187735076 -5123.65398322627 957609893757.938 -635780516222.703 -22866036.1774887 3000
2848603558.83154 12190.9529462203 -4849.79766155239 1022969974126.74 -662057626516.979 -22866036.234863 3000
2854289331.34756 11786.6636328453 -4591.35767127158 1091115036062.88 -688881572274.279 -22866036.2850998 3000
2860414667.47918 11395.1635246816 -4347.13158690805 1162092135109.82 -716241008209.296 -22866036.3291858 3000
2867007271.12547 11015.7995064804 -4116.030589544 1235943717801.86 -744121943105.304 -22866036.367955 3000
2874096133.00772 10647.9505254686 -3897.06634345486 1312707090450.97 -772507590594.909 -22866036.402116 3000
2881711561.89338 10291.0255349417 -3689.33965406525 1392413856578.97 -801378211737.686 -22866036.4322723 3000
2889885211.7522 9944.46165479368 -3492.03070210498 1475089288265.71 -830710937799.109 -22866036.4589397 3000
2898650109.09258 9607.72230678194 -3304.39047685704 1560751678795.19 -860479591765.877 -22866036.4825606 3000
2908040677.65157 9280.29546721146 -3125.73330530411 1649411645928.52 -890654497933.603 -22866036.5035154 3000
2918092760.11561 8961.69201654703 -2955.43030708157 1741071384671.41 -921202280327.868 -22866036.5221322 3000
2928843635.21079 8651.44420659872 -2792.90365539918 1835723856810.42 -952085646913.724 -22866036.5386946 3000
2940332035.30581 8349.10407225484 -2637.62144560575 1933351964465.75 -983263176087.036 -22866036.5534483 3000
2952598155.81085 8054.24203936394 -2489.09321611088 2033927629976.39 -1014689080621.07 -22866036.566607 3000
2965683664.48014 7766.44547009405 -2346.8659105972 2137410855100.19 -1046312973966.35 -22866036.5783564 3000
2979631703.68303 7485.31732361439 -2210.52031171368 2243748699851.08 -1078079620503.18 -22866036.5888587 3000
2994486887.1054 7210.47485610652 -2079.66785265426 2352874196854.96 -1109928676326.61 -22866036.5982557 3000
3010295295.60654 6941.54826466789 -1953.94771754809 2464705235090.53 -1141794431231.02 -22866036.6066715 3000
3027104460.66917 6678.17947849242 -1833.02429026816 2579143326929.1 -1173605527639.72 -22866036.6142151 3000
3044963350.4971 6420.02081088688 -1716.58478406162 2696072366596.86 -1205284688842.71 -22866036.6209821 3000
3063922341.8064 6166.73374842881 -1604.33715471115 2815357257988.42 -1236748422761.67 -22866036.6270569 3000
3084033188.14055 5917.98767009614 -1496.00817731526 2936842487660.49 -1267906724295.13 -22866036.6325139 3000
3105348990.35547 5673.45844463547 -1391.34164888876 3060350665628.23 -1298662781683.54 -22866036.6374187 3000
3127924152.94689 5432.82710702303 -1290.09678964547 3185680925001.22 -1328912659309.33 -22866036.6418294 3000
3151814338.0737 5195.77843481063 -1192.04675045174 3312607247845.16 -1358544976092.03 -22866036.6457975 3000
3153600000 5178.71395867278 -1185.05268451453 3321869903049.29 -1360667317529.36 -22866036.6457977 3000
