0 -11000 2000 1554958000000 0 -22865984.6761134 3000
3937490.70420547 -11222.3984658233 1999.42059571595 1511211918089.49 7874231765.11525 -22865984.6714137 3000
9546731.63404309 -11562.700938014 1996.29072260787 1447322068613.66 19082079782.5203 -22865984.6606163 3000
14837408.9981643 -11912.7534601834 1990.23950615377 1385235007962.45 29629301321.906 -22865984.648735 3000
19825052.6123487 -12273.0452753349 1981.01111480876 1324933167560.15 39534496760.8728 -22865984.6356446 3000
24524216.6147306 -12644.064238295 1968.32519926386 1266401374016.04 48815495675.1503 -22865984.6212091 3000
28948918.998453 -13026.3232743557 1951.87424864707 1209622228368.96 57490168644.0193 -22865984.6052752 3000
33112651.5637045 -13420.3619082162 1931.3207867618 1154576302963.46 65576382529.87 -22865984.5876705 3000
37028391.8887421 -13826.7480278441 1906.2942307718 1101242307939.1 73091962018.6022 -22865984.5682 3000
40708615.5764319 -14246.0797932775 1876.38736627537 1049597247088.67 80054653801.7673 -22865984.5466436 3000
44165307.7382005 -14678.9875812579 1841.15239414283 999616577781.816 86482091326.9539 -22865984.5227519 3000
47409975.6415697 -15126.1361844935 1800.09647385099 951274348373.414 92391763685.0208 -22865984.496242 3000
50453660.6034668 -15588.2270680931 1752.67670544151 904543339580.652 97800984870.9418 -22865984.4667925 3000
53306950.3745017 -16066.00083804 1698.29445564242 859395192289.403 102726865656.428 -22865984.4340375 3000
55979991.4799745 -16560.2398789492 1636.28893243677 815800529065.737 107186286924.854 -22865984.3975595 3000
58482501.5549498 -17071.7711797291 1565.9298906102 773729068790.359 111195874403.268 -22865984.3568812 3000
60823781.9813145 -17601.4694376057 1486.40931748007 733149728858.457 114771975094.052 -22865984.3114561 3000
63012730.0964447 -18150.2603241948 1396.83194858592 694030726801.819 117930634011.009 -22865984.2606562 3000
65057851.508316 -18719.1240305935 1296.20440120372 656339672569.968 120687571920.117 -22865984.2037589 3000
66967272.4725572 -19309.0991312805 1183.42267770665 620043651503.622 123058163691.658 -22865984.13993 3000
68748752.0367252 -19921.2867235431 1057.25775476806 585109303063.376 125057416547.163 -22865984.0682036 3000
70409694.1715083 -20556.8549326369 916.338887075784 551502891132.399 126699948170.432 -22865983.9874583 3000
71957159.8726894 -21217.0438373007 759.134173156011 519190365569.103 127999964176.883 -22865983.8963879 3000
73397879.0732826 -21903.1708102768 583.927837616551 488137417797.797 128971234239.291 -22865983.7934645 3000
74738262.5568043 -22616.6364130176 388.793511905449 458309526045.976 129627066389.512 -22865983.6768948 3000
75984413.7631732 -23358.9308931508 171.56262933946 429671991664.73 129980278516.705 -22865983.5445645 3000
77142140.5302736 -24131.6414109807 -70.2132137380662 402189964788.501 130043166003.601 -22865983.3939685 3000
78216966.8145159 -24936.4601674053 -339.307426000268 375828457185.803 129827464069.751 -22865983.2221232 3000
79214144.4670911 -25775.1936974198 -638.873101782754 350552338832.547 129344302866.078 -22865983.0254536 3000
80138665.0450971 -26649.7736065686 -972.509840595256 326326316575.601 128604152691.65 -22865982.7996463 3000
80995271.8922664 -27562.2693678629 -1344.34635979015 303114886037.437 127616755597.204 -22865982.5394577 3000
81788472.5158028 -28514.903861963 -1759.14390801043 280882251732.209 126391038154.214 -22865982.2384545 3000
82522551.5933749 -29510.0729820342 -2222.42770414057 259592200453.279 124934997628.996 -22865981.8886623 3000
83200308.815816 -30548.2920533662 -2739.58564607021 239246894377.577 123259046728.336 -22865981.48391 3000
83820947.7469586 -31622.948739356 -3312.7927304332 219960751992.216 121386541520.501 -22865981.0316474 3000
84385689.3369628 -32727.5529509014 -3944.03105708728 201796353293.242 119343083499.767 -22865980.5428205 3000
84899712.4127171 -33861.8257186504 -4638.92544953591 184687939469.436 117142814907.526 -22865980.0145184 3000
85367697.0957323 -35025.1192036592 -5403.65730867417 168574285984.723 114798572107.528 -22865979.4438764 3000
85793904.0753597 -36216.4059427044 -6245.06696492627 153397387640.102 112321829075.175 -22865978.8279803 3000
86182213.969448 -37434.1944062004 -7170.73788434596 139102247559.882 109722723341.08 -22865978.1639229 3000
86536163.1379053 -38676.4254111839 -8189.09585376916 125636671245.502 107010063611.752 -22865977.4488813 3000
86858976.3868319 -39940.3441567224 -9309.52724166605 112951062738.729 104191315406.687 -22865976.6802238 3000
87153596.996688 -41222.340867382 -10542.5221303024 100998218361.559 101272559109.796 -22865975.8556577 3000
87422714.4981884 -42517.7503438957 -11899.8506595454 89733112208.9925 98258412090.132 -22865974.9734286 3000
87668790.6604002 -43820.5967979922 -13394.7850459752 79112664375.4503 95151902035.2758 -22865974.0325907 3000
87894084.2279095 -45123.2642340939 -15042.3864724368 69095478328.1205 91954271457.4649 -22865973.0333741 3000
88100675.0832365 -46416.0627664471 -16859.8873975548 59641526420.6377 88664681454.9837 -22865971.9776833 3000
88290488.8232224 -47686.6449650427 -18867.2202497962 50711747390.4589 85279761454.1989 -22865970.8697829 3000
88465323.3162246 -48919.1976018161 -21087.7816089883 42267492145.6134 81792912385.5667 -22865969.7172379 3000
88626880.0095544 -50093.2807951713 -23549.5972689962 34269697278.9649 78193192922.3092 -22865968.5322328 3000
88776805.3929811 -51182.0796242015 -26287.218424404 26677540407.6931 74463452043.5305 -22865967.3334367 3000
88916754.4040235 -52149.5979995444 -29345.0730646007 19446024960.0085 70576977853.9941 -22865966.1486907 3000
89048505.2886047 -52945.737944097 -32784.0749050077 12521078946.5706 66490866433.9553 -22865965.018841 3000
89173704.1692022 -53494.8252413711 -36679.5369439255 5855136738.18301 62149557252.8523 -22865964.0213599 3000
89290662.1206373 -53681.8774940756 -40991.4732846803 -416403896.494955 57614359536.0668 -22865963.3485155 3000
89398818.733073 -53392.1082756736 -45657.6263653712 -6211797212.30564 52934790828.5353 -22865963.0262823 3000
89502267.0548405 -52467.7085674281 -50795.705948415 -11693950592.2942 47951656220.0578 -22865962.7157531 3000
89611204.3797097 -50474.3437249306 -56919.1872370065 -17312394069.4224 42090861275.0567 -22865960.4849691 3000
89713377.4258818 -47265.3719403591 -63192.1160909003 -22318375200.0402 35958050735.6663 -22865954.3036895 3000
89799184.4591569 -43281.6099413241 -68606.7373117715 -26212382871.7063 30303168815.5718 -22865947.6222882 3000
89872410.3666683 -38819.2526933554 -73054.6940447017 -29224475099.2438 25114623386.536 -22865942.51685 3000
89940565.064536 -33778.2610352015 -76779.9275753348 -31703092473.078 20005614076.0193 -22865938.2309566 3000
90007720.2869359 -28072.5448746462 -79802.8867411185 -33783534341.9115 14743673413.1139 -22865934.9886889 3000
90069969.5119252 -22302.7296607002 -81842.2712810513 -35353286854.4226 9708349969.02267 -22865934.2468157 3000
90130455.8652101 -16468.2670156429 -83014.2574817395 -36526400393.9885 4718407279.64707 -22865935.2000494 3000
90198002.7959953 -9966.76482086375 -83353.4784799634 -37418311847.447 -906056625.456032 -22865939.1622853 3000
90268516.079928 -3496.67155507401 -82701.2982530192 -37890276826.4859 -6766173616.16571 -22865945.0560665 3000
90346120.2583585 2965.10108519522 -81016.7737852041 -37905740068.1767 -13124419144.5875 -22865952.955678 3000
90431855.0789844 9104.86412890576 -78334.4520168955 -37380503668.7377 -19960179955.2856 -22865960.7982254 3000
90529194.0732266 14763.6544418766 -74713.4506355929 -36207846916.8876 -27412102846.4775 -22865967.2531376 3000
90649686.837153 20043.4684548908 -69977.0370976266 -34093417984.2631 -36129456496.8127 -22865973.2721353 3000
90756038.7367676 23427.3636565255 -65913.8193721385 -31772624027.4073 -43353618883.5032 -22865974.2355795 3000
90872121.9179479 26096.2276191897 -61794.7877729739 -28889322129.6931 -50762374004.6951 -22865975.1950264 3000
90991576.5514891 28026.3281850848 -57968.3539115263 -25649788618.0207 -57911259772.6572 -22865976.2096503 3000
91118476.8196935 29432.5133689008 -54359.6104673494 -21998158030.3407 -65033681317.0717 -22865977.4309247 3000
91255655.5447169 30432.1887980513 -50940.2704974135 -17886967493.48 -72250768697.0012 -22865978.8708115 3000
91405744.748845 31103.0961058062 -47694.9338741289 -13264559880.6575 -79646851922.8542 -22865980.5148344 3000
91571544.7572749 31501.7310292789 -44612.4816706044 -8070613302.33671 -87292533405.7446 -22865982.3464484 3000
91754036.1800466 31670.5008862155 -41715.649724433 -2303001457.09092 -95162523792.7263 -22865984.2425635 3000
91949837.7638605 31652.484286333 -39069.4215751058 3898997810.79029 -103064503748.704 -22865985.9105356 3000
92161082.0933477 31490.9531554191 -36638.6228112691 10570339670.0975 -111054075342.884 -22865987.3910408 3000
92389790.0200777 31217.641537716 -34397.3924534077 17742772755.406 -119170473187.594 -22865988.7107728 3000
92638008.2123531 30856.7169180521 -32325.1655058883 25447746514.2336 -127444492051.134 -22865989.8902628 3000
92907862.7162806 30427.0444585785 -30404.9572512644 33717145153.3309 -135901610779.38 -22865990.9462371 3000
93201594.5268672 29943.6116167788 -28622.367035875 42583683746.4994 -144563784672.351 -22865991.8928001 3000
93521586.2936863 29418.4791222849 -26964.9546767936 52081141502.7519 -153450543704.716 -22865992.7420964 3000
93870384.4769329 28861.445027213 -25421.8256397016 62244510338.1956 -162579700377.446 -22865993.5047164 3000
94250719.146798 28280.5250767999 -23983.3409917716 73110095542.2377 -171967823590.872 -22865994.1899695 3000
94665522.6570595 27682.3101354797 -22640.9058545358 84715587925.6088 -181630565590.736 -22865994.8060825 3000
95117947.9442936 27072.2382458237 -21386.8094583092 97100118592.0896 -191582893284.963 -22865995.3603492 3000
95611386.8458062 26454.8057062224 -20214.1006982463 110304300462.614 -201839253420.344 -22865995.859252 3000
96149488.8092929 25833.7333241312 -19116.4886447877 124370261935.709 -212413692876.431 -22865996.3085604 3000
96736180.1176752 25212.0991757492 -18088.2614888293 139341672281.424 -223319944975.092 -22865996.7134171 3000
97375683.8398221 24592.4457336149 -17124.2191883831 155263761451.447 -234571491656.787 -22865997.0784091 3000
98072540.6301493 23976.8671225232 -16219.6166774771 172183334910.97 -246181607315.736 -22865997.4076313 3000
98831630.3895534 23367.0808307522 -15370.1154877334 190148781677.448 -258163386947.588 -22865997.7047415 3000
99658194.9348671 22764.4869938517 -14571.742000043 209210077330.221 -270529762802.792 -22865997.9730091 3000
100557861.736846 22170.2177054857 -13820.8511257928 229418781549.642 -283293511358.321 -22865998.2153574 3000
101536668.761011 21585.178262315 -13114.0945041466 250828029262.268 -296467251665.555 -22865998.4344024 3000
102601090.476783 21010.0818089894 -12448.3924677622 273492515256.797 -310063436317.917 -22865998.6324849 3000
103758065.003927 20445.4785905003 -11820.9092423438 297468470110.33 -324094334813.671 -22865998.8117017 3000
105015022.624885 19891.780644907 -11229.0308011436 322813630777.192 -338572012196.97 -22865998.9739311 3000
106379915.498922 19349.2828045677 -10670.3451344667 349587200765.106 -353508300640.506 -22865999.1208569 3000
107861248.720106 18818.1805530509 -10142.6245475679 377849801477.753 -368914765606 -22865999.2539887 3000
109468112.803581 18298.5852283623 -9643.80972464654 407663414775.655 -384802667092.494 -22865999.3746812 3000
111210217.43075 17790.537054145 -9171.99541141705 439091312079.217 -401182913925.395 -22865999.4841505 3000
113097926.82766 17294.016223564 -8725.4174196413 472197975545.057 -418066014508.75 -22865999.5834886 3000
115142296.308389 16808.9524711505 -8302.44094073811 507049001286.709 -435462019176.975 -22865999.6736767 3000
117355110.428403 16335.2332323168 -7901.54990265733 543710991449.169 -453380458198.785 -22865999.7555966 3000
119748922.734643 15872.7106218595 -7521.33728921625 582251433004.178 -471830274567.717 -22865999.8300416 3000
122337096.868252 15421.2074547545 -7160.49636639182 622738557715.698 -490819749233.891 -22865999.8977254 3000
125133849.113412 14980.5224168313 -6817.81269381832 665241183708.629 -510356419495.739 -22865999.9592905 3000
128154292.617628 14550.4344703431 -6492.15681636623 709828540642.242 -530446991834.004 -22866000.0153156 3000
131414482.988645 14130.7066495432 -6182.47760928449 756570072362.627 -551097246688.448 -22866000.0663222 3000
134931465.470348 13721.0892965859 -5887.79618600513 805535218719.934 -572311936379.129 -22866000.1127804 3000
138716663.885308 13321.9911734476 -5607.66376231273 856704455077.754 -594057331280.349 -22866000.1547676 3000
142769153.502982 12934.7856351936 -5342.3080766681 909894317653.618 -616233773253.613 -22866000.1919088 3000
147104595.511498 12558.9261792665 -5090.64873818908 965144454376.258 -638838645948.259 -22866000.2248375 3000
151739208.703384 12193.9036925032 -4851.71053857442 1022490907082.42 -661867282955.146 -22866000.2540886 3000
156689907.35445 11839.231860998 -4624.6034364093 1081967541769.73 -685313616888.032 -22866000.2801208 3000
161974317.549135 11494.446014661 -4408.51344424189 1143605802686.98 -709170110655.695 -22866000.3033285 3000
167610794.796268 11159.1018929912 -4202.69461162534 1207434471675.5 -733427691813.247 -22866000.3240519 3000
173618439.189835 10832.7745918494 -4006.46209093074 1273479388364.72 -758075672997.692 -22866000.3425859 3000
180017112.210171 10515.0574211575 -3819.18596937098 1341763179050.51 -783101677330.172 -22866000.3591859 3000
186827450.50134 10205.5609436705 -3640.28591147739 1412304941895.89 -808491549295.359 -22866000.3740745 3000
194070879.396135 9903.91200849599 -3469.2263953386 1485119921310.57 -834229264178.511 -22866000.3874457 3000
201769627.863228 9609.75273323796 -3305.512436821 1560219186582.71 -860296841239.584 -22866000.3994693 3000
209946740.329555 9322.73963264476 -3148.68584458514 1637609267903.13 -886674244118.609 -22866000.4102939 3000
218626083.477066 9042.54289531145 -2998.32193913716 1717291737264.55 -913339265673.054 -22866000.42005 3000
227832360.00109 8768.84539637349 -2854.0264630083 1799262847003.92 -940267435750.212 -22866000.4288526 3000
237591116.289253 8501.34193080601 -2715.43290759751 1883513099403.43 -967431908401.353 -22866000.436803 3000
247928745.016055 8239.7385511806 -2582.20014884565 1970026764869.61 -994803336373.16 -22866000.4439906 3000
258872493.449168 7983.75171849304 -2454.01021143995 2058781441329.9 -1022349762871.61 -22866000.4504945 3000
270450465.321401 7733.10761360861 -2330.56631709593 2149747547599.79 -1050036495869.58 -22866000.4563848 3000
282691619.578883 7487.54147831064 -2211.59112262304 2242887783856.65 -1077825976827.57 -22866000.4617239 3000
295625767.906121 7246.79693860124 -2096.82510508063 2338156574750.59 -1105677648968.71 -22866000.4665669 3000
309283577.23023 7010.62521467897 -1986.02503430932 2435499536756.21 -1133547836858.68 -22866000.4709632 3000
323696556.334254 6778.78459652553 -1878.96269803328 2534852816102.49 -1161389592844.7 -22866000.4749567 3000
338897048.452067 6551.0397499888 -1775.4236572649 2636142462087.58 -1189152559668.63 -22866000.4785865 3000
354918219.257615 6327.1610634276 -1675.20612324984 2739283754054.92 -1216782825190.18 -22866000.4818876 3000
371794043.203892 6106.92397685877 -1578.11991903709 2844180502155.55 -1244222775436.61 -22866000.4848915 3000
389559285.206773 5890.1083303059 -1483.98553399298 2950724301075.48 -1271410940804.79 -22866000.4876262 3000
408249495.493492 5676.49751775416 -1392.63317238668 3058793838806.02 -1298281861384.07 -22866000.490117 3000
427900961.092062 5465.87810567415 -1303.902073763 3168253925391.55 -1324765887495.26 -22866000.4923864 3000
448550711.475346 5258.03876320904 -1217.63960392588 3278954811101.98 -1350789059079.65 -22866000.4944549 3000
470236480.723808 5052.76965301354 -1133.70060790715 3390731213467.85 -1376272917940.96 -22866000.4963408 3000
492996696.114479 4849.86148689712 -1051.94668214554 3503401446902 -1401134350481.85 -22866000.4980606 3000
516870460.216939 4649.1046166979 -972.245522028874 3616766454533.77 -1425285411286.16 -22866000.4996293 3000
541897535.068548 4450.28805678845 -894.470299417505 3730608779487.3 -1448633136958.73 -22866000.5010603 3000
568118347.008571 4253.1982946426 -818.499014849636 3844691540181.55 -1471079362088.1 -22866000.5023659 3000
595574021.150001 4057.61786362942 -744.21382034329 3958757404696.68 -1492520530906.33 -22866000.503557 3000
624306401.963112 3863.32400251926 -671.500440113928 4072527341230.61 -1512847458374.85 -22866000.5046438 3000
654358159.791814 3670.08669152509 -600.247423809641 4185699513276.67 -1531945106023.26 -22866000.5056354 3000
685772905.963671 3477.66665890161 -530.345468765267 4297947914480.35 -1549692286843.04 -22866000.50654 3000
718595449.665743 3285.81252216509 -461.686514154582 4408921145791.84 -1565961355479.2 -22866000.5073652 3000
752872084.54225 3094.25782790997 -394.162906281587 4518240768511.19 -1580617770296.43 -22866000.5081179 3000
788651149.235291 2902.71660008954 -327.666159912378 4625499865048.24 -1593519592780.71 -22866000.5088045 3000
825983720.513815 2710.87833762801 -262.085691603453 4730261007191.76 -1604516758733.41 -22866000.5094308 3000
864924769.563992 2518.40075674512 -197.306979009057 4832054218148.84 -1613450125197.39 -22866000.5100021 3000
905534772.072989 2324.90054973764 -133.20932447719 4930374184874.49 -1620150079575.9 -22866000.5105234 3000
947882235.292158 2129.94005527332 -69.6626254556354 5024676946762.27 -1624434535464.12 -22866000.5109992 3000
992047462.988966 1933.0086504528 -6.52294199282285 5114375203616.4 -1626105898761.9 -22866000.5114338 3000
1038128540.6884 1733.49472784987 56.3742054727163 5198831872094.19 -1624946378345.53 -22866000.5118311 3000
1086250991.76789 1530.64240947536 119.224197491001 5277350386352.75 -1620710438981.44 -22866000.5121946 3000
1136584150.58591 1323.48062555881 182.270388561286 5349159438360.09 -1613112111760.94 -22866000.5125277 3000
1189370793.98346 1110.69820663777 245.834427469072 5413387524819.23 -1601802328131.39 -22866000.5128329 3000
1244985565.29138 890.402823834309 310.375309868906 5469016863292.48 -1586324924679.15 -22866000.5131121 3000
1304066116.2644 659.589024915654 376.621068906765 5514790611899.91 -1566020085244.6 -22866000.5133645 3000
1367874781.61493 412.691452379457 445.931086052949 5548991415074.72 -1539765905469.35 -22866000.5135827 3000
1439776632.56219 135.74304650691 521.777940775244 5568705545499.85 -1504963156619.32 -22866000.513724 3000
1519343666.07184 -171.439335059899 603.568906868094 5567298567967 -1460180154775.67 -22866000.5135645 3000
1584084267.75156 -423.716979113192 668.913322973161 5548049064185.8 -1418984768388.49 -22866000.5133328 3000
1641191811.52552 -649.283622532958 725.950340617665 5517427170755.7 -1379154050392.67 -22866000.5131185 3000
1694044918.95411 -861.584607368147 778.440290795948 5477517260079.86 -1339397341635.76 -22866000.5129015 3000
1743812794.33844 -1065.48282017941 827.768071404359 5429582116055.55 -1299428479224.71 -22866000.5126755 3000
1791077054.93942 -1263.52475518336 874.665322835438 5374561236796.1 -1259196811681.91 -22866000.5124367 3000
1836179782.24746 -1457.29264131241 919.586858725682 5313222173472.88 -1218734824971.82 -22866000.512182 3000
1879343980.8953 -1647.87601802516 962.843416605944 5246225649974.38 -1178109161003.97 -22866000.5119089 3000
1920726245.93087 -1836.08014269034 1004.66087796516 5174158559818.28 -1137400616023.86 -22866000.5116148 3000
1960443128.01283 -2022.53177798806 1045.21060999434 5097552751553.25 -1096694869765.18 -22866000.5112973 3000
1998585769.77628 -2207.73905746564 1084.62674199177 5016896344060.54 -1056077679385.07 -22866000.5109537 3000
2035228541.7069 -2392.12768772122 1123.01667385507 4932641033676.95 -1015632293944.43 -22866000.5105815 3000
2070434361.7906 -2576.0639186946 1160.46778775098 4845207155031.33 -975438075929.1 -22866000.5101778 3000
2104258164.4904 -2759.87012008864 1197.05199237167 4754987198490.9 -935569715686.438 -22866000.5097397 3000
2136749223.81176 -2943.8357436443 1232.82890148554 4662348351152.56 -896096803538.45 -22866000.5092641 3000
2167952706.31167 -3128.22508999337 1267.84807819148 4567634510644.57 -857083669811.977 -22866000.5087476 3000
2197910735.44766 -3313.28301114328 1302.15066451763 4471167922522.79 -818589379865.489 -22866000.5081867 3000
2226663165.58541 -3499.23943380457 1335.77062669975 4373250436000.11 -780667779731.914 -22866000.5075775 3000
2254248063.25285 -3686.31246374038 1368.73561601738 4274164800924.05 -743367694039.674 -22866000.5069157 3000
2280702114.96551 -3874.71129545633 1401.0677003294 4174175564101.17 -706733057894.008 -22866000.5061968 3000
2306060885.09195 -4064.63837008449 1432.7838821369 4073529990790.46 -670803124381.545 -22866000.5054159 3000
2330358986.19143 -4256.29106947889 1463.89647416342 3972458957419.08 -635612701596.54 -22866000.5045675 3000
2353630207.13543 -4449.86320849872 1494.41338841786 3871177741786.83 -601192379372.514 -22866000.5036459 3000
2375907609.25196 -4645.54638268873 1524.33835381579 3769886729178.97 -567568745967.573 -22866000.5026446 3000
2397223578.33525 -4843.53102925225 1553.67104595649 3668772144188.72 -534764625832.463 -22866000.5015567 3000
2417609857.44613 -5044.00735703673 1582.40715991183 3568006749923.91 -502799312551.284 -22866000.5003744 3000
2437097583.97468 -5247.16636450165 1610.53845945579 3467750424491.93 -471688766552.36 -22866000.4990895 3000
2455717281.66899 -5453.20044051907 1638.05273250063 3368150882786.17 -441445860501.261 -22866000.4976929 3000
2473498880.69094 -5662.30425442761 1664.93375509189 3269344199681.84 -412080561931.696 -22866000.4961744 3000
2490471709.53997 -5874.67536325038 1691.16118343006 3171455428754.84 -383600144803.669 -22866000.494523 3000
2506664501.13773 -6090.51498644015 1716.71043463399 3074599104752.45 -356009364429.95 -22866000.4927267 3000
2522105377.33462 -6310.02851408105 1741.55250065997 2978879838310.65 -329310656975.215 -22866000.4907723 3000
2536821846.00196 -6533.42615354374 1765.65374598486 2884392816700.49 -303504308310.347 -22866000.488645 3000
2550840802.83964 -6760.92366266936 1788.9756769219 2791224248429.1 -278588605223.166 -22866000.4863287 3000
2564188513.0775 -6992.74276564252 1811.47463898374 2699451921010.78 -254560014239.649 -22866000.4838059 3000
2576890621.62132 -7229.11201727857 1833.10152006783 2609145556914.66 -231413303098.541 -22866000.4810568 3000
2588972136.11321 -7470.26721281568 1853.80136442061 2520367339001.52 -209141704212.573 -22866000.47806 3000
2600457425.83122 -7716.45203464295 1873.51296581047 2433172322466.54 -187737044384.905 -22866000.4747916 3000
2611370230.64274 -7967.91893935692 1892.1684275844 2347608755803.91 -167189849962.258 -22866000.4712252 3000
2621733648.61592 -8224.9295989715 1909.69263111489 2263718553529.03 -147489486678.881 -22866000.4673318 3000
2631570139.90757 -8487.7556651377 1926.0026726853 2181537641946.05 -128624264876.728 -22866000.4630789 3000
2640901528.35048 -8756.67949555426 1941.00723167839 2101096313869.77 -110581544533.6 -22866000.458431 3000
2649749005.88702 -9031.99496930535 1954.60587244904 2022419552129.16 -93347830677.8191 -22866000.4533481 3000
2658133133.47566 -9314.00820623097 1966.68826283711 1945527377754.15 -76908871768.9233 -22866000.4477863 3000
2666073848.38876 -9603.03848922521 1977.13331716302 1870435136492.99 -61249742000.2152 -22866000.4416963 3000
2673590468.05089 -9899.41909705662 1985.80823941938 1797153810208.66 -46354926814.1835 -22866000.4350237 3000
2680701695.06884 -10203.4981714823 1992.56746507251 1725690314392.51 -32208402810.1904 -22866000.4277076 3000
2687425628.56028 -10515.6398717117 1997.2514936403 1656047727383.7 -18793701895.3471 -22866000.4196802 3000
2693779768.57892 -10836.225281488 1999.68558478895 1588225581960.96 -6093986038.15063 -22866000.4108656 3000
2699781024.84659 -11165.6535060312 1999.67831711626 1522220110683.44 5907889477.39653 -22866000.4011792 3000
2705445727.1916 -11504.3429060945 1997.01998683538 1458024466584.51 17229319103.4003 -22866000.3905261 3000
2710789635.78741 -11852.7323936796 1991.48082471627 1395628938768.19 27887892438.0652 -22866000.3788001 3000
2715827949.72601 -12211.2826730355 1982.80901305875 1335021182074.07 37901338951.8057 -22866000.3658819 3000
2720575318.23632 -12580.4776932007 1970.72847564541 1276186411677.88 47287480559.1674 -22866000.3516374 3000
2725045850.88932 -12960.8260957544 1954.93641453208 1219107604167.52 56064184649.8731 -22866000.3359159 3000
2729253130.267 -13352.8629366281 1935.10055141988 1163765662007.36 64249324348.2439 -22866000.3185474 3000
2733210223.27357 -13757.1514139522 1910.8560418216 1110139587792.22 71860738296.8848 -22866000.2993402 3000
2736929691.51381 -14174.2845741501 1881.80202661937 1058206666375.93 78916190855.8011 -22866000.2780773 3000
2740423604.63374 -14604.8874167747 1847.49774442812 1007942601257.37 85433340095.2441 -22866000.2545136 3000
2743703551.69803 -15049.6189298801 1807.45817126182 959321670846.13 91429703943.8247 -22866000.2283705 3000
2746780654.1382 -15509.1744505968 1761.14909147866 912316855922.797 96922631111.3141 -22866000.1993319 3000
2749665577.23094 -15984.2879849666 1707.98154892159 866899982024.55 101929271015.315 -22866000.1670378 3000
2752368543.10259 -16475.7349090728 1647.30554450176 823041832242.977 106466548055.938 -22866000.1310776 3000
2754899342.89875 -16984.3347482193 1578.40289429676 780712265325.555 110551135778.691 -22866000.0909823 3000
2757267349.09643 -17510.9541777859 1500.4791018899 739880324659.206 114199432578.588 -22866000.0462144 3000
2759481528.0137 -18056.5102992231 1412.65407593679 700514336432.909 117427538783.064 -22865999.9961572 3000
2761550452.12105 -18621.9741422713 1313.95150657785 662582003261.308 120251234242.807 -22865999.9401004 3000
2763482312.33785 -19208.3744548452 1203.28666037287 626050490070.544 122685956491.517 -22865999.8772249 3000
2765284930.17036 -19816.8017713466 1079.45231460254 590886504630.145 124746778995.639 -22865999.8065824 3000
2766965770.0129 -20448.4129005786 941.10245954127 557056366217.824 126448389529.358 -22865999.7270724 3000
2768531951.10743 -21104.4357228621 786.733365104601 524526071624.782 127805067620.124 -22865999.6374135 3000
2769990259.56914 -21786.1744750424 614.66144967151 493261350318.249 128830661051.59 -22865999.5361076 3000
2771347160.26018 -22495.0155169904 422.997290344742 463227712424.027 129538560517.492 -22865999.4213972 3000
2772608808.64518 -23232.4337177361 209.614905487641 434390486084.326 129941671718.47 -22865999.2912114 3000
2773781062.51463 -23999.9995113096 -27.884772354407 406714845796.017 130052383770.784 -22865999.1430981 3000
2774869493.67896 -24799.386800707 -292.217662380694 380165828495.698 129882532647.226 -22865998.9741392 3000
2775879399.75632 -25632.3819934508 -586.46943974093 354708332850.843 129443357786.208 -22865998.7808407 3000
2776815815.97163 -26500.8943943866 -914.160063014487 330307101590.283 128745449345.193 -22865998.558992 3000
2777683527.12005 -27406.9684448325 -1279.32334588647 306926680493.195 127798682693.775 -22865998.3034794 3000
2778487079.88785 -28352.7985707198 -1686.60633582896 284531345067.488 126612135180.44 -22865998.0080388 3000
2779230795.64885 -29340.747650393 -2141.39518914813 263084986123.747 125193978130.205 -22865997.664918 3000
2779918784.22972 -30373.3710717267 -2649.97741709053 242550932315.749 123551333182.972 -22865997.2644087 3000
2780549154.33197 -31442.9684801169 -3214.03497694057 223074233213.674 121708749810.372 -22865996.816493 3000
2781122760.82551 -32542.5909177875 -3835.27194998746 204729351309.256 119692643535.718 -22865996.332231 3000
2781644830.55776 -33671.9498282452 -4519.19265699784 187450949736.487 117517487755.037 -22865995.808854 3000
2782120116.95632 -34830.4513556886 -5271.87403304755 171177258535.016 115196352162.484 -22865995.2435139 3000
2782552947.11569 -36017.1340463784 -6100.03829296924 155849763948.962 112740939321.701 -22865994.6333114 3000
2782947261.80734 -37230.5871787916 -7011.13468945423 141412995754.108 110161613524.835 -22865993.9753482 3000
2783306651.82954 -38468.8506013022 -8013.43551979179 127814321387.203 107467412057.784 -22865993.2668045 3000
2783634391.18374 -39729.2911956009 -9116.15026899173 115003742585.544 104666035304.934 -22865992.5050411 3000
2783933467.48171 -41008.4492053725 -10329.563177088 102933691421.049 101763810762.328 -22865991.6877444 3000
2784206610.04071 -42301.8453896338 -11665.2020109775 91558818945.2439 98765623021.9328 -22865990.8131207 3000
2784456316.09004 -43603.7360876475 -13136.0493472738 80835769315.6567 95674798195.3965 -22865989.8801577 3000
2784684875.60734 -44906.7977414872 -14756.8137391945 70722927000.1243 92492924584.1764 -22865988.8889825 3000
2784894395.41026 -46201.7133347489 -16544.2880844376 61180118664.1871 89219580978.2016 -22865987.8413463 3000
2785086823.39889 -47476.6184295898 -18517.8402343417 52168238268.4308 85851925270.9324 -22865986.741286 3000
2785263974.3225 -48716.3386749376 -20700.1133630016 43648741227.9008 82384062445.8884 -22865985.5960352 3000
2785427559.41891 -49901.3033482975 -23118.07706224 35582907902.5374 78806045916.0762 -22865984.4172978 3000
2785579224.36716 -51005.926630552 -25804.7034112469 27930678615.7167 75102230794.3279 -22865983.2230401 3000
2785720604.84429 -51996.0493530978 -28801.8484071798 20648633073.6774 71248389860.5186 -22865982.0400589 3000
2785853421.56237 -52824.5563722319 -32165.7084150185 13686085569.6574 67206217666.0007 -22865980.9076428 3000
2785979675.27113 -53422.9475362201 -35978.6154374231 6976398503.37455 62911488596.8819 -22865979.8824601 3000
2786098141.96561 -53680.5186266934 -40223.6776081485 628535356.348609 58404763581.6079 -22865979.1635733 3000
2786207179.78975 -53483.4063315318 -44805.8349020311 -5218678351.84447 53775347390.1367 -22865978.8123703 3000
2786310476.2015 -52694.6706278516 -49814.9195268643 -10708746655.6633 48894140755.6048 -22865978.5497093 3000
2786424542.95975 -50794.6295386632 -56117.5357428088 -16623409834.8183 42859869626.0368 -22865976.6303024 3000
2786528396.71758 -47720.0112400132 -62442.5529456296 -21751964155.7768 36707196330.1747 -22865970.8836474 3000
2786617056.42355 -43764.8215535304 -68038.1420013257 -25817479567.4993 30923070304.3071 -22865963.6952295 3000
2786691215.15924 -39365.0053586981 -72577.5726939349 -28906244827.7294 25707373847.4639 -22865958.4808841 3000
2786759730.6123 -34394.6885252331 -76383.501802011 -31437908394.2864 20601392027.2504 -22865954.0991101 3000
2786826804.3043 -28772.6732880116 -79489.8210639875 -33560096765.5746 15369788657.5617 -22865950.7049155 3000
2786889461.67394 -23010.7120315982 -81641.272450513 -35184425270.7616 10317574892.0677 -22865949.7157445 3000
2786950028.86206 -17183.7166923485 -82915.676366483 -36402357096.3286 5330042146.51931 -22865950.485157 3000
2787017440.16423 -10679.7070540863 -83364.7847601814 -37340809624.1945 -280210217.520322 -22865954.2130799 3000
2787087456.3348 -4206.39914483875 -82821.8700605506 -37859450295.2644 -6103671599.52459 -22865959.9027305 3000
2787164003.40465 2252.79303255409 -81256.4015875133 -37929390573.6784 -12389154670.8255 -22865967.5511146 3000
2787249082.0937 8464.12700316595 -78669.6459305059 -37465882890.3579 -19197284256.4344 -22865975.6574802 3000
2787344498.3285 14157.1880966368 -75164.2047048477 -36376195323.6645 -26539747793.8638 -22865982.1597629 3000
2787462471.40004 19510.0992016549 -70532.1463710363 -34373491866.3842 -35134615464.8208 -22865988.2606535 3000
2787569988.823 23067.6216290012 -66397.488822642 -32074738914.3168 -42493928927.8314 -22865989.4032845 3000
2787674372.06672 25602.9368434258 -62638.9301045608 -29527749630.4623 -49225967903.1099 -22865989.968524 3000
2787792739.72619 27666.8580707956 -58758.1766910714 -26367786268.2875 -56406583789.2576 -22865990.9509661 3000
2787917811.16809 29172.1411946207 -55106.4899607957 -22807267242.6074 -63522507200.0511 -22865992.1257191 3000
2788052596.76864 30250.375159193 -51648.6098388372 -18797366776.3225 -70711788481.7531 -22865993.5202451 3000
2788199731.06124 30985.556246699 -48367.4759345749 -14287780850.1326 -78063859065.912 -22865995.122565 3000
2788361957.58875 31437.8112800994 -45251.4052697862 -9220308000.76682 -85651131189.6501 -22865996.9156566 3000
2788541114.28612 31651.9922134691 -42309.5786036926 -3565265852.40182 -93487672956.4782 -22865998.8218164 3000
2788733893.91033 31669.5947855079 -39613.4590564722 2541070602.30535 -101377255070.365 -22866000.5340254 3000
2788941682.45316 31535.6300966282 -37139.2105296537 9109852137.27578 -109344531823.923 -22866002.051908 3000
2789166504.75402 31283.8654786586 -34859.5111582904 16173029124.2958 -117431136634.471 -22866003.4039705 3000
2789410396.61565 30939.8499123564 -32752.8475024908 23762036263.8511 -125669334316.769 -22866004.6117955 3000
2789675463.7937 30523.436368729 -30801.5737006819 31908624344.7893 -134085552728.813 -22866005.6927948 3000
2789963920.36696 30050.345367658 -28990.8008702671 40645308019.9065 -142702387306.5 -22866006.6615632 3000
2790278116.88034 29533.1970206869 -27307.7118145305 50005625639.5194 -151539814777.336 -22866007.5306224 3000
2790620563.22226 28982.2255231225 -25741.1107465902 60024301394.8728 -160615967127.902 -22866008.3108662 3000
2790993948.79811 28405.7924697767 -24281.1114567103 70737354124.8148 -169947646312.368 -22866009.0118591 3000
2791401161.39194 27810.7666662599 -22918.9117071944 82182175066.0932 -179550677850.165 -22866009.6420441 3000
2791845305.46226 27202.8120251932 -21646.6240792332 94397584636.8103 -189440158468.147 -22866010.2089024 3000
2792329720.46877 26586.6099809981 -20457.1448528326 107423877613.467 -199630634405.55 -22866010.7190799 3000
2792857999.44859 25966.0342463757 -19344.0499619127 121302857428.029 -210136229315.693 -22866011.1784909 3000
2793434008.12935 25344.2899255707 -18301.5104215267 136077863547.373 -220970737254.832 -22866011.5924046 3000
2794061904.72365 24724.0255444144 -17324.2223513417 151793792631.844 -232147689582.207 -22866011.9655205 3000
2794746160.51093 24107.4241643258 -16407.3481973354 168497113683.82 -243680401797.01 -22866012.3020336 3000
2795491581.35039 23496.2780632187 -15546.4666572314 186235878573.52 -255582005484.492 -22866012.6056906 3000
2796303330.09211 22892.050472956 -14737.5296906352 205059725198.018 -267865466568.7 -22866012.8798396 3000
2797186950.1173 22295.9268100183 -13976.8250921355 225019877029.738 -280543594755.583 -22866013.1274745 3000
2798148389.8962 21708.8575326173 -13260.9438369135 246169134650.74 -293629042965.407 -22866013.3512732 3000
2799194028.77283 21131.5940605397 -12586.7512668539 268561862468.709 -307134300244.975 -22866013.5536328 3000
2800330703.87398 20564.7190878914 -11951.361643766 292253966693.894 -321071676775.695 -22866013.7366998 3000
2801565738.28791 20008.672196476 -11352.1154939304 317302866303.682 -335453283012.045 -22866013.9023966 3000
2802906970.59077 19463.7715544289 -10786.5593563115 343767456945.234 -350291003582.007 -22866014.0524465 3000
2804362785.54356 18930.2324309363 -10252.4277091157 371708062742.408 -365596463730.38 -22866014.1883951 3000
2805942146.30935 18408.1829091131 -9747.62665769342 401186381567.44 -381380992057.4 -22866014.3116283 3000
2807654627.89909 17897.6773593448 -9270.21929986466 432265416529.68 -397655575986.88 -22866014.4233905 3000
2809510452.23368 17398.7078995635 -8818.41245066956 465009399567.542 -414430813634.427 -22866014.5247987 3000
2811520524.42144 16911.214274896 -8390.54469709617 499483698247.117 -431716857767.523 -22866014.6168568 3000
2813696470.58647 16435.09229483 -7985.07553863141 535754710634.307 -449523354918.649 -22866014.7004667 3000
2816050677.31537 15970.2010424232 -7600.57550665127 573889747587.052 -467859379563.004 -22866014.77644 3000
2818596332.28171 15516.3691236916 -7235.71723649812 613956893758.773 -486733359499.739 -22866014.8455063 3000
2821347466.67494 15073.3999674578 -6889.26728406537 656024856336.162 -506152997262.474 -22866014.9083229 3000
2824318999.07204 14641.076388329 -6560.07868294746 700162793815.927 -526125184116.845 -22866014.9654813 3000
2827526780.58461 14219.1645286183 -6247.08417472244 746440121203.786 -546655905491.39 -22866015.0175148 3000
2830987641.9096 13807.4171763641 -5949.28997868829 794926299510.926 -567750141791.002 -22866015.0649038 3000
2834715690.80495 13405.9610590852 -5666.03805248788 845640315424.75 -589390507943.564 -22866015.1078794 3000
2838709954.95553 13016.2714473925 -5397.6310015937 898396276723.085 -611475230775.25 -22866015.1459951 3000
2842983806.56889 12638.0393196994 -5143.13988561678 953204586548.568 -633989206530.773 -22866015.1797731 3000
2847553318.10624 12270.7506028524 -4901.57009056526 1010101714297.9 -656928056342.951 -22866015.2097665 3000
2852435254.25531 11913.9142378816 -4672.01425454641 1069122007927.16 -680286016100.714 -22866015.2364491 3000
2857647088.00116 11567.0610551922 -4453.64290665035 1130297446520.48 -704055866776.456 -22866015.260228 3000
2863207017.8055 11229.7425632764 -4245.69623614869 1193657396887.43 -728228867518.951 -22866015.2814544 3000
2869133984.38798 10901.5297960261 -4047.47690440764 1259228354301.86 -752794683602.226 -22866015.3004319 3000
2875447685.60886 10582.0122847981 -3858.34378346336 1327033651633 -777741303912.051 -22866015.3174241 3000
2882168591.74758 10270.7970059751 -3677.70640240235 1397093163665.93 -803054958649.785 -22866015.33266 3000
2889317959.73161 9967.50739224487 -3505.02005199815 1469422990065.94 -828720031212.78 -22866015.3463394 3000
2896917845.8213 9671.78241105563 -3339.78146017093 1544035113102.98 -854718963415.787 -22866015.3586367 3000
2904991118.62062 9383.27562591462 -3181.52491711657 1620937049300.26 -881032161174.132 -22866015.3697051 3000
2913561470.36118 9101.65432817275 -3029.81883899155 1700131473901.42 -907637893364.504 -22866015.3796787 3000
2922653426.12683 8826.5987277721 -2884.26270930421 1781615816762.35 -934512184042.784 -22866015.3886754 3000
2932292349.84819 8557.80121492469 -2744.48435818327 1865381821445.68 -961628696026.518 -22866015.3967995 3000
2942504454.50432 8294.96547928321 -2610.1374312374 1951415132750.28 -988958627317.677 -22866015.4041425 3000
2953316804.55143 8037.80583882683 -2480.89920164719 2039694805971.07 -1016470585596.36 -22866015.4107858 3000
2964757321.41639 7786.04645728196 -2356.46852913973 2130192833575.39 -1044130472388.9 -22866015.4168014 3000
2976854782.27076 7539.42069857045 -2236.56406970181 2222873606874.53 -1071901351030.92 -22866015.422253 3000
2989638818.19059 7297.67044738536 -2120.92262776779 2317693365517.23 -1099743315785.4 -22866015.4271973 3000
3003139912.67846 7060.54539422136 -2009.29763530966 2414599638834.41 -1127613363014.33 -22866015.4316849 3000
3017389395.18079 6827.80238715482 -1901.45779206927 2513530637771.03 -1155465252450.81 -22866015.4357607 3000
3032419435.84436 6599.20472922955 -1797.185795878 2614414642491.05 -1183249372094.47 -22866015.4394648 3000
3048263022.44693 6374.52170481285 -1696.27728094024 2717169257443.52 -1210912571872.79 -22866015.4428332 3000
3064953960.67102 6153.52770144756 -1598.53966532932 2821700809971.06 -1238398042605.87 -22866015.445898 3000
3082526850.03792 5936.00166336966 -1503.79123672205 2927903567462.82 -1265645150546.65 -22866015.4486878 3000
3101017072.71585 5721.72631720128 -1411.86021489586 3035659017528.08 -1292589294731.95 -22866015.4512285 3000
3120460759.94875 5510.48762258176 -1322.58398475779 3144834990855.56 -1319161730077.21 -22866015.4535433 3000
3140894790.34153 5302.07380805198 -1235.80821966316 3255284940364.36 -1345289435235.35 -22866015.455653 3000
3153600000 5178.73420047401 -1185.06196411922 3321860588084.81 -1360665821498.11 -22866015.4566371 3000
