0 -11000 -24094.9946956423 1554958000000 0 -75178242.3587281 3000
6247966.8642096 -13488.4991309802 -21631.5716247001 1478273937413.15 -143008728506.793 -75178240.0804636 3000
16549717.4066389 -16775.8810576788 -16964.7638727157 1321470756386.36 -342400550183.47 -75178235.0451861 3000
26693822.5685356 -18917.2214409186 -11795.2143119982 1139473252189.35 -488674968721.727 -75178229.3155567 3000
36703827.9713894 -19884.4899996084 -6314.21812968645 944298818196.77 -579557782393.487 -75178222.4368 3000
46503269.5371991 -19691.9121730799 -728.166310767408 749460320497.189 -614196332627.386 -75178213.5277862 3000
55792923.0223354 -18472.9443718855 4702.82308518742 571422610792.188 -595840364284.121 -75178200.490417 3000
64020719.5191244 -16594.9394273305 9693.76190250502 426670631123.43 -536800278582.903 -75178177.9441362 3000
70413358.1675677 -14697.4301863029 13900.7976792018 326481808205.572 -461635936195.309 -75178147.3016184 3000
75361334.742512 -13093.0579521775 17678.9070341656 257724159096.151 -383797849259.391 -75178100.3172044 3000
79127429.6171891 -11992.6608662179 21268.7384343645 210572368985.025 -310745454005.036 -75178031.0313943 3000
81961713.1884284 -11537.0465388679 24854.7229149369 177362703003.563 -245642067972.844 -75177933.0605385 3000
84081095.6111571 -11849.0511211696 28562.0399876638 152743623197.313 -189257334171.797 -75177798.3672506 3000
85660459.9268009 -13074.1071015192 32455.2551141452 133241078231.982 -141250089177.065 -75177617.2202228 3000
86837069.2111701 -15413.357403287 36534.4580287428 116670271464.015 -100796173826.79 -75177378.7412658 3000
87717075.0349543 -19163.2231265384 40712.6246515589 101652276099.977 -66896258343.7081 -75177073.5231552 3000
88382516.9198045 -24782.6157560453 44753.325683514 87234999054.3593 -38502247955.3125 -75176702.1707162 3000
88899282.6034236 -33062.6744289578 48100.791305138 72509941100.4265 -14493837111.0967 -75176304.6873482 3000
89331916.2572846 -45835.6241125799 49191.2365539427 55713829368.3052 6686388774.13417 -75176059.6021871 3000
89714307.9490526 -64601.3681160271 42564.9733986849 34827284523.109 24649816637.2491 -75175966.0015267 3000
89964406.7692673 -77770.5939509766 27936.4058123417 16946846269.4654 33681093537.2208 -75174586.0169277 3000
90183799.9410489 -82521.5812896022 8640.34437689415 -809097351.855061 37742001459.5947 -75174613.4343409 3000
90406096.5072872 -78310.472961852 -9167.62209507559 -18819298778.3363 37580528262.2594 -75176144.1291453 3000
90708532.8508107 -66837.0037722833 -23141.8456798057 -40802990637.2239 32410450737.3897 -75177408.552816 3000
91067446.8599578 -54963.993246761 -29337.2800863089 -62546697831.5041 22776274294.6596 -75177665.8517379 3000
91509454.9908254 -45163.6844262038 -31017.7487664553 -84509481785.457 9307844039.13659 -75178029.0299135 3000
92082951.680383 -37404.9678753098 -30363.6105836059 -107992581619.414 -8364069621.18532 -75178437.9725562 3000
92807748.8345287 -31637.3560875405 -28549.5839160643 -132826701968.634 -29734355000.7114 -75178733.9705872 3000
93738127.4232841 -27344.6604372198 -26166.6082225746 -160080729362.487 -55171441551.2717 -75178944.6858395 3000
94943018.8259033 -24188.1862301487 -23481.5962065474 -190942805417.861 -85033842003.5987 -75179096.8565893 3000
96506907.6219884 -21944.0713035707 -20618.1897120364 -226832561499.511 -119439141836.822 -75179207.2782227 3000
98534670.9912507 -20446.7777959721 -17619.0083513472 -269632608874.198 -158098730988.596 -75179287.4370974 3000
101156313.139809 -19559.2224619743 -14471.353506634 -321905087991.664 -200025276286.262 -75179345.4431869 3000
104531928.662847 -19149.5283374775 -11118.247025779 -387094596628.413 -243049002338.251 -75179387.1185463 3000
108856042.813742 -19066.3609794628 -7464.48806396434 -469626744419.026 -283033381459.058 -75179416.7211561 3000
114355954.345694 -19107.6083832054 -3387.87700845308 -574609030682.272 -312659673310.563 -75179437.4985897 3000
121261611.39032 -18982.0694531349 1222.87117417504 -706311629632.061 -319884384658.858 -75179452.1909581 3000
129688371.068126 -18291.0804239449 6363.55273008339 -863826136681.045 -287598139563.201 -75179463.4242014 3000
139433363.326622 -16617.6695068032 11765.2087808649 -1034700509708.58 -198798407669.57 -75179473.3660538 3000
150019870.822973 -13723.013101044 16940.2427248107 -1196267016488.08 -46170188698.2883 -75179482.7862266 3000
161080009.903508 -9592.55919196302 21439.192811842 -1326178616533.29 167003256834.991 -75179491.6308581 3000
172502498.944557 -4321.73937299644 24930.0747356278 -1406510420281.47 433034163988.665 -75179500.030735 3000
183702278.862959 1597.82545264466 27045.6741749016 -1422332568345.54 725368424375.28 -75179506.5829018 3000
194256031.914375 7605.04044878501 27740.4126063854 -1374021801257.52 1015612513871.59 -75179510.6413184 3000
204615800.818218 13653.7603114108 27134.7563851729 -1263923568362.26 1300974246436.6 -75179513.8602469 3000
214871760.99024 19539.1814234111 25265.1082667415 -1093516358637.94 1570752869658.17 -75179516.5570132 3000
225663602.535888 25348.750063285 21970.225114451 -850827363577.834 1826823213205.56 -75179519.7162362 3000
237058164.117798 30753.1531196379 17117.0595690304 -530343458379.591 2050784877060.01 -75179523.3311131 3000
248595386.44284 35158.2458339733 10942.5134340592 -148955978905.6 2213762144510.68 -75179526.7674987 3000
260407541.026333 38274.1070371856 3563.45825280278 286253386048.68 2300341050822.93 -75179530.2416467 3000
271206386.818653 39692.874278777 -3846.20060300122 708527992588.735 2299255261280.73 -75179532.2406302 3000
281699635.428438 39641.3887411043 -11378.3654500091 1126033622109.96 2219542289223.08 -75179533.8226566 3000
292011834.56566 38157.3446629221 -18827.2341721008 1528403955691.81 2063720727440.35 -75179535.1564857 3000
302234488.138133 35276.7818562883 -25986.2872784951 1904934290910.84 1834358451593.67 -75179536.3372003 3000
313578935.44292 30492.4485689384 -33345.1858609711 2279524116678.45 1497077119550.7 -75179538.1904828 3000
324981556.343674 24130.6998555412 -39781.1632375806 2592341491962.8 1079086362147.35 -75179539.9498309 3000
336555634.851926 16292.8443298506 -44997.8371668429 2827490933512.08 587040181986.227 -75179541.710901 3000
347811179.074073 7605.46177203834 -48525.2559544108 2962828392064.55 59172746317.498 -75179543.1716618 3000
358374723.928589 -1221.18725427142 -50259.2497670154 2996992865393.44 -463993460338.86 -75179544.1390817 3000
368680333.720929 -10175.2385881763 -50360.3852628638 2938435273759.11 -983850945953.345 -75179544.9399941 3000
378832442.348234 -19041.1573497179 -48864.1434119594 2790046890958.63 -1488870967566.12 -75179545.6392643 3000
388911309.341821 -27601.8639132131 -45805.3869663318 2554670988459.03 -1967257338429.09 -75179546.2761192 3000
399534939.143166 -36054.0317452737 -40934.7518502257 2215884889254.52 -2429461665041.04 -75179547.0847187 3000
410775052.347 -44011.7022009553 -34067.4273669133 1764799397827.24 -2852546903013.21 -75179548.0771382 3000
422176693.091409 -50698.9382828499 -25510.8700672002 1223387583176.58 -3193590225153.55 -75179549.0855503 3000
433259747.580859 -55562.8890243484 -15929.7083799171 632923120621.864 -3424242918984.29 -75179549.9324805 3000
443669780.349943 -58448.0976102036 -6083.52101540405 38004999973.6761 -3539402652607.87 -75179550.5038509 3000
453825474.227393 -59549.5174690894 4019.04620061564 -562644794876.873 -3550173801772.47 -75179550.9831628 3000
463823987.629742 -58899.6473840507 14148.3180240502 -1156255799956.47 -3459376204051.54 -75179551.4056754 3000
473739827.053436 -56528.7696052898 24074.9173034895 -1729958633059.82 -3269646973426.69 -75179551.7930327 3000
484180197.197199 -52203.0415104205 34071.0250999698 -2299162402949.2 -2965563083198.72 -75179552.2885348 3000
495204216.482099 -45699.7967570185 43749.8828789513 -2840561398909.11 -2535615058759.11 -75179552.8979321 3000
506351769.536156 -37285.4206308 52244.9801818197 -3304710648671.82 -1999184831885.44 -75179553.5145003 3000
517731681.816442 -27060.7554297205 59215.1437978896 -3672251583423.83 -1363192819496.22 -75179554.1697864 3000
528075154.408426 -16625.4855600801 63795.1519573744 -3898988687065.79 -725480744485.88 -75179554.554448 3000
538139407.601107 -5727.35026869702 66463.7514415911 -4011958329371.64 -68463238841.6284 -75179554.8758514 3000
548023223.731399 5387.81315798487 67251.3285943317 -4013845156442.56 593874385925.963 -75179555.1579107 3000
557800229.785728 16477.8906378246 66182.1652962035 -3906905051127.4 1247673180238.68 -75179555.4150714 3000
567531991.02889 27302.130815514 63284.5915054121 -3693578275162.27 1879116131855.03 -75179555.6573381 3000
578351087.76547 38712.6523774427 57971.573372705 -3335702949553.45 2536997248944.56 -75179556.0592913 3000
589240451.751264 49138.7523516867 50533.816245569 -2856236757633.25 3129593216913.38 -75179556.4591113 3000
600289289.636175 58238.6678008776 41063.0801399584 -2261496466636.28 3637273463451.76 -75179556.8737726 3000
611031087.406389 65321.3873615698 30278.0492597137 -1596176464674.65 4021689328174.61 -75179557.2276715 3000
621135192.041999 70148.5367619806 19012.5833426021 -910191443835.724 4271490341685.06 -75179557.4717516 3000
631001619.615091 72972.5801194745 7270.94726866525 -202554177845.053 4401624698638.44 -75179557.6803073 3000
640715919.146525 73818.6206099777 -4692.44837415725 512017018329.88 4414342940958.38 -75179557.8665469 3000
650343970.001585 72708.4760655172 -16626.7990569061 1218967081824.83 4311644736086.2 -75179558.0387923 3000
660472778.283974 69445.7650902707 -28913.2472116499 1940690841036.35 4080627226948.18 -75179558.261098 3000
671148389.082172 63750.2836485031 -41164.896260411 2653673742514.29 3705744145278.69 -75179558.5353157 3000
681910991.977355 55813.1412417918 -52376.8250737131 3298967513411.3 3201159665640.64 -75179558.8116862 3000
692847210.189011 45725.4649081709 -62193.2102137041 3855919478958 2573056452631.26 -75179559.1018475 3000
703447345.995749 34297.1243563774 -69848.4643200081 4281333467408.56 1871474890616.2 -75179559.3477546 3000
713384105.968691 22417.0051386359 -75112.7788604869 4563912244676.73 1149635422804.15 -75179559.5142401 3000
723105223.309522 10016.9264440345 -78298.5340339923 4722051472927.37 402342303173.789 -75179559.6584831 3000
732688390.785647 -2640.03777756367 -79426.0753427139 4757611020784.97 -355034970665.104 -75179559.7886419 3000
742194720.283394 -15295.2567589228 -78514.2015646902 4672310453592.08 -1107361702330.61 -75179559.9100195 3000
752200408.557484 -28362.3115425805 -75368.4251898444 4453528442756.92 -1879066528365.15 -75179560.0677726 3000
762750807.948084 -41449.4924181195 -69690.9619831334 4084448546760.43 -2646362678961.68 -75179560.2634587 3000
773389609.3944 -53502.1071596235 -61661.6498141654 3578159104893.5 -3347042121615.5 -75179560.461534 3000
784199581.171734 -64155.2742939453 -51369.2399938756 2940598666549.43 -3959780874727.58 -75179560.6700269 3000
794685402.64854 -72599.2452324629 -39627.2149571011 2221842027353.58 -4438234102582.89 -75179560.8475706 3000
804526776.07247 -78570.1597104329 -27343.6111963558 1476344266094.64 -4768645622645.58 -75179560.9688064 3000
814155444.882123 -82396.1874338667 -14461.0846168542 699740437110.653 -4970461694450.28 -75179561.0740312 3000
823646944.548899 -84095.1052571596 -1250.60147078781 -92047147448.7761 -5045295409135.63 -75179561.1690664 3000
833060562.07354 -83682.6762287397 12022.266560151 -883395669211.052 -4994597528661.51 -75179561.25771 3000
842966458.739703 -80981.893004052 25805.2529072537 -1700878461827.79 -4806928438650.85 -75179561.3729899 3000
853406858.360313 -75676.6075983995 39707.961045896 -2520816385448.88 -4464191612374.46 -75179561.5159245 3000
863926971.046199 -67916.7067264588 52632.1859339016 -3278166346378.15 -3977334199984.28 -75179561.6603124 3000
874604598.800311 -57787.3975810461 64207.4511898669 -3951174249671.56 -3351985270060.54 -75179561.8117395 3000
885538776.86108 -45379.8914071684 74043.593750327 -4516906506239.09 -2594123279814.9 -75179561.9779727 3000
895313483.193364 -32868.3066822473 80819.1290394157 -4900286908638.81 -1835605202866.28 -75179562.0684923 3000
904873496.919851 -19661.049160433 85400.4475800564 -5152010370997.43 -1039399759508.99 -75179562.147106 3000
914292875.515023 -6037.45154038502 87801.591161423 -5273386002321.49 -221986988186.492 -75179562.2180663 3000
923629643.260415 7730.30665526744 88034.4487140383 -5265555491579.42 600563242939.089 -75179562.2841584 3000
932933798.919977 21373.5270996605 86116.6462285471 -5129971990517.33 1412387512328.77 -75179562.3474329 3000
943280526.142568 36046.4208838269 81502.134316189 -4832280847553.94 2281757352119.34 -75179562.4540272 3000
953691010.879476 49839.6458208119 74338.5877653768 -4384186877142.88 3095065723389.23 -75179562.560987 3000
964238178.76075 62379.9478156517 64706.2921033113 -3790933450338.01 3830319351268.47 -75179562.6721841 3000
975011681.984439 73277.6035476112 52694.218954305 -3058268801061.33 4464542690907.39 -75179562.7927482 3000
984796035.000538 81187.1712507208 40195.4818323276 -2300948734637.2 4920073124577.5 -75179562.8639237 3000
994343659.521287 86853.9850675864 26863.6791378336 -1497066622563.85 5240961326469.52 -75179562.9249713 3000
1003733839.71371 90293.3775640433 12986.6109232557 -663640314410.192 5428523143670.46 -75179562.9795242 3000
1013026864.87317 91514.5611074139 -1157.05697708081 182838895815.762 5483672622905.83 -75179563.0298757 3000
1022273304.00795 90530.7621809862 -15293.540524006 1026168158581.6 5407534679117.11 -75179563.0776637 3000
1032543789.40278 86880.7634785889 -30654.1476872433 1939497627916.89 5171088400574.59 -75179563.1576968 3000
1042858375.93893 80596.6588850505 -45270.1528620563 2805421951887.17 4778630993864.51 -75179563.2371599 3000
1053284817.39785 71752.6984111537 -58765.6184673977 3601731012290.82 4234962780957.41 -75179563.3187433 3000
1063903827.85994 60434.3237170892 -70752.6193062061 4305502692554.49 3545533659529.64 -75179563.4058088 3000
1074157952.96963 47613.6590846051 -80276.9744222424 4860906092383.99 2769334190926.55 -75179563.4788079 3000
1083729941.88553 34298.1682498851 -87084.1872722043 5253837613237.02 1966652846778.27 -75179563.5268166 3000
1093121133.08151 20302.7212128856 -91621.1105484222 5510810016276.83 1125807705590.22 -75179563.5691017 3000
1102396862.5415 5912.01526081302 -93897.2649741839 5632692625205.48 263671037598.408 -75179563.6076881 3000
1111609989.43609 -8595.57357222545 -93922.7266418904 5620361006532.18 -603256132500.969 -75179563.6439478 3000
1121313550.32756 -23723.4988827794 -91528.7741480528 5463271391134.56 -1505023450019.92 -75179563.6914285 3000
1131549754.12753 -39075.6143546191 -86369.1852733278 5141136564343.43 -2417784762419.46 -75179563.7505869 3000
1141870856.9982 -53468.924544463 -78568.1712157536 4662424390858.1 -3271113970824.93 -75179563.8104608 3000
1152349917.31409 -66517.5471229383 -68205.8672506443 4032188115775.17 -4042167488663.82 -75179563.8732403 3000
1163079990.15185 -77817.0426161064 -55367.74821532 3255784937315.42 -4706992089710.31 -75179563.9419634 3000
1172691636.8409 -85859.608115743 -42283.0902624371 2467506890930.41 -5177345978085.55 -75179563.9794315 3000
1182097009.40619 -91608.092508193 -28362.653436957 1631218870590.78 -5510303674239.86 -75179564.0118705 3000
1191366451.61492 -95070.9182523569 -13899.023698739 764280932457.146 -5706612107041.61 -75179564.0410191 3000
1200555133.61615 -96254.0148487412 824.062235946825 -116467704953.328 -5766843199511.64 -75179564.0680149 3000
1209710486.37436 -95168.9398052709 15527.5105924708 -994464867987.504 -5691883528666.22 -75179564.0936842 3000
1219889247.73099 -91333.192842071 31490.6721109729 -1945964192454.9 -5452059861307.2 -75179564.1368573 3000
1230124700.53949 -84785.7175878287 46678.8067981746 -2849527846166.67 -5051074217180.52 -75179564.1797507 3000
1240484207.08825 -75599.4997040106 60708.1352306633 -3682403133776.43 -4493479151299.66 -75179564.2238158 3000
1251049081.23695 -63857.4641283719 73181.5152487942 -4421040461185.69 -3784401724477.42 -75179564.2708816 3000
1261225331.68434 -50615.7072044223 83074.8158233472 -5004944683643.48 -2987445841974.17 -75179564.3096723 3000
1270693456.04362 -36930.0150100559 90146.4741217686 -5420293192906.31 -2165698005835.9 -75179564.3342599 3000
1279995772.8119 -22540.9288352483 94907.4299422332 -5697492789969.31 -1303247035070.1 -75179564.3558517 3000
1289193634.50926 -7737.49609320145 97363.3419337764 -5837045902366.75 -417258469328.252 -75179564.3754542 3000
1298337454.04823 7197.68114170984 97521.7383109511 -5839545961229.55 475484184344.7 -75179564.3937588 3000
1307973669.4003 22785.4320667685 95215.7800032555 -5694799682799.42 1406140164751.35 -75179564.4176573 3000
1318145867.10656 38628.2224310472 90089.0833868578 -5381718114290.89 2350916210162.47 -75179564.4472973 3000
1328409480.80598 53514.2406940605 82257.4410201738 -4907721778381.34 3237565342035.76 -75179564.4770288 3000
1338837007.59656 67051.9090219801 71798.3343755651 -4277541084981.54 4042843600846.4 -75179564.5079109 3000
1349521483.67034 78830.9369960711 58793.4160766838 -3496135315651.8 4742387862592.48 -75179564.5414052 3000
1359066104.90522 87251.5945671475 45550.3793093839 -2701857055515.65 5241430363999.21 -75179564.5588392 3000
1368413326.84017 93354.4547931371 31430.6052902928 -1856053780325.24 5601963582758 -75179564.5736804 3000
1377631012.50574 97144.3307572223 16730.398030668 -976330875915.593 5824388343940.73 -75179564.5867675 3000
1386772780.50083 98624.2732276674 1736.79690022098 -79744396193.9938 5908980170964.24 -75179564.5986354 3000
1395885000.72645 97803.3070504102 -13268.0895567554 816943295476.042 5856353913346.9 -75179564.6096686 3000
1406018363.73772 94220.0224124818 -29597.1651188051 1792210306052.85 5638663308682.02 -75179564.6281398 3000
1416211419.71114 87878.6466392131 -45181.9627654306 2722547913514.23 5256635519862.09 -75179564.6459883 3000
1426530800.61785 78848.9323614914 -59635.501164421 3584966134939.15 4714471581325.65 -75179564.6637876 3000
1437057007.80312 67210.2932977447 -72557.79014832 4355697016564.93 4016926532482.38 -75179564.6822117 3000
1447198445.78903 54012.2366441687 -82892.9376199709 4971872209825.18 3226784938694.21 -75179564.696741 3000
1456636739.60932 40316.213239644 -90378.402448556 5417956952674.37 2407388049328.36 -75179564.7052668 3000
1465912050.53485 25868.7773984092 -95542.5804341435 5725523415268.23 1543413933139.74 -75179564.7123417 3000
1475085044.33133 10961.6061639952 -98388.2732825487 5894782209833.66 652197599369.371 -75179564.7183832 3000
1484205632.58865 -4120.60556655085 -98920.207509144 5926042075186.95 -249340825536.235 -75179564.7236582 3000
1493818376.66943 -19908.0260223249 -96987.6885493291 5810302388456.01 -1192986422772.55 -75179564.7302885 3000
1503966912.58442 -36008.8414785218 -92227.1895203444 5525879486745.87 -2155431527015.51 -75179564.7380772 3000
1514207455.73348 -51200.5197854618 -84730.4317038566 5078243657326.68 -3063729199791.5 -75179564.7451669 3000
1524611784.55622 -65090.5440286655 -74571.0777547464 4471739055773.36 -3894542476150.39 -75179564.7517387 3000
1535271842.17265 -77268.7691618571 -61826.9798510426 3710932643376.06 -4623480145625.71 -75179564.7579667 3000
1544812854.01279 -86090.1420908146 -48746.5218013175 2929961576660.02 -5152091416158.06 -75179564.7600804 3000
1554156422.98271 -92599.6111045384 -34738.4491302023 2093450412835.39 -5542906112671.8 -75179564.7611948 3000
1563370664.03141 -96799.4516310877 -20101.0310321913 1219127702822.95 -5796052487128.63 -75179564.7615451 3000
1572509299.67719 -98689.9258429045 -5122.51557030734 324125368468.971 -5911522782545.43 -75179564.7612523 3000
1581618721.36987 -98277.1611691502 9914.27810684605 -574746845408.366 -5889644411676.95 -75179564.7603688 3000
1591749219.87522 -95140.7325340198 26333.269511058 -1556810816822.29 -5705583396983.69 -75179564.758653 3000
1601939675.45973 -89234.8663286527 42065.3590780027 -2498527152436.41 -5356210601152.75 -75179564.7558199 3000
1612256483.18038 -80625.2010733875 56724.062648035 -3376909815552.64 -4845324452651.21 -75179564.7517225 3000
1622779686.61972 -69387.0550430386 69910.8165355369 -4168248074215.44 -4177272753945.29 -75179564.7460677 3000
1632928001.35625 -56528.2028638604 80560.3059398288 -4808685917592.7 -3411899394012.58 -75179564.7399459 3000
1642383306.06783 -43094.788779999 88382.9690763915 -5280637385325.1 -2611510053030.64 -75179564.7345083 3000
1651674859.66706 -28865.4550580302 93904.3081659737 -5615605050924.62 -1762922820973.48 -75179564.7287887 3000
1660863969.23651 -14132.1811531 97124.5811106446 -5813529481783.26 -883488583817.011 -75179564.722725 3000
1670000969.36761 820.637604984218 98045.7605201763 -5874439411754.75 9893002917.66763 -75179564.7162183 3000
1679631471.33244 16520.2448985586 96536.6028335617 -5790729002825.82 948890288524.067 -75179564.7071084 3000
1689799643.42168 32584.2700404417 92231.5377003198 -5540438180375.46 1910921420023.36 -75179564.694814 3000
1700061187.19064 47798.0681919383 85196.1692717708 -5126961700819.22 2823494463151.09 -75179564.6808618 3000
1710488267.33043 61771.596730863 75499.8856348526 -4554224584052.99 3663402129873.06 -75179564.6646183 3000
1721173307.8097 74098.2443204055 63216.1606708384 -3826359379288.7 4406446561606.72 -75179564.6450595 3000
1730746996.3837 83112.0286062406 50516.7116846807 -3072180490780.57 4952008683889.32 -75179564.6321634 3000
1740123108.39475 89850.9934222963 36858.3824687352 -2259633581035.9 5362440679601.02 -75179564.6196904 3000
1749370569.19659 94314.8099316313 22538.5125020097 -1406383168754.83 5637592994838.02 -75179564.6072984 3000
1758543718.97942 96501.1404939165 7843.83160554109 -529460007454.591 5777183656261.65 -75179564.5947018 3000
1767689513.08507 96413.5085972587 -6944.73462008065 354448346654.342 5781266743171.9 -75179564.5816279 3000
1777862414.79627 93669.4121380451 -23131.1648722824 1323633927010.37 5627864505300.22 -75179564.5592123 3000
1788098919.25488 88184.7632503929 -38680.6379974817 2256678948677.38 5310666568196.04 -75179564.53487 3000
1798466707.86787 80021.1399597539 -53210.3543647666 3130810327330.23 4833060434244.46 -75179564.50767 3000
1809047658.42362 69249.3105371904 -66325.8751933896 3922554945700.2 4198945189031.15 -75179564.4762373 3000
1819249246.24343 56853.7812971174 -76956.2583564183 4567305210863.53 3466268719180.33 -75179564.4476273 3000
1828748075.39426 43866.7993795296 -84805.5621454494 5046637964515.08 2696342999215.58 -75179564.4266801 3000
1838086456.20973 30072.6085886235 -90405.6121381617 5392535334167.91 1876557061677.87 -75179564.4065548 3000
1847326087.14864 15760.0949191408 -93753.9257440356 5604649879311.48 1024059513503.38 -75179564.3866766 3000
1856517876.4283 1210.33058398452 -94850.1580832507 5682748967821.43 155533837465.008 -75179564.3665646 3000
1866210074.53586 -14084.6856973188 -93574.5919771271 5620161169626.43 -759598361613.19 -75179564.3391577 3000
1876449818.60308 -29752.657891386 -89567.0986464847 5395096646116.04 -1699549454074.43 -75179564.303281 3000
1886792047.47289 -44606.4900762261 -82878.96120629 5009541159518.14 -2593494561086.27 -75179564.2642105 3000
1897311980.68095 -58261.1796445983 -73575.4117626111 4466985801948.22 -3418529991453.02 -75179564.2202257 3000
1907549009.86339 -69746.69872223 -62388.0880832183 3810107136244.85 -4116117555595.5 -75179564.1793424 3000
1917193070.50657 -78642.7485539449 -50231.3299947396 3092966902956.62 -4660302038237.36 -75179564.1477925 3000
1926640610.90868 -85327.8881208825 -37120.8934581424 2316755332491.44 -5073739621847.46 -75179564.1181815 3000
1935962662.79376 -89801.0166511805 -23348.7300112138 1498790597951.93 -5356103462968.05 -75179564.0894586 3000
1945215065.87515 -92058.4705626007 -9196.47601897446 655771777588.254 -5506902860771.01 -75179564.060829 3000
1954955493.46141 -92040.3999202971 5843.52589337813 -242825729718.869 -5523191749395.33 -75179564.0221602 3000
1965224991.90317 -89380.3733156074 21421.3788581587 -1176667273539.95 -5382755406073.47 -75179563.9720896 3000
1975573204.72204 -84055.8114585694 36370.697295738 -2076268830359.9 -5082889685834.28 -75179563.9183517 3000
1986071572.01142 -76125.1662688579 50314.3729061208 -2919213710236.1 -4626595654129.8 -75179563.8588156 3000
1996809073.83128 -65653.8544962304 62863.5140756325 -3682379023758.5 -4017238517641.27 -75179563.7902708 3000
2006586766.92027 -54340.9328423829 72454.1481956504 -4270265273983.94 -3354149146838.7 -75179563.7447669 3000
2016139883.99081 -41963.1753787588 79889.026985884 -4731181672014.5 -2624870422210.77 -75179563.7027497 3000
2025546948.16112 -28815.5754061639 85166.6684376619 -5064708021672.41 -1846881867713.52 -75179563.6625292 3000
2034868006.1809 -15179.8295167964 88280.1065708908 -5270089413746.71 -1036860653778.46 -75179563.6228965 3000
2044153797.3841 -1330.14839715583 89226.7323919474 -5346817390899.9 -211040209752.685 -75179563.5828442 3000
2054477778.27719 13966.8451822812 87747.2868284783 -5281309534027.79 704775613370.534 -75179563.5145629 3000
2064861192.04382 28797.4099720593 83637.7582537189 -5058612680354.41 1596780018266.67 -75179563.4421287 3000
2075374128.69852 42792.0993752433 76949.5666195194 -4681212936618.96 2443041541106.51 -75179563.3628066 3000
2086100770.95672 55572.6856040124 67743.6990681136 -4152112194530.6 3221098189484.77 -75179563.2726507 3000
2096472124.70662 66117.2796150843 56854.8298104067 -3519383011484.26 3868769785083.31 -75179563.1912513 3000
2106157552.39132 74083.5266833103 45231.1598916073 -2838873680914.51 4364147000468.85 -75179563.1321156 3000
2115674701.80722 79948.1215792528 32757.0662443084 -2104298216998.67 4735958519989.03 -75179563.0761284 3000
2125090296.58183 83704.4284654273 19712.8703188696 -1332221118753.61 4983395318906.29 -75179563.0213847 3000
2134459028.82729 85347.388887851 6369.97932695258 -538673283514.827 5105729683295.24 -75179562.9663709 3000
2144340815.62071 84793.3933717156 -7727.82725493616 303901291720.296 5098885538286.7 -75179562.8913341 3000
2154788036.76266 81698.673382664 -22236.3427562392 1175795889295.02 4941820952999.79 -75179562.792984 3000
2165351478.74452 76072.3251419547 -36049.754741799 2011230916316.67 4633020028401.35 -75179562.6858395 3000
2176113650.66226 67970.0567132332 -48799.4893588689 2788362536496.81 4175054429773.56 -75179562.5647489 3000
2186568787.23974 58084.0137151159 -59528.2785325551 3448912076493.57 3607192239685.21 -75179562.45348 3000
2196388764.46729 47284.74514484 -67835.6612502964 3967344311005.87 2980337032542.21 -75179562.3699207 3000
2206021699.04459 35572.0857142903 -74114.0985094414 4367184561265.4 2295086952378.15 -75179562.2913938 3000
2215540466.51735 23224.1825389939 -78356.264829413 4647500739103.62 1567832667757.52 -75179562.2149935 3000
2225003461.76863 10508.8217293515 -80554.4346362007 4807325154098.13 814338999910.353 -75179562.138492 3000
2234979186.96116 -3008.91042883662 -80656.9124498955 4844676130014.18 8350289689.81653 -75179562.0342776 3000
2245519606.29291 -17002.6932519961 -78324.9983291182 4738761932964.57 -831686259830.199 -75179561.8978774 3000
2256171785.84176 -30406.9126646862 -73529.5785942615 4485404600640.07 -1642582665235.11 -75179561.7495145 3000
2267019581.37446 -42862.4612019661 -66321.0751910827 4086723058983.7 -2403128229418.16 -75179561.5819644 3000
2277582537.69763 -53456.1158858413 -57306.9512779319 3576535675298.78 -3057668166292.02 -75179561.4264324 3000
2287528157.54311 -61762.457831623 -47303.0920314661 3002135298603.4 -3578968674076.45 -75179561.3078357 3000
2297277371.584 -68126.4914659935 -36365.0374615189 2367478897706.22 -3987603659584.48 -75179561.1965045 3000
2306907710.75255 -72539.5065845947 -24766.2031478602 1688609857919.52 -4282468072315.38 -75179561.0880565 3000
2316480738.7548 -74991.6066062391 -12768.8063783082 980889256062.371 -4462374487419.08 -75179560.9791468 3000
2326572965.5598 -75449.1272581163 31.3176863086928 219910983547.366 -4526628038972.25 -75179560.8299787 3000
2337239443.62943 -73583.7187665696 13323.1457290577 -577030698558.082 -4455003458743.47 -75179560.633536 3000
2348025013.33316 -69345.7683484506 26089.3950776615 -1349875034600.03 -4241661771552.99 -75179560.4182414 3000
2359018557.66781 -62780.769791409 37980.8343162424 -2078111688125.37 -3888261066813.38 -75179560.1728024 3000
2369713519.81268 -54471.6288386241 48096.1053121638 -2706676666164.96 -3426541239851.66 -75179559.9446876 3000
2379765730.72942 -45208.1527340324 56021.9493739579 -3208735588616.77 -2901852453982.97 -75179559.7719501 3000
2389626700.24899 -35039.7691096819 62108.1054053577 -3605154269255.41 -2317973372267.18 -75179559.6086077 3000
2399375729.52106 -24231.6610246686 66342.9680046133 -3894559474061.12 -1690355100724.88 -75179559.448217 3000
2409076559.00453 -13037.8527304229 68714.8777618314 -4075560766940.9 -1033763119170.69 -75179559.285682 3000
2419312546.99483 -1094.65287550414 69192.6215733728 -4147856169429.31 -326181533265.602 -75179559.060712 3000
2430146937.70302 11299.3847910797 67464.3807231039 -4092162380569.17 416155069140.619 -75179558.7606988 3000
2441125066.07611 23183.9152408957 63479.7570068921 -3902074318743.75 1136899093279.68 -75179558.4265767 3000
2452346925.63412 34220.2943402761 57279.3188381301 -3578750245741.49 1816365545055.99 -75179558.0377134 3000
2463209056.28822 43482.3863241525 49487.0238058145 -3155335882268.54 2397681724165.96 -75179557.6801316 3000
2473342219.82624 50609.8440316101 40901.9748626512 -2677288697447.08 2856596758757.46 -75179557.4195926 3000
2483308906.87536 56016.6468815603 31500.4169559304 -2144553145925.67 3218071336791.94 -75179557.1684439 3000
2493186942.56127 59687.5314268878 21534.9701271629 -1571670055007.69 3480422626751.33 -75179556.9170972 3000
2503582813.58973 61664.8142481616 10679.2720337634 -939197485207.467 3648049566401.03 -75179556.5706704 3000
2514552951.92777 61640.635006209 -803.316716302757 -260891575424.369 3702064495779.78 -75179556.1110988 3000
2525633603.52537 59476.9165857844 -12025.426070024 412073310268.394 3630454627285.2 -75179555.6023564 3000
2536922811.53892 55204.8028585856 -22665.0859643813 1061278479345.82 3433704668531.81 -75179555.0137938 3000
2547951331.3541 49227.2738213838 -31928.7836868241 1638667370605.1 3131484157076.18 -75179554.4489074 3000
2558353564.34239 42196.7369021928 -39370.8264042448 2115232699429.28 2759456516692 -75179554.0057042 3000
2568544439.89602 34257.4650296277 -45242.4572888474 2505569006015.67 2327053271876.9 -75179553.5821837 3000
2578617760.78981 25658.6837195711 -49527.0465684514 2807855255032.33 1848419432981.41 -75179553.1591567 3000
2589202767.70344 16130.0407750586 -52308.6080041156 3029324517626.19 1307873075479.42 -75179552.5724166 3000
2600356627.43929 5907.89142027144 -53293.2491028902 3152224509504.95 717084826841.881 -75179551.7885469 3000
2611611446.51625 -4205.59308460819 -52295.9189448286 3161432070495.69 121054521289.641 -75179550.9127788 3000
2623072717.5864 -13903.8746607508 -49339.6906952872 3056893980125.76 -463173753720.074 -75179549.8865234 3000
2634879016.28607 -22876.4353303532 -44450.4048401184 2838581355085.16 -1018546232647.57 -75179548.6089285 3000
2645439621.90721 -29748.3438214118 -38721.1630263957 2559644615103.39 -1458733821786.65 -75179547.8115839 3000
2655784453.40562 -35223.850972787 -32112.7193125964 2222441625887.78 -1825856625180.98 -75179547.0373906 3000
2666013090.97356 -39279.6731446361 -24864.2634210265 1840211888283.59 -2117747586256.56 -75179546.2492311 3000
2676206074.05829 -41894.5660206958 -17201.2100476465 1425276687833.37 -2332391502771.56 -75179545.4135857 3000
2687558091.6132 -43092.9323768457 -8482.71584685869 941179842455.015 -2478191349545.38 -75179543.873246 3000
2699032530.36705 -42499.9635287672 160.268195161208 448418334241.713 -2525597984917.56 -75179542.0910286 3000
2710753840.51066 -40133.7298822205 8434.96646394572 -37527438939.8666 -2474499746155.86 -75179539.9048059 3000
2722129913.32583 -36316.1813714952 15599.3312174929 -473693213909.497 -2336840334683.69 -75179537.7630369 3000
2732745455.82463 -31612.0769996761 21269.1641131468 -835114882129.229 -2140192668706.46 -75179536.1118009 3000
2743160661.79988 -26152.8845197637 25702.1407707099 -1136553604568 -1894552123668.96 -75179534.4436782 3000
2753477466.01486 -20162.2051584782 28869.1805390006 -1375856820868.84 -1611965645298.43 -75179532.6688275 3000
2764339493.45031 -13506.6482143472 30809.7946267488 -1558904222278.02 -1286534542297.16 -75179530.0043631 3000
2775831544.8412 -6406.05131611684 31282.5315992503 -1673216456952.53 -928202996665.255 -75179526.1077624 3000
2787500919.86496 510.576766626814 30146.323846768 -1707154872339.14 -568247006035.245 -75179521.2242037 3000
2798877953.7753 6639.56948139479 27585.740821645 -1665760295969.68 -238550877965.857 -75179516.1093383 3000
2809562785.05946 11583.7828332999 24029.7207461526 -1567602612875.15 38114170661.0582 -75179511.7438887 3000
2819962425.45389 15443.4181555991 19674.9601294879 -1426179586061.63 266052457935.341 -75179507.2013105 3000
2830180333.12603 18174.9089875031 14726.0956833064 -1253479668705.45 442288802946.547 -75179502.1613192 3000
2840274928.99132 19740.6229743752 9374.17167321575 -1061130302910.74 564238774004.508 -75179496.2433798 3000
2850245634.70999 20123.5353093725 3810.14254625343 -861418716338.415 630132121714.113 -75179488.8680338 3000
2859960526.92646 19366.0137848216 -1749.6743601151 -668699212623.401 640218565594.356 -75179478.884169 3000
2869026500.23012 17670.9988366177 -7033.66006141568 -500106944012.467 600498475423.103 -75179463.2911076 3000
2876824927.19556 15502.1629315547 -11777.991842159 -370360154225.802 527358368935.566 -75179435.4516874 3000
2882673807.37846 13527.6477046795 -15714.1252233106 -285353321781.133 447219335880.059 -75179401.1882624 3000
2887181613.8136 11935.692149458 -19325.7148233147 -227981055662.938 368531826581.371 -75179349.1126049 3000
2890636475.3059 10888.4759689583 -22877.2992267014 -188649745475.134 295918296871.76 -75179269.1160009 3000
2893228829.76211 10531.3577647417 -26504.5482173021 -161025124945.837 232168893693.445 -75179156.3829333 3000
2895158817.10617 10989.5599485358 -30310.2971550259 -140421387631.026 177558727920.607 -75179003.2719282 3000
2896592478.65307 12420.6905708164 -34343.9569394873 -123818531750.99 131383423288.406 -75178799.9562168 3000
2897658825.04125 15051.8873256738 -38586.8559805315 -109358692585.395 92624759619.0487 -75178536.3459995 3000
2898456896.51065 19225.5954571596 -42921.4712077971 -95876649967.1211 60181152885.8071 -75178206.3010349 3000
2899063227.32249 25486.8287914512 -47049.1825676014 -82528214676.0632 32937217112.9404 -75177820.6662578 3000
2899565534.81519 35498.5018285286 -50373.3143406494 -67484992921.234 8424122868.97701 -75177346.8343638 3000
2899942113.92043 49079.7113490658 -50328.6153826219 -51781785921.6944 -10688181944.9371 -75177377.1325717 3000
2900284653.59395 67665.8521979395 -41560.2785468717 -31915987781.0762 -26822746107.3373 -75176531.5622957 3000
2900526252.86975 79449.9198503619 -24953.7070784662 -14020393778.7068 -35041581239.484 -75175198.0799887 3000
2900731514.84367 81935.1222399217 -6614.44519092399 2688780463.49157 -38284611039.433 -75175831.2071614 3000
2900977446.524 75862.0160846754 11177.9463297443 22228625531.7596 -37563629193.9762 -75177696.7361 3000
2901311285.58456 63619.2401174242 23460.1270618234 45493938492.1479 -31464655455.1509 -75178520.622821 3000
2901697841.18242 52465.6450515837 28250.4928584668 67796221182.412 -21276394186.7796 -75178808.0581459 3000
2902176388.82436 43483.3166556072 29308.2933940883 90585227873.8203 -7391664800.76736 -75179188.6350674 3000
2902803193.56876 36353.4634102075 28426.9244883111 115411123230.244 10763356340.3294 -75179579.6197177 3000
2903594866.06892 31054.664968849 26571.7347005363 141907273511.96 32547810359.6854 -75179845.9275107 3000
2904614285.35935 27088.7212476037 24212.3232664296 171358112310.676 58412435196.0509 -75180035.1344257 3000
2905934984.62317 24166.9951686549 21567.2344939567 205018771189.327 88591518468.1914 -75180171.291179 3000
2907647487.98097 22090.2658868629 18735.237352601 244441257421.861 123019085999 -75180269.7270932 3000
2909864061.5076 20704.7963574746 15743.4399789881 291690078657.456 161119890213.814 -75180340.9175735 3000
2912723572.25686 19876.0296707175 12567.7783535231 349544248703.081 201456942642.052 -75180392.2283351 3000
2916396611.11481 19465.6463122851 9142.25657780525 421660346584.597 241158353817.903 -75180428.9313268 3000
2921089399.27355 19305.2652547433 5365.90071380182 512559112315.268 275003644140.852 -75180454.8892909 3000
2927038578.42326 19162.2950870741 1119.42004934496 627032089985.384 294068319940.896 -75180473.0786346 3000
2934467097.88735 18701.5782163869 -3681.65593434432 767933237543.567 284274135043.661 -75180485.9300709 3000
2943392909.99543 17494.996819278 -8929.9207528269 930051836071.33 227600662999.3 -75180496.2437059 3000
2953459257.13608 15187.787911173 -14214.7967716067 1095389755564.23 110528519098.086 -75180508.0484429 3000
2964343004.86923 11608.8596690699 -19096.0103705369 1242188781402.11 -71585058209.8161 -75180518.207917 3000
2975583450.71775 6867.5107395524 -23082.7296011016 1346938228304.62 -309721022736.987 -75180527.1357499 3000
2987216708.79253 1064.79608762908 -25904.402424274 1393831305241.14 -596028973344.672 -75180535.7722068 3000
2997865700.76135 -4801.24620742166 -27191.8020961012 1374291671021.5 -879884383103.745 -75180540.4509499 3000
3008285467.53273 -10803.577309793 -27171.6438968253 1293108056128.11 -1164232511592.86 -75180544.0734878 3000
3018570135.3485 -16733.7646664139 -25878.2150450899 1151399168352.06 -1438118213310.53 -75180547.0441327 3000
3028799111.50412 -22389.8687230613 -23350.6505081488 950991693950.573 -1690935510637.15 -75180549.6017491 3000
3040176143.60395 -28103.5409842599 -19159.3026813507 663040589756.346 -1934077388549.49 -75180553.4774926 3000
3051647133.55581 -32943.3909681407 -13607.0572241606 311879556750.239 -2123190197560.76 -75180557.0665591 3000
3063333069.64654 -36629.6576698082 -6803.80006153768 -95986364282.9948 -2243448424142.77 -75180560.5906952 3000
3074696707.58923 -38775.1478999261 649.365434915101 -525859578489.425 -2279055783949.53 -75180563.4338768 3000
3085335136.52029 -39344.835125667 8097.53603610189 -942679372557.704 -2232805952341.51 -75180565.2348761 3000
3095740116.26973 -38470.7743130212 15546.9774360598 -1348762608208.56 -2109816627352.96 -75180566.7089034 3000
3106017580.03358 -36189.5884135718 22792.9128239112 -1733626962122.89 -1912586075538.66 -75180567.9849612 3000
3116816937.80817 -32300.8449509396 29990.1704107013 -2104800224564.85 -1627055197614.25 -75180569.5372243 3000
3128202797.69331 -26642.399525546 36785.4794990064 -2441809367113.09 -1245976088118.05 -75180571.3694115 3000
3139712199.02447 -19472.8609692943 42493.868180375 -2708479000581.17 -788475175339.403 -75180573.1600981 3000
3151473559.64911 -10901.0867064077 46807.6893127962 -2888181653246.93 -261676590179.884 -75180575.014144 3000
3153600000 -9241.68063343376 47402.3290119473 -2909603055092.63 -161500031379.726 -75180575.0192922 3000
