0 -11000 2000 1554958000000 0 -22865984.6761134 3000
2378951.1332552 -11132.8465772146 1999.79326360513 1528632418769.67 4757739725.29216 -22865984.6759956 3000
5000078.57761762 -11284.6487677177 1999.05084182615 1499254147779.22 9998603952.42123 -22865984.6758004 3000
7553218.7015271 -11438.3742175085 1997.74878690044 1470247891876.83 15100927306.2377 -22865984.6755967 3000
10039864.0437768 -11594.0650446644 1995.86567914807 1441612402803.22 20066411712.7698 -22865984.675384 3000
12461451.0997499 -11751.7623783964 1993.37920705327 1413346680782.02 24896701001.1389 -22865984.6751618 3000
14819401.6544509 -11911.5088250865 1990.26611019702 1385449513711.12 29593462142.2108 -22865984.6749298 3000
17115113.561132 -12073.3479357156 1986.50214147028 1357919587714.17 34158365455.6469 -22865984.6746875 3000
19349948.4080567 -12237.3232913443 1982.0620507754 1330755644716.54 38593058833.8908 -22865984.6744342 3000
21525267.1408078 -12403.4810945646 1976.9194732248 1303956057672.35 42899237181.9906 -22865984.6741696 3000
23642397.130846 -12571.8678546242 1971.04693580951 1277519232246.8 47078575648.9243 -22865984.673893 3000
25702632.5070857 -12742.5302633526 1964.41582715334 1251443617778.71 51132729291.5539 -22865984.6736038 3000
27707258.1579289 -12915.5171352293 1956.99627630815 1225727412720.48 55063379196.5889 -22865984.6733015 3000
29657532.0216467 -13090.8780217578 1948.75714547309 1200368791423.01 58872196290.4671 -22865984.6729854 3000
31554691.2478334 -13268.6637259961 1939.66595335501 1175365832790.33 62560852286.3885 -22865984.6726546 3000
33399954.9843699 -13448.9266136798 1929.68879524785 1150716488017.09 66131023844.072 -22865984.6723087 3000
35194514.8207666 -13631.7197100802 1918.79032763968 1126418713686.11 69584372880.3573 -22865984.6719466 3000
36939539.9272458 -13817.0971410261 1906.93368471826 1102470412498.46 72922555564.1267 -22865984.6715676 3000
38636183.685792 -14005.1148631096 1894.08036060003 1078869347751.56 76147233863.7845 -22865984.6711709 3000
40285580.1715018 -14195.8303807609 1880.19014521566 1055613194571.36 79260067514.765 -22865984.6707555 3000
41888838.7923902 -14389.3021393317 1865.22109018264 1032699621729.08 82262702823.6289 -22865984.6703204 3000
43447046.6064868 -14585.5897316723 1849.12941953436 1010126267946.39 85156776197.998 -22865984.6698646 3000
44961272.520243 -14784.7544143302 1831.86940403727 987890688013.535 87943920991.6381 -22865984.6693871 3000
46432566.5984903 -14986.8590721651 1813.39326901083 965990367396.661 90625765098.1786 -22865984.6688865 3000
47861959.0934487 -15191.9681161706 1793.65110558897 944422742111.094 93203928131.0663 -22865984.6683618 3000
49250460.1861331 -15400.1474487056 1772.59077364904 923185209027.756 95680020013.8297 -22865984.6678117 3000
50599060.346826 -15611.4645079208 1750.15779267468 902275127093.179 98055640737.9075 -22865984.6672347 3000
51908732.4853363 -15825.9886153029 1726.29519203104 881689790039.434 100332383220.384 -22865984.6666294 3000
53180431.7153596 -16043.7909914739 1700.94338479345 861426434841.961 102511831838.455 -22865984.6659942 3000
54415092.6295015 -16264.9443022632 1674.04009361984 841482291167.77 104595556855.198 -22865984.6653275 3000
55613631.5229155 -16489.523010061 1645.52018064277 821854553109.144 106585117485.407 -22865984.6646276 3000
56776948.4963051 -16717.6037956975 1615.31545030234 802540350262.6 108482064468.858 -22865984.6638926 3000
57905924.1161728 -16949.2649432678 1583.35457716373 783536808410.249 110287933682.325 -22865984.6631204 3000
59001422.1647581 -17184.586866259 1549.56287964559 764841010444.827 112004249875.982 -22865984.6623091 3000
60064290.3361717 -17423.6523057517 1513.86211789759 746449989512.044 113632526822.117 -22865984.6614564 3000
61095357.5192385 -17666.5457429914 1476.17040005243 728360781681.736 115174262310.417 -22865984.66056 3000
62095437.6626529 -17913.3542828858 1436.40185844905 710570364948.824 116630943274.796 -22865984.6596172 3000
63065326.1187652 -18164.1667964938 1394.46658038214 693075729432.428 118004039582.269 -22865984.6586252 3000
64005801.8958282 -18419.0744245149 1350.27031908114 675873844520.782 119295006777.089 -22865984.6575816 3000
64917630.382292 -18678.1713628913 1303.71412294147 658961614122.683 120505288952.623 -22865984.6564828 3000
65801559.1431457 -18941.5537473462 1254.69428146799 642335959146.04 121636312205.955 -22865984.6553259 3000
66658319.9630056 -19209.3201692423 1203.10198067632 625993786880.812 122689486892.209 -22865984.6541074 3000
67488631.1136353 -19481.5724175315 1148.82287769209 609931953112.835 123666209625.891 -22865984.6528233 3000
68293196.0662833 -19758.4151702929 1091.73684864897 594147291042.899 124567860713.035 -22865984.6514697 3000
69072701.8038485 -20039.9554055558 1031.71779137827 578636650588.712 125395801636.728 -22865984.6500425 3000
69827819.8717707 -20326.3026719704 968.633241113685 563396885213.17 126151375900.666 -22865984.648537 3000
70559208.5185534 -20617.5698806139 902.343833573113 548424814889.124 126835910597.059 -22865984.6469483 3000
71267512.275399 -20913.8732257896 832.702917813092 533717239203.488 127450715075.629 -22865984.6452712 3000
71953361.0469213 -21215.3318224975 759.556216186873 519270961840.145 127997079459.733 -22865984.6435 3000
72617371.29451 -21522.0681906421 682.741257581369 505082771994.226 128476275076.02 -22865984.6416286 3000
73260146.0841456 -21834.2083053319 602.086871140858 491149448753.606 128889553758.172 -22865984.6396507 3000
73882275.2040839 -22151.8816664528 517.412638225406 477467764158.205 129238147241.221 -22865984.6375591 3000
74484335.4838976 -22475.2214689363 428.528275394425 464034481839.22 129523266669.348 -22865984.6353465 3000
75066890.8157068 -22804.3646221558 335.233010898116 450846362165.636 129746101923.134 -22865984.6330046 3000
75630492.4994073 -23139.4519381294 237.314864496522 437900160191.568 129907821103.904 -22865984.6305246 3000
76175679.1198638 -23480.6280462211 134.549950527403 425192634248.326 130009569850 -22865984.6278972 3000
76702977.673798 -23828.0420892166 26.7014837431793 412720525368.498 130052470865.979 -22865984.6251122 3000
77212903.0909283 -24181.8474684614 -86.4810073463961 400480573537.402 130037622953.462 -22865984.6221585 3000
77705958.7958802 -24542.2022344346 -205.262738352746 388469509742.36 129966100224.725 -22865984.619024 3000
78182637.0382914 -24909.2693808323 -329.92479424723 376684052933.646 129838951083.358 -22865984.6156958 3000
78643418.0372309 -25283.2161951492 -460.765024976568 365120936565.801 129657197571.441 -22865984.6121598 3000
79088771.2479904 -25664.215203935 -598.099580888048 353776882958.227 129421834216.681 -22865984.6084007 3000
79519155.7767176 -26052.4446109442 -742.264426137475 342648597354.913 129133826584.123 -22865984.6044018 3000
79935019.7092632 -26448.08775617 -893.61662574433 331732790056.235 128794110481.723 -22865984.6001447 3000
80336801.0996581 -26851.3340320109 -1052.53631870509 321026155928.348 128403590088.232 -22865984.5956093 3000
80724928.2193183 -27262.379252656 -1219.42868831671 310525372048.508 127963136114.979 -22865984.5907741 3000
81099819.0564552 -27681.4252048462 -1394.72579411979 300227115810.526 127473584773.987 -22865984.585615 3000
81461882.180526 -28108.6806132342 -1578.88919574531 290128046270.237 126935735146.476 -22865984.5801058 3000
81811516.8244718 -28544.3613649831 -1772.41255334028 280224805974.29 126350347017.753 -22865984.5742171 3000
82149113.1883111 -28988.6910092111 -1975.82464703907 270514016487.845 125718138152.143 -22865984.567917 3000
82475052.8339849 -29441.9014532745 -2189.69284748972 260992270761.707 125039780952.297 -22865984.56117 3000
82789708.7585177 -29904.2332924129 -2414.62683198989 251656134363.31 124315899294.807 -22865984.5539364 3000
83093045.4632551 -30375.2974158302 -2650.95735536159 242514297179.941 123548125587.512 -22865984.5462236 3000
83384409.2602475 -30853.538820943 -2898.40776764028 233595006898.38 122740201843.724 -22865984.5381396 3000
83663631.8046365 -31337.8909454951 -3156.89439596331 224913003879.147 121895331379.15 -22865984.5297652 3000
83931230.9846148 -31828.3495255117 -3426.88289396254 216461987627.411 121014942339.553 -22865984.5210904 3000
84187701.3377317 -32324.8976635612 -3708.85848068843 208235865084.377 120100406646.527 -22865984.5121046 3000
84433516.820884 -32827.5078369655 -4003.32853796352 200228690495.976 119153036234.338 -22865984.5027972 3000
84669131.5865039 -33336.1406341926 -4310.82363138055 192434665016.929 118174084537.262 -22865984.4931576 3000
84894980.8940081 -33850.7437235543 -4631.8987882844 184848130846.923 117164747270.415 -22865984.4831754 3000
85111482.0011761 -34371.2507987688 -4967.13492217401 177463564680.645 116126162905.918 -22865984.4728389 3000
85319034.8791318 -34897.5801015339 -5317.14016201022 170275575918.138 115059413622.394 -22865984.4621376 3000
85518022.9340356 -35429.6328769315 -5682.55130737673 163278903723.527 113965526028.62 -22865984.4510595 3000
85708813.7396628 -35967.2917875897 -6064.03545553878 156468412695.638 112845471553.07 -22865984.4395939 3000
85891759.8215684 -36510.4194319989 -6462.29194720759 149839085560.173 111700166128.942 -22865984.4277292 3000
86067199.2123479 -37058.8561380558 -6878.05406553012 143386023015.507 110530470861.857 -22865984.4154545 3000
86235456.0527744 -37612.4177122507 -7312.09096667753 137104441214.012 109337192242.018 -22865984.402759 3000
86396841.2864936 -38170.8933590561 -7765.21007836007 130989664834.769 108121081335.809 -22865984.3896313 3000
86551653.2740044 -38734.0432340553 -8238.25962666152 125037122079.597 106882833006.738 -22865984.3760616 3000
86700178.2478428 -39301.5952259187 -8732.13096489718 119242344924.418 105623085998.881 -22865984.3620393 3000
86842690.9180344 -39873.2420146831 -9247.76161874476 113600962890.693 104342421490.078 -22865984.3475548 3000
86979455.020958 -40448.6376916712 -9786.1385675562 108108698067.066 103041361526.485 -22865984.3325988 3000
87110723.7644138 -41027.3936271901 -10348.3015243215 102761363505.752 101720367921.227 -22865984.3171631 3000
87236740.3277168 -41609.0741478546 -10935.3468074552 97554858775.0647 100379840190.984 -22865984.3012408 3000
87357738.3879708 -42193.1919058359 -11548.4318724369 92485163637.9003 99020112552.9062 -22865984.2848256 3000
87473942.564433 -42779.2023570743 -12188.7800776136 87548334352.2035 97641451065.7271 -22865984.2679131 3000
87585568.8627805 -43366.4975787003 -12857.6860633926 82740499367.9398 96244050099.4004 -22865984.2505001 3000
87692825.1521578 -43954.3994972045 -13556.5220817694 78057852972.4255 94828027572.9825 -22865984.2325844 3000
87795911.5923827 -44542.1519568012 -14286.7449364076 73496650435.1362 93393419843.7502 -22865984.2141685 3000
87895021.1093451 -45128.9119639559 -15049.9042889308 69053200450.5744 91940174869.2254 -22865984.1952553 3000
87990339.8402731 -45713.7394652023 -15847.652052184 64723858294.5403 90468144459.5719 -22865984.1758521 3000
88082047.5941553 -46295.5856148615 -16681.7533935314 60505017772.3887 88977074829.9214 -22865984.1559691 3000
88170318.3292715 -46873.2791974263 -17554.0997059671 56393101880.9264 87466595112.2518 -22865984.1356215 3000
88255320.6665922 -47445.5108798787 -18466.7241666772 52384551330.0152 85936203117.8776 -22865984.1148283 3000
88337218.4240316 -48010.8146163093 -19421.8203056937 48475811646.5966 84385248101.887 -22865984.0936162 3000
88416171.2149783 -48567.5457289312 -20421.764767856 44663316868.2898 82812909124.1802 -22865984.0720165 3000
88492335.1120121 -49113.8546675302 -21469.1453228675 40943469800.9713 81218168074.5687 -22865984.0500689 3000
88565863.4215661 -49647.655400693 -22566.796082675 37312616687.5942 79599775260.3359 -22865984.027822 3000
88636907.5857721 -50166.5866729382 -23717.8420847149 33767015565.1768 77956205558.5156 -22865984.0053356 3000
88705618.2614425 -50667.9638396276 -24925.7565545286 30302796019.061 76285601859.2796 -22865983.9826803 3000
88772146.7303403 -51148.718616235 -26194.43726221 26915902809.2629 74585698932.4359 -22865983.9599414 3000
88836646.6592766 -51605.3212942438 -27528.3081041573 23602022701.7075 72853722417.0044 -22865983.9372189 3000
88899276.5286656 -52033.6792707748 -28932.4604268874 20356478861.012 71086247809.3407 -22865983.914634 3000
88960203.0537847 -52429.0008519463 -30412.8548954427 17174076860.8178 69278999189.4959 -22865983.8923254 3000
89019606.044225 -52785.6056940143 -31976.615855734 14048880804.0662 67426557256.9683 -22865983.8704567 3000
89077685.9271327 -53096.6528484243 -33632.4850079822 10973858482.5023 65521910407.8045 -22865983.8492126 3000
89134675.975336 -53353.7311629505 -35391.5566906827 7940293549.22309 63555730318.6063 -22865983.8287978 3000
89190172.6383415 -53544.2710515761 -37244.5573297543 4973743051.85713 61540866903.5722 -22865983.810518 3000
89243567.9207786 -53656.1451589957 -39169.3494537694 2111394106.4361 59501440592.2035 -22865983.7957497 3000
89294948.8230319 -53680.288729582 -41163.3969238692 -646518787.628374 57438273218.9268 -22865983.7843413 3000
89344646.0881149 -53606.7196877177 -43233.5358231927 -3312891915.65268 55341718089.8669 -22865983.7755752 3000
89393005.5037273 -53422.7819547097 -45388.8828874936 -5901326317.83947 53199427039.9732 -22865983.7684627 3000
89440421.1841286 -53111.7769774404 -47642.5953784344 -8427591244.04641 50994409045.8123 -22865983.7614579 3000
89490005.9581983 -52619.560799443 -50151.3603906409 -11049694719.1109 48570507603.9588 -22865983.748137 3000
89542290.9007541 -51877.9980886996 -52964.1611361539 -13782607184.2027 45875551484.0569 -22865983.7162075 3000
89596348.3244202 -50822.9198541987 -56044.4014282278 -16559921614.1685 42929944042.5424 -22865983.6343307 3000
89645143.1411401 -49572.6929305782 -58958.254177387 -19010557502.0701 40124645265.9954 -22865983.5360699 3000
89691480.0794859 -48082.8410366899 -61818.2883192952 -21274299751.3925 37326729566.2699 -22865983.4008512 3000
89734691.7011071 -46394.9064044094 -64537.5188811843 -23316659433.1795 34596829177.0674 -22865983.2474246 3000
89772910.785046 -44639.5958170921 -66954.9437236711 -25057100468.0362 32084055019.7934 -22865983.1269188 3000
89808251.5714789 -42783.5222188781 -69172.3860147468 -26602575423.7976 29678537855.6271 -22865983.0191989 3000
89841681.8926598 -40814.381284589 -71227.0671426953 -28000511694.5701 27331583583.0774 -22865982.9187536 3000
89873803.8038285 -38724.595199789 -73135.7989718287 -29278501390.2386 25012770387.893 -22865982.8237057 3000
89905059.6725866 -36507.492072215 -74905.8748281676 -30454688509.0044 22698927467.8978 -22865982.733707 3000
89935820.4205304 -34155.4120698953 -76539.1595895009 -31541930554.562 20369338307.7076 -22865982.6493526 3000
89966438.1296176 -31657.9782075881 -78033.8393807887 -32549837905.1058 18002639753.9211 -22865982.5721087 3000
89996432.7573902 -29075.4329502425 -79349.7294957791 -33460989931.6875 15641916700.0327 -22865982.5132222 3000
90025381.8321266 -26473.2496389537 -80462.5899312249 -34265267504.4447 13328315816.2653 -22865982.4774766 3000
90053635.4921776 -23849.3330356239 -81385.9710973598 -34976337538.5662 11041516488.7566 -22865982.4607172 3000
90081470.7132841 -21203.64920411 -82128.4188953428 -35603482029.9408 8765392781.51514 -22865982.4603987 3000
90109124.9273602 -18537.1208244255 -82695.2482821116 -36153044041.6856 6485961219.11812 -22865982.4748859 3000
90139868.2939268 -15554.9637823126 -83122.2447466122 -36677108592.1692 3936518517.30606 -22865982.5240321 3000
90170863.2227645 -12558.7831720251 -83337.5118556715 -37112735061.8436 1356262108.69133 -22865982.5966835 3000
90202415.8131691 -9549.40708324624 -83341.3282247568 -37461374518.9656 -1273870667.63061 -22865982.6918702 3000
90234867.0570442 -6526.37752949701 -83130.8962035684 -37721979470.8968 -3975553040.45705 -22865982.8096433 3000
90268630.7700584 -3486.55836722484 -82699.4895211841 -37890677966.2108 -6775657531.82841 -22865982.9514666 3000
90304256.768838 -421.72816517905 -82034.388998764 -37959827542.8458 -9710660467.16012 -22865983.1212811 3000
90342155.3525222 2654.88800937604 -81122.8473615094 -37916883012.4558 -12802983322.9571 -22865983.3175869 3000
90381261.8274383 5614.17252387319 -79999.7459207542 -37754464101.8533 -15953992159.3705 -22865983.498704 3000
90422141.1517915 8464.39959250368 -78669.5029637345 -37465849364.6242 -19197611188.1673 -22865983.664866 3000
90465890.4304346 11238.4001516072 -77115.0029851671 -37033824780.4469 -22605752422.1324 -22865983.8238111 3000
90514497.5002726 13994.9360234684 -75281.9954215919 -36419210350.5646 -26309886122.6366 -22865983.9912014 3000
90566746.0728818 16598.1901210227 -73243.3630883208 -35618426224.1226 -30190199757.5353 -22865984.1363668 3000
90618970.2893608 18858.9699991124 -71183.4800748247 -34691155537.2297 -33961495299.3107 -22865984.2073984 3000
90671494.587801 20824.1385735381 -69127.0083326438 -33647716357.5178 -37646216583.7013 -22865984.2498236 3000
90719952.7856049 22393.7198716696 -67266.7715122642 -32599701895.3241 -40950735582.2254 -22865984.2654543 3000
90767681.0978205 23738.2251247348 -65484.0721009793 -31498056284.8845 -44118505306.269 -22865984.2761564 3000
90818021.7933427 24966.0910712718 -63667.2942733498 -30271385637.3003 -47369000582.3575 -22865984.2890558 3000
90871572.5718906 26085.6434808775 -61813.3707111061 -28903657418.9544 -50728421169.7104 -22865984.3059964 3000
90926183.6472854 27056.500263805 -60010.1915766121 -27451856053.4547 -54054472853.6069 -22865984.3248763 3000
90982222.4793587 27899.1671598631 -58252.6433631099 -25911359716.3537 -57367691090.6808 -22865984.3462639 3000
91039998.2181722 28629.162613984 -56537.559929374 -24277751844.4592 -60683268088.9743 -22865984.3703737 3000
91099790.6241205 29258.7925940953 -54862.8182172301 -22546535713.2057 -64013219398.516 -22865984.3972502 3000
91161866.3411328 29798.1456262342 -53226.8815535183 -20712982570.2847 -67367565593.3111 -22865984.4268517 3000
91226489.1826237 30255.6976038767 -51628.5511856219 -18772035517.6673 -70755036997.2682 -22865984.4590969 3000
91293927.4414462 30638.7029245943 -50066.8221581878 -16718234799.5304 -74183529146.4286 -22865984.4938869 3000
91364459.6363679 30953.459366626 -48540.7967748237 -14545650578.033 -77660416006.6181 -22865984.5311251 3000
91438379.5487904 31205.4945273426 -47049.6300020748 -12247813411.8418 -81192781878.2074 -22865984.5707219 3000
91516001.0401706 31399.7009131867 -45592.4939375603 -9817637189.69634 -84787604927.5039 -22865984.6126049 3000
91597619.5002183 31540.376230057 -44169.284598003 -7248702204.7614 -88449991494.2159 -22865984.6566052 3000
91682202.7701524 31630.4199730618 -42800.806413477 -4576747023.66901 -92127374187.2282 -22865984.6991405 3000
91769592.9000801 31675.375510979 -41489.3226325342 -1810277594.34805 -95809718426.3057 -22865984.7393532 3000
91860007.5333526 31680.5973336344 -40230.8255657082 1054158458.74977 -99503353165.8322 -22865984.7774246 3000
91953656.7513795 31650.65683203 -39021.8736389543 4019869529.01096 -103213619169.528 -22865984.8135047 3000
92050746.6375078 31589.5000133725 -37859.4604842091 7090079240.14362 -106945110663.742 -22865984.8477235 3000
92151481.9222697 31500.5638188356 -36740.9219967415 10267969162.3318 -110701848831.454 -22865984.8801944 3000
92256067.7651963 31386.8643315502 -35663.8713389337 13556702723.4895 -114487400323.664 -22865984.9110205 3000
92364711.3660913 31251.0648525446 -34626.148089079 16959449616.1465 -118304973967.53 -22865984.940294 3000
92477622.948959 31095.5298832547 -33625.7827450873 20479394618.67 -122157483354.663 -22865984.9681003 3000
92595016.9601975 30922.3679041712 -32660.9656206176 24119756086.8061 -126047608524.922 -22865984.9945189 3000
92717112.573665 30733.4668042547 -31730.0268070366 27883784967.1171 -129977827423.456 -22865985.019623 3000
92844134.6855319 30530.5222543477 -30831.4155844065 31774780599.2647 -133950458875.51 -22865985.0434817 3000
92976314.3328516 30315.0619604715 -29963.6873978019 35796089782.5033 -137967682522.957 -22865985.0661601 3000
93113889.2111988 30088.4658674542 -29125.4919247171 39951109849.2771 -142031559403.651 -22865985.0877187 3000
93257104.4570165 29851.9827679572 -28315.561440116 44243300262.4554 -146144057522.949 -22865985.1082153 3000
93406212.6926342 29606.7455813076 -27532.7050284375 48676172382.2007 -150307053634.474 -22865985.1277037 3000
93561474.7882456 29353.7833693392 -26775.7995677211 53253301167.8092 -154522354452.128 -22865985.1462357 3000
93723160.3260369 29094.0321350037 -26043.7836822902 57978327913.7201 -158791707142.123 -22865985.16386 3000
93891547.6716096 28828.3448256465 -25335.654090106 62854951684.2411 -163116798487.093 -22865985.180622 3000
94066924.9135727 28557.4987520371 -24650.4586871614 67886946113.5984 -167499275830.266 -22865985.1965657 3000
94249589.792043 28282.2036154739 -23987.294633766 73078146718.551 -171940740638.962 -22865985.2117323 3000
94439850.2092324 28003.1077347136 -23345.3042081359 78432455214.4402 -176442756764.677 -22865985.2261611 3000
94638024.8071146 27720.8034708109 -22723.6710489361 83953845407.6027 -181006859037.762 -22865985.2398891 3000
94844443.4112388 27435.8322543282 -22121.6173501224 89646364978.3275 -185634557595.586 -22865985.2529516 3000
95059447.075036 27148.6896109932 -21538.4024123385 95514126179.9582 -190327332909.409 -22865985.2653817 3000
95283388.76494 26859.8288094021 -20973.3194611005 101561314189.442 -195086644985.206 -22865985.2772115 3000
95516634.0522676 26569.6641683211 -20425.6929966501 107792194962.231 -199913941252.802 -22865985.2884712 3000
95759560.7492698 26278.575326254 -19894.8788135812 114211094639.473 -204810642134.031 -22865985.2991889 3000
96012560.0165523 25986.9093214595 -19380.2605638986 120822418331.464 -209778157213.993 -22865985.3093916 3000
96276036.5016349 25694.9836351426 -18881.24887231 127630642576.813 -214817880584.098 -22865985.3191053 3000
96550408.9762218 25403.0883934729 -18397.2794824898 134640320735.515 -219931195906.777 -22865985.3283542 3000
96836110.5748187 25111.4888050659 -17927.8123062538 141856077768.593 -225119473422.657 -22865985.3371616 3000
97133589.4975746 24820.4269091446 -17472.3297456312 149282616641.137 -230384075346.282 -22865985.3455492 3000
97443309.2778651 24530.1236147409 -17030.3358743748 156924713346.169 -235726352871.661 -22865985.353538 3000
97765749.2257666 24240.7803847738 -16601.3553572547 164787216258.694 -241147646345.319 -22865985.3611478 3000
98101405.0235529 23952.5806508025 -16184.9322600061 172875048899.649 -246649287687.785 -22865985.3683969 3000
98450789.3464355 23665.6911123911 -15780.6289687907 181193212813.804 -252232602658.745 -22865985.3753037 3000
98814432.2949285 23380.2630986953 -15388.02543008 189746785531.383 -257898909670.007 -22865985.3818846 3000
99192881.5662475 23096.4340057187 -15006.7186667907 198540912327.958 -263649514620.501 -22865985.3881558 3000
99586703.6411896 22814.3278649898 -14636.3212930948 207580821430.365 -269485721124.076 -22865985.3941326 3000
99996483.5961974 22534.0568825684 -14276.461509111 216871806813.913 -275408819399.471 -22865985.3998293 3000
100422826.240344 22255.7219212239 -13926.7818279705 226419241394.074 -281420094959.738 -22865985.4052598 3000
100866356.779206 21979.4133152602 -13586.9384061276 236228578515.276 -287520829392.883 -22865985.4104369 3000
101327720.273211 21705.2123392823 -13256.6012688196 246305326787.681 -293712284767.255 -22865985.415373 3000
101807583.624766 21433.191038037 -12935.4526224255 256655080626.073 -299995722720.468 -22865985.4200799 3000
102306635.885797 21163.413124597 -12623.1866135427 267283512615.874 -306372399396.01 -22865985.4245688 3000
102825587.795805 20895.935168457 -12319.5094632094 278196349950.345 -312843551296.521 -22865985.42885 3000
103365173.298682 20630.8066378507 -12024.1383406816 289399393068.618 -319410406658.305 -22865985.4329338 3000
103926151.266288 20368.0699438631 -11736.8003787808 300898536725.761 -326074197409.997 -22865985.4368297 3000
104509303.148316 20107.7623645523 -11457.233809665 312699707108.441 -332836122445.519 -22865985.4405466 3000
105115437.358752 19849.9147542736 -11185.185631677 324808937005.642 -339697391078.336 -22865985.4440934 3000
105745386.792208 19594.5534070659 -10920.4127690869 337232300236.062 -346659185154.753 -22865985.4474779 3000
106400011.06345 19341.6997333045 -10662.6809136922 349975941938.089 -353722676424.99 -22865985.4507081 3000
107080196.240606 19091.3709959846 -10411.7645425205 363046058275.115 -360889015158.633 -22865985.4537914 3000
107786858.279988 18843.5796560547 -10167.4455802821 376448946981.986 -368159357655.964 -22865985.4567347 3000
108520939.109411 18598.3353675283 -9929.51474557735 390190916793.456 -375534816626.84 -22865985.4595447 3000
109283412.504742 18355.6434584533 -9697.76944637539 404278383108.731 -383016513007.197 -22865985.4622277 3000
110075280.453507 18115.5066930778 -9472.01493490353 418717783456.868 -390605530290.534 -22865985.4647897 3000
110897576.851007 17877.9245550375 -9252.06308363037 433515630037.151 -398302942539.001 -22865985.4672365 3000
111751366.759687 17642.8939621493 -9037.73256940802 448678479408.544 -406109798190.298 -22865985.4695735 3000
112637748.200886 17410.4091935963 -8828.84834148717 464212948056.808 -414027128042.328 -22865985.4718059 3000
113557851.818076 17180.4624011848 -8625.24165109564 480125689621.916 -422055933448.34 -22865985.4739386 3000
114512844.111215 16953.0431958482 -8426.7492788636 496423433869.093 -430197205836.863 -22865985.4759761 3000
115503925.852331 16728.1394552724 -8233.21387189449 513112941389.579 -438451903538.127 -22865985.4779232 3000
116532332.10836 16505.7376174484 -8044.48382087656 530200987741.804 -446820944240.842 -22865985.4797838 3000
117599334.953808 16285.8223808201 -7860.41265484506 547694392077.738 -455305219288.55 -22865985.4815621 3000
118706245.911979 16068.3765641166 -7680.85861620962 565600038549.916 -463905603630.752 -22865985.4832618 3000
119854415.539708 15853.3815623938 -7505.68475245539 583924850037.083 -472622942552.196 -22865985.4848867 3000
121045230.376441 15640.818176059 -7334.75929896688 602675721987.005 -481458020370.73 -22865985.4864402 3000
122280120.803141 15430.6654247668 -7167.95444343353 621859629216.823 -490411611168.034 -22865985.4879256 3000
123560556.441198 15222.9016721378 -7005.14698354149 641483533862.551 -499484435090.559 -22865985.4893459 3000
124888050.344751 15017.5041516621 -6846.21770596018 661554431927.294 -508677180181.746 -22865985.4907042 3000
126264159.192096 14814.44921167 -6691.05135729647 682079336126.805 -517990494148.665 -22865985.4920033 3000
127690484.294765 14613.7124061254 -6539.53650132976 703065271244.592 -527424982087.968 -22865985.493246 3000
129168670.648171 14415.2688372947 -6391.56557299442 724519240817.123 -536981191531.461 -22865985.4944348 3000
130700409.711558 14219.0929560088 -6247.0345309961 746448248726.888 -546659622337.704 -22865985.4955722 3000
132287442.616336 14025.1583751234 -6105.84254412711 768859324264.95 -556460737463.517 -22865985.4966605 3000
133931558.170248 13833.4383428974 -5967.89217112288 791759472266.368 -566384940725.288 -22865985.4977019 3000
135634122.917073 13643.9569907057 -5833.1254325667 815149241737.622 -576429827402.179 -22865985.4986972 3000
137392989.152517 13457.0988218244 -5701.73797704797 838981538441.066 -586572856765.234 -22865985.4996381 3000
139208870.460226 13272.8945693283 -5573.67123045216 863249502052.457 -596809149114.702 -22865985.5005258 3000
141083290.467499 13091.2873945382 -5448.80849557951 887956978249.229 -607138418642.278 -22865985.5013639 3000
143017806.539475 12912.2214119653 -5327.0380095631 913107767361.426 -617560335210.046 -22865985.5021553 3000
145014002.729541 12735.642363777 -5208.25314416756 938705522679.214 -628074482729.681 -22865985.5029033 3000
147073503.02636 12561.4964375763 -5092.35136489643 964753911479.214 -638680426149.632 -22865985.5036103 3000
149197947.723674 12389.7322922474 -4979.23535761312 991256305618.728 -649377585853.577 -22865985.5042788 3000
151389023.536823 12220.2985011253 -4868.81111463657 1018216153522.58 -660165389949.219 -22865985.5049114 3000
153648447.924457 12053.1449329632 -4760.98866552478 1045636769719.99 -671043188627.979 -22865985.5055102 3000
155977959.92553 11888.2233470988 -4655.68226461828 1073521218091.44 -682010209511.782 -22865985.506077 3000
158379347.705457 11725.4853908633 -4552.80893374437 1101872634678.37 -693065685900.087 -22865985.506614 3000
160854421.553847 11564.884544463 -4452.28954967103 1130693892976.03 -704208725316.777 -22865985.5071229 3000
163405036.281565 11406.3745887995 -4354.04772363344 1159987859110.28 -715438409793.481 -22865985.5076052 3000
166033068.653608 11249.9110541873 -4258.01056649246 1189757120008.11 -726753691570.653 -22865985.5080626 3000
168740434.005922 11095.4501275979 -4164.10787256537 1220004167780.55 -738153465190.566 -22865985.5084965 3000
171529079.935241 10942.9490355736 -4072.27223403862 1250731317848.62 -749636536839.212 -22865985.5089082 3000
174400993.726769 10792.3656271456 -3982.43867393302 1281940781348.52 -761201652081.629 -22865985.509299 3000
177358195.537212 10643.6587518601 -3894.54476709032 1313634579406.63 -772847464277.956 -22865985.50967 3000
180402746.470519 10496.7878417798 -3808.53029041575 1345814620049.78 -784572563511.538 -22865985.5100224 3000
183536749.403209 10351.7129150229 -3724.33713550732 1378482693126.27 -796375474499.33 -22865985.5103573 3000
186762324.501051 10208.3956800402 -3641.9098561042 1411640206449.62 -808254562192.607 -22865985.5106756 3000
190081651.243475 10066.7975955655 -3561.19445873422 1445288612552.9 -820208186350.16 -22865985.5109781 3000
193496925.934925 9926.88176137749 -3482.13941179529 1479428960859.96 -832234541527.707 -22865985.5112659 3000
197010378.707291 9788.61208332261 -3404.69508193586 1514062068133.23 -844331720031.896 -22865985.5115395 3000
200624301.686789 9651.95219825997 -3328.81306667829 1549188782359.07 -856497803923.703 -22865985.5117999 3000
204341003.115704 9516.86728112333 -3254.44714087433 1584809519155.4 -868730703512.316 -22865985.5120477 3000
208162835.636374 9383.32290682837 -3181.55255427887 1620924531495.84 -881028252515.513 -22865985.5122837 3000
212092197.191635 9251.28505589219 -3110.08598071896 1657533903277.82 -893388205544.98 -22865985.5125083 3000
216131521.02706 9120.72046451207 -3040.00565376871 1694637443003.69 -905808202310.609 -22865985.5127223 3000
220283276.457478 8991.59656698193 -2971.27127947714 1732234682208.8 -918285768158.145 -22865985.5129261 3000
224549945.922589 8863.88214110661 -2903.84432285965 1770324663108.36 -930818245454.862 -22865985.5131204 3000
228934091.316193 8737.54527968953 -2837.68688579075 1808906523648.54 -943402987433.741 -22865985.5133055 3000
233438288.308089 8612.5553897024 -2772.76272252392 1847978895396.22 -956037159764.263 -22865985.513482 3000
238065171.434505 8488.881862128 -2709.03649784531 1887540291287.9 -968717868116.137 -22865985.5136502 3000
242817375.496292 8366.49563782798 -2646.47455482213 1927588592222.45 -981441993978.223 -22865985.5138107 3000
247697632.396356 8245.36665107567 -2585.04356382096 1968121858252.74 -994206454280.603 -22865985.5139638 3000
252708673.864128 8125.4663642221 -2524.71178633111 2009137492092.32 -1007007935272.7 -22865985.5141098 3000
257853266.565996 8006.76678044238 -2465.44852841495 2050632532888.88 -1019842988357.58 -22865985.5142492 3000
263134240.401782 7889.2397958354 -2407.22378668046 2092603870701.63 -1032708096649.73 -22865985.5143823 3000
268554447.807073 7772.85813847019 -2350.00868753329 2135047904781.56 -1045599569639.62 -22865985.5145093 3000
274116762.776836 7657.59530722799 -2293.77542020727 2177960534472.31 -1058513543072.85 -22865985.5146306 3000
279824152.955751 7543.42407821743 -2238.49648175516 2221337701552.47 -1071446142471.56 -22865985.5147464 3000
285679579.171316 7430.3185856906 -2184.14566707463 2265174601081.68 -1084393246011.67 -22865985.514857 3000
291686067.872639 7318.25281962892 -2130.69731197217 2309466225872.38 -1097350648768.9 -22865985.5149627 3000
297846651.382217 7207.20175379066 -2078.12681031069 2354206909106.09 -1110313928778.4 -22865985.5150637 3000
304164428.15058 7097.14019544575 -2026.41004161368 2399390758289.87 -1123278575134.7 -22865985.5151602 3000
310642499.856844 6988.0438924544 -1975.52387271613 2445011188466.36 -1136239853954.67 -22865985.5152524 3000
317284035.524341 6879.88839074316 -1925.44559959707 2491061370251.56 -1149192938105.34 -22865985.5153406 3000
324092205.400292 6772.65012269919 -1876.15343506503 2537533753829.68 -1162132773163.55 -22865985.5154249 3000
331070355.955094 6666.30367236421 -1827.62523697342 2584421242636.79 -1175054403597.7 -22865985.5155055 3000
338221654.448336 6560.82725433047 -1779.84099879636 2631714775429.39 -1187952304219.08 -22865985.5155825 3000
345549522.538946 6456.19608212164 -1732.77980587365 2679406227159.33 -1200821180685.69 -22865985.5156563 3000
353057268.145879 6352.38786074102 -1686.42231621793 2727485943677.9 -1213655294909.47 -22865985.5157268 3000
360748268.949878 6249.38000923489 -1640.74948223442 2775943953664.66 -1226448798645.43 -22865985.5157942 3000
368625894.790966 6147.15070843354 -1595.74300433323 2824769460746.34 -1239195599240.34 -22865985.5158588 3000
376693713.002926 6045.67625415221 -1551.38415603082 2873952093377.29 -1251889685223.7 -22865985.5159206 3000
384955116.203002 5944.93581929627 -1507.65586302923 2923479596204.69 -1264524526771.44 -22865985.5159797 3000
393413698.242435 5844.90665938849 -1464.54059060681 2973340119019.83 -1277093669564.78 -22865985.5160362 3000
402072998.795626 5745.56728165011 -1422.02171549919 3023520651364.38 -1289590332895.78 -22865985.5160904 3000
410936542.133807 5646.89684232297 -1380.08324331124 3074007270740.53 -1302007479396.28 -22865985.5161422 3000
420008065.559911 5548.87261760461 -1338.70872716375 3124786418955.36 -1314338128137.55 -22865985.5161918 3000
429291200.519493 5451.47356469803 -1297.88277495436 3175843060181.03 -1326574900870.08 -22865985.5162393 3000
438789655.39834 5354.67824565202 -1257.59015610918 3227161711595.74 -1338710277580.88 -22865985.5162848 3000
448507118.175804 5258.46582239263 -1217.8162101219 3278725893426.2 -1350736465992.06 -22865985.5163284 3000
458447405.49785 5162.81454706265 -1178.54621355173 3330518906740.3 -1362645584591.38 -22865985.5163701 3000
468614208.737341 5067.70421358382 -1139.76638251046 3382522482624.54 -1374429351071.66 -22865985.51641 3000
479011400.181286 4973.11318402167 -1101.4626448134 3434718361024.68 -1386079446610.72 -22865985.5164483 3000
489642938.270184 4879.01938434735 -1063.62105306077 3487087738448.41 -1397587382882.22 -22865985.5164849 3000
500512589.780804 4785.40270136084 -1026.22873885481 3539609893113.48 -1408944203305.67 -22865985.51652 3000
511624369.196087 4692.24106543835 -989.272331843377 3592264330013.91 -1420140955534.21 -22865985.5165536 3000
522982146.670559 4599.51382993411 -952.739307932989 3645028854992.05 -1431168273867.99 -22865985.5165858 3000
534589931.546467 4507.19933168446 -916.617013721119 3697880911139.5 -1442016667000.58 -22865985.5166167 3000
546451575.579026 4415.27725143165 -880.893589489915 3750796194506.15 -1452676232520.11 -22865985.5166462 3000
558571257.110973 4323.72479417039 -845.55647751939 3803750808907.02 -1463137095077.9 -22865985.5166745 3000
570953057.767627 4232.52002702818 -810.593725521648 3856719312617.25 -1473389006076.88 -22865985.5167016 3000
583601148.544044 4141.64040859855 -775.993412952418 3909675519973.54 -1483421505508.62 -22865985.5167276 3000
596519593.817468 4051.06416804438 -741.744174511108 3962591652008.32 -1493223761173.23 -22865985.5167525 3000
609712610.162122 3960.76840872265 -707.834476528538 4015439393403.03 -1502784769710.61 -22865985.5167764 3000
623184230.964943 3870.7313935705 -674.253477216907 4068188507513.86 -1512093103852.39 -22865985.5167992 3000
636938995.625769 3780.92790011702 -640.98929366274 4120809504788.08 -1521137383638.71 -22865985.5168211 3000
650981049.418508 3691.33522121205 -608.031242693768 4173270071447.15 -1529905643655.47 -22865985.516842 3000
665314992.956444 3601.92757480613 -575.367770423649 4225538282513.87 -1538385885137.03 -22865985.5168621 3000
679945088.180584 3512.68114971016 -542.98831231976 4277579583772.69 -1546565568404.14 -22865985.5168814 3000
694875690.41714 3423.57126001944 -510.882243766799 4329358394572.82 -1554431886011.79 -22865985.5168998 3000
710111641.237468 3334.57007496066 -479.038078954864 4380839346145.11 -1561971932638.57 -22865985.5169174 3000
725657509.108637 3245.65114470664 -447.445109933254 4431984568312.65 -1569172284771 -22865985.5169344 3000
741517968.600928 3156.78705409287 -416.092562066484 4482754973004.39 -1576019198159.42 -22865985.5169506 3000
757697891.718963 3067.94891046852 -384.96942503568 4533110449257.62 -1582498622002.9 -22865985.5169661 3000
774202357.91051 2979.10631449602 -354.064458985991 4583009764149.41 -1588596167099.02 -22865985.516981 3000
791036496.689697 2890.22819803028 -323.366499661479 4632409971131.01 -1594297017937.78 -22865985.5169952 3000
808205480.550958 2801.28278433766 -292.864451446905 4681266319429.5 -1599585917454.55 -22865985.5170089 3000
825715074.325543 2712.23473513538 -262.546326912632 4729533672260.08 -1604447298460.72 -22865985.517022 3000
843571302.668211 2623.04695161825 -232.399896084223 4777165313379.84 -1608865109990.07 -22865985.5170345 3000
861779907.399816 2533.68319069537 -202.413581970435 4824111393178.64 -1612822661429.1 -22865985.5170465 3000
880347461.550521 2444.10247249048 -172.574593676391 4870321709200.46 -1616302849172.68 -22865985.517058 3000
899280652.897602 2354.26263445145 -142.870155380867 4915743571603.96 -1619287921414.77 -22865985.5170691 3000
918587081.469913 2264.11650329169 -113.286269804257 4960323473788.71 -1621759541943.83 -22865985.5170797 3000
938274506.848692 2173.61546524778 -83.8089394695997 5004004952230.7 -1623698581691.19 -22865985.5170898 3000
958351683.012644 2082.70554336215 -54.422923112285 5046730149439.79 -1625085129098.67 -22865985.5170995 3000
978828217.088348 1991.32810375341 -25.1120302890876 5088438964514.04 -1625898327461.05 -22865985.5171089 3000
999714626.363008 1899.41958500263 4.14090294380381 5129068639523.89 -1626116235126.18 -22865985.5171178 3000
1021022834.09632 1806.90930136893 33.3546386553967 5168554086653.12 -1625715659198.34 -22865985.5171264 3000
1042766494.76618 1713.71807539781 62.5498679477602 5206827621664.12 -1624671910582.28 -22865985.5171347 3000
1064961126.95174 1619.75769494432 91.7492633711305 5243818168989.2 -1622958516490.48 -22865985.5171426 3000
1087624937.50567 1524.92742859692 120.978422530388 5279451402122.24 -1620546821521.17 -22865985.5171503 3000
1110779290.8522 1429.11210726364 150.266277041422 5313648850339.92 -1617405491090.25 -22865985.5171576 3000
1134449695.67682 1332.17805283792 179.64611512241 5346327346297.92 -1613499830149.33 -22865985.5171647 3000
1158667413.55541 1233.96652839567 209.157273374551 5377398561200.79 -1608790784292.84 -22865985.5171715 3000
1183470782.45824 1134.2884101529 238.84635010542 5406767115927.51 -1603233703290.11 -22865985.517178 3000
1208908563.40745 1032.91072114341 268.770705755273 5434329770113.01 -1596776292990.59 -22865985.5171844 3000
1235044120.94373 929.53998786351 299.002641151962 5459973020526.28 -1589355665653.08 -22865985.5171905 3000
1261960887.51997 823.80050520587 329.634722263483 5483568635014.19 -1580894121419.2 -22865985.5171963 3000
1289776440.92551 715.178746152184 360.794325685906 5504971026887.26 -1571290668797.93 -22865985.517202 3000
1318661485.55172 602.948760519837 392.662456363928 5524006876764.92 -1560407703475.28 -22865985.5172074 3000
1348883810.08316 485.999975600302 425.518231723565 5540461112277.14 -1548042844156.8 -22865985.5172126 3000
1380911857.11289 362.433045564817 459.843635712435 5554047148986.55 -1533863351624.44 -22865985.5172174 3000
1415739990.83458 228.294981692027 496.65346488229 5564333730085.66 -1517205374126.76 -22865985.5172214 3000
1456727514.21213 70.4512339273776 539.367445144386 5570456654792.76 -1495971324551.45 -22865985.5172223 3000
1493649421.60842 -72.0029781915847 577.360516469831 5570429223784.9 -1475354163861.23 -22865985.5172185 3000
1525955296.56934 -197.071763590043 610.282878151959 5566084207438.72 -1456169493825.16 -22865985.5172141 3000
1555166692.77179 -310.659718971893 639.832358414079 5558669765213.48 -1437910222420.15 -22865985.5172101 3000
1582623570.08122 -417.98400431413 667.446280941232 5548668001176.35 -1419963002218.15 -22865985.5172062 3000
1608832318.11596 -521.044170881289 693.683715323209 5536364052444.18 -1402126011942.41 -22865985.5172023 3000
1634061165.03728 -620.917373170988 718.84917049923 5521960342930.72 -1384307557281.02 -22865985.5171984 3000
1658475311.08215 -718.279900209759 743.13550710149 5505614186990.17 -1366460888784.11 -22865985.5171944 3000
1682186435.72353 -813.598649247223 766.6767071278 5487454470882.27 -1348561142950.77 -22865985.5171904 3000
1705274085.25739 -907.213902577372 789.570944264038 5467591316976.22 -1330596054191.43 -22865985.5171862 3000
1727797135.05436 -999.383764067071 811.893025043253 5446121760411.37 -1312561118221.78 -22865985.5171819 3000
1749801128.40814 -1090.3128393943 833.702337160244 5423132598757.4 -1294456298598.01 -22865985.5171776 3000
1771322278.93286 -1180.16791257738 855.047265809548 5398702623381.12 -1276284417726.36 -22865985.5171731 3000
1792390198.48066 -1269.08873105665 875.968214572144 5372903983856.65 -1258050025043.9 -22865985.5171684 3000
1813028843.75948 -1357.19153005443 896.49877393987 5345804307403.63 -1239759437140.49 -22865985.5171636 3000
1833257895.74512 -1444.57443577016 916.667258975082 5317467552829.57 -1221420207040.3 -22865985.5171587 3000
1853094300.53416 -1531.32378140594 936.498371847734 5287953793296.32 -1203040232431.41 -22865985.5171536 3000
1872552983.73391 -1617.51708002153 956.014020437928 5257319465586.64 -1184627440891.6 -22865985.5171483 3000
1891646876.70642 -1703.22302160779 975.233429042866 5225618375916.46 -1166190042347.9 -22865985.5171429 3000
1910386936.36701 -1788.50135725131 994.173220381778 5192902668705.88 -1147736769131.4 -22865985.5171372 3000
1928782954.60421 -1873.4063707326 1012.84828111535 5159222276841.14 -1129276300179.09 -22865985.5171314 3000
1946843740.66016 -1957.98763724361 1031.27199235362 5124625164874.04 -1110817230178.89 -22865985.5171253 3000
1964577236.65909 -2042.29048569504 1049.45638515356 5089157600171.07 -1092368080966.39 -22865985.517119 3000
1981990963.73633 -2126.35807475319 1067.41263175238 5052863649708.37 -1073936941015.21 -22865985.5171125 3000
1999091820.86898 -2210.23043654675 1085.15087138587 5015785872318.65 -1055531754308.31 -22865985.5171058 3000
2015885855.46991 -2293.94325875835 1102.67999282707 4977966168779.54 -1037160657867.94 -22865985.5170988 3000
2032378785.20638 -2377.53035834033 1120.00819284997 4939444953519.04 -1018831497843 -22865985.5170915 3000
2048576370.9617 -2461.02561508897 1137.14339277041 4900260424666.71 -1000551456981.63 -22865985.5170839 3000
2064483610.41072 -2544.45885302185 1154.09240724298 4860450643464.44 -982328002873.935 -22865985.5170761 3000
2080105267.35051 -2627.85845764211 1170.86151139211 4820052502995.32 -964168352127.357 -22865985.517068 3000
2095445944.91518 -2711.25176488453 1187.45653383669 4779101664793.46 -946079420226.889 -22865985.5170595 3000
2110510173.04033 -2794.66556193366 1203.88296651957 4737632415849.55 -928067745379.869 -22865985.5170508 3000
2125302428.44232 -2878.12625074828 1220.14600271103 4695677673248.87 -910139484824.643 -22865985.5170417 3000
2139826620.46623 -2961.65691931065 1236.24997981073 4653270558114.47 -892301068491.183 -22865985.5170323 3000
2154086847.93572 -3045.281582572 1252.19921830824 4610442354548.03 -874558309400.458 -22865985.5170225 3000
2168087206.09939 -3129.02419157089 1267.99782636404 4567223059217.21 -856916644784.182 -22865985.5170123 3000
2181831269.24973 -3212.90551231556 1283.64912125791 4523643067773.06 -839381811440.198 -22865985.5170018 3000
2195322670.95083 -3296.94651534639 1299.15628406496 4479731501455.53 -821959142651.519 -22865985.5169908 3000
2208565353.89215 -3381.17007026491 1314.52266463888 4435515357097.7 -804653244232.662 -22865985.5169794 3000
2221562770.47387 -3465.5959633016 1329.75086795322 4391022165168.41 -787469042645.381 -22865985.5169676 3000
2234318303.05584 -3550.24343480983 1344.84323533673 4346278721181.95 -770411265417.451 -22865985.5169554 3000
2246835494.57212 -3635.13275442996 1359.8021254695 4301310292616.94 -753484140283.118 -22865985.5169426 3000
2259117685.08401 -3720.28283967303 1374.62949075289 4256141917052.22 -736691889892.091 -22865985.5169294 3000
2271168344.22403 -3805.71353089931 1389.32727962447 4210797236330.01 -720038291698.575 -22865985.5169157 3000
2282990784.49937 -3891.44363866296 1403.89709620447 4165299568732.38 -703527077264.336 -22865985.5169014 3000
2294588130.88377 -3977.49063348723 1418.34015835525 4119672108048.66 -687161992833.523 -22865985.5168867 3000
2305963675.08081 -4063.87324641383 1432.65773904023 4073936574807.02 -670946310824.226 -22865985.5168713 3000
2317120685.85534 -4150.61016483104 1446.85093991192 4028113940748.34 -654883097516.096 -22865985.5168554 3000
2328062350.44171 -4237.71958573632 1460.92061887137 3982224695097.46 -638975305313.521 -22865985.5168388 3000
2338791721.10926 -4325.21874219328 1474.8673190057 3936289118456.47 -623225862025.325 -22865985.5168217 3000
2349311947.90348 -4413.12577884473 1488.69157046904 3890326321519.4 -607637338178.028 -22865985.5168038 3000
2359626176.81233 -4501.45900967326 1502.39376500839 3844354666493.83 -592212097405.515 -22865985.5167853 3000
2369737399.5025 -4590.23562431901 1515.97395612522 3798392463611.26 -576952528543.062 -22865985.5167661 3000
2379648605.92322 -4679.47295322455 1529.43205905363 3752457330035.99 -561860826454.485 -22865985.5167462 3000
2389362872.75047 -4769.18933265952 1542.7679752871 3706565772920.39 -546938859184.388 -22865985.5167254 3000
2398883211.05246 -4859.40279065317 1555.98138889474 3660733893904.72 -532188402589 -22865985.5167039 3000
2408212471.23523 -4950.13008002332 1569.07162959012 3614977891607.57 -517611297072.662 -22865985.5166816 3000
2417353590.49228 -5041.38902084902 1582.03801512082 3569312889250.49 -503209069612.742 -22865985.5166584 3000
2426309471.63565 -5133.19739874873 1594.8796847265 3523753518782.92 -488983124199.465 -22865985.5166343 3000
2435083006.81377 -5225.57321980513 1607.59563229369 3478313813668.18 -474934708650.897 -22865985.5166093 3000
2443677065.76999 -5318.53461699494 1620.18468921003 3433007276667.76 -461064936918.951 -22865985.5165834 3000
2452094416.72073 -5412.09897823485 1632.64540557375 3387847318334.74 -447374922166.81 -22865985.5165564 3000
2460337872.08731 -5506.28453014379 1644.97626186547 3342846501680.17 -433865545691.995 -22865985.5165284 3000
2468410233.83656 -5601.10980770353 1657.17558947589 3298016826683.38 -420537546988.124 -22865985.5164994 3000
2476314251.93272 -5696.59318553103 1669.241505988 3253369970401.19 -407391595893.751 -22865985.5164692 3000
2484052583.5087 -5792.75233346704 1681.17184748955 3208917546381.89 -394428366421.68 -22865985.5164378 3000
2491627981.38714 -5889.60655237959 1692.96445575553 3164670036967.12 -381648225033.646 -22865985.5164053 3000
2499043176.48898 -5987.17543907641 1704.61699865596 3120637448391.23 -369051427294.275 -22865985.5163714 3000
2506300720.99811 -6085.47675956329 1716.12671716985 3076830272453.35 -356638390151.742 -22865985.5163363 3000
2513403238.50266 -6184.52969892751 1727.49081291793 3033258024098.49 -344409271782.046 -22865985.5162998 3000
2520353359.89331 -6284.35413287714 1738.70634734359 2989929605474.89 -332364080551.227 -22865985.5162619 3000
2527153658.96341 -6384.96974804668 1749.77013449265 2946853709226.3 -320502788886.578 -22865985.5162225 3000
2533806661.90083 -6486.39613771129 1760.67875000585 2904038781042.56 -308825321261.315 -22865985.5161815 3000
2540314872.02999 -6588.65316043432 1771.42856598176 2861492876059.27 -297331514405.881 -22865985.516139 3000
2546680779.4562 -6691.76111824035 1782.01576217362 2819223601042.28 -286021102728.012 -22865985.5160948 3000
2552906830.42879 -6795.74028238569 1792.43626979057 2777238324062.83 -274893775270.81 -22865985.5160488 3000
2558995473.40244 -6900.61166684675 1802.68584254745 2735543873829.96 -263949096259.651 -22865985.5160011 3000
2564949132.91397 -7006.39664712083 1812.76000744151 2694146715608.31 -253186553611.111 -22865985.5159515 3000
2570770186.5004 -7113.11655475832 1822.65401876452 2653053121673.23 -242605603466.657 -22865985.5158999 3000
2576461006.39469 -7220.79343562459 1832.36292153899 2612268888740.36 -232205597327.82 -22865985.5158462 3000
2582023886.42988 -7329.44867911286 1841.88141935957 2571799869724.7 -221985918132.731 -22865985.5157904 3000
2587461121.95227 -7439.10450726524 1851.20400266055 2531651414896.44 -211945837182.42 -22865985.5157325 3000
2592775015.07616 -7549.78418713072 1860.32495012252 2491828324291.67 -202084505380.273 -22865985.5156722 3000
2597967809.95228 -7661.51074563588 1869.23820880824 2452335332266.68 -192401075049.764 -22865985.5156094 3000
2603041747.44509 -7774.30811409073 1877.93747848986 2413176706907.76 -182894600951.824 -22865985.5155442 3000
2607998988.54547 -7888.19944268318 1886.41607056294 2374356847929.43 -173564185999.064 -22865985.5154764 3000
2612841683.55361 -8003.20858314105 1894.66701692123 2335879770322.87 -164408854615.933 -22865985.5154058 3000
2617571976.18057 -8119.36026266486 1902.68306605636 2297749069039.15 -155427546378.599 -22865985.5153324 3000
2622191960.66137 -8236.67907282817 1910.45659895835 2259968267489.35 -146619199250.792 -22865985.515256 3000
2626703749.7236 -8355.19120130501 1917.9797317285 2222540269916.47 -137982622175.353 -22865985.5151765 3000
2631109393.54345 -8474.92241024672 1925.24416632554 2185468028182.16 -129516651468.561 -22865985.5150937 3000
2635410924.21166 -8595.89916138916 1932.24125253339 2148754187639.81 -121220068247.69 -22865985.5150076 3000
2639610342.53357 -8718.14828112367 1938.96195231687 2112401203777.55 -113091625703.375 -22865985.514918 3000
2643709622.86166 -8841.69710067028 1945.39683356202 2076411309029.07 -105130041807.178 -22865985.5148246 3000
2647710714.4261 -8966.57351365026 1951.53605702681 2040786507448.55 -97333998626.4945 -22865985.5147274 3000
2651615529.56141 -9092.80561146 1957.36934292526 2005528687529.47 -89702167214.6682 -22865985.5146262 3000
2655425958.52978 -9220.42214216744 1962.8859779345 1970639498786.97 -82233180663.9954 -22865985.5145208 3000
2659143875.5023 -9349.45275901817 1968.07480537128 1936120299771.69 -74925624021.7056 -22865985.514411 3000
2662771126.84263 -9479.92766978371 1972.92418886876 1901972269110.38 -67778058941.9277 -22865985.5142966 3000
2666309525.67708 -9611.87743785349 1977.42198677718 1868196465209.9 -60789036250.7892 -22865985.5141775 3000
2669760854.94242 -9745.33306969182 1981.55553814409 1834793807763.14 -53957091814.8747 -22865985.5140533 3000
2673126873.42392 -9880.32624433794 1985.31165026486 1801765027453.62 -47280736341.4247 -22865985.5139238 3000
2676409320.95847 -10016.8895581274 1988.67658161409 1769110619231.21 -40758446667.8089 -22865985.513789 3000
2679609912.96765 -10155.0563506121 1991.63601102133 1736830899655.44 -34388678194.7447 -22865985.5136483 3000
2682730330.3219 -10294.860268563 1994.17500506781 1704926116796.17 -28169886731.7486 -22865985.5135017 3000
2685772230.04721 -10436.3357121539 1996.27800499748 1673396351263.76 -22100508848.583 -22865985.5133488 3000
2688737248.32188 -10579.5180072951 1997.92880136293 1642241489921.65 -16178957441.3473 -22865985.5131893 3000
2691626990.88835 -10724.4429691004 1999.11050035283 1611461332014.27 -10403642421.9075 -22865985.513023 3000
2694443046.39644 -10871.1475726048 1999.80550144465 1581055454427.71 -4772945596.53716 -22865985.5128494 3000
2697186975.66591 -11019.669452363 1999.99546080769 1551023330670.48 714756373.039648 -22865985.5126684 3000
2699860307.28836 -11170.0466346893 1999.66126310306 1521364388628.91 6061081670.12315 -22865985.5124794 3000
2702464547.3921 -11322.3180483154 1998.78299216027 1492077912184.43 11267661402.9913 -22865985.5122821 3000
2705001183.37853 -11476.5237865673 1997.33989252296 1463163003327.27 16336145647.8495 -22865985.5120762 3000
2707471682.32992 -11632.7050819334 1995.31032827662 1434618602833.07 21268198824.3014 -22865985.5118612 3000
2709877478.96899 -11790.903561609 1992.67175430072 1406443635618.29 26065474253.0274 -22865985.5116367 3000
2712219976.87946 -11951.1612364784 1989.40068643784 1378637009215.03 30729615321.0335 -22865985.5114021 3000
2714500566.86376 -12113.5217373101 1985.47263834061 1351197403878.42 35262290751.0462 -22865985.5111572 3000
2716720623.1548 -12278.0301860456 1980.86206952617 1324123316880.68 39665185600.1293 -22865985.5109012 3000
2718881489.14508 -12444.7321887405 1975.54236411767 1297413240867.15 43939971589.9148 -22865985.5106337 3000
2720984483.4392 -12613.6742266216 1969.48577857343 1271065600265.71 48088317936.752 -22865985.5103541 3000
2723030906.5977 -12784.9042095222 1962.66337184091 1245078673072.6 52111903405.6994 -22865985.5100618 3000
2725022033.61857 -12958.4708962327 1955.04497227752 1219450690679.53 56012400226.5779 -22865985.5097561 3000
2726959113.97393 -13134.4238533486 1946.59912969222 1194179846426.06 59791473073.8974 -22865985.5094364 3000
2728843381.18481 -13312.814324287 1937.29301713387 1169264177435.45 63450796594.2344 -22865985.509102 3000
2730676049.2521 -13493.6949958365 1927.09237304571 1144701613737 66992047096.8731 -22865985.5087521 3000
2732458303.6832 -13677.1191162115 1915.96148735754 1120490105205.52 70416884081.7554 -22865985.508386 3000
2734191311.38929 -13863.1414399663 1903.86308517176 1096627497025.44 73726968347.8787 -22865985.5080027 3000
2735876219.02694 -14051.8181052083 1890.75825968208 1073111556810.34 76923957613.5356 -22865985.5076014 3000
2737514149.83651 -14243.2062843657 1876.60642254927 1049940025146.67 80009499454.2557 -22865985.5071813 3000
2739106213.60238 -14437.3653671532 1861.36513693458 1027110480559.96 82985248981.0193 -22865985.5067412 3000
2740653493.42647 -14634.3554383892 1844.99014565001 1004620532365.76 85852842844.672 -22865985.5062802 3000
2742157052.22919 -14834.2379999209 1827.43523573114 982467736662.755 88613910601.8158 -22865985.5057971 3000
2743617933.14191 -15037.0760282052 1808.65214232889 960649596775.315 91270074455.1819 -22865985.5052907 3000
2745037161.85826 -15242.9343285209 1788.59041732153 939163533595.123 93822952497.774 -22865985.50476 3000
2746415746.8233 -15451.8796398132 1767.19730926024 918006886624.411 96274157880.4147 -22865985.5042033 3000
2747754675.44924 -15663.9801056408 1744.41770488121 897176977162.998 98625291025.8931 -22865985.5036195 3000
2749054912.16823 -15879.304891083 1720.19406477696 876671147359.369 100877935555.498 -22865985.503007 3000
2750317406.19386 -16097.9254089436 1694.46617250048 856486645870.309 103033671057.417 -22865985.5023643 3000
2751543090.3645 -16319.9152391501 1667.17100392201 836620649190.016 105094069863.25 -22865985.5016895 3000
2752732874.92295 -16545.3490166474 1638.24272759056 817070368414.378 107060685703.92 -22865985.5009812 3000
2753887654.88678 -16774.3037416186 1607.61240402775 797832936735.729 108935065361.048 -22865985.5002372 3000
2755008307.99349 -17006.8584659378 1575.20786586401 778905447453.22 110718744211.121 -22865985.4994556 3000
2756095695.18559 -17243.0944274945 1540.95353423088 760284951228.604 112413246093.957 -22865985.4986343 3000
2757150659.17233 -17483.0947574149 1504.77028778239 741968486526.72 114020080230.693 -22865985.4977711 3000
2758174022.85975 -17726.9440515717 1466.57535468845 723953114738.355 115540738320.925 -22865985.4968634 3000
2759166594.83492 -17974.7296121347 1426.28193431263 706235831185.178 116976702176.058 -22865985.4959087 3000
2760129168.97051 -18226.5414767504 1383.79897221263 688813575468.35 118329441978.306 -22865985.4949045 3000
2761062520.79891 -18482.4715158393 1339.03108799583 671683302280.522 119600410312.106 -22865985.4938474 3000
2761967410.09903 -18742.6140636153 1291.87824202052 654841941624.05 120791045255.841 -22865985.4927348 3000
2762844581.44406 -19007.0661028051 1242.23545052008 638286394114.853 121902770318.742 -22865985.491563 3000
2763694763.62505 -19275.9271187947 1189.99254442662 622013547363.229 122936992935.211 -22865985.4903286 3000
2764518671.48688 -19549.2997055007 1135.03376474308 606020246412.784 123895105942.826 -22865985.4890278 3000
2765317003.59151 -19827.2888445647 1077.23759650262 590303344179.772 124778484018.708 -22865985.4876564 3000
2766090442.48332 -20110.0019068341 1016.47645631646 574859703750.727 125588483634.68 -22865985.4862104 3000
2766839656.88006 -20397.5494017178 952.616191896536 559686161350.52 126326444882.518 -22865985.4846849 3000
2767565301.99199 -20690.0451712876 885.51565701673 544779524605.041 126993690903.289 -22865985.4830748 3000
2768268019.05003 -20987.6062673353 815.026329665139 530136587107.44 127591526589.377 -22865985.481375 3000
2768948434.45275 -21290.3525801444 740.991970710837 515754152221.521 128121237259.568 -22865985.4795797 3000
2769607161.07114 -21598.4073581587 663.248042961863 501629012178.537 128584089245.268 -22865985.4776828 3000
2770244798.78077 -21911.8974845744 581.621138834609 487757942058.78 128981329534.387 -22865985.4756775 3000
2770861934.04232 -22230.9533044157 495.928482196539 474137714243.076 129314184757.417 -22865985.4735569 3000
2771459140.46988 -22555.7089108025 405.977271193251 460765091703.897 129583860870.209 -22865985.4713131 3000
2772036978.59705 -22886.3020216197 311.564083072662 447636838893.933 129791542375.515 -22865985.4689382 3000
2772595996.60241 -23222.8743737207 212.474084159589 434749711163.964 129938391976.744 -22865985.4664227 3000
2773136731.06076 -23565.572230332 108.480132320331 422100442462.069 130025549904.649 -22865985.4637575 3000
2773659705.6939 -23914.5456396522 -0.657810302004833 409685779638.095 130054132840.679 -22865985.4609319 3000
2774165432.19579 -24269.9488963515 -115.193680459756 397502469355.772 130025233503.014 -22865985.4579347 3000
2774654410.955 -24631.9410502813 -235.396429724378 385547246175.271 129939919822.946 -22865985.4547538 3000
2775127131.21187 -25000.6860886287 -361.551136936451 373816833548.632 129799233892.579 -22865985.4513758 3000
2775584070.82899 -25376.3527962204 -493.960106730616 362307954602.545 129604191045.611 -22865985.4477863 3000
2776025696.6509 -25759.1150373963 -632.944215143282 351017328607.016 129355778823.797 -22865985.4439698 3000
2776452464.94451 -26149.1521592753 -778.844431964792 339941664876.271 129054955672.894 -22865985.4399091 3000
2776864821.6156 -26546.6492521062 -932.023441588657 329077661939.086 128702649532.187 -22865985.4355854 3000
2777263202.22773 -26951.7972237419 -1092.86735180654 318422011853.219 128299756489.788 -22865985.4309784 3000
2777648032.33056 -27364.7931686855 -1261.78769439887 307971396359.214 127847139077.727 -22865985.4260658 3000
2778019727.74719 -27785.8407442243 -1439.22364243289 297722483715.806 127345624339.274 -22865985.4208231 3000
2778378694.46774 -28215.1501102444 -1625.6442775287 287671936266.273 126796002251.824 -22865985.4152232 3000
2778725329.67965 -28652.9392356061 -1821.55171762765 277816386067.844 126199022215.869 -22865985.4092365 3000
2779060021.39907 -29099.4336492374 -2027.48390474467 268152448862.37 125555391147.596 -22865985.4028299 3000
2779383148.84953 -29554.8670585179 -2244.01811904627 258676717257.3 124865770267.587 -22865985.395967 3000
2779695083.05031 -30019.4823888114 -2471.77513503076 249385746920.94 124130770808.235 -22865985.3886073 3000
2779995527.77518 -30492.4653046021 -2710.87590074937 240296155531.982 123352737124.335 -22865985.3807915 3000
2780283852.34567 -30972.2092889832 -2961.00025916805 231435905134.839 122535584710.52 -22865985.3726371 3000
2780560166.46918 -31458.0658208284 -3222.27460527178 222811338216.492 121681839519.97 -22865985.3641898 3000
2780824980.90233 -31950.0255351127 -3495.16825323253 214416245101.252 120792919195.977 -22865985.3554392 3000
2781078785.07092 -32448.0690787065 -3780.17181196903 206244568147.359 119870180668.219 -22865985.3463753 3000
2781322047.96368 -32952.1660804123 -4077.79824947905 198290398512.319 118914921413.567 -22865985.336987 3000
2781555219.01001 -33462.2740678682 -4388.58404308341 190547972263.69 117928380552.73 -22865985.3272641 3000
2781778728.95712 -33978.3373715108 -4713.09045717766 183011665297.543 116911739669.573 -22865985.3171955 3000
2781992990.70797 -34500.2859380362 -5051.90492263588 175675988318.373 115866123465.496 -22865985.3067703 3000
2782198400.13402 -35028.0340757989 -5405.64255208377 168535581454.755 114792600174.698 -22865985.295977 3000
2782395336.70606 -35561.4786920966 -5774.94750851633 161585214104.234 113692182614.997 -22865985.2848047 3000
2782584164.18325 -36100.4975564273 -6160.49457679566 154819781954.673 112565828786.085 -22865985.2732419 3000
2782765231.42451 -36644.9478493846 -6562.99118109686 148234298551.584 111414441380.232 -22865985.2612774 3000
2782938873.01167 -37194.6641339474 -6983.1792829436 141823892437.934 110238867936.797 -22865985.2489005 3000
2783105409.83923 -37749.4560808408 -7421.83739254159 135583804677.031 109039900932 -22865985.2360995 3000
2783265149.68764 -38309.105966489 -7879.78273699372 129509386191.192 107818277699.244 -22865985.2228639 3000
2783418387.82153 -38873.3660724494 -8357.87373811088 123596093320.812 106574679812.766 -22865985.2091839 3000
2783565407.63071 -39441.9560789732 -8857.01296585739 117839480757.449 105309731610.638 -22865985.1950485 3000
2783706481.09009 -40014.5595695888 -9378.14987768449 112235200591.987 104023999698.942 -22865985.1804487 3000
2783841869.25912 -40590.8203437534 -9922.28396264252 106778999205.209 102717991801.292 -22865985.1653755 3000
2783971822.81011 -41170.3385059811 -10490.4683843464 101466712250.632 101392154845.627 -22865985.149821 3000
2784096582.57724 -41752.666291484 -11083.8142394583 96294257926.4721 100046872167.106 -22865985.1337785 3000
2784216379.97325 -42337.302844554 -11703.4947843794 91257634899.9451 98682461406.2565 -22865985.1172413 3000
2784331437.44012 -42923.6885462707 -12350.7503243623 86352918272.343 97299171500.0449 -22865985.1002053 3000
2784441968.9308 -43511.1988323863 -13026.8939456585 81576253557.826 95897178553.317 -22865985.0826685 3000
2784548180.39725 -44099.1372908943 -13733.3181601576 76923849648.3496 94476580658.6743 -22865985.0646299 3000
2784650270.18002 -44686.7272872079 -14471.5018756358 72391975416.9831 93037392987.4734 -22865985.0460906 3000
2784748429.46708 -45273.1027952541 -15243.0188266944 67976952800.0937 91579540946.857 -22865985.027056 3000
2784842842.80784 -45857.2982114676 -16049.5478213203 63675146753.5169 90102851103.7077 -22865985.0075333 3000
2784933688.51475 -46438.2358350409 -16892.8837180256 59482959696.7188 88607042177.3379 -22865984.987534 3000
2785021139.18625 -47014.712021629 -17774.9512794266 55396819999.3916 87091712367.7485 -22865984.9670751 3000
2785105362.20819 -47585.3806914278 -18697.8212743243 51413170920.996 85556324690.2065 -22865984.9461765 3000
2785186520.30151 -48148.7339744897 -19663.7299574133 47528456999.4945 84000188785.6321 -22865984.924865 3000
2785264772.15595 -48703.0794688205 -20675.103259014 43739105969.4499 82422437678.9325 -22865984.9031749 3000
2785340273.09253 -49246.512625355 -21734.5861061218 40041508994.8372 80821999625.8908 -22865984.8811483 3000
2785413175.8462 -49776.8834056652 -22845.0793441331 36431994954.2567 79197562112.9747 -22865984.8588364 3000
2785483631.55558 -50291.7558208007 -24009.7877552259 32906794504.9954 77547524202.2078 -22865984.8363008 3000
2785551790.89992 -50788.3570332211 -25232.2813171891 29461996979.1451 75869935964.6274 -22865984.813616 3000
2785617805.56881 -51263.5131982827 -26516.5767257401 26093491174.4631 74162417350.9131 -22865984.7908711 3000
2785681830.16558 -51713.566622512 -27867.2473669486 22796885238.6199 72422048693.602 -22865984.7681704 3000
2785744024.83179 -52134.2668856117 -29289.5769589637 19567391566.5065 70645217456.86 -22865984.74564 3000
2785804558.96769 -52520.6235936731 -30789.7803953287 16399658284.6156 68827398262.111 -22865984.723424 3000
2785863616.62375 -52866.7000246484 -32375.3299027469 13287519279.8305 66962829503.9646 -22865984.7016912 3000
2785921404.93703 -53165.3137908369 -34055.4634649566 10223594257.9512 65044010729.4549 -22865984.6806319 3000
2785978168.01672 -53407.5796462408 -35842.0198580912 7198618588.18441 63060881107.3323 -22865984.660455 3000
2786033281.84264 -53579.8854425851 -37717.9996434577 4250052168.76582 61034461703.0483 -22865984.6427941 3000
2786086144.20675 -53670.7191788677 -39659.4930724142 1414931439.17923 58989920611.4826 -22865984.628922 3000
2786137074.48967 -53671.5373627486 -41671.792178033 -1318956702.85742 56919418753.5798 -22865984.6182456 3000
2786186404.88074 -53571.7788900639 -43762.1916215779 -3964584419.89017 54812760704.7387 -22865984.6099992 3000
2786234489.35795 -53357.94340724 -45940.6017288859 -6535922107.65079 52656673515.0981 -22865984.6030903 3000
2786281742.14493 -53011.9805017894 -48221.6474345524 -9049640553.49876 50432513526.6246 -22865984.5957513 3000
2786331265.80268 -52475.429961194 -50763.9911020396 -11662504178.8532 47982088825.3324 -22865984.5805149 3000
2786383746.06765 -51673.5081373407 -53625.3090796997 -14396532651.5533 45243637814.8756 -22865984.5419283 3000
2786435685.35724 -50597.4563897745 -56616.5818503584 -17053796716.5868 42381346321.4119 -22865984.4655628 3000
2786484129.07417 -49295.9264768445 -59531.3302796124 -19474650753.9904 39568464844.6251 -22865984.3595219 3000
2786530322.10888 -47747.0150698428 -62396.9213255258 -21717234774.7515 36752609721.8789 -22865984.2125692 3000
2786572728.50707 -46029.1814607502 -65071.3968699614 -23706640248.4025 34049960353.3293 -22865984.0568175 3000
2786610373.79472 -44246.2697748976 -67450.9466164684 -25406649765.886 31555505807.1888 -22865983.9367375 3000
2786645320.68571 -42361.621057813 -69636.1710167523 -26920644416.4437 29160012543.8679 -22865983.82932 3000
2786678478.90918 -40362.8653664328 -71661.3713989204 -28292713772.0881 26817256915.6406 -22865983.7291346 3000
2786710422.24189 -38242.2113243176 -73541.7773846332 -29548675237.537 24497900908.8189 -22865983.6344151 3000
2786741580.29076 -35992.5489836322 -75283.7196238923 -30705636731.8861 22179075276.1827 -22865983.5449252 3000
2786772321.66482 -33605.4511383644 -76888.3981926567 -31775818349.5661 19839764179.3595 -22865983.4613957 3000
2786802812.06599 -31085.7080005751 -78344.6727208969 -32762413837.4209 17472833825.5874 -22865983.3877406 3000
2786832589.14792 -28494.6509613052 -79615.9478353868 -33649775055.4936 15120636675.9006 -22865983.3335586 3000
2786861392.99665 -25884.2219073145 -80686.7143533089 -34433157011.3985 12811576759.3278 -22865983.3018885 3000
2786889561.71753 -23252.3660451634 -81569.632747579 -35125373060.0643 10525905999.2061 -22865983.2888036 3000
2786917364.5429 -20599.1309770051 -82272.5886690011 -35735073573.9794 8247871760.3269 -22865983.2919159 3000
2786946563.60972 -17777.2377492969 -82824.5026075584 -36295408509.9601 5837062234.74539 -22865983.3175197 3000
2786977342.36383 -14791.444585165 -83197.2580390784 -36796612465.4827 3281541390.00515 -22865983.3728051 3000
2787008449.72296 -11791.8457272013 -83358.639038414 -37209995054.148 690430804.997576 -22865983.4512639 3000
2787040197.16398 -8779.1067704189 -83308.1665312152 -37536365069.3226 -1955751620.76848 -22865983.5521669 3000
2787072940.09615 -5752.23664149014 -83042.1568981155 -37774005090.1874 -4679720111.00899 -22865983.6758704 3000
2787107119.40482 -2707.10059245059 -82552.6193084541 -37918203676.4059 -7510261399.95395 -22865983.8243232 3000
2787143336.21794 366.488870320945 -81824.708086008 -37960079891.8658 -10487477545.2055 -22865984.0024452 3000
2787181661.94776 3425.8705477236 -80854.2769022203 -37886745537.2158 -13605471844.2703 -22865984.1992645 3000
2787221139.48386 6354.46915946828 -79678.6362670586 -37692934071.1079 -16774716109.5306 -22865984.3759103 3000
2787262630.84579 9181.55353935483 -78293.3997090814 -37369736515.0703 -20052410638.1066 -22865984.5393639 3000
2787307373.10862 11943.4433353053 -76675.1616866597 -36896050693.7156 -23519628254.195 -22865984.6983099 3000
2787357844.34889 14714.9574881946 -74750.2612118376 -36221817653.1648 -27341272921.6213 -22865984.8740506 3000
2787407289.61577 17099.1295581356 -72812.0565300411 -35433995730.3475 -30989524808.756 -22865984.9623151 3000
2787462445.26059 19406.7677673471 -70637.3963952265 -34425625541.3042 -34945512331.7989 -22865985.0432038 3000
2787512242.29131 21204.9011506688 -68695.1716697967 -33413400358.3644 -38414549559.5515 -22865985.068953 3000
2787560278.48174 22712.4423121631 -66861.4010531739 -32357751432.178 -41670173165.5535 -22865985.0825806 3000
2787607892.04095 24012.4802002782 -65095.3678908859 -31244662033.8039 -44811415611.9627 -22865985.0927448 3000
2787660957.78895 25261.8759785817 -63197.7475186397 -29936403533.4483 -48215054525.4153 -22865985.1090484 3000
2787714734.73062 26341.8780676787 -61357.1789742414 -28548079198.2095 -51563764421.7577 -22865985.12639 3000
2787769671.90842 27278.936621669 -59565.8115691747 -27074479735.3796 -54884934202.414 -22865985.1458628 3000
2787826118.30923 28092.0720233209 -57819.1458210466 -25511074298.7052 -58197468437.2529 -22865985.1679213 3000
2787884373.66647 28795.8718516828 -56114.3381984656 -23853445966.5798 -61515611501.4862 -22865985.1927238 3000
2787944713.24334 29402.0129301221 -54449.4444187229 -22097050899.7373 -64850793025.3097 -22865985.220289 3000
2788007402.15118 29920.1334130572 -52823.0307777801 -20237086228.334 -68212656105.9667 -22865985.2505612 3000
2788072704.72751 30358.3726170639 -51233.957529269 -18268400413.3414 -71609686604.6862 -22865985.2834527 3000
2788140891.32044 30723.7240904123 -49681.2532888141 -16185422391.7139 -75049623659.7536 -22865985.3188648 3000
2788212243.81578 31022.2775681416 -48164.0377320394 -13982093868.3699 -78539749308.848 -22865985.3567023 3000
2788287060.57446 31259.390479082 -46681.4728628703 -11651798506.1109 -82087105498.445 -22865985.396878 3000
2788365661.24806 31439.8130299498 -45232.7310452243 -9187282445.04134 -85698668799.3386 -22865985.4393244 3000
2788448118.45692 31567.4494734815 -43821.4788642935 -6589190728.81616 -89369523500.9067 -22865985.4832737 3000
2788533382.66155 31645.6655637678 -42467.6662540447 -3893934365.79947 -93047488252.191 -22865985.5252097 3000
2788621509.10209 31680.216570605 -41169.7837105917 -1103282867.54893 -96732106486.1037 -22865985.5648715 3000
2788712713.11571 31676.2434273662 -39923.9803114481 1786172922.48756 -100429431909.242 -22865985.6024318 3000
2788807203.51521 31638.1482494609 -38726.9335084149 4777716135.95221 -104144600024.564 -22865985.6380348 3000
2788905185.83739 31569.7401067211 -37575.7299607833 7874556744.99905 -107882048003.448 -22865985.6718068 3000
2789006864.73723 31474.3433434739 -36467.7806338217 11079868776.154 -111645672332.907 -22865985.7038567 3000
2789112445.77841 31354.8800592059 -35400.7591675918 14396816170.5972 -115438943317.251 -22865985.7342861 3000
2789222136.80802 31213.934270344 -34372.5561064313 17828570906.858 -119264989840.411 -22865985.7631848 3000
2789336149.03123 31053.8027614817 -33381.2442444407 21378325511.7339 -123126662929.194 -22865985.7906367 3000
2789454697.98067 30876.5358711536 -32425.050992936 25049305002.2321 -127026587705.308 -22865985.8167197 3000
2789578004.26946 30683.9708231944 -31502.3372342019 28844774040.087 -130967201808.691 -22865985.8415064 3000
2789706294.22357 30477.7592781875 -30611.5804768606 32768041815.1612 -134950785305.125 -22865985.8650639 3000
2789839800.47995 30259.390261259 -29751.3608599106 36822466950.0809 -138979485888.919 -22865985.8874567 3000
2789978762.62876 30030.209295441 -28920.3490738494 41011464454.5464 -143055342226.513 -22865985.9087445 3000
2790123427.5347 29791.4350823976 -28117.2979605995 45338503494.009 -147180295260.677 -22865985.9289839 3000
2790274049.8569 29544.1734402992 -27341.0340414081 49807111631.5074 -151356203736.588 -22865985.9482285 3000
2790430892.70811 29289.4290319966 -26590.4496541688 54420883317.5994 -155584861447.847 -22865985.9665289 3000
2790594227.70858 29028.1164511677 -25864.4990183562 59183470611.7417 -159867996436.651 -22865985.9839332 3000
2790764335.5854 28761.0690420044 -25162.1921202155 64098590239.7132 -164207284339.355 -22865986.0004865 3000
2790941506.87239 28489.0464498164 -24482.5892221205 69170033236.7467 -168604362329.727 -22865986.0162321 3000
2791126041.8396 28212.7424151528 -23824.7989951853 74401652326.0704 -173060822644.22 -22865986.0312107 3000
2791318251.07944 27932.7906970498 -23187.9742211856 79797368336.2773 -177578222438.814 -22865986.0454607 3000
2791518455.97022 27649.7705065328 -22571.3085392297 85361172807.4682 -182158089426.287 -22865986.0590192 3000
2791726988.97236 27364.2115795374 -21974.0340564555 91097125770.1699 -186801922982.455 -22865986.0719204 3000
2791944194.23918 27076.5982917773 -21395.4182942762 97009362054.9641 -191511201798.158 -22865986.0841975 3000
2792170427.75267 26787.3739744728 -20834.7627458156 103102084338.879 -196287380414.654 -22865986.0958819 3000
2792406058.08732 26496.9440020168 -20291.3999478619 109379573101.401 -201131898960.069 -22865986.1070032 3000
2792651466.33992 26205.6796019612 -19764.692815395 115846173902.1 -206046174831.772 -22865986.1175896 3000
2792907046.94853 25913.9202339484 -19254.0319715142 122506308325.474 -211031612649.788 -22865986.1276675 3000
2793173208.43546 25621.9758909861 -18758.8337194207 129364482052.472 -216089611176.566 -22865986.1372628 3000
2793450372.82902 25330.1306080714 -18278.5405669931 136425258674.635 -221221544870.3 -22865986.1463992 3000
2793738977.04871 25038.6435548262 -17812.61805698 143693284195.285 -226428783018.802 -22865986.1550996 3000
2794039473.07094 24747.7513400268 -17360.5541501764 151173279449.976 -231712684720.308 -22865986.1633856 3000
2794352328.18241 24457.6699959288 -16921.8583747136 158870034909.833 -237074595884.739 -22865986.1712778 3000
2794678025.96527 24168.596129441 -16496.0600208445 166788423259.587 -242515858567.777 -22865986.1787956 3000
2795017066.14772 23880.7090024183 -16082.7080309271 174933383719.502 -248037800488.257 -22865986.1859576 3000
2795369965.77992 23594.1712965462 -15681.3691771706 183309938439.977 -253641746647.603 -22865986.1927813 3000
2795737259.1992 23309.130840464 -15291.6278765443 191923179213.052 -259329010533.196 -22865986.1992834 3000
2796119498.94212 23025.7214381348 -14913.0849122903 200778276613.253 -265100900482.718 -22865986.2054796 3000
2796517255.93538 22744.06419136 -14545.3570234151 209880471758.567 -270958714412.581 -22865986.2113851 3000
2796931120.21086 22464.2683310501 -14188.0759778551 219235080106.844 -276903742500.534 -22865986.2170139 3000
2797361701.81162 22186.4318924084 -13840.887614451 228847498879.584 -282937271892.982 -22865986.2223797 3000
2797809630.12251 21910.6433353112 -13503.4521860341 238723179059.872 -289060569196.656 -22865986.2274954 3000
2798275556.59448 21636.98094825 -13175.4420639742 248867672534.046 -295274909941.724 -22865986.2323732 3000
2798760153.16827 21365.5149110372 -12856.5428354639 259286583490.965 -301581548302.444 -22865986.2370245 3000
2799264114.36098 21096.3070468437 -12546.4516620578 269985600301.465 -307981736758.184 -22865986.2414606 3000
2799788156.13297 20829.4123645902 -12244.8778495049 280970457587.239 -314476703310.539 -22865986.2456917 3000
2800333019.57056 20564.8780258899 -11951.5405433301 292246999779.043 -321067689195.64 -22865986.2497274 3000
2800899468.34243 20302.7455154106 -11666.1701463768 303821113069.793 -327755908377.993 -22865986.2535777 3000
2801488291.82862 20043.0499018362 -11388.5065159164 315698775745.12 -334542576968.92 -22865986.2572514 3000
2802100302.23067 19785.8218594211 -11118.3002355158 327885985204.528 -341428871358.306 -22865986.2607567 3000
2802736340.36482 19531.0858385097 -10855.309825206 340388859695.491 -348415986143.612 -22865986.264102 3000
2803397271.83325 19278.8623942976 -10599.3034259217 353213546358.845 -355505081765.99 -22865986.2672947 3000
2804083991.57588 19029.1670050217 -10350.0568498826 366366295267.581 -362697325737.683 -22865986.2703423 3000
2804797420.50877 18782.0119554587 -10107.3548120515 379853378696.492 -369993847909.307 -22865986.2732517 3000
2805538509.39415 18537.405455492 -9870.98939947173 393681150151.091 -377395772916.934 -22865986.2760293 3000
2806308237.62833 18295.3526118724 -9640.76043747408 407856005411.54 -384904198917.969 -22865986.2786815 3000
2807107617.03647 18055.8547368692 -9416.47428073766 422384436465.172 -392520226025.244 -22865986.2812142 3000
2807937688.48358 17818.9109046649 -9197.94477442544 437272952708.309 -400244914425.75 -22865986.2836331 3000
2808799524.0589 17584.5176642255 -8984.99247029909 452528105713.616 -408079297896.868 -22865986.2859434 3000
2809694231.31197 17352.6683455662 -8777.44355265009 468156547199.548 -416024413244.136 -22865986.2881503 3000
2810622949.48597 17123.3545344543 -8575.13075804695 484164944835.625 -424081256721.823 -22865986.2902589 3000
2811586852.64404 16896.5656164157 -8377.8925514607 500560020470.878 -432250803666.451 -22865986.2922734 3000
2812587149.84216 16672.2891217564 -8185.57305471596 517348535576.327 -440534000994.653 -22865986.2941985 3000
2813625087.33932 16450.5105910757 -7998.02157918731 534537310723.336 -448931776615.435 -22865986.2960382 3000
2814701945.98791 16231.2144714771 -7815.09305118324 552133164652.431 -457445009508.519 -22865986.2977965 3000
2815819046.99833 16014.3832152403 -7636.64693452287 570142991626.381 -466074567391.192 -22865986.2994772 3000
2816977749.30186 15799.9981646473 -7462.54767951195 588573699277.047 -474821276269.797 -22865986.3010839 3000
2818179450.26315 15588.0396574228 -7292.66451666536 607432202856.806 -483685918023.694 -22865986.3026201 3000
2819425590.58834 15378.4864339991 -7126.87071762451 626725483826.38 -492669257863.865 -22865986.3040889 3000
2820717650.45974 15171.3166021552 -6965.04412091264 646460509940.41 -501772006584.966 -22865986.3054934 3000
2822057154.64964 14966.507030448 -6807.06641398241 666644295316.069 -510994848497.165 -22865986.3068367 3000
2823445670.04955 14764.0340006483 -6652.82342132037 687283842987.321 -520338414773.384 -22865986.3081215 3000
2824884808.32521 14563.8730129675 -6502.20473773084 708386165899.498 -529803293191.379 -22865986.3093504 3000
2826376226.95262 14365.9988665574 -6355.10359117745 729958282196.156 -539390025880.458 -22865986.3105262 3000
2827921628.20896 14170.385988972 -6211.41689686026 752007181069.18 -549099094191.601 -22865986.311651 3000
2829522766.29773 13977.0077323115 -6071.04456147779 774539904231.121 -558930954513.712 -22865986.3127274 3000
2831181439.10018 13785.8376013251 -5933.89021344127 797563407966.741 -568885977607.583 -22865986.3137573 3000
2832898371.33821 13596.9693232351 -5799.94568073724 821069362047.328 -578957965756.123 -22865986.31474 3000
2834671356.59892 13410.7803257188 -5669.40000887308 845010260082.528 -589124345038.646 -22865986.3156672 3000
2836501732.3405 13227.2311877506 -5542.14555256942 869387757361.785 -599383905839.606 -22865986.3165422 3000
2838391039.10431 13046.2644755173 -5418.06629926468 894205801297.022 -609736398597.38 -22865986.3173684 3000
2840340834.25115 12867.8253843651 -5297.05226162572 919468067144.67 -620181434393.278 -22865986.3181487 3000
2842352711.67386 12691.8597609822 -5178.99784924367 945178211480.892 -630718592468.004 -22865986.3188861 3000
2844428300.07693 12518.3143569288 -5063.80181763823 971339836615.073 -641347405179.078 -22865986.3195833 3000
2846569252.67246 12347.1376925546 -4951.36761971207 997956351256.471 -652067302058.893 -22865986.3202427 3000
2848777260.92515 12178.2788963329 -4841.60242668349 1025031134881.6 -662877677430.773 -22865986.3208665 3000
2851054049.91249 12011.6881383428 -4734.41722961204 1052567467533.82 -673777862049.478 -22865986.3214571 3000
2853401375.50078 11847.3168325984 -4629.72678853629 1080568486169.18 -684767106487.75 -22865986.3220163 3000
2855821021.3597 11685.1177926188 -4527.44955553332 1109037142139.09 -695844565745.003 -22865986.3225461 3000
2858314815.09116 11525.0441359713 -4427.50682527056 1137976381997.19 -707009370375.741 -22865986.3230482 3000
2860884606.01889 11367.0507575146 -4329.82351553975 1167388877267.74 -718260522151.038 -22865986.3235241 3000
2863532299.11969 11211.0922050243 -4234.32671061825 1197277404944.18 -729597040683.116 -22865986.3239754 3000
2866259811.1654 11057.1253598585 -4140.9471879215 1227644336354.9 -741017768685.031 -22865986.3244037 3000
2869069105.24555 10905.1073226306 -4049.61799151236 1258492021613.11 -752521519499.913 -22865986.32481 3000
2871962146.90006 10754.997767007 -3960.27573207334 1289822299416.25 -764106895132.218 -22865986.3251958 3000
2874941010.12091 10606.7534212283 -3872.8571943666 1321637635993.98 -775772708194.855 -22865986.3255621 3000
2878007733.46264 10460.3355368019 -3787.30368358353 1353939556259.89 -787517402250.324 -22865986.32591 3000
2881164427.57424 10315.7043400619 -3703.55763354503 1386729795557.66 -799339477752.892 -22865986.3262406 3000
2884413246.11697 10172.8206231552 -3621.56347492632 1420009967718.79 -811237368540.02 -22865986.3265548 3000
2887756351.47426 10031.6472018883 -3541.26838194184 1453781206598.55 -823209314963.809 -22865986.3268536 3000
2891195957.05147 9892.14698354251 -3462.62107693846 1488044594241.02 -835253518677.58 -22865986.3271377 3000
2894734328.87286 9754.28301471672 -3385.57179877988 1522801156454.43 -847368139493.944 -22865986.327408 3000
2898373740.4103 9618.02024189635 -3310.07321758542 1558051407720.49 -859551137160.344 -22865986.3276652 3000
2902116518.06898 9483.32367073345 -3236.07933280216 1593795792801.76 -871800427011.026 -22865986.32791 3000
2905965023.37957 9350.15907091681 -3163.54580756029 1630034499590.11 -884113815015.849 -22865986.328143 3000
2909921642.38538 9218.49329135014 -3092.4300765269 1666767352779.96 -896488963104.279 -22865986.328365 3000
2913988858.9436 9088.29186247689 -3022.69000120832 1703994478470.65 -908923612601.994 -22865986.3285763 3000
2918169108.58521 8959.52375948809 -2954.28637966868 1741714945808.27 -921415129097.754 -22865986.3287777 3000
2922464903.74132 8832.15723232285 -2887.18064604111 1779927918358.47 -933960890877.363 -22865986.3289696 3000
2926878826.90353 8706.16021197252 -2821.33506328395 1818632559239.7 -946558253673.813 -22865986.3291525 3000
2931413451.10082 8581.50260514603 -2756.71388150459 1857827318446.66 -959204318495.528 -22865986.3293269 3000
2936071407.86751 8458.15426206457 -2693.28222465192 1897510527147.35 -971896127570.233 -22865986.3294931 3000
2940855389.94395 8336.08499564095 -2631.00607220851 1937680397167.33 -984630662364.292 -22865986.3296517 3000
2945768088.96405 8215.26617164172 -2569.85303365699 1978334484765.2 -997404673920.744 -22865986.329803 3000
2950812270.67517 8095.66876012173 -2509.79131644303 2019470312900.88 -1010214881228.23 -22865986.3299474 3000
2955990711.5939 7977.26489436402 -2450.79048266161 2061084833912.07 -1023057802745.42 -22865986.3300852 3000
2961306223.05024 7860.02721615323 -2392.82108042551 2103174624169.79 -1035929819636.27 -22865986.3302167 3000
2966761708.0979 7743.92765786604 -2335.85401666201 2145736315911.66 -1048827307136.06 -22865986.3303422 3000
2972360035.98032 7628.94015577465 -2279.86186530395 2188765597779.93 -1061746330802.29 -22865986.3304621 3000
2978104169.16201 7515.03789356754 -2224.81748294758 2232258199926.84 -1074682946894.99 -22865986.3305766 3000
2983997106.97366 7402.19453767621 -2170.6945938808 2276209434330.11 -1087633062397.82 -22865986.330686 3000
2990041823.77413 7290.38533289307 -2117.46828268538 2320613733636.44 -1100592302161.83 -22865986.3307904 3000
2996241390.16966 7179.58475613926 -2065.11384455941 2365465545167.55 -1113556273453.52 -22865986.3308903 3000
3002598946.15103 7069.76713637462 -2013.60707225718 2410759096998.08 -1126520494017.86 -22865986.3309857 3000
3009117602.62842 6960.90833792518 -1962.92502370185 2456487683792.06 -1139480188462.21 -22865986.3310769 3000
3015800504.69952 6852.98454642743 -1913.045421781 2502644124940.18 -1152430423838.82 -22865986.3311641 3000
3022650900.70507 6745.97118550843 -1863.94613978432 2549221219910.86 -1165366236522.54 -22865986.3312474 3000
3029672076.63948 6639.8440420939 -1815.60571139784 2596211265282.69 -1178282494510.48 -22865986.3313271 3000
3036867243.98368 6534.58085504415 -1768.00402752337 2643605309386.4 -1191173696780.44 -22865986.3314033 3000
3044239796.4632 6430.15745554477 -1721.12056574882 2691394849122.69 -1204034439084.49 -22865986.3314762 3000
3051793009.39068 6326.5521392961 -1674.93635153936 2739569838906.43 -1216858873695.78 -22865986.331546 3000
3059530266.313 6223.74234418443 -1629.43244269394 2788120168266.6 -1229641111877.04 -22865986.3316127 3000
3067455065.51234 6121.70470804112 -1584.58995781821 2837035650780.46 -1242375214871.96 -22865986.3316765 3000
3075570943.62641 6020.41614183612 -1540.39054522356 2886305510489.98 -1255055056130.6 -22865986.3317376 3000
3083881301.5835 5919.85587851948 -1496.81725345306 2935917336522.99 -1267674057925.32 -22865986.3317961 3000
3092389698.08434 5820.0017449211 -1453.85288828362 2985858862631.06 -1280225652471.99 -22865986.331852 3000
3101099679.76209 5720.83227212569 -1411.480923872 3036116919205.95 -1292703012807.02 -22865986.3319056 3000
3110014960.92589 5622.32463844365 -1369.68461408637 3086678451863.71 -1305099306043.83 -22865986.3319568 3000
3119139105.98714 5524.45822004311 -1328.44849521533 3137528686031.42 -1317407240964.33 -22865986.3320059 3000
3128475703.74506 5427.21248786453 -1287.75746908341 3188652146889.85 -1329619327497.88 -22865986.3320529 3000
3138028515.98288 5330.56550079399 -1247.59617057147 3240033438960.28 -1341728060510.9 -22865986.3320979 3000
3147801336.58772 5234.49545591507 -1207.94961846529 3291656424039.31 -1353725718371.96 -22865986.332141 3000
3153600000 5178.76263474974 -1185.07492451953 3321847468415.36 -1360663663256.41 -22865986.3321619 3000
