0 -11000 2000 1554958000000 0 -22865984.6761134 3000
3149428.09935177 -11176.861044988 1999.6335781235 1520037892687.22 6298475885.06111 -22865984.6751627 3000
7259816.64958505 -11420.4008315501 1997.92960687053 1473601295642.01 14514756982.6164 -22865984.6731119 3000
11201129.806189 -11668.9128797462 1994.75819410836 1428105288727.01 22383513867.4815 -22865984.6709153 3000
14979287.5837856 -11922.5732585322 1990.02833668871 1383544146954.52 29911658730.6668 -22865984.6685612 3000
18599935.4825993 -12181.5569970084 1983.64284665832 1339912835247.67 37105887968.6844 -22865984.6660371 3000
22068568.4423023 -12446.0453328598 1975.49788154808 1297205687491.96 43972916520.1082 -22865984.6633293 3000
25390535.9716253 -12716.2262161327 1965.48245874986 1255416408377.21 50519474881.0469 -22865984.6604234 3000
28571043.330012 -12992.2945608641 1953.47793446279 1214538120966.56 56752298577.7058 -22865984.6573031 3000
31615150.8289294 -13274.4522985438 1939.35745235429 1174563440036.84 62678114365.0372 -22865984.653951 3000
34527779.72175 -13562.9090047924 1922.98532171976 1135484460303.91 68303639688.7295 -22865984.6503481 3000
37313714.1175931 -13857.882238338 1904.21635213132 1097292792779.78 73635574567.7706 -22865984.6464736 3000
39977603.0531028 -14159.5979016077 1882.89513075449 1059979598673.33 78680594088.9019 -22865984.6423046 3000
42523962.0985554 -14468.2905501228 1858.85524246878 1023535629600.1 83445340337.981 -22865984.6378163 3000
44957175.9095311 -14784.2038085714 1831.91841613863 987951254329.781 87936416446.84 -22865984.6329815 3000
47281500.898566 -15107.5908280544 1801.89359198217 953216482539.42 92160381108.1746 -22865984.6277704 3000
49501067.7829003 -15438.7147579734 1768.57590380531 919320989049.547 96123743081.4921 -22865984.6221502 3000
51619884.1343356 -15777.8492486074 1731.74556577255 886254136812.727 99832955912.2466 -22865984.6160851 3000
53641835.9675466 -16125.2788165323 1691.16667356752 854005014165.386 103294411212.01 -22865984.6095355 3000
55570691.1010624 -16481.299511097 1646.58586153953 822562443645.156 106514435277.247 -22865984.6024583 3000
57410101.5963747 -16846.2194887851 1597.73084132271 791915003379.951 109499284193.752 -22865984.5948056 3000
59163605.4606611 -17220.3594594058 1544.30881977487 762051060076.443 112255137958.131 -22865984.5865247 3000
60834629.608447 -17604.0533958525 1486.0047287337 732958780429.31 114788096859.001 -22865984.5775576 3000
62426492.3798583 -17997.6492143244 1422.47928194872 704626148236.324 117104177190.872 -22865984.56784 3000
63942405.8347648 -18401.5094427447 1353.36683866155 677040984288.557 119209306729.607 -22865984.5573009 3000
65385477.7974286 -18816.0118433482 1278.27305902977 650190970095.313 121109320012.842 -22865984.5458615 3000
66758714.8315574 -19241.5503284673 1196.77226297788 624063653456.884 122809954960.477 -22865984.5334345 3000
68065024.6641901 -19678.5358112355 1108.40451610578 598646462221.037 124316848630.843 -22865984.519923 3000
69307217.9789966 -20127.3968845596 1012.67243604896 573926729347.154 125635532273.76 -22865984.5052187 3000
70488011.0971859 -20588.5808204821 909.037579769598 549891699968.426 126771427456.87 -22865984.4892015 3000
71610028.4525903 -21062.5545921509 796.916411953446 526528540607.021 127729841736.726 -22865984.4717369 3000
72675805.0572142 -21549.8059853097 675.675779931147 503824346840.083 128515964059.563 -22865984.452674 3000
73687788.5051785 -22050.8445818003 544.627879974007 481766159283.055 129134859549.762 -22865984.4318444 3000
74648341.3795689 -22566.2029800196 403.024546393296 460340969897.698 129591464368.545 -22865984.4090582 3000
75559743.6077279 -23096.4380985014 250.050794890589 439535727602.809 129890580059.721 -22865984.384102 3000
76424194.8472235 -23642.1326196485 84.8174830659309 419337341282.118 130036867300.177 -22865984.3567345 3000
77243816.716431 -24203.8964741777 -93.6470283375157 399732684412.974 130034838869.014 -22865984.3266825 3000
78020655.0651743 -24782.368479878 -286.406419880321 380708596913.183 129888851780.666 -22865984.2936361 3000
78756682.3730248 -25378.2182438349 -494.627418860911 362251881663.686 129603098279.005 -22865984.2572418 3000
79453800.0253628 -25992.1481884642 -719.592489876344 344349301470.206 129181595414.229 -22865984.2170959 3000
80113840.5573792 -26624.8957671579 -962.714557320698 326987574351.729 128628172964.054 -22865984.172735 3000
80738570.1085196 -27277.2361462045 -1225.55427962284 310153360460.004 127946459074.559 -22865984.1236247 3000
81329690.9246236 -27949.9853323968 -1509.84041094143 293833243953.566 127139862992.205 -22865984.0691471 3000
81888843.7716747 -28644.0036735713 -1817.49389770939 278013713145.091 126211554373.316 -22865984.008582 3000
82417610.5870086 -29360.2002013925 -2150.65678481334 262681129399.4 125164437843.523 -22865983.9410868 3000
82917517.3093492 -30099.5380023539 -2511.72719411136 247821684931.027 124001121380.496 -22865983.8656682 3000
83387903.5908845 -30859.437682233 -2901.5078581512 233487184196.341 122730068471.027 -22865983.7830296 3000
83827893.1068816 -31635.7463298329 -3319.85799500604 219741074582.101 121363508331.591 -22865983.6950956 3000
84239020.7268499 -32427.5890582182 -3768.27628004075 206574341036.938 119908550167.187 -22865983.6020788 3000
84623223.4952496 -33234.8561512148 -4248.81873151181 193962734627.974 118370558975.688 -22865983.5037025 3000
84982311.1069121 -34057.3593105051 -4763.69368053733 181882948471.7 116754520395.198 -22865983.399683 3000
85317974.7905011 -34894.8197457642 -5315.27508484044 170312569041.371 115065049314.103 -22865983.2897308 3000
85631795.4107481 -35746.8541022498 -5906.11717090552 159230034399.293 113306396940.436 -22865983.1735526 3000
85925251.0123461 -36612.9581777949 -6538.97078676275 148614593889.185 111482455695.01 -22865983.0508544 3000
86199723.8811981 -37492.4881099714 -7216.80181660474 138446268052.345 109596761535.818 -22865982.9213456 3000
86456507.1534961 -38384.6385291169 -7942.8120259935 128705808928.184 107652493427.172 -22865982.7847414 3000
86696810.9927625 -39288.4170004468 -8720.46274782268 119374661272.14 105652469698.637 -22865982.6407706 3000
86921768.4217222 -40202.6141619835 -9553.5021356109 110434922585.149 103599140393.475 -22865982.489182 3000
87132440.8225816 -41125.768547226 -10445.9967274482 101869302422.743 101494574987.22 -22865982.329752 3000
87329823.1607755 -42056.1249545859 -11402.3684225698 93661079806.6549 99340444306.5065 -22865982.1622974 3000
87514848.9630474 -42991.5847673069 -12427.4382272625 85794058418.0062 97137995350.6194 -22865981.9866878 3000
87688395.1247413 -43929.6463229859 -13526.4788094366 78252517347.7461 94888016785.4634 -22865981.8028635 3000
87851286.6042637 -44867.3326716844 -14705.2785886524 71021155695.7403 92590792293.7509 -22865981.6108551 3000
88004301.0697302 -45801.1030472213 -15970.2211339103 64085028961.2086 90246037952.5266 -22865981.4108107 3000
88148173.633169 -46726.7432501643 -17328.3857137264 57429471948.2408 87852817373.9715 -22865981.2030303 3000
88283601.7879077 -47639.2277208369 -18787.6771814705 51040003635.4978 85409426354.874 -22865980.9880044 3000
88411250.7859587 -48532.5431651756 -20356.9982103209 44902203903.2545 82913233513.8998 -22865980.7664688 3000
88531759.79314 -49399.4583870336 -22046.4843699727 39001547133.2035 80360455941.6962 -22865980.5394692 3000
88645749.3636945 -50231.2164017256 -23867.8356860581 33323168011.1481 77745835724.3931 -22865980.3084474 3000
88753831.1940196 -51017.1102186925 -25834.8031133049 27851514819.8628 75062158270.7578 -22865980.0753469 3000
88856621.8580586 -51743.8760142351 -27963.9357397323 22569809632.7907 72299506615.4532 -22865979.8427536 3000
88954763.9229254 -52394.7834760948 -30275.7960648342 17459152085.1504 69444045505.4597 -22865979.6140633 3000
89048961.7191616 -52948.1858511907 -32797.0848470541 12496912421.3285 66475899795.0217 -22865979.3936853 3000
89140049.3737915 -53375.0073307241 -35564.7322135199 7653545245.43276 63365092694.7735 -22865979.1872113 3000
89227115.0006252 -53630.1988194628 -38560.7337672713 2993991997.09103 60140864648.0921 -22865979.0192513 3000
89309078.806339 -53669.9650998947 -41737.4643359564 -1404956817.93036 56852592677.8769 -22865978.9078164 3000
89386909.2018658 -53452.8634093893 -45109.3024651094 -5575552198.70131 53475277975.2656 -22865978.8378839 3000
89462099.2551227 -52919.4551688361 -48720.2251799185 -9576928714.4513 49949982817.9596 -22865978.7761726 3000
89540500.2928112 -51907.6435339772 -52865.0502342794 -13689687497.5468 45970300714.5506 -22865978.5863996 3000
89621277.1562992 -50222.4062028688 -57518.6891603421 -17819552615.6731 41514512139.0091 -22865977.9322309 3000
89696464.8385035 -47903.4104001054 -62130.0466824116 -21513535572.0312 37017803441.8644 -22865976.6400895 3000
89762753.1359592 -45131.1457287347 -66313.1061610785 -24601155061.3559 32760900894.3579 -22865975.1142602 3000
89819780.2161437 -42128.1157809251 -69887.0717624128 -27092057330.9674 28876948856.6536 -22865973.9468808 3000
89871964.2733905 -38849.480723948 -73028.6918063263 -29207151355.8873 25147207287.7536 -22865972.9385705 3000
89921642.7395573 -35259.8365048119 -75801.3377855069 -31049816560.2831 21449287387.188 -22865972.0364785 3000
89973054.0441724 -31099.2964184291 -78337.4229088526 -32757439813.5827 17485366107.7558 -22865971.0106306 3000
90019954.40782 -26968.4027129215 -80266.4229145501 -34120240762.758 13764490562.7218 -22865970.5503941 3000
90064789.761387 -22795.1617276668 -81703.8653674653 -35236488436.7903 10131917251.9805 -22865970.4117131 3000
90108706.0305448 -18577.6866219644 -82687.9507627279 -36145270309.1904 6520600247.75547 -22865970.523385 3000
90157434.7010661 -13853.6890030894 -83270.4826157967 -36935401758.5853 2474955916.06326 -22865971.0952249 3000
90206974.1770505 -9119.72153075153 -83324.5498126953 -37503924158.0272 -1653734386.70513 -22865972.0035458 3000
90258600.0402279 -4376.9157178572 -82849.0050388858 -37851249087.4373 -5945357070.38556 -22865973.2273421 3000
90313988.5925397 387.144010572659 -81818.99633518 -37959985355.7834 -10507967882.224 -22865974.795188 3000
90374477.9365949 5116.98709919014 -80206.1577111981 -37790867260.1434 -15410580184.0268 -22865976.6301289 3000
90438604.245162 9541.56179904838 -78097.990853737 -37317576717.7516 -20488075054.9697 -22865978.1839643 3000
90510275.4403046 13768.6556543902 -75444.3440536002 -36477820688.1139 -25991698396.9269 -22865979.615725 3000
90591281.3058639 17700.6991790035 -72275.8355818842 -35197509869.8941 -31975378903.6081 -22865980.8161821 3000
90670104.5917431 20775.8137557906 -69180.9841941476 -33676627851.4693 -37550093074.0422 -22865981.2068806 3000
90747232.1361259 23185.0634380811 -66241.1479685233 -31977878597.5355 -42771701447.1727 -22865981.3726692 3000
90827005.8713456 25166.6113550726 -63350.4603534217 -30046183040.6505 -47939567817.9655 -22865981.5145383 3000
90912137.5776233 26821.8541009912 -60465.440038233 -27830256668.7237 -53208375455.9601 -22865981.6970749 3000
91000302.9745466 28141.7095989897 -57705.4614745864 -25404715397.7796 -58415966799.4395 -22865981.9094331 3000
91092783.6187924 29190.9618394029 -55053.9517072069 -22751314717.0388 -63628126670.7796 -22865982.15873 3000
91190654.5324157 30013.9876391704 -52502.0745958609 -19851991724.0842 -68889388299.3539 -22865982.4454076 3000
91294940.1621518 30643.8052868364 -50044.1551532386 -16687202882.8771 -74234221494.975 -22865982.7677898 3000
91406692.9604644 31106.2600040748 -47675.8999504843 -13235069011.3164 -79692067542.2161 -22865983.1237192 3000
91527046.4429185 31422.2592748558 -45393.5981040334 -9470688147.9115 -85290092104.7804 -22865983.5112643 3000
91656743.5632501 31608.5980301899 -43201.9728275543 -5381762590.97885 -91032611926.5343 -22865983.9210484 3000
91793629.8882316 31680.4878997106 -41145.4222441775 -1048828571.65541 -96802849580.6829 -22865984.3027534 3000
91938009.9219836 31657.8308011302 -39217.6050354617 3524581205.91905 -102601522299.233 -22865984.6521933 3000
92090690.9835676 31556.9966460642 -37405.809891358 8351266257.93145 -108448275848.817 -22865984.9730411 3000
92252465.0027252 31391.0859515081 -35699.6480992229 13443617145.1453 -114358847159.424 -22865985.2681987 3000
92424127.8742722 31170.7866881049 -34090.3724025024 18813913920.1587 -120346315563.198 -22865985.5400736 3000
92606492.328512 30904.9467859286 -32570.4513133998 24474503380.8222 -126421884725.433 -22865985.790732 3000
92800397.1516169 30600.9742046195 -31133.2891129074 30437909965.0003 -132595394611.682 -22865986.0219866 3000
93006714.2469249 30265.1267566354 -29773.0336013321 36716908099.4298 -138875669400.235 -22865986.2354527 3000
93226354.3816917 29902.728314372 -28484.439075248 43324571310.6631 -145270761434.18 -22865986.4325838 3000
93460272.1061585 29518.3340719457 -27262.7654896601 50274306455.4874 -151788126503.288 -22865986.6146975 3000
93709470.2434592 29115.8593053886 -26103.7016775449 57579880907.188 -158434754910.455 -22865986.7829932 3000
93975003.9741382 28698.6816572792 -25003.3061811536 65255440651.6659 -165217267414.898 -22865986.9385662 3000
94257984.829296 28269.7233402498 -23957.9598595561 73315526725.507 -172141990461.88 -22865987.0824192 3000
94559584.5690119 27831.5181722259 -22964.3276484763 81775087869.0105 -179215013700.158 -22865987.2154711 3000
94881038.9411557 27386.2669361208 -22019.3273185149 90649488432.0862 -186442232823.334 -22865987.3385659 3000
95223651.6322515 26935.8831860881 -21120.1027904007 99954519534.5542 -193829386996.121 -22865987.4524788 3000
95588798.1133011 26482.0318661952 -20264.0019846197 109706404528.047 -201382085228.615 -22865987.5579219 3000
95977929.6361972 26026.1618357537 -19448.5575940656 119921805466.079 -209105828741.055 -22865987.6555504 3000
96392577.3322437 25569.5335170329 -18671.4704268756 130617828742.12 -217006028761.034 -22865987.7459674 3000
96834356.2766298 25113.2426853583 -17930.595089227 141812026141.482 -225088017886.409 -22865987.8297271 3000
97304969.8903735 24658.2406838074 -17223.9269585077 153522400655.665 -233357062589.954 -22865987.9073404 3000
97806214.4093571 24205.3519548244 -16549.5907913187 165767409585.628 -241818371628.08 -22865987.979277 3000
98339983.3546068 23755.2893585754 -15905.8307285996 178565963359.292 -250477099920.278 -22865988.0459698 3000
98908272.2923042 23308.6673674039 -15291.0011077365 191937427025.113 -259338353119.707 -22865988.1078179 3000
99513183.7406368 22866.0135956798 -14703.5582090771 205901620520.127 -268407190269.525 -22865988.1651884 3000
100156932.273581 22427.7788745464 -14142.0527652927 220478818685.422 -277688625411.172 -22865988.2184196 3000
100841849.592615 21994.3462271566 -13605.1233246271 235689745716.122 -287187624983.297 -22865988.2678236 3000
101570389.992148 21566.0386113512 -13091.489990146 251555573667.392 -296909107381.509 -22865988.3136878 3000
102345135.947412 21143.1257894116 -12599.9487613452 268097918450.478 -306857940464.391 -22865988.3562773 3000
103168804.064634 20725.8303115343 -12129.3662549524 285338838301.779 -317038940152.229 -22865988.3958368 3000
104044250.719014 20314.3330665092 -11678.6751513971 303300820352.712 -327456861689.295 -22865988.4325917 3000
104974478.125793 19908.7780512242 -11246.8698068956 322006771427.072 -338116393536.446 -22865988.46675 3000
105962641.086722 19509.2764089812 -10833.0020076628 341480016927.485 -349022155687.728 -22865988.4985036 3000
107012053.534489 19115.9102173789 -10436.1772834433 361744289556.225 -360178691885.7 -22865988.5280298 3000
108126194.884266 18728.7359874157 -10055.5516154821 382823709032.828 -371590457023.043 -22865988.5554921 3000
109308717.167168 18347.7875540991 -9690.32814523767 404742771600.692 -383261810161.427 -22865988.5810418 3000
110563452.60063 17973.0786077558 -9339.75409512423 427526341411.722 -395197008381.524 -22865988.6048182 3000
111894420.228476 17604.6052943897 -9003.11823790465 451199619006.773 -407400188649.411 -22865988.6269504 3000
113305834.269651 17242.3480970171 -8679.74811952701 475788135195.185 -419875363276.26 -22865988.6475574 3000
114802111.609908 16886.2738266521 -8369.00777853283 501317723038.896 -432626404015.515 -22865988.6667493 3000
116387879.783703 16536.3373141314 -8070.29553321932 527814492798.568 -445657028084.431 -22865988.684628 3000
118067985.66893 16192.4828200303 -7783.04183403215 555304812601.928 -458970787181.786 -22865988.7012877 3000
119847503.311507 15854.6455221851 -7506.70745721313 583815268415.041 -472571046623.436 -22865988.7168153 3000
121731743.419051 15522.7525564379 -7240.78157099949 613372645172.79 -486460975080.539 -22865988.7312917 3000
123726261.78343 15196.724195568 -6984.78014319835 644003883891.355 -500643523015.444 -22865988.7447912 3000
125836868.707362 14876.4747582553 -6738.24432967629 675736048478.805 -515121406164.037 -22865988.757383 3000
128069638.59391 14561.9134413875 -6500.73898855831 708596288059.547 -529897087165.845 -22865988.769131 3000
130430918.533349 14252.9452245501 -6271.85141108833 742611778206.201 -544972748149.634 -22865988.7800945 3000
132927340.312531 13949.4712580242 -6051.18981583027 777809705275.193 -560350282949.583 -22865988.7903283 3000
135565828.53092 13651.389739629 -5838.38234612258 814217187017.867 -576031261270.256 -22865988.7998833 3000
138345861.541299 13359.3814243005 -5633.62147621507 851757695558.21 -591973250427.484 -22865988.8086882 3000
141268336.937142 13073.8022974816 -5436.85916380901 890377860205.533 -608145575924.619 -22865988.8167327 3000
144339284.228593 12794.436812562 -5247.66198561822 930092768433.319 -624547104361.461 -22865988.8240913 3000
147564907.048964 12521.0784297954 -5065.62677658037 970916737257.302 -641176226657.264 -22865988.8308296 3000
150951603.953368 12253.5274860985 -4890.37691072413 1012863502478.74 -658030946158.156 -22865988.8370066 3000
154505970.598343 11991.591038228 -4721.56020792946 1055946154555.93 -675108859072.532 -22865988.8426746 3000
158234804.143445 11735.0825192813 -4558.84692517168 1100177101120 -692407145876.454 -22865988.8478805 3000
162145106.318734 11483.8215097 -4401.92800763643 1145568011164.55 -709922555425.148 -22865988.8526664 3000
166244088.484294 11237.6333863649 -4250.51342613924 1192129780606.45 -727651397428.983 -22865988.8570702 3000
170539169.627586 10996.3493978494 -4104.33092004021 1239872416158.82 -745589504037.03 -22865988.8611256 3000
175037987.598509 10759.8059531553 -3963.12438450384 1288805067698.15 -763732248114.719 -22865988.8648633 3000
179748392.98896 10527.8449104991 -3826.65298048529 1338935864916.72 -782074487929.222 -22865988.8683109 3000
184678461.075978 10300.3128807112 -3694.68975187862 1390271951369.49 -800610585888.765 -22865988.8714932 3000
189836488.512952 10077.0613374162 -3567.02081501056 1442819350970.17 -819334365443.307 -22865988.8744329 3000
195230999.264695 9857.94625704838 -3443.44434989499 1496582932455.04 -838239104440.024 -22865988.8771503 3000
200870744.665222 9642.82802952637 -3323.76982102245 1551566311375.44 -857317506333.807 -22865988.8796639 3000
206764707.628014 9431.57118883979 -3207.81716029354 1607771792991.35 -876561686391.193 -22865988.8819904 3000
212922102.224594 9224.04432096077 -3095.41610770498 1665200268604.39 -895963142157.391 -22865988.8841452 3000
219352377.695087 9020.11980349475 -2986.40551182691 1723851153621.75 -915512738839.679 -22865988.8861421 3000
226065220.826784 8819.67361746831 -2880.63271963147 1783722307219.54 -935200688582.292 -22865988.8879938 3000
233070556.443561 8622.58521505636 -2777.95303935364 1844809933535.54 -955016524131.305 -22865988.8897117 3000
240378547.462772 8428.7373855294 -2678.2292404962 1907108478999.17 -974949072037.304 -22865988.8913064 3000
247999600.499481 8238.01597391754 -2581.33101432407 1970610575273.14 -994986440943.233 -22865988.8927874 3000
255944353.013613 8050.31006026795 -2487.13470144164 2035306826884.65 -1015115961405.34 -22865988.8941636 3000
264223697.397795 7865.5112270042 -2395.52258769927 2101185903104.27 -1035324221914.22 -22865988.895443 3000
272848756.249904 7683.51400533872 -2306.382822509 2168234226935.64 -1055596979423.6 -22865988.8966329 3000
281830895.950919 7504.21539354023 -2219.6088945073 2236435977253.69 -1075919168481.31 -22865988.8977401 3000
291181729.865292 7327.51466033142 -2135.09927767621 2305772998180.55 -1096274880977.35 -22865988.8987707 3000
300913098.32954 7153.31356736605 -2052.75729721444 2376224536881.27 -1116647296653.9 -22865988.8997304 3000
311037102.037066 6981.5155954764 -1972.49054015353 2447767372259.62 -1137018728517.33 -22865988.9006245 3000
321566047.998328 6812.02672415843 -1894.21101784885 2520375310499.44 -1157370486160.3 -22865988.9014577 3000
332512496.556149 6644.75443441473 -1817.83450929513 2594019403363.91 -1177682947604.55 -22865988.9022345 3000
343889238.778599 6479.60793334178 -1743.28049550103 2668667663557.23 -1197935487134.37 -22865988.9029588 3000
355709281.649376 6316.49817005253 -1670.47200428061 2744284847284.94 -1218106425622.67 -22865988.9036345 3000
367985876.27422 6155.33724917354 -1599.33519957138 2820832510506.94 -1238173054837.27 -22865988.9042649 3000
380732484.278806 5996.03871540141 -1529.79937472915 2898268661276.29 -1258111553825.47 -22865988.9048533 3000
393962794.026903 5838.5171385938 -1461.79664488362 2976547728593.35 -1277896990811 -22865988.9054027 3000
407690696.207133 5682.68821440321 -1395.26187723493 3055620277577.1 -1297503260012.55 -22865988.9059157 3000
421930300.854995 5528.46835425904 -1330.13241049931 3135432968466.29 -1316903081467.41 -22865988.9063948 3000
436695926.61521 5375.77461581364 -1266.34793313014 3215928341697.2 -1336067956920.75 -22865988.9068423 3000
452002080.248226 5224.52469983837 -1203.85039607203 3297044552326.39 -1354968115973.87 -22865988.9072605 3000
467863474.758663 5074.63654192771 -1142.58376585611 3378715308404.73 -1373572511539.63 -22865988.9076512 3000
484295008.333412 4926.02830235218 -1082.49395322951 3460869588396.28 -1391848763494.64 -22865988.9080164 3000
501311794.271544 4778.61787523283 -1023.52855492562 3543431608574.98 -1409763159329.38 -22865988.9083578 3000
518929102.386591 4632.32318319304 -965.636921060929 3626320340322.03 -1427280555771.89 -22865988.9086769 3000
537162417.287089 4487.06143496165 -908.76981466098 3709449588535.18 -1444364403790.77 -22865988.9089752 3000
556027397.891131 4342.7492364507 -852.879421988594 3792727574076.68 -1460976665909.84 -22865988.9092541 3000
575539911.699388 4199.30207736378 -797.919125010022 3876056847844.97 -1477077803278.44 -22865988.9095148 3000
595716023.466436 4056.63418301783 -743.843427011378 3959333971214.06 -1492626713641.56 -22865988.9097586 3000
616572025.394244 3914.65805197427 -690.607767186445 4042449347963.46 -1507580697731.3 -22865988.9099866 3000
638124427.670777 3773.28427288726 -638.168451855431 4125286858069.57 -1521895386507.19 -22865988.9101997 3000
660390041.553148 3632.42072331339 -586.482366815634 4207723810667.3 -1535524721242.18 -22865988.910399 3000
683385953.792617 3491.97249523258 -535.506973349078 4289630419795.36 -1548420845091.47 -22865988.9105853 3000
707129659.893805 3351.84081645305 -485.199949596001 4370869803603.09 -1560534074869.18 -22865988.9107595 3000
731639113.608218 3211.92254211176 -435.519060860986 4451297568363.18 -1571812791126.78 -22865988.9109223 3000
756932768.701871 3072.10966238793 -386.422049674986 4530761288998.82 -1582203305632.72 -22865988.9110746 3000
783029762.533003 2932.28801366523 -337.866264684444 4609100326884.65 -1591649758981.2 -22865988.9112169 3000
809950211.012592 2792.33548818926 -289.808151013122 4686145754705.56 -1600093991091.28 -22865988.91135 3000
837715234.658908 2652.12170320134 -242.203277961967 4761719262203.34 -1607475255795.21 -22865988.9114745 3000
866347406.710506 2511.50546368196 -195.005641735915 4835633031171.92 -1613730003881.7 -22865988.9115908 3000
895871228.15702 2370.33224218775 -148.167037287545 4907689213609.91 -1618791535477.07 -22865988.9116997 3000
926313700.394956 2228.43127782891 -101.63637043229 4977679123012.08 -1622589520452.07 -22865988.9118015 3000
957705001.581885 2085.61224282588 -55.358906050189 5045382025775.26 -1625049354415.61 -22865988.9118968 3000
990079901.872596 1941.6586385886 -9.2745641953844 5110564622689.53 -1626091320138.6 -22865988.911986 3000
1023479029.06573 1796.3220789493 36.6833350859409 5172978819458.83 -1625629344540.82 -22865988.9120696 3000
1057951365.31083 1649.31126882756 82.590816179892 5232360122411.89 -1623569278138.53 -22865988.9121481 3000
1093557438.63002 1500.27828783356 128.536523422465 5288424449257.52 -1619806355814.49 -22865988.9122216 3000
1130374643.92712 1348.796154306 174.627252722949 5340864330749.8 -1614221338797.21 -22865988.9122908 3000
1168505208.5685 1194.32581846795 220.996009236633 5389342469186.63 -1606674486510.66 -22865988.9123558 3000
1208089741.24145 1036.16074218574 267.815703579929 5433482132485.72 -1596995612400.73 -22865988.912417 3000
1249331698.09727 873.328013265917 315.323802369264 5472851525102.04 -1584966502264.31 -22865988.9124744 3000
1292545363.92794 704.3963563448 363.870516159258 5506935757961.55 -1570287001834.39 -22865988.9125282 3000
1338263982.52813 527.047130207652 414.027364892402 5535081291960.24 -1552500394253.44 -22865988.9125777 3000
1387542961.1704 336.88045690243 466.892051370411 5556365044116.49 -1530790270068.91 -22865988.9126208 3000
1443250524.39936 122.368361739157 525.389885733805 5569156524715.99 -1503145800470.55 -22865988.9126475 3000
1504373008.48141 -113.465738145068 588.319913103244 5569433979337.78 -1469103522091.17 -22865988.9126094 3000
1553266128.0844 -303.253472066862 637.915888118024 5559252244165.06 -1439123946122.02 -22865988.912565 3000
1596865116.5785 -473.905842689919 681.717070894085 5542316318239.7 -1410355363910.55 -22865988.912524 3000
1637487308.73538 -634.537601967126 722.261335364729 5519808640561.02 -1381838298878.68 -22865988.9124833 3000
1675986041.14642 -788.597370472512 760.52462927723 5492420480888.76 -1353295218586.13 -22865988.9124417 3000
1712798267.95296 -937.909534224612 797.029088498369 5460648723379.72 -1324626555182.3 -22865988.912399 3000
1748185479.60363 -1083.60653513441 832.101092508934 5424887550135.19 -1295801393278.72 -22865988.9123545 3000
1782319537.71272 -1226.46233642996 865.964366665733 5385468458433.65 -1266820625014.77 -22865988.9123082 3000
1815321047.04483 -1367.04229985862 898.782124752793 5342680758183.55 -1237701250852.71 -22865988.9122595 3000
1847278692.45195 -1505.77912286439 930.678628151736 5296783679320.33 -1208468985552.37 -22865988.9122084 3000
1878260435.28558 -1643.01725474126 961.751808998435 5248013427942.89 -1179154024809.54 -22865988.9121546 3000
1908319884.37603 -1779.03829119968 992.080621163251 5196588330224.63 -1149788955912.3 -22865988.9120977 3000
1937500773.69564 -1914.07920983385 1021.73022678429 5142711648960.17 -1120407101831.47 -22865988.9120376 3000
1965839540.81573 -2048.3428991426 1050.75510677918 5086574192273.84 -1091041841805.84 -22865988.911974 3000
1993367237.65987 -2182.00612320272 1079.20138372278 5028355995512.34 -1061726053084.94 -22865988.9119067 3000
2020110976.31728 -2315.22574893427 1107.10860105732 4968227336850.63 -1032491634357.19 -22865988.9118354 3000
2046094714.03633 -2448.14208005063 1134.51077053905 4906350066546.52 -1003369459369.28 -22865988.9117597 3000
2071340181.70109 -2580.88314786043 1161.43753472128 4842877831374.63 -974388977005.969 -22865988.9116795 3000
2095867257.32093 -2713.56641259003 1187.91472373024 4777956983644.79 -945578276287.651 -22865988.9115944 3000
2119694327.38809 -2846.30046770412 1213.96487293816 4711727164094.83 -916964072655.52 -22865988.9115041 3000
2142838680.93268 -2979.18705867248 1239.60776249216 4644321449105.36 -888571569516.367 -22865988.9114082 3000
2165316747.36741 -3112.3223885985 1264.86077930862 4575866628816.76 -860424434414.385 -22865988.9113065 3000
2187144093.84623 -3245.79705042669 1289.73899671669 4506484041438.57 -832545031352.826 -22865988.9111985 3000
2208335816.48601 -3379.69835852256 1314.25568849177 4436289049611.31 -804954120586.762 -22865988.9110839 3000
2228906426.14524 -3514.10970647378 1338.42226508966 4365391953660.75 -777671164442.016 -22865988.9109623 3000
2248870060.50665 -3649.11194153585 1362.2485735276 4293897784031.77 -750714194535.037 -22865988.9108332 3000
2268240524.40951 -3784.78373738225 1385.74299673903 4221906552769.47 -724099877122.727 -22865988.9106961 3000
2287031268.85111 -3921.20152339366 1408.91246959407 4149513694883.27 -697843651221.434 -22865988.9105506 3000
2305255476.40473 -4058.44014877162 1431.76261626854 4076810079322.15 -671959710139.708 -22865988.9103962 3000
2322926151.29384 -4196.57368136135 1454.297894932 4003881916082.27 -646460958126.772 -22865988.9102323 3000
2340056026.79636 -4335.67482799793 1476.52150726806 3930811367219.04 -621359219124.002 -22865988.9100583 3000
2356657666.43828 -4475.81582812613 1498.43554652953 3857676355514.4 -596665162609.034 -22865988.9098735 3000
2372743430.35062 -4617.06831476415 1520.0409701084 3784550899765.75 -572388416571.929 -22865988.9096775 3000
2388325488.95166 -4759.50353385501 1541.33762679248 3711505242870.72 -548537607986.041 -22865988.9094693 3000
2403415879.46787 -4903.19299407081 1562.32434049695 3638605748890.19 -525120330948.543 -22865988.9092483 3000
2418026430.1292 -5048.2079022704 1582.99880821835 3565915410387.04 -502143313966.493 -22865988.9090136 3000
2432168849.90928 -5194.62015656573 1603.35772240707 3493493553466.01 -479612328298.502 -22865988.9087645 3000
2445854672.70702 -5342.50196288415 1623.39668691079 3421396234139.71 -457532318917.418 -22865988.9084999 3000
2459095242.1696 -5491.92577075139 1643.11018112477 3349676453480.8 -435907473062.672 -22865988.9082189 3000
2471901748.30173 -5642.96478058894 1662.49159638989 3278384088030.21 -414741202165.028 -22865988.9079205 3000
2484285239.27836 -5795.69324798523 1681.53323486381 3207565925016.01 -394036159093.277 -22865988.9076035 3000
2496256600.21042 -5950.18639879505 1700.22625352525 3137265877463.78 -373794308425.544 -22865988.9072667 3000
2507826542.96094 -6106.52043093394 1718.56061811002 3067525146023.52 -354016978450.595 -22865988.9069089 3000
2519005597.06708 -6264.77249577409 1736.52505272776 2998382378760.11 -334704910765.184 -22865988.9065287 3000
2529804153.24769 -6425.02143940823 1754.10706974749 2929873497695.98 -315858217081.55 -22865988.9061245 3000
2540232425.58882 -6587.34743588382 1771.29286517616 2862032015209.35 -297476474150.938 -22865988.9056949 3000
2550300452.71043 -6751.83211578079 1788.06726945902 2794889120049.36 -279558751720.682 -22865988.9052381 3000
2560018112.53081 -6918.55893856518 1804.41371603823 2728473665094.04 -262103614645.045 -22865988.9047523 3000
2569395102.53058 -7087.61300629357 1820.31414670917 2662812381917.44 -245109185290.165 -22865988.9042356 3000
2578440951.87961 -7259.08139556126 1835.74896388432 2597929881388.17 -228573148360.753 -22865988.9036859 3000
2587165010.5787 -7433.05308884339 1850.69693781333 2533848810462.07 -212492796205.474 -22865988.903101 3000
2595576464.22671 -7609.61939377068 1865.13515072717 2470589823297.42 -196865026452.592 -22865988.9024784 3000
2603684328.60026 -7788.874002065 1879.03889933353 2408171692225.74 -181686375511.894 -22865988.9018155 3000
2611497435.4085 -7970.9128083565 1892.38157432905 2346611493140.12 -166953068551.951 -22865988.9011097 3000
2619024456.04573 -8155.83458137687 1905.13459690969 2285924495389.98 -152660997529.529 -22865988.9003578 3000
2626273874.45741 -8343.74046600926 1917.26725980198 2226124448955.33 -138805794323.655 -22865988.8995566 3000
2633254000.33375 -8534.73439361596 1928.74662860114 2167223557181.48 -125382827487.552 -22865988.8987028 3000
2639972976.89716 -8728.92343532679 1939.53742334741 2109232481477.35 -112387207932.546 -22865988.8977926 3000
2646438777.23766 -8926.41786862175 1949.60187009 2052160438795.98 -99813815922.8972 -22865988.8968218 3000
2652659196.46496 -9127.33106950985 1958.89953592454 1996015341348.83 -87657336034.1135 -22865988.8957863 3000
2658641862.13208 -9331.77995245724 1967.38718109399 1940803775488.21 -75912256108.8641 -22865988.8946813 3000
2664394228.98052 -9539.88493432109 1975.01857412896 1886531117860.9 -64572896159.3162 -22865988.8935017 3000
2669923586.06447 -9751.77031123857 1981.74431134918 1833201537927.96 -53633412543.6432 -22865988.8922422 3000
2675237057.58176 -9967.56445247892 1987.51161120945 1780818054940.82 -43087813927.075 -22865988.8908967 3000
2680341595.81789 -10187.399647135 1992.26408566874 1729382674960.42 -32929992550.5508 -22865988.8894589 3000
2685243989.04204 -10411.4125270124 1995.94151303377 1678896382680.6 -23153725437.0893 -22865988.8879219 3000
2689950867.44355 -10639.7444907892 1998.47958544647 1629359144985.36 -13752678885.1694 -22865988.8862783 3000
2694468695.80701 -10872.5415102076 1999.80962744431 1580770051877.15 -4720439030.72043 -22865988.8845199 3000
2698803780.26409 -11109.9545706301 1999.85830460308 1533127312792.13 3949486060.58929 -22865988.8826379 3000
2702962269.96267 -11352.139904999 1998.54730346803 1486428302930.38 12263654584.6505 -22865988.880623 3000
2706950156.61613 -11599.2590970803 1995.79298796652 1440669633644.17 20228675335.5917 -22865988.8784646 3000
2710773279.35396 -11851.4794961315 1991.50602710369 1395847162787.12 27851203026.0144 -22865988.8761516 3000
2714437326.10446 -12108.9744564325 1985.59099182566 1351956042009 35137927029.6608 -22865988.8736719 3000
2717947832.08107 -12371.9233472171 1977.94592776827 1308990800075.49 42095554757.309 -22865988.8710122 3000
2721310188.27286 -12640.5122879048 1968.46187495371 1266945304736.42 48730815267.3203 -22865988.8681579 3000
2724529640.4743 -12914.9342533656 1957.02236069258 1225812835825.33 55050444356.072 -22865988.8650936 3000
2727611291.8536 -13195.3894282208 1943.50284520131 1185586115912.6 61061177018.4554 -22865988.861802 3000
2730560099.78512 -13482.0850101529 1927.7701520725 1146257416899.32 66769729136.3441 -22865988.8582645 3000
2733380890.00095 -13775.2366638663 1909.68176298371 1107818436737.47 72182813126.1683 -22865988.8544607 3000
2736078346.00988 -14075.0676383908 1889.0851806545 1070260502609.27 77307105887.316 -22865988.8503684 3000
2738657021.31613 -14381.8101352045 1865.81710548429 1033574468427.9 82149261123.5737 -22865988.8459632 3000
2741121338.5049 -14695.7054226589 1839.70261284042 997750786535.107 86715896488.6445 -22865988.8412186 3000
2743475588.6369 -15017.0038610812 1810.55427827034 962779579813.712 91013581976.2405 -22865988.8361053 3000
2745723937.36082 -15345.965786679 1778.17115308399 928650615663.508 95048841071.3539 -22865988.8305914 3000
2747870426.92238 -15682.8619640969 1742.33767883773 895353336215.184 98828144327.1271 -22865988.8246418 3000
2749918977.98265 -16027.9740119431 1702.82250747001 862876891367.389 102357902888.555 -22865988.818218 3000
2751873390.40708 -16381.5946220805 1659.37724211898 831210188917.16 105644460641.921 -22865988.8112777 3000
2753737348.21104 -16744.0285066258 1611.73497400359 800341877656.61 108694093724.92 -22865988.8037742 3000
2755514422.2362 -17115.5930840453 1559.60870226369 770260362901.778 111513005996.822 -22865988.7956559 3000
2757208069.5489 -17496.6184706779 1502.68970444614 740953877651.638 114107319602.353 -22865988.7868666 3000
2758821639.35332 -17887.4488405798 1440.64555000638 712410443086.067 116483076103.826 -22865988.7773432 3000
2760358372.70436 -18288.4425086964 1373.11810683594 684617933249.856 118646227953.458 -22865988.7670166 3000
2761821406.79128 -18699.9730817025 1299.72117576062 657564059575.195 120602637057.704 -22865988.75581 3000
2763213776.23405 -19122.4299394443 1220.03799143734 631236406802.736 122358068966.238 -22865988.7436385 3000
2764538416.12605 -19556.2192109761 1133.61837095767 605622436312.139 123918189574.316 -22865988.7304073 3000
2765798164.06397 -20001.7645233945 1039.97559672263 580709506799.928 125288560437.869 -22865988.7160113 3000
2766995762.92908 -20459.5080503963 938.582892787918 556484879224.121 126474634927.743 -22865988.7003334 3000
2768133862.61848 -20929.9112464076 828.869572808781 532935741249.21 127481753152.875 -22865988.6832424 3000
2769215022.64384 -21413.4559310196 710.216665851143 510049213489.072 128315137745.014 -22865988.6645921 3000
2770241715.03139 -21910.645643166 581.95195006274 487812347005.112 128979889439.578 -22865988.6442184 3000
2771216325.93659 -22422.006513609 443.344503708288 466212146384.573 129480981320.104 -22865988.6219371 3000
2772141158.11768 -22948.0885687154 293.598463554344 445235573631.524 129823253468.39 -22865988.5975407 3000
2773018433.58216 -23489.4672843609 131.845900657894 424869545819.801 130011406998.222 -22865988.5707951 3000
2773850295.557 -24046.7448931531 -42.8611804859046 405100946062.208 130049997114.73 -22865988.5414359 3000
2774638810.91547 -24620.5520732482 -231.560060277502 385916622350.786 129943425558.629 -22865988.5091621 3000
2775385972.32678 -25211.5496118471 -435.387825421236 367303390820.47 129695931989.492 -22865988.4736321 3000
2776093700.71102 -25820.4304667015 -655.593579113565 349248029342.318 129311584060.119 -22865988.434455 3000
2776763847.624 -26447.9220375635 -893.552601173126 331737269885.978 128794265756.793 -22865988.391183 3000
2777398197.5843 -27094.788673858 -1150.78285512691 314757789342.417 128147663688.955 -22865988.3433009 3000
2777998470.32171 -27761.8344078078 -1428.96432150836 298296199369.086 127375250979.566 -22865988.2902124 3000
2778566323.45467 -28449.906543053 -1729.96204473627 282339020907.1 126480267472.208 -22865988.2312248 3000
2779103354.97885 -29159.8996196963 -2055.8535322327 266872658977.408 125465695888.435 -22865988.1655282 3000
2779611106.04395 -29892.7604244444 -2408.96185828367 251883363967.545 124334232200.966 -22865988.0921699 3000
2780090933.64369 -30649.2794985822 -2791.7846523721 237361173352.868 123088612253.231 -22865988.0101374 3000
2780539188.43882 -31421.3085382435 -3202.22445192213 223451994507.301 121747298817.677 -22865987.9233903 3000
2780958026.99002 -32208.8882509769 -3642.19237442384 210129010654.549 120316052179.763 -22865987.831627 3000
2781349422.58811 -33011.9278590569 -4113.70421618112 197367715742.775 118800344540.259 -22865987.7345731 3000
2781715218.88436 -33830.2613825796 -4618.92481889831 185144551492.575 117205265378.741 -22865987.6319467 3000
2782057138.71396 -34663.6357715617 -5160.18076731306 173436865616.36 115535531353.186 -22865987.5234599 3000
2782376792.38023 -35511.6974050239 -5739.9745930545 162222869009.754 113795493908.446 -22865987.4088209 3000
2782675685.37674 -36373.9765328572 -6361.00066093757 151481593990.12 111989144629.662 -22865987.2877361 3000
2782955225.5277 -37249.8690725253 -7026.16286156216 141192855875.135 110120118583.069 -22865987.1599146 3000
2783216729.74242 -38138.6157129929 -7738.59474350547 131337212321.943 108191694506.034 -22865987.025071 3000
2783461430.29173 -39039.2773954775 -8501.68226889046 121895924888.539 106206792212.719 -22865986.8829311 3000
2783690480.73962 -39950.7067464672 -9319.0899589602 112850919115.115 104167966108.728 -22865986.7332394 3000
2783904961.52998 -40871.5144779497 -10194.7910908114 104184744099.391 102077394327.868 -22865986.5757663 3000
2784105885.26318 -41800.0295987421 -11133.1028602941 95880531285.8557 99936862638.7275 -22865986.4103208 3000
2784294201.72296 -42734.2520598729 -12138.7278254362 87921951034.1908 97747741713.8663 -22865986.2367598 3000
2784470802.76001 -43671.7962862906 -13216.8037285413 80293163345.5452 95510955229.2137 -22865986.0550072 3000
2784636526.9529 -44609.8224749691 -14372.9634240153 72978766894.5449 93226937830.4542 -22865985.8650734 3000
2784792164.29356 -45544.9532360367 -15613.4093111738 65963736617.2252 90895577326.4268 -22865985.6670799 3000
2784938460.82416 -46473.1701659354 -16945.0062274798 59233353654.5251 88516138043.8822 -22865985.4612906 3000
2785076123.51145 -47389.6848605066 -18375.4012315944 52773115676.7188 86087155590.9834 -22865985.2481523 3000
2785205825.41411 -48288.7744071115 -19913.1804110483 46568625662.472 83606293451.6813 -22865985.028343 3000
2785328211.51997 -49163.5682597367 -21568.0808539865 40605442620.0964 81070142176.7286 -22865984.8028357 3000
2785443905.68846 -50005.7654518258 -23351.2860163183 34868874624.7786 78473932518.8195 -22865984.5729771 3000
2785553519.4593 -50805.2486208884 -25275.8523065972 29343679237.7118 75811114132.5461 -22865984.3405917 3000
2785657664.09682 -51549.5387547246 -27357.3520984511 24013607279.6196 73072714124.7338 -22865984.1081095 3000
2785756968.48349 -52222.9911151797 -29614.8947629693 18860665835.8881 70246314022.4706 -22865983.8787332 3000
2785852108.17061 -52805.5416165285 -32072.8547036628 13863845257.7648 67314319386.6989 -22865983.6566355 3000
2785943857.69949 -53270.6031323954 -34764.0489839712 8996720589.83195 64250791866.2855 -22865983.4471533 3000
2786032956.77315 -53580.5628209304 -37727.7513456618 4235285293.05735 61024065770.001 -22865983.2592969 3000
2786116154.6052 -53682.6583936569 -40851.6702519497 -228253108.980819 57757785683.3565 -22865983.1356511 3000
2786194833.86721 -53541.095645417 -44160.4859624235 -4448183825.37938 54415809102.2719 -22865983.0583606 3000
2786270375.44673 -53103.9920914643 -47689.53442652 -8478409444.08054 50948798640.3935 -22865983.0001178 3000
2786344549.62054 -52288.4080883535 -51504.505258792 -12389820124.9985 47272130357.4139 -22865982.9014592 3000
2786428242.96907 -50757.0433264198 -56214.0996490734 -16707073968.402 42767323230.3077 -22865982.3286872 3000
2786504232.47113 -48641.1298276765 -60807.1852401211 -20488605640.6306 38322743881.761 -22865981.2611065 3000
2786571838.89141 -46041.9049811673 -65053.1112886135 -23693338364.9562 34068760233.8251 -22865979.9237838 3000
2786631410.57338 -43105.9916863402 -68808.4809270304 -26351844569.4226 30081331011.3958 -22865978.6462431 3000
2786684804.546 -39919.2528693037 -72075.8996923097 -28570748101.983 26319471159.1222 -22865977.5986452 3000
2786735088.25558 -36431.3247496244 -74962.5131708183 -30492295781.0192 22621655415.364 -22865976.6636105 3000
2786783976.71052 -32610.0029016786 -77491.2198196445 -32181601602.7272 18893725241.3368 -22865975.8392839 3000
2786831533.26614 -28535.136632474 -79597.7302634859 -33636794526.9656 15156875075.0503 -22865975.2504029 3000
2786877140.74707 -24364.9182420974 -81219.6031159302 -34843936898.5654 11488044826.6544 -22865974.9914961 3000
2786921404.13924 -20152.4666526614 -82373.1616254303 -35829622814.7238 7865870242.43081 -22865975.0133295 3000
2786967676.14411 -15670.3498621124 -83109.7021002812 -36658536652.3876 4035387772.45705 -22865975.3752208 3000
2787016763.0278 -10939.7453343281 -83365.9426393082 -37311306100.1985 -52670817.4447662 -22865976.1587753 3000
2787067419.95352 -6200.75098874681 -83095.3147631216 -37744604601.5622 -4271063493.24998 -22865977.2612958 3000
2787121118.02554 -1447.91481523177 -82283.4197424591 -37948501441.876 -8713547117.95078 -22865978.6887217 3000
2787179960.15234 3340.89466652324 -80884.6917834873 -37890470770.2775 -13516424031.152 -22865980.5088191 3000
2787242399.64584 7876.15876601455 -78965.214511254 -37537256445.6044 -18508830972.871 -22865982.1629672 3000
2787310490.4825 12159.8309279726 -76536.3065717076 -36851241171.2771 -23804451603.6328 -22865983.6117973 3000
2787391477.58292 16398.9123264694 -73411.2296805378 -35688807172.9593 -29877394819.6993 -22865985.2081251 3000
2787479406.03914 20070.0877725039 -69948.8012050476 -34078941527.5995 -36179955990.0374 -22865986.1312299 3000
2787556688.56654 22624.6291950765 -66974.0980412434 -32425512775.0417 -41470139412.0186 -22865986.3239584 3000
2787632199.31655 24623.4059387135 -64194.9229390112 -30638857987.4215 -46421558166.6871 -22865986.4336042 3000
2787716783.87957 26390.7285499717 -61268.699837555 -28478212320.896 -51726232312.6503 -22865986.6114225 3000
2787803944.64883 27797.7228707573 -58475.5367740501 -26113963261.56 -56943080798.6654 -22865986.814105 3000
2787895089.1815 28918.4514270491 -55794.4176586026 -23526887815.5575 -62148797905.1845 -22865987.0527337 3000
2787991329.27165 29801.8003133548 -53214.9926699492 -20699107785.8459 -67392342349.6895 -22865987.3289466 3000
2788093693.82032 30483.4505253738 -50730.9411230022 -17611602306.7401 -72710365806.4553 -22865987.6414335 3000
2788203221.33861 30990.9943336268 -48337.6861875198 -14243224974.7775 -78133390405.1896 -22865987.9880769 3000
2788321017.61108 31346.5752528444 -46031.4040532941 -10570000148.7044 -83689016410.5796 -22865988.3668349 3000
2788448302.7322 31568.4023385914 -43808.5428581965 -6564409839.34403 -89403915294.1028 -22865988.7761793 3000
2788583225.42618 31670.5677919354 -41712.8408336204 -2296927559.3501 -95170526924.0541 -22865989.1678598 3000
2788725404.9498 31672.7967502676 -39750.0610682943 2207209457.85143 -100958962809.069 -22865989.5259998 3000
2788875659.99613 31592.6015467626 -37906.6212987933 6961063237.88537 -106790394625.427 -22865989.854605 3000
2789034784.52396 31443.9032534013 -36171.5603545153 11977103232.9605 -112681510381.678 -22865990.1567595 3000
2789203571.78188 31238.0038525755 -34535.7188288289 17267618558.4159 -118646045224.015 -22865990.4349909 3000
2789382828.68852 30984.2246171028 -32991.2549947226 22844923789.1223 -124695671821.06 -22865990.6914505 3000
2789573385.88969 30690.3470464775 -31531.3311706228 28721484882.072 -130840574851.389 -22865990.9280164 3000
2789776105.28888 30362.9293616922 -30149.9010326747 34909999399.0066 -137089836615.119 -22865991.146355 3000
2789991886.14316 30007.540694734 -28841.5590300479 41423452318.9294 -143451707272.339 -22865991.3479625 3000
2790221670.17186 29628.9389998306 -27601.4308444644 48275153611.2014 -149933796561.159 -22865991.5341933 3000
2790466446.11986 29231.2090121909 -26425.0908273738 55478766311.9915 -156543215003.319 -22865991.7062781 3000
2790727253.97239 28817.8711763694 -25308.4982737321 63048327876.7954 -163286679534.702 -22865991.8653406 3000
2791005188.94377 28391.9690068664 -24247.9471852449 70998266352.0824 -170170593310.97 -22865992.0124083 3000
2791301405.38187 27956.1400135561 -23240.0256951842 79343414034.2592 -177201107767.844 -22865992.1484233 3000
2791617120.56598 27512.6740583876 -22281.5830015017 88099016944.1 -184384169493.653 -22865992.2742501 3000
2791953618.60242 27063.561643098 -21369.7015160274 97280745103.2792 -191725558999.042 -22865992.3906827 3000
2792312254.27159 26610.5344333859 -20501.6736099702 106904698866.374 -199230919439.659 -22865992.4984502 3000
2792694457.03457 26155.0993109934 -19674.9814898439 116987416569.559 -206905781148.738 -22865992.5982234 3000
2793101734.96365 25698.5674651642 -18887.2801620684 127545876778.379 -214755577878.956 -22865992.6906199 3000
2793535679.03253 25242.0789425672 -18136.3820423009 138597506332.905 -222785664214.557 -22865992.776207 3000
2793997967.25617 24786.6240064012 -17420.2439450217 150160180460.589 -231001324399.209 -22865992.8555076 3000
2794490369.20071 24333.0613080041 -16736.9551323726 162252228229.616 -239407783043.801 -22865992.9290028 3000
2795014750.36747 23882.1338673876 -16084.7270577343 174892430501.928 -248010208819.184 -22865992.9971356 3000
2795573077.07112 23434.4826571846 -15461.8837029603 188100025555.592 -256813722159.565 -22865993.0603141 3000
2796167421.10167 22990.6587587146 -14866.8533447003 201894704752.194 -265823395021.967 -22865993.1189141 3000
2796799964.76709 22551.1338079099 -14298.1608183892 216296612686.689 -275044252936.934 -22865993.173282 3000
2797473006.12724 22116.3091505033 -13754.4205020719 231326346767.613 -284481275887.605 -22865993.2237372 3000
2798188964.41245 21686.5238965432 -13234.3299441095 247004955845.617 -294139397919.721 -22865993.2705738 3000
2798950385.33977 21262.062180541 -12736.6642373403 263353931593.473 -304023501850.871 -22865993.314063 3000
2799759946.7303 20843.1594751799 -12260.2707247152 280395201713.469 -314138415009.705 -22865993.3544548 3000
2800620465.13678 20430.0077820079 -11804.0637060748 298151138934.694 -324488913913.736 -22865993.3919804 3000
2801534900.78487 20022.7611468298 -11367.0206196967 316644529295.989 -335079704683.624 -22865993.4268521 3000
2802506364.80594 19621.5395508378 -10948.1773667464 335898582969.894 -345915428522.63 -22865993.4592667 3000
2803538125.464 19226.4329434626 -10546.6246695324 355936918142.238 -357000651148.787 -22865993.4894051 3000
2804633614.6207 18837.5047801821 -10161.5046261657 376783544623.938 -368339852392.084 -22865993.5174347 3000
2805796434.90313 18454.7949878483 -9792.00732924777 398462855496.881 -379937420300.977 -22865993.5435102 3000
2807030366.7812 18078.3227248593 -9437.36785949509 420999610959.698 -391797640939.279 -22865993.5677742 3000
2808339375.81386 17708.0888492233 -9096.8634972727 444418919632.793 -403924687006.882 -22865993.5903585 3000
2809727620.41718 17344.0780350952 -8769.81105106638 468746223394.114 -416322608435.221 -22865993.611385 3000
2811199459.24898 16986.2608216627 -8455.56452026335 494007269442.297 -428995316577.419 -22865993.630966 3000
2812759459.61387 16634.5952376156 -8153.51272933216 520228094296.912 -441946574737.76 -22865993.6492059 3000
2814412405.34852 16289.0284333243 -7863.07728976658 547434992508.764 -455179981174.179 -22865993.6662009 3000
2816163305.57345 15949.4979953173 -7583.7105712149 575654493855.397 -468698956607.927 -22865993.6820399 3000
2818017403.18755 15615.9332244103 -7314.89390016865 604913329776.204 -482506726702.653 -22865993.6968055 3000
2819980183.83022 15288.2562274749 -7056.13583333053 635238401118.939 -496606305538.321 -22865993.7105738 3000
2822057385.12979 14966.3828871247 -6806.97054164153 666656743761.225 -511000478355.736 -22865993.7234154 3000
2824255005.62062 14650.2238103812 -6566.95636364602 699195482778.006 -525691779398.664 -22865993.7353957 3000
2826579314.77334 14339.6850405959 -6335.67434483066 732881796934.798 -540682474900.247 -22865993.7465751 3000
2829036862.57884 14034.6687925536 -6112.72695142521 767742869514.279 -555974540189.406 -22865993.7570097 3000
2831634489.62736 13735.0740677704 -5897.73683370132 803805839705.076 -571569637531.139 -22865993.7667516 3000
2834375372.70006 13441.2071340553 -5690.63199076852 841044460460.62 -587446531551.181 -22865993.7757863 3000
2837257004.28954 13153.8344056664 -5491.65573983671 879358042188.791 -603553868273.081 -22865993.7840376 3000
2840285390.11098 12872.7349439469 -5300.36363977174 918762223648.109 -619890793756.944 -22865993.7915829 3000
2843466680.13461 12597.700157196 -5116.3445644482 959271487167.822 -636455809993.772 -22865993.7984903 3000
2846807216.9181 12328.5285226215 -4939.21465853795 1000899729833.88 -653247027895.527 -22865993.8048202 3000
2850313539.49277 12065.0252700881 -4768.61507194545 1043660222070.32 -670262157130.224 -22865993.810627 3000
2853992388.37341 11807.0020069357 -4604.2098768626 1087565577333.04 -687498500172.157 -22865993.815959 3000
2857850707.1811 11554.2766028052 -4445.6843438121 1132627678787.07 -704952929323.135 -22865993.8208596 3000
2861895647.6729 11306.6728251657 -4292.74322445448 1178857645738.17 -722621879670.815 -22865993.8253676 3000
2866134569.32574 11064.0203211309 -4145.10939863291 1226265735800.62 -740501317540.639 -22865993.8295182 3000
2870575047.18323 10826.1540911188 -4002.52233864492 1274861340348.81 -758586744905.396 -22865993.8333427 3000
2875224872.92931 10592.9143965097 -3864.7369607898 1324652900007.33 -776873173259.316 -22865993.8368696 3000
2880092059.64401 10364.1464574574 -3731.52245266425 1375647859708.38 -795355112715.055 -22865993.8401245 3000
2885184839.73755 10139.7004742068 -3602.66138206679 1427852550691.69 -814026534912.328 -22865993.8431306 3000
2890511671.79358 9919.43121041087 -3477.94863175772 1481272166006.75 -832880870503.731 -22865993.8459088 3000
2896081242.31081 9703.19783930365 -3357.19056498798 1535910679488.12 -851910986166.173 -22865993.8484782 3000
2901902467.02817 9490.86379120475 -3240.20425679943 1591770760420.89 -871109160773.232 -22865993.850856 3000
2907984496.84186 9282.29643449847 -3126.81669418794 1648853730723.24 -890467076572.183 -22865993.8530578 3000
2914336713.96834 9077.36710712636 -3016.86422342152 1707159427537.94 -909975778387.97 -22865993.8550979 3000
2920968741.12339 8875.95069369588 -2910.19179869529 1766686187132.19 -929625674568.64 -22865993.8569894 3000
2927890429.42162 8677.92587374432 -2806.65263444207 1827430633771.55 -949406473483.14 -22865993.858744 3000
2935111880.46473 8483.17433519083 -2706.10735072008 1889387773371.74 -969307221021.707 -22865993.8603724 3000
2942643427.62228 8291.58119377719 -2608.4237909265 1952550723026.34 -989316219142.077 -22865993.8618847 3000
2950495644.72112 8103.03458885174 -2513.4764385702 2016910684082.86 -1009421025155.26 -22865993.8632896 3000
2958679353.98441 7917.42536615588 -2421.14591729619 2082456898614.23 -1029608444593.08 -22865993.8645956 3000
2967205612.18301 7734.64726545233 -2331.31877140822 2149176427679.05 -1049864469397.47 -22865993.8658101 3000
2976085719.87349 7554.59654601579 -2243.88698869229 2217054117892.77 -1070174275691.06 -22865993.86694 3000
2985331212.16376 7377.17202045225 -2158.74774969152 2286072419850.85 -1090522176802.39 -22865993.8679916 3000
2994953876.29412 7202.27455558202 -2075.80294136299 2356211407295.82 -1110891636579.03 -22865993.8689708 3000
3004965728.70666 7029.80735589683 -1994.95906728407 2427448490454.33 -1131265192940.22 -22865993.869883 3000
3015379024.64981 6859.67560114249 -1916.12686479784 2499758373317.38 -1151624454617.85 -22865993.8707329 3000
3026206239.54451 6691.78656796162 -1839.22116701433 2573112808377.87 -1171950040701.52 -22865993.8715251 3000
3037460120.20165 6526.04866648513 -1764.16028395531 2647480821726.63 -1192221651147.79 -22865993.8722639 3000
3049153607.19794 6362.37246777021 -1690.86631020078 2722828063027.14 -1212417895639.09 -22865993.8729529 3000
3061299879.22757 6200.66981701399 -1619.26456791528 2799116983109.44 -1232516353254.8 -22865993.8735958 3000
3073912332.1093 6040.8539495896 -1549.2835220055 2876306567434.72 -1252493510140.4 -22865993.8741958 3000
3087004609.74574 5882.83892022763 -1480.85440392848 2954352388979.05 -1272324781602.34 -22865993.8747559 3000
3100590539.81754 5726.54021360492 -1413.91136227881 3033206079273.08 -1291984385343.9 -22865993.8752789 3000
3114684147.34032 5571.87431329357 -1348.39116383314 3112815285839.74 -1311445343812.1 -22865993.8757674 3000
3129299719.05629 5418.75781114151 -1284.23272147136 3193123883272.74 -1330679543970.17 -22865993.8762236 3000
3144451693.50829 5267.10840862662 -1221.37743182142 3274071197881.42 -1349657557461.69 -22865993.8766499 3000
3153600000 5178.75609279224 -1185.07191124505 3321850417050.02 -1360664123729.44 -22865993.8768524 3000
