0 -11000 2000 1554958000000 0 -22865984.6761134 3000
9205081.39108333 -11541.1154657614 1996.5698451623 1451268781332.5 18399999076.231 -22865983.665328 3000
24182014.1658724 -12615.8992859585 1969.40151325367 1270723391024.47 48141746917.488 -22865980.5235907 3000
36695215.4120332 -13790.6679077405 1908.67353222223 1105843053956.43 72456434914.9484 -22865976.3051286 3000
47103536.7317972 -15082.0229624936 1804.35771051966 955902837158.113 91839493152.617 -22865970.553223 3000
55710697.3694662 -16508.1631418928 1643.09843649775 820253104577.724 106744729272.243 -22865962.626264 3000
62785478.4804721 -18090.5862497548 1406.92810375285 698148636155.847 117612057037.807 -22865951.5691061 3000
68564408.5942788 -19854.8280077103 1071.40659419781 588775551789.722 124861217057.072 -22865935.9315963 3000
73254498.5685543 -21831.3993130044 602.823492422186 491272778249.895 128886160036.364 -22865913.4593632 3000
77035957.3110553 -24056.991061479 -46.1522656427697 404748397413.192 130049350076.871 -22865880.5439692 3000
80064880.7646907 -26576.0754249604 -943.545418909947 328289954820.348 128674848485.665 -22865831.1877931 3000
82475951.8124774 -29443.1924022725 -2190.31264083353 260965829242.155 125037825330.231 -22865754.8940219 3000
84267666.7751385 -32485.420957172 -3801.9077738607 205644614452.936 119800136070.766 -22865671.357159 3000
85638338.3842988 -35765.4072367898 -5919.3289539386 158996101854.419 113267722448.646 -22865567.4748704 3000
86690404.5719201 -39263.3944009481 -8698.33667617358 119626293403.38 105708276816.704 -22865438.6507689 3000
87501511.0796282 -42921.9891570972 -12348.8391097733 86367019881.0513 97303235496.3408 -22865280.8898376 3000
88131761.7670775 -46618.8436044861 -17164.157891393 58195462768.0909 88135864729.7495 -22865092.3797669 3000
88628655.5766595 -50106.2690577714 -23579.2717764787 34180740162.0944 78151357342.9208 -22864878.2381141 3000
89053576.8212651 -52972.7882968555 -32929.1354293945 12252484854.8555 66324235639.574 -22864588.0938416 3000
89397973.8379965 -53396.6733141099 -45618.4925274482 -6166701486.46629 52973343167.4212 -22864484.3021994 3000
89714467.7624593 -47222.6213213654 -63260.867367351 -22369900746.6119 35889079577.8013 -22864083.2192621 3000
89928094.1492515 -34761.4421204482 -76140.5168052346 -31275683287.4462 20959112661.8483 -22863284.5886807 3000
90115518.9150737 -17917.3761301554 -82801.8165564868 -36269559536.1245 5956798251.99809 -22863064.7574401 3000
90300949.1795364 -699.317297599129 -82104.5243328946 -37957915717.7418 -9439283228.61423 -22863853.3620129 3000
90530525.4962767 14832.0594650733 -74661.7081944932 -36188047551.5749 -27511623668.6817 -22864856.7515936 3000
90829583.6476571 25223.359135012 -63259.9259868443 -29981072744.6928 -48102830086.968 -22865287.2052226 3000
91155807.2569942 29750.2704435773 -53382.0359506394 -20893155057.9356 -67044641866.0275 -22865460.5891113 3000
91560426.6139205 31483.6767756995 -44804.5805815382 -8420452440.60117 -86795470245.8849 -22865691.3187757 3000
92075974.7023919 31569.5550216054 -37571.2470605176 7887156849.28607 -107896537658.833 -22865932.2063193 3000
92709131.8164855 30746.1435426602 -31788.6714574801 27638925925.275 -129724239726.92 -22866105.4425443 3000
93498480.3414183 29456.1502014034 -27076.0551573501 51401510436.0003 -152825995879.298 -22866232.4386905 3000
94489946.5969946 27931.017588308 -23183.7335945274 79834142753.8741 -177607881186.667 -22866327.2331717 3000
95738448.5582901 26303.5068446613 -19939.4167439783 113656772361.314 -204389670786.964 -22866398.6750805 3000
97310684.0311217 24652.9588492466 -17215.7073811278 153664121348.137 -233454813150.266 -22866452.867563 3000
99287867.6780998 23027.2439983984 -14914.9302997124 200732400696.935 -265069719960.964 -22866494.1856558 3000
101768722.524329 21454.7859046672 -12960.5703804573 255822793728.222 -299491437656.923 -22866525.8266758 3000
104872855.170273 19951.653029905 -11291.8292154646 319982560004.439 -336969761905.161 -22866550.1538527 3000
108744592.02405 18525.9467949309 -9859.89574314125 394343630038.795 -377746007139.961 -22866568.9274094 3000
113557335.264786 17180.6055709046 -8625.26559265363 480118166709.665 -422049270876.953 -22866583.4661792 3000
119518487.843019 15915.2356187095 -7555.75197051856 578590324345.234 -470090453755.209 -22866594.7631749 3000
126874989.245302 14727.3233635825 -6624.97693475429 691103220953.106 -522054012024.943 -22866603.56936 3000
135919494.973751 13613.044015087 -5811.20875779163 819039910193.177 -578087255141.472 -22866610.4549389 3000
146949491.90769 12571.7563685408 -5099.07464187368 963196933226.403 -638043577337.177 -22866615.75768 3000
160180986.562212 11607.8845310809 -4479.04018277967 1122892521071.78 -701195471945.595 -22866619.6397087 3000
175972214.969049 10712.565458442 -3935.11053725612 1298836090343.44 -767414581150.621 -22866622.5171718 3000
194723597.204136 9877.95167755679 -3454.60007091466 1491576535520.34 -836480681826.453 -22866624.6720743 3000
216881189.664135 9097.00582330728 -3027.28661768354 1701466094295.45 -908072507254.613 -22866626.3002575 3000
242939099.308747 8363.38462529041 -2644.84139444735 1928605979599.38 -981752322170.85 -22866627.5399797 3000
273441420.768382 7671.33318567651 -2300.40908576013 2172782394455.84 -1056948448711.44 -22866628.4902364 3000
308983522.442168 7015.58697569857 -1988.29235750987 2433391761622.67 -1132935792609.82 -22866629.2227927 3000
350212477.038269 6391.27894623719 -1703.71055670105 2709353795288.56 -1208814397909.22 -22866629.7902459 3000
397826420.112115 5793.84856164406 -1442.61183808881 2999010887020.22 -1283486076202.26 -22866630.2315277 3000
452572652.238429 5218.94854015735 -1201.52394255088 3300012128073.51 -1355629180170.29 -22866630.575714 3000
515244446.660771 4662.34321732906 -977.43256951781 3609180143689.39 -1423671587544.84 -22866630.8447035 3000
586676936.156912 4119.78902472608 -767.678367791723 3922358649986.81 -1485761818801.04 -22866631.0551237 3000
667743507.230402 3586.88078596457 -569.864066715833 4234237965159.97 -1539737656173.02 -22866631.2197051 3000
759356755.772364 3058.83325180078 -381.761568056766 4538153543751.35 -1583089878510.9 -22866631.3482856 3000
862484752.556065 2530.13458522536 -201.202659739424 4825845592951.72 -1612913534563.74 -22866631.4485494 3000
978211685.417922 1993.92444058105 -25.9190689647955 5087145131754.24 -1625823600664.74 -22866631.526564 3000
1107928974.2522 1440.69648194413 146.758915269249 5309474522919.17 -1617761031182.11 -22866631.5870946 3000
1253965237.37898 854.960556654445 320.656947322535 5476747891724.14 -1583415839563 -22866631.6333611 3000
1422285699.35356 202.88004440928 503.59082369515 5565603826383.13 -1513842001235.73 -22866631.6632428 3000
1614601889.6108 -544.08655182474 699.525831713428 5533104664869.71 -1398002381352.17 -22866631.6361263 3000
1771856396.37329 -1182.72766227728 855.663326824007 5397838710734.74 -1275709810086.25 -22866631.5768081 3000
1903545022.93607 -1757.60603534795 987.341689368041 5204753842893.15 -1154385603923.95 -22866631.5132282 3000
2019069572.60521 -2310.41769568371 1106.11609885128 4970311423556.22 -1033504088456.18 -22866631.435512 3000
2121370238.73636 -2856.31695739932 1215.91807669348 4706575187149.37 -914777505792.966 -22866631.3374771 3000
2212051527.31378 -3404.27326720163 1318.71055078196 4423260422222.52 -799901954579.043 -22866631.2124918 3000
2292273223.66961 -3960.91411797829 1415.57320504636 4128375532821.4 -690270567842.114 -22866631.052537 3000
2363011164.27937 -4531.84488217604 1507.06285593447 3828524683318.99 -586938005430.881 -22866630.8474819 3000
2425147282.4244 -5122.24840112501 1593.35632213636 3529107201580.81 -490645850647.263 -22866630.5842528 3000
2479501971.94917 -5737.21907597924 1674.30434594699 3234477169562.61 -401864353487.329 -22866630.2457577 3000
2526845003.80295 -6381.98517621552 1749.43868084898 2948082225941.5 -320836491598.058 -22866629.8094365 3000
2567898390.01446 -7062.08243250529 1817.94737640964 2672587552402.38 -247619338754.763 -22866629.2452631 3000
2603336523.39407 -7783.5092524595 1878.62248088046 2409987114520.52 -182121017541.835 -22866628.5129562 3000
2633785756.54533 -8552.88070288291 1929.77875852366 2161703158111.52 -124132853814.256 -22866627.5580393 3000
2659824262.64107 -9377.59286844586 1969.13795505528 1928674742767.43 -73356915993.1349 -22866626.3062113 3000
2681982452.24258 -10266.0070808991 1993.66909586335 1711436097632.33 -29429349547.7239 -22866624.6552119 3000
2700743978.15869 -11227.6631994777 1999.37029989914 1510185606481.87 8060011764.57331 -22866622.4629208 3000
2716547262.16509 -12273.5319278987 1980.970669764 1324846231860.43 39551273572.7299 -22866619.5297068 3000
2729787444.67727 -13416.3178696671 1931.52066148193 1155118160313.02 65500889401.2697 -22866615.5718581 3000
2740818654.42362 -14670.8276236883 1841.82386616162 1000524403797.71 86370425222.4628 -22866610.1809058 3000
2749956503.67695 -16054.4208880672 1699.63881673492 860450024859.529 102617284977.269 -22866602.7601419 3000
2757480727.48033 -17587.5675787835 1488.53994527011 734175570452.722 114687018126.633 -22866592.4233133 3000
2763637899.5813 -19294.5410514405 1186.26027582458 620905189101.403 123006822370.723 -22866577.8286306 3000
2768644172.36605 -21204.2880770715 762.221185458086 519789743532.76 127979801999.454 -22866556.8979205 3000
2772688003.4599 -23351.5338654908 173.736178282644 429944955461.032 129979399530.58 -22866526.3219934 3000
2775932850.91805 -25778.2157985101 -640.060908302359 350464066370.741 129343074674.544 -22866480.6428969 3000
2778519850.66506 -28535.4281549365 -1768.46982034758 280423209994.052 126363456160.764 -22866410.426266 3000
2780456818.05215 -31477.8613402967 -3233.18911890587 222466408865.485 121647124325.89 -22866335.3213533 3000
2781950489.69658 -34681.559417606 -5172.24006090394 173192151780.163 115499613938.582 -22866238.5683619 3000
2783095883.4354 -38113.3205321345 -7717.90740876093 131609476532.886 108247327502.532 -22866118.2687271 3000
2783977436.83236 -41729.5071631367 -11059.9345781901 96496341015.9556 100100835978.951 -22865970.2057462 3000
2784660345.40086 -45433.258426117 -15460.4211337601 66787833690.8612 91177333719.1538 -22865791.542217 3000
2785195653.17286 -49027.3272205125 -21298.7436900555 41531227198.0309 81474526855.0105 -22865584.310796 3000
2785646816.04773 -52245.9160888722 -29701.1674950278 18675326393.8739 70141258552.454 -22865291.5447416 3000
2786018650.21155 -53674.9662127861 -41503.5312266777 -1097626031.89116 57091045195.8863 -22865128.7212882 3000
2786317662.89218 -50684.8521362879 -56397.3461364545 -16865284409.6837 42591777227.514 -22865123.6289759 3000
2786568346.70924 -40096.9128745933 -71911.2658579997 -28460347836.7552 26518137720.3072 -22864292.1801214 3000
2786765195.35265 -24200.42686291 -81273.5386176634 -34886464939.113 11345608731.5394 -22863737.7332778 3000
2786939369.86748 -7522.05098224196 -83224.2032052255 -37646074622.4674 -3077561214.50603 -22864128.6272712 3000
2787148980.13388 9224.02266814363 -78270.8246995653 -37363634376.3407 -20103208273.3552 -22865222.5673389 3000
2787433946.85839 22354.6414924262 -67316.2099881832 -32628658573.8157 -40862975951.9822 -22865976.9363694 3000
2787738527.88074 28430.8555250426 -57025.2669348696 -24755833710.1118 -59731116914.2616 -22866134.3436885 3000
2788112186.88662 31073.2783106925 -47873.4034585122 -13539412772.7681 -79223600799.9693 -22866354.0490212 3000
2788586368.14456 31679.0621623538 -40083.0168227804 1405231564.11005 -99947424651.9311 -22866607.2489944 3000
2789171716.75334 31125.9151857165 -33807.7733256278 19820489403.7287 -121442256198.926 -22866803.5745152 3000
2789897687.03079 29975.5392578871 -28730.3618595963 42009226707.3156 -144012589674.742 -22866945.7870421 3000
2790807718.58322 28518.8273657021 -24554.7182712592 68615656195.42 -168125876782.722 -22867051.3842305 3000
2791953021.56608 26918.051992904 -21085.0583439175 100334729597.219 -194125428402.598 -22867130.7238189 3000
2793395577.22972 25269.1469833699 -18179.5384181696 137932187849.101 -222305021144.176 -22867190.7746525 3000
2795210841.00407 23629.9617065339 -15730.6167777949 182253235318.495 -252936108022.427 -22867236.4770178 3000
2797490618.72716 22035.160391934 -13654.6300155693 234227037656.182 -286278755016.141 -22867271.4200862 3000
2800346287.77109 20504.8032327502 -11885.4137502708 294868698604.679 -322585452490.471 -22867298.2470418 3000
2803912453.40885 19049.5735513308 -10370.0359459281 365278837958.04 -362100989030.29 -22867318.9215195 3000
2808351104.31865 17674.0827964203 -9065.77748074915 446640364595.007 -405059599696.737 -22867334.9117319 3000
2813856319.58865 16379.0134192489 -7937.91498178961 540211759920.09 -451679815861.915 -22867347.3212197 3000
2820659571.81801 15162.5314656293 -6958.05140431249 647315967967.325 -502157079750.399 -22867356.983211 3000
2829035662.78407 14021.2268931218 -6102.83646466353 769323766936.165 -556653988957.95 -22867364.5294434 3000
2839299197.23218 12951.6666189132 -5353.59983765492 907499176643.328 -615233731772.617 -22867370.4162464 3000
2851667133.36233 11959.9526876293 -4701.21546692772 1061288112866.82 -677198233493.473 -22867374.7711319 3000
2866456297.20145 11039.9510164599 -4130.45908109949 1231079967480.39 -742289541002.789 -22867377.9855009 3000
2884050619.95118 10183.4885461633 -3627.54175920313 1417483566077.87 -810321093093.594 -22867380.3838962 3000
2904878780.01774 9383.23911375312 -3181.39662417549 1620930527157.28 -881011082427.603 -22867382.1903115 3000
2929416651.14403 8632.61262796424 -2783.04266876486 1841622851177.53 -953967248451.095 -22867383.5619593 3000
2958189435.35861 7925.64588243653 -2425.11516889572 2079472643694.97 -1028670156779.79 -22867384.6108393 3000
2991773215.07134 7256.90194539977 -2101.51533625723 2334031529216.25 -1104454470393.16 -22867385.4177834 3000
3030795728.69214 6621.37568965733 -1807.14411297044 2604408438604.51 -1180488237597.91 -22867386.0418006 3000
3075936154.43225 6014.40253293385 -1537.69630679122 2889174297872.13 -1255750234016.58 -22867386.5264124 3000
3127923698.54074 5431.56661267494 -1289.49836183991 3186252001653.7 -1329005421808.81 -22867386.9040165 3000
