0 -11000 2000 1554958000000 0 -22865984.6761134 3000
2207816.06519187 -11123.137236399 1999.82237877704 1530536808077.34 4415502445.14109 -22865984.6760415 3000
4494974.38965337 -11254.9347503459 1999.23866271847 1504946557330.54 8988826635.05498 -22865984.675945 3000
6730494.58427358 -11388.1805906961 1998.23480877441 1479637826753.97 13457126797.4187 -22865984.6758448 3000
8915360.85248142 -11522.9021687897 1996.79688649523 1454609835233.53 17821518132.5218 -22865984.6757407 3000
11050522.405193 -11659.1261467092 1994.91046483351 1429861976072.93 22083077018.3639 -22865984.6756327 3000
13136925.6528452 -11796.8803770131 1992.56057687183 1405393454827.29 26242904651.3588 -22865984.6755205 3000
15175501.283406 -11936.1931323047 1989.73170610377 1381203439269.54 30302100535.4635 -22865984.675404 3000
17167160.664368 -12077.0928293443 1986.40777451732 1357291107485.28 34261754683.4302 -22865984.675283 3000
19112794.014342 -12219.6078256883 1982.57213355653 1333655677538.11 38122943436.3816 -22865984.6751574 3000
21013294.3634265 -12363.7681676004 1978.20749639254 1310296120083.34 41886776404.8015 -22865984.6750267 3000
22869559.4598899 -12509.6059576048 1973.29588281926 1287211126168.9 45554399262.6985 -22865984.6748911 3000
24682442.6312825 -12657.1515507877 1967.81871715421 1264399719109.69 49126895911.483 -22865984.67475 3000
26452779.4200594 -12806.435402175 1961.75676505386 1241860939581.74 52605340937.0224 -22865984.6746034 3000
28181410.3802842 -12957.4900137657 1955.09002707067 1219593557216.06 55990843785.0599 -22865984.674451 3000
29869164.5994428 -13110.3486923034 1947.79774758642 1197596276409.15 59284515502.5239 -22865984.6742926 3000
31516851.5471119 -13265.0448008588 1939.85842276491 1175867846572.02 62487452263.6486 -22865984.6741278 3000
33125265.8604 -13421.6121212362 1931.24976083955 1154407006450.71 65600744301.6059 -22865984.6739565 3000
34695193.1144373 -13580.085406024 1921.94862219543 1133212410802.83 68625486551.7506 -22865984.6737782 3000
36227410.1052156 -13740.5004700603 1911.93097567206 1112282627080.58 71562778497.4288 -22865984.6735927 3000
37722685.5798002 -13902.8943431271 1901.17184725235 1091616125613.16 74413724829.1025 -22865984.6733998 3000
39181769.4131374 -14067.3041208166 1889.64535752213 1071211431581.33 77179414197.8549 -22865984.6731989 3000
40605396.0158022 -14233.7672374097 1877.3246765372 1051067085207.53 79860925451.7162 -22865984.6729899 3000
41994288.9197739 -14402.321956078 1864.18195396343 1031181581838.59 82459335897.2795 -22865984.6727722 3000
43349167.0147119 -14573.0081873887 1850.18820867733 1011553283490.13 84975732293.1691 -22865984.6725456 3000
44670735.12429 -14745.8664036725 1835.31336447484 992180554914.674 87411192554.4092 -22865984.6723097 3000
45959683.190847 -14920.9374732307 1819.52622565865 973061780994.248 89766783936.8552 -22865984.6720639 3000
47216692.3847073 -15098.2634528821 1802.79436289288 954195280633.892 92043573839.5413 -22865984.6718078 3000
48442433.1991962 -15277.8873729965 1785.08407884294 935579336734.16 94242625721.0316 -22865984.671541 3000
49637564.019112 -15459.8530344303 1766.36037595775 917212220941.998 96364996049.1825 -22865984.6712629 3000
50802733.5484527 -15644.205373782 1746.58686529513 899092159698.505 98411738173.732 -22865984.6709732 3000
51938576.6356568 -15830.9898062689 1725.72578002537 881217402235.611 100383894538.653 -22865984.670671 3000
53045717.1716461 -16020.2526360625 1703.73787786304 863586180068.842 102282501496.204 -22865984.6703559 3000
54124775.1820001 -16212.0423298821 1680.58222404097 846196595385.391 104108600841.752 -22865984.6700274 3000
55176356.3469734 -16406.4077803971 1656.21632057064 829046789582.461 105863221237.986 -22865984.6696846 3000
56201050.8117414 -16603.3979420632 1630.59609910412 812134969795.691 107547376298.274 -22865984.669327 3000
57199446.9318604 -16803.0644335253 1603.67551490521 795459186163.451 109162086909.785 -22865984.6689537 3000
58172120.5584985 -17005.4595973848 1575.4067081727 779017508686.556 110708362820.179 -22865984.6685642 3000
59119632.4479576 -17210.6358389486 1545.74002986973 762808077227.027 112187198543.394 -22865984.6681575 3000
60042540.6313061 -17418.6482460021 1514.62358535641 746828894374.43 113599592483.243 -22865984.6677327 3000
60941390.9236739 -17629.5526394645 1482.00341346874 731077988390.326 114946531380.343 -22865984.6672891 3000
61816716.4469884 -17843.4053464763 1447.82344076722 715553427312.795 116228989620.791 -22865984.6668257 3000
62669045.1742055 -18060.2650046149 1412.0250985684 700253189045.074 117447940059.225 -22865984.6663415 3000
63498894.7255097 -18280.1913793921 1374.54739507987 685175254793.003 118604345728.854 -22865984.6658353 3000
64306771.7355553 -18503.2451407307 1335.32684873139 670317624814.829 119699158799.524 -22865984.6653062 3000
65093173.6688023 -18729.4882991864 1294.29730238106 655678289352.25 120733322915.166 -22865984.6647528 3000
65858586.9781551 -18958.9836364171 1251.38990848961 641255266603.068 121707770567.131 -22865984.6641741 3000
66603494.3054921 -19191.7968686536 1206.53259344225 627046469870.764 122623431907.086 -22865984.6635687 3000
67328368.9882611 -19427.9951474668 1159.65017789778 613049811363.119 123481226909.061 -22865984.6629351 3000
68033673.0302237 -19667.6463311605 1110.66438160983 599263245633.408 124282062871.667 -22865984.6622719 3000
68719862.8024499 -19910.8208590686 1059.49329158335 585684662227.552 125026840782.044 -22865984.6615773 3000
69387383.8069132 -20157.5899944138 1006.0515513998 572311990640.939 125716448971.984 -22865984.66085 3000
70036673.3043945 -20408.0266724166 950.250017705166 559143152628.441 126351765935.324 -22865984.660088 3000
70668160.2634988 -20662.2054801573 891.995577532644 546176066132.52 126933659960.658 -22865984.6592895 3000
71282265.5999104 -20920.2027451571 831.190930036418 533408643356.289 127462989060.01 -22865984.6584525 3000
71879405.0284788 -21182.0978091068 767.7340624212 520838733264.121 127940602855.663 -22865984.6575748 3000
72459983.5700284 -21447.9707235309 701.518564953475 508464238664.6 128367337518.843 -22865984.6566542 3000
73024398.6053142 -21717.903465012 632.433113406678 496283056541.466 128744018313.043 -22865984.6556883 3000
73573040.8357933 -21991.9804272896 560.361080481263 484293059714.657 129071459806.608 -22865984.6546746 3000
74106294.0345028 -22270.2883873867 485.180254190659 472492103983.69 129350465102.982 -22865984.6536101 3000
74624533.0743138 -22552.9154768572 406.76281945291 460878074631.636 129581824484.625 -22865984.6524921 3000
75128125.8881321 -22839.9521422726 324.974792584302 449448846629.472 129766316313.932 -22865984.6513175 3000
75617434.1479065 -23131.491594264 239.675544387928 438202271297.462 129904706742.724 -22865984.6500828 3000
76092811.5181165 -23427.6288149758 150.717718160888 427136218712.743 129997748719.017 -22865984.6487848 3000
76554605.3099324 -23728.4615274053 57.9465571492363 416248542665.089 130046182154.292 -22865984.6474194 3000
77003155.8031575 -24034.0898066655 -38.8004057674301 405537098851.885 130050733318.065 -22865984.6459824 3000
77438796.9251567 -24344.6165449984 -139.693949995482 394999731411.89 130012114459.787 -22865984.6444699 3000
77861855.443335 -24660.1468975335 -244.913480949604 384634294998.407 129931023419.856 -22865984.6428767 3000
78272651.4124587 -24980.7885479723 -354.647634956666 374438647185.637 129808143343.171 -22865984.6411984 3000
78671499.1088544 -25306.6524472127 -469.095105020966 364410627877.006 129644141934.542 -22865984.6394289 3000
79058706.3912143 -25637.8523676744 -588.465118298191 354548077369.15 129439671026.248 -22865984.6375627 3000
79434575.4817333 -25974.5055966659 -712.978364473208 344848818922.348 129195365602.507 -22865984.6355937 3000
79799401.4659749 -26316.7316162445 -842.867244023887 335310699931.009 128911844183.884 -22865984.6335149 3000
80153474.4138803 -26664.6540076785 -978.377370384071 325931539781.293 128589706876.711 -22865984.631319 3000
80497078.8458999 -27018.4001077416 -1119.76834280035 316709145188.264 128229534718.612 -22865984.6289981 3000
80830492.0520577 -27378.0992432369 -1267.31398428144 307641358166.093 127831890894.018 -22865984.6265439 3000
81153986.6386826 -27743.8853076708 -1421.30440042273 298725990526.623 127397317486.7 -22865984.623947 3000
81467830.2320984 -28115.8966530234 -1582.04712351555 289960832925.195 126926334439.97 -22865984.6211972 3000
81772285.0569526 -28494.2757247283 -1749.86824335327 281343668223.067 126419438952.987 -22865984.6182833 3000
82067607.9068095 -28879.1690549211 -1925.11379948416 272872274602.394 125877104511.566 -22865984.6151938 3000
82354050.2488315 -29270.7273983748 -2108.15137612684 264544424982.839 125299779662.383 -22865984.6119155 3000
82631859.105721 -29669.107010066 -2299.37241563104 256357863299.03 124687884881.219 -22865984.608434 3000
82901276.6079259 -30074.4692089987 -2499.19395057282 248310318797.189 124041811700.081 -22865984.6047336 3000
83161959.5895995 -30486.041661476 -2707.57903857136 240417202373.606 123363492690.196 -22865984.6008407 3000
83413393.0386451 -30902.5880782155 -2924.22087119344 232700044611.315 122655821499.034 -22865984.5968084 3000
83655697.0847581 -31323.7527222754 -3149.23539606974 225161605153.691 121920350050.197 -22865984.5926504 3000
83889210.0675286 -31749.5307913358 -3382.92790333806 217797785621.063 121158017469.417 -22865984.5883631 3000
84114258.0585085 -32179.9120343822 -3625.61572949229 210604573367.076 120369727852.699 -22865984.5839423 3000
84331155.1813241 -32614.8800138215 -3877.62864090482 203578043987.045 119556351345.484 -22865984.5793844 3000
84540204.1782565 -33054.4118173891 -4139.30951490792 196714355502.954 118718724300.144 -22865984.5746851 3000
84741696.719152 -33498.4772561334 -4411.01477901684 190009750329.871 117857650264.958 -22865984.5698403 3000
84935914.0449392 -33947.0387723968 -4693.1153382015 183460545685.68 116973899477.229 -22865984.5648462 3000
85123127.1932547 -34400.0504532811 -4985.99703496692 177063137251.674 116068209921.989 -22865984.5596987 3000
85303597.3359324 -34857.4572098656 -5290.06125905926 170813998907.083 115141287959.096 -22865984.5543934 3000
85477576.3604839 -35319.1945658786 -5605.72604564916 164709673498.693 114193807539.373 -22865984.5489266 3000
85645307.1051153 -35785.1875946256 -5933.4267180517 158746774957.667 113226410933.961 -22865984.5432936 3000
85807023.6053027 -36255.3497762201 -6273.61654367669 152921989880.165 112239709469.657 -22865984.5374899 3000
85962951.574715 -36729.5824708131 -6626.76793261254 147232070337.757 111234282764.106 -22865984.5315118 3000
86113308.6518683 -37207.7737089205 -6993.37328267712 141673834554.888 110210679131.469 -22865984.525355 3000
86258304.654231 -37689.7968976215 -7373.94587262153 136244167099.747 109169415925.219 -22865984.5190154 3000
86398142.0128036 -38175.5100577698 -7769.02132313568 130940011943.52 108110978441.279 -22865984.5124886 3000
86533016.036313 -38664.7544829216 -8179.15880616603 125758371320.722 107035819717.011 -22865984.5057706 3000
86663115.1199753 -39157.3530837089 -8604.94217619818 120696306448.874 105944360667.185 -22865984.4988583 3000
86788620.9876782 -39653.1087044188 -9046.98126778642 115750936761.948 104836989896.59 -22865984.4917475 3000
86909709.0604247 -40151.8028280713 -9505.9137908791 110919433802.528 103714062187.714 -22865984.4844348 3000
87026548.6336943 -40653.1934225966 -9982.40676214626 106199022218.034 102575898384.509 -22865984.4769169 3000
87139303.1659025 -41157.0130626469 -10477.1584975692 101586976079.765 101422784090.82 -22865984.4691908 3000
87248130.4947291 -41662.9665768523 -10990.9005362877 97080617758.518 100254968788.164 -22865984.4612536 3000
87353183.0321926 -42170.728358853 -11524.3996347993 92677317456.974 99072664998.8635 -22865984.4531034 3000
87454608.1165299 -42679.9401961364 -12078.4608085411 88374485869.4466 97876045393.9574 -22865984.4447381 3000
87552548.1937792 -43190.2080548262 -12653.9299163705 84169573532.9607 96665241326.8403 -22865984.4361567 3000
87647140.9577453 -43701.0982620413 -13251.6962092552 80060071851.5339 95440341697.0821 -22865984.4273587 3000
87738519.6142579 -44212.1339201341 -13872.6958958571 76043508610.2077 94201389992.3079 -22865984.4183439 3000
87826813.1721305 -44722.7910821644 -14517.9164452938 72117441904.5074 92948380349.9694 -22865984.4091134 3000
87912146.6332608 -45232.4938723501 -15188.4007915617 68279458169.6499 91681254370.2245 -22865984.399668 3000
87994641.1523021 -45740.6087612345 -15885.2517607455 64527171464.0735 90399897948.4332 -22865984.3900113 3000
88074414.3800686 -46246.4392172888 -16609.6386593442 60858214232.5577 89104134666.3165 -22865984.3801472 3000
88151580.6188138 -46749.2183626899 -17362.8032030459 57270236312.9762 87793721183.7724 -22865984.3700807 3000
88226251.0602157 -47248.1010502808 -18146.0669691861 53760900095.8223 86468340581.8561 -22865984.3598192 3000
88298534.1700078 -47742.1556772073 -18960.8416383072 50327868544.8178 85127591911.6321 -22865984.3493707 3000
88368535.8855899 -48230.3532389803 -19808.6388743265 46968801738.3107 83770981563.6941 -22865984.3387473 3000
88436359.9007786 -48711.5550275186 -20691.0826686043 43681349314.3836 82397911696.1391 -22865984.327961 3000
88502108.07654 -49184.4988718001 -21609.9254443568 40463136728.4673 81007664189.71 -22865984.317028 3000
88565880.822774 -49647.7822538305 -22567.066701222 37311752757.5894 79599382566.8623 -22865984.3059676 3000
88627777.5645592 -50099.8422955389 -23564.5763108837 34224732880.0671 78172049056.9198 -22865984.2948 3000
88687897.2952136 -50538.9315858127 -24604.7236543915 31199538423.0576 76724455768.4954 -22865984.2835526 3000
88746339.2834072 -50963.0888859378 -25690.0152653612 28233528162.8475 75255167089.2842 -22865984.2722554 3000
88803203.8882176 -51370.1023404353 -26823.2422744296 25323924808.7606 73762472680.5515 -22865984.2609439 3000
88858593.6372184 -51757.463428846 -28007.5432475904 22467768755.7291 72244324922.1827 -22865984.2496588 3000
88912614.6629262 -52122.3080928593 -29246.4888553715 19661854425.8179 70698254570.2723 -22865984.2384467 3000
88965378.6065727 -52461.3394289554 -30544.1971658164 16902644021.8888 69121256359.405 -22865984.2273612 3000
89017005.4580816 -52770.7251127285 -31905.500763694 14186134987.7852 67509622675.7297 -22865984.216464 3000
89067627.4993965 -53045.9544048637 -33336.1867085511 11507673568.2849 65858706735.4426 -22865984.2058234 3000
89117395.3617399 -53281.6338050363 -34843.3624232701 8861663720.11546 64162562529.1545 -22865984.1955118 3000
89166229.3957901 -53470.3131648624 -36427.3684784981 6254907759.85207 62422784386.4281 -22865984.1858542 3000
89213630.6115237 -53603.0795732396 -38072.3514924849 3716985395.40785 60657529387.309 -22865984.1775179 3000
89259372.0443654 -53673.1712549829 -39767.4106714419 1263260668.78255 58877694980.7044 -22865984.1707697 3000
89303673.1181885 -53674.8531969748 -41516.5026039301 -1114819929.24691 57077614432.5699 -22865984.1653728 3000
89346752.034102 -53601.1797924073 -43324.4531171797 -3425778971.65368 55250574913.0774 -22865984.1610413 3000
89388838.5294426 -53443.5713270137 -45197.5341500877 -5678671296.99757 53388162304.2152 -22865984.1573877 3000
89430191.3362216 -53191.0893746697 -47144.4017941903 -7883854117.54033 51479231690.5664 -22865984.1538353 3000
89471129.4068885 -52829.1060466659 -49177.9156539439 -10054396113.8642 49507969217.7009 -22865984.1494327 3000
89514256.6453932 -52306.5899598915 -51434.8973190623 -12322063577.434 47338813847.9224 -22865984.1398149 3000
89560237.8928429 -51562.830937832 -53968.1186525521 -14710882697.247 44916023712.8431 -22865984.1165257 3000
89605657.1172427 -50607.6592319843 -56591.2029583422 -17032027865.6829 42405696821.8106 -22865984.0751719 3000
89647910.948967 -49492.3694098 -59126.8350052376 -19147654268.9071 39961226930.1442 -22865984.0233459 3000
89688398.7065782 -48191.8307979023 -61625.9041983816 -21125970288.4501 37516918302.5498 -22865983.9543786 3000
89726249.0843672 -46748.7305955028 -64003.929203846 -22923462988.6672 35139441795.0721 -22865983.8784804 3000
89760442.9950372 -45240.3762353147 -66166.9965552194 -24496769370.4944 32913924890.6849 -22865983.814528 3000
89792064.4324474 -43662.0848406404 -68160.7296852045 -25902856531.4455 30790064257.7781 -22865983.7583222 3000
89821952.3471873 -42001.8477049474 -70021.0780784508 -27183428127.371 28724999555.1301 -22865983.7061944 3000
89850606.302331 -40253.1985229661 -71764.9519349096 -28362262981.9206 26693520012.0696 -22865983.6567798 3000
89878377.830693 -38411.3415127008 -73400.8191737457 -29454913792.1919 24677638468.6437 -22865983.6095762 3000
89905545.0960186 -36471.6613053768 -74932.5515599073 -30472401406.913 22662559938.9688 -22865983.5645227 3000
89932351.2663893 -34428.8014215547 -76361.1243052273 -31422965369.0804 20634556129.2815 -22865983.5218587 3000
89960496.5876049 -32154.1299116558 -77755.09269116 -32360264096.0872 18465455831.4335 -22865983.4690127 3000
89986860.9430186 -29913.091772402 -78946.9805866335 -33178666665.8565 16399523344.3551 -22865983.4361372 3000
90012342.3852491 -27657.4160318244 -79981.4443225458 -33912330209.6378 14374403198.5973 -22865983.4140368 3000
90037196.8944216 -25384.9157875302 -80868.9604757679 -34571634832.1136 12375216517.9859 -22865983.4008336 3000
90061625.5960599 -23095.1042093009 -81616.4296684441 -35163886143.6984 10390304260.6373 -22865983.3953347 3000
90085798.4315023 -20788.2992875277 -82228.4738576909 -35694347016.2469 8409746130.30972 -22865983.3967447 3000
90109867.3377869 -18465.2164478005 -82708.0846180863 -36166779509.8992 6424562649.9144 -22865983.40452 3000
90136633.3866759 -15868.7867833226 -83087.387783922 -36626282167.0144 4205355544.70242 -22865983.4284229 3000
90163582.919767 -13260.042245025 -83306.1086838181 -37018751852.3579 1962877217.71415 -22865983.4627438 3000
90190916.9243238 -10639.5580160049 -83364.462786509 -37345307378.7032 -315378443.12976 -22865983.5071197 3000
90218853.630412 -8007.27097961651 -83260.9374641189 -37605643068.1694 -2643234614.05314 -22865983.5615106 3000
90247646.2956996 -5361.79972215861 -82991.957532733 -37797923223.144 -5037047331.38033 -22865983.6263008 3000
90277608.7028176 -2699.48941725074 -82551.1110244796 -37918439827.7633 -7517472003.7793 -22865983.702517 3000
90309159.9728401 -12.6079348081944 -81927.5683926513 -37960891069.8831 -10112631337.844 -22865983.7923446 3000
90342421.4449119 2675.7775195008 -81115.7877841466 -37916173802.9844 -12824568536.1964 -22865983.8927569 3000
90376481.7421653 5264.55657327644 -80145.6587185441 -37780466100.948 -15571236908.5675 -22865983.9845219 3000
90411852.7704728 7770.66138659353 -79017.0517308508 -37549379234.0013 -18386434753.9534 -22865984.0698237 3000
90449224.4411261 10215.0366353732 -77720.2716525556 -37212652735.9491 -21315490897.8685 -22865984.1514654 3000
90489688.2216148 12629.8016044242 -76228.3199443724 -36749658115.407 -24430415692.0153 -22865984.2341189 3000
90535614.8627347 15090.3785629723 -74463.6078594096 -36112002037.1748 -27891019400.0742 -22865984.3316135 3000
90578540.3682201 17137.3588245513 -72778.5820200745 -35419465816.5503 -31051313529.5986 -22865984.3722806 3000
90626501.6469603 19158.911936091 -70886.9303201038 -34547988473.2731 -34496486573.2187 -22865984.4129004 3000
90670268.5196402 20781.5222161522 -69174.6171519282 -33673222092.8263 -37561432954.8426 -22865984.4275026 3000
90712345.3493026 22161.6052426833 -67555.7625104942 -32769181076.1575 -40437909425.166 -22865984.4352236 3000
90753850.9824674 23367.7508358306 -65994.9567341241 -31823814194.5784 -43209325799.9661 -22865984.4406548 3000
90799921.7772503 24545.4996923699 -64312.535093452 -30719500018.5454 -46210795917.0998 -22865984.4487734 3000
90846310.7859973 25579.7631745619 -62677.5090501373 -29556318170.1371 -49156029779.6611 -22865984.4568934 3000
90893374.737282 26492.4786532198 -61082.7934113054 -28330450596.8133 -52068096646.0133 -22865984.4657087 3000
90941384.3200087 27299.442382721 -59524.1853108729 -27038718475.3055 -54962965537.3274 -22865984.4755473 3000
90990563.2398591 28012.7259293755 -57999.0269618807 -25678183897.0145 -57852503318.4152 -22865984.4865599 3000
91041109.14891 28641.9629876328 -56505.5272197234 -24245939768.1303 -60746059590.1653 -22865984.4988055 3000
91093205.526931 29195.0879465967 -55042.4054393448 -22738998739.131 -63651351743.7221 -22865984.5122964 3000
91147029.113899 29678.7925429491 -53608.6906535595 -21154226107.8539 -66575000774.4024 -22865984.5270143 3000
91202754.9294764 30098.8243046624 -52203.6034551904 -19488294754.3464 -69522874628.1457 -22865984.5429299 3000
91260560.0763708 30460.1915497672 -50826.4807139235 -17737646564.2225 -72500327036.5605 -22865984.5600049 3000
91320626.7301424 30767.3082138117 -49476.7289943127 -15898459486.9673 -75512365669.1687 -22865984.5782011 3000
91383144.7704234 31024.0999285595 -48153.7931672678 -13966613421.3861 -78563780790.8366 -22865984.5974817 3000
91448314.2345245 31234.0833828269 -46857.1352479716 -11937653731.3596 -81659247472.2476 -22865984.6178145 3000
91516347.7937098 31400.4269850363 -45586.2189662131 -9806749187.47783 -84803413196.3429 -22865984.6391723 3000
91587462.431254 31525.9818732583 -44340.6836335848 -7568987664.72271 -88000491900.489 -22865984.6615193 3000
91660843.0637082 31612.4022431043 -43136.7679965308 -5252176500.21964 -91209584726.2809 -22865984.6832588 3000
91736325.0931513 31663.3728209032 -41977.0014035335 -2863864717.42517 -94421385984.6229 -22865984.7039614 3000
91814054.7565617 31682.6311195802 -40858.6073393112 -401734848.09595 -97640302090.808 -22865984.7236991 3000
91894173.1274978 31673.42192726 -39779.1666166904 2136435259.72265 -100870111902.017 -22865984.7425313 3000
91976818.1591544 31638.5878050281 -38736.5417469729 4752806694.82761 -104114106331.451 -22865984.7605114 3000
92062126.2652807 31580.6377628404 -37728.8211156648 7449505769.78861 -107375192863.857 -22865984.7776856 3000
92150233.2700626 31501.8006967369 -36754.2804086536 10228635030.6129 -110655963880.632 -22865984.7940955 3000
92241275.5828218 31404.0673011353 -35811.3482423175 13092294733.7849 -113958765011.093 -22865984.8097801 3000
92335390.8046446 31289.2238743725 -34898.5836421692 16042588799.6613 -117285735234.475 -22865984.824775 3000
92432718.2810575 31158.8798532307 -34014.6575114463 19081630909.935 -120638840607.469 -22865984.8391129 3000
92533399.5261877 31014.4905704143 -33158.3380651524 22211547968.7917 -124019899915.062 -22865984.8528249 3000
92637578.7896697 30857.3759122195 -32328.4772989335 25434489032.4175 -127430612131.123 -22865984.8659394 3000
92745403.476441 30688.7360575554 -31524.0008163092 28752630344.8879 -130872576012.601 -22865984.8784845 3000
92857024.233368 30509.6652882958 -30743.9014641139 32168170713.7245 -134347297223.078 -22865984.8904855 3000
92972595.5067477 30321.1630744306 -29987.2304719307 35683341852.1894 -137856209071.839 -22865984.9019674 3000
93092275.7160312 30124.1441137559 -29253.0924870391 39300407196.3069 -141400679480.433 -22865984.9129535 3000
93216227.2064752 29919.4474044085 -28540.6423273346 43021654455.9407 -144982010980.514 -22865984.9234656 3000
93344617.1265242 29707.8426611138 -27849.0768983316 46849416195.6488 -148601466777.417 -22865984.9335253 3000
93477617.0790956 29490.0378109794 -27177.6349687858 50786053576.6216 -152260260035.968 -22865984.9431523 3000
93615403.6123443 29266.6843093248 -26525.5923539826 54833965492.1079 -155959567114.383 -22865984.9523665 3000
93758158.4098185 29038.3822776527 -25892.2592888294 58995588671.2438 -159700531330.956 -22865984.9611853 3000
93906068.602924 28805.6848739551 -25276.9775636599 63273401357.715 -163484269409.366 -22865984.9696268 3000
94059326.4994943 28569.1030800984 -24679.1202778869 67669910159.0153 -167311862698.884 -22865984.9777074 3000
94218130.5288277 28329.1081516359 -24098.0868078318 72187672019.6692 -171184379006.466 -22865984.9854432 3000
94382684.7956855 28086.1358716933 -23533.3036517681 76829276027.868 -175102858739.119 -22865984.9928491 3000
94553199.7851516 27840.5887115242 -22984.2209703436 81597358154.5632 -179068329410.599 -22865984.99994 3000
94729891.7656242 27592.8396179539 -22450.3137204119 86494579275.156 -183081788962.188 -22865985.0067294 3000
94912984.4995297 27343.2322662621 -21931.0756708509 91523667414.392 -187144241978.009 -22865985.0132307 3000
95102707.7022207 27092.0856881163 -21426.0235419467 96687369559.8235 -191256661299.796 -22865985.0194566 3000
95299298.3377587 26839.6947062693 -20934.6925685019 101988482157.524 -195420014156.501 -22865985.0254191 3000
95503000.3648915 26586.3323524959 -20456.636771464 107429838674.321 -199635253097.959 -22865985.0311298 3000
95714065.6757961 26332.2506096013 -19991.426336251 113014329174.994 -203903331933.366 -22865985.0365999 3000
95932753.4294675 26077.6830272469 -19538.6488750214 118744876826.734 -208225188116.257 -22865985.0418395 3000
96159330.1366948 25822.8461745727 -19097.9086291102 124624435052.006 -212601741745.375 -22865985.046859 3000
96394070.9914685 25567.9396246763 -18668.8234759074 130656016646.816 -217033917955.922 -22865985.0516679 3000
96637259.4638941 25313.1478862226 -18251.0256466288 136842677082.279 -221522634567.049 -22865985.0562753 3000
96889187.292301 25058.6417032261 -17844.1614236412 143187508660.178 -226068798358.342 -22865985.0606901 3000
97150154.7936855 24804.5789187097 -17447.8902844869 149693642807.335 -230673307323.554 -22865985.0649206 3000
97420471.915023 24551.1046036351 -17061.8831258616 156364270317.776 -235337065214.016 -22865985.0689749 3000
97700457.2020626 24298.3531355511 -16685.8236542666 163202609631.795 -240060959343.664 -22865985.0728606 3000
97990439.0521063 24046.4480063351 -16319.4063740191 170211931840.634 -244845878435.863 -22865985.0765851 3000
98290754.9674034 23795.5034201966 -15962.3373995139 177395536461.072 -249692696187.118 -22865985.0801549 3000
98601753.1319686 23545.6238173685 -15614.3323441105 184756783284.942 -254602293126.635 -22865985.0835772 3000
98923791.6281612 23296.9053923826 -15275.1171947635 192299067125.456 -259575539535.889 -22865985.0868582 3000
99257239.5144421 23049.4360214764 -14944.4270054901 200025836887.945 -264613308232.803 -22865985.090004 3000
99602476.1808023 22803.2965013159 -14622.0064708269 207940574020.674 -269716460446.062 -22865985.0930205 3000
99959891.7618338 22558.5608849431 -14307.6093071313 216046796036.92 -274885848496.297 -22865985.0959131 3000
100329888.804543 22315.296006907 -14000.9967110898 224348087684.105 -280122335631.526 -22865985.0986872 3000
100712880.627683 22073.5632453613 -13701.9387468885 232848056919.306 -285426767901.804 -22865985.1013478 3000
101109291.967157 21833.4185982353 -13410.2135695339 241550343452.584 -290799980080.343 -22865985.1038998 3000
101519560.826507 21594.9121120412 -13125.6059782872 250458652639.135 -296242816602.437 -22865985.1063479 3000
101944137.184982 21358.089227684 -12847.9083598043 259576719885.436 -301756109391.661 -22865985.1086963 3000
102383484.929065 21122.9901897575 -12576.919332709 268908345269.033 -307340698830.037 -22865985.1109495 3000
102838078.077042 20889.6525217491 -12312.4459822741 278457306502.082 -312997381733.764 -22865985.1131114 3000
103308407.513707 20658.1078984405 -12054.2996898622 288227494570.363 -318726992362.427 -22865985.1151858 3000
103794977.865975 20428.3843588348 -11802.2981805702 298222838886.99 -324530356992.837 -22865985.1171768 3000
104298305.144718 20200.5077308636 -11556.2665397053 308447252576.98 -330408262658.713 -22865985.1190875 3000
104818921.479097 19974.4997342326 -11316.034637583 318904722918.572 -336361509924.575 -22865985.1209213 3000
105357372.110387 19750.3797185529 -11081.4385696507 329599242756.604 -342390873367.235 -22865985.1226816 3000
105914222.14089 19528.1622218757 -10852.317694902 340534936766.077 -348497172577.477 -22865985.1243716 3000
106490046.001798 19307.8616294889 -10628.5190981075 351715845385.248 -354681150670.984 -22865985.125994 3000
107085438.8386 19089.4878930475 -10409.8927843334 363146141380.258 -360943595521.044 -22865985.1275518 3000
107701007.686864 18873.0502408672 -10196.2951155827 374829950332.532 -367285240236.307 -22865985.1290475 3000
108337379.704731 18658.554419359 -9987.58571173789 386771501183.537 -373706845780.754 -22865985.130484 3000
108995199.456217 18446.0040737795 -9783.62855397019 398975064494.037 -380209166452.17 -22865985.1318635 3000
109675124.894744 18235.4022418385 -9584.29310632438 411444870848.003 -386792906771.055 -22865985.1331885 3000
110377834.56566 18026.7492445054 -9389.45200753156 424185236852.526 -393458788796.943 -22865985.1344613 3000
111104025.574989 17820.0436673427 -9198.98177542233 437200517857.58 -400207526371.322 -22865985.1356838 3000
111854410.934689 17615.283312343 -9012.76343101794 450495052588.447 -407039796558.858 -22865985.1368583 3000
112629724.854607 17412.4639035112 -8830.68107221451 464073249711.213 -413956284546.925 -22865985.1379867 3000
113430721.203801 17211.579793371 -8652.62231862851 477939550697.654 -420957663983.371 -22865985.1390711 3000
114258172.912617 17012.6243089223 -8478.47841032515 492098410918.865 -428044587387.428 -22865985.1401131 3000
115112871.157193 16815.5900813643 -8308.1442859793 506554278119.327 -435217675730.874 -22865985.1411144 3000
115995632.507051 16620.4675836368 -8141.51713476528 521311704499.822 -442477573972.612 -22865985.1420768 3000
116907289.093216 16427.2475583996 -7978.49831519735 536375171858.36 -449824864370.922 -22865985.1430019 3000
117848698.320402 16235.9190000347 -7818.99145379739 551749245796.287 -457260142617.333 -22865985.1438911 3000
118820738.62176 16046.4702819605 -7662.90325337376 567438495089.149 -464783977972.505 -22865985.1447459 3000
119824312.444041 15858.8887168519 -7510.14297678379 583447530937.135 -472396932124.736 -22865985.1455677 3000
120860340.017509 15673.1618504894 -7360.62335377915 599780898760.236 -480099507827.726 -22865985.1463578 3000
121929769.068322 15489.275772867 -7214.25906604889 616443224179.118 -487892218429.968 -22865985.1471176 3000
123033572.890263 15307.2157115778 -7070.96711960832 633439170391.525 -495775566834.763 -22865985.1478481 3000
124172746.547211 15126.9667989047 -6930.66732706585 650773369803.027 -503750013646.435 -22865985.1485508 3000
125348310.08577 14948.5136258688 -6793.28182963701 668450464893.773 -511815996467.649 -22865985.1492266 3000
126561308.988041 14771.8402972764 -6658.73502939424 686475105175.151 -519973928435.448 -22865985.1498767 3000
127812814.801206 14596.9304585489 -6526.9535045966 704851946589.041 -528224197879.517 -22865985.1505019 3000
129103925.503889 14423.767359183 -6397.86595740559 723585646792.274 -536567166130.232 -22865985.1511034 3000
130435764.435283 14252.3340904957 -6271.40329262386 742680839918.838 -545003156358.406 -22865985.1516822 3000
131809487.666852 14082.6127514634 -6147.49791291789 762142231661.004 -553532495426.429 -22865985.152239 3000
133226270.417073 13914.5862524629 -6026.08495328877 781974395604.929 -562155424332.965 -22865985.1527748 3000
134687321.719008 13748.2365560561 -5907.10090515987 802181972018.601 -570872185750.668 -22865985.1532904 3000
136192180.022038 13583.7274739238 -5790.61235252747 822746501093.85 -579673146955.239 -22865985.1537838 3000
137739653.605722 13421.2719083755 -5676.71695886582 843640416751.614 -588545103239.292 -22865985.1542527 3000
139330745.159049 13260.8306405025 -5565.33390017805 864866396284.172 -597487931873.918 -22865985.1546985 3000
140966465.852595 13102.3661541352 -5456.38615354049 886426946538.5 -606501423002.045 -22865985.1551223 3000
142647856.380895 12945.840538021 -5349.79890163974 908324678931.38 -615585395651.459 -22865985.1555255 3000
144375965.898802 12791.2175477476 -5245.50082039755 930562026220.684 -624739579488.861 -22865985.1559092 3000
146151855.730621 12638.4621191521 -5143.42359994604 953141292129.689 -633963637382.756 -22865985.1562745 3000
147976613.308047 12487.5391428214 -5043.50100547434 976064825201.736 -643257237106.617 -22865985.1566223 3000
149851353.107095 12338.4135207387 -4945.66882681276 999335019732.034 -652620050467.226 -22865985.1569536 3000
151777192.772994 12191.052082116 -4849.86603405362 1022954013714.4 -662051631894.13 -22865985.1572693 3000
153755271.970557 12045.4219884646 -4756.0336197124 1046923922631.43 -671551514012.696 -22865985.1575702 3000
155786748.018006 11901.4910857471 -4664.11474022403 1071246780364.01 -681119184165.096 -22865985.1578571 3000
157872811.94333 11759.2268130846 -4574.05394032515 1095924724171.86 -690754156882.048 -22865985.1581307 3000
160014656.712405 11618.5984318992 -4485.79849240496 1120959610501.92 -700455823350.546 -22865985.1583918 3000
162213510.282792 11479.5747532503 -4399.29687826329 1146353401923.24 -710223603023.088 -22865985.1586409 3000
164470607.611245 11342.1259910485 -4314.4998825105 1172107834088.2 -720056814645.482 -22865985.1588787 3000
166787213.684868 11206.2222852643 -4231.35960247635 1198224677758.61 -729954777612.553 -22865985.1591057 3000
169164575.39624 11071.8364791405 -4149.83107744753 1224705194230.84 -739916606528.988 -22865985.1593225 3000
171604019.210462 10938.9385037557 -4069.8688088139 1251551224261.15 -749941622525.408 -22865985.1595296 3000
174106853.700863 10807.5009973029 -3991.43012716738 1278764090331.83 -760028938947.036 -22865985.1597275 3000
176674458.790861 10677.494488376 -3914.47224391503 1306345569871.35 -770177824313.955 -22865985.1599167 3000
179308154.131821 10548.8941609672 -3838.95621780484 1334296469000.22 -780387176172.745 -22865985.1600975 3000
182009331.719692 10421.6729998407 -3764.8428304882 1362618051688.87 -790656049434.625 -22865985.1602704 3000
184779389.523732 10295.8051963328 -3692.09456306895 1391311318427.91 -800983390517.165 -22865985.1604357 3000
187619758.899315 10171.2648383453 -3620.67478654592 1420377289509.94 -811368140603.103 -22865985.1605939 3000
190531891.519192 10048.0265432421 -3550.5480909545 1449816861045.87 -821809183389.615 -22865985.1607453 3000
193517259.399302 9926.06543996737 -3481.68023328896 1479630800817.69 -832305344116.141 -22865985.1608901 3000
196577322.556627 9805.35840623708 -3414.03878838923 1509819426766.02 -842855278104.343 -22865985.1610288 3000
199713607.746943 9685.88089018305 -3347.59132398319 1540383384597.04 -853457744067.675 -22865985.1611616 3000
202927613.262708 9567.61064953855 -3282.30746145407 1571322704762.99 -864111275112.706 -22865985.1612887 3000
206220923.212351 9450.52343618032 -3218.156448362 1602637906888.26 -874814561355.371 -22865985.1614105 3000
209595144.215814 9334.59551900398 -3155.10854320706 1634329366189.64 -885566228210.827 -22865985.1615272 3000
213051815.708194 9219.80659441828 -3093.13654807774 1666396481307.05 -896364557677.506 -22865985.161639 3000
216592585.143355 9106.13375213659 -3032.2124981345 1698839315548.23 -907208045670.117 -22865985.1617461 3000
220219066.209493 8993.55626848808 -2972.31023420131 1731657267482.82 -918094952845.085 -22865985.1618488 3000
223932948.73323 8882.05206252416 -2913.40347653225 1764850073329.86 -929023640153.187 -22865985.1619473 3000
227735925.443678 8771.60005072686 -2855.46706338378 1798417129196.12 -939992342437.045 -22865985.1620417 3000
231629669.376749 8662.18066455105 -2798.47718380122 1832357300902.46 -950999109591.185 -22865985.1621323 3000
235615934.253738 8553.77296803182 -2742.40984832953 1866669800097.53 -962042092311.828 -22865985.1622191 3000
239696474.709442 8446.35697745022 -2687.24208572603 1901353473430.02 -973119309963.461 -22865985.1623025 3000
243873044.763238 8339.91359555217 -2632.95187769185 1936406796061.74 -984228651241.974 -22865985.1623824 3000
248147440.211504 8234.42348221468 -2579.51755933493 1971828227482.61 -995367988353.464 -22865985.1624592 3000
252521522.032272 8129.86657559238 -2526.9175701637 2007616386017.88 -1006535229557.54 -22865985.1625328 3000
256997105.835236 8026.22476059635 -2475.13178241263 2043769133876.03 -1017728033138.52 -22865985.1626035 3000
261576050.212221 7923.47965837731 -2424.14036251215 2080284306872.18 -1028944037879.69 -22865985.1626714 3000
266260257.39503 7821.61268079244 -2373.92379091802 2117159703304.69 -1040180857943.29 -22865985.1627366 3000
271051627.641343 7720.60603952776 -2324.46334702877 2154392715413.23 -1051435970244.02 -22865985.1627992 3000
275952055.309751 7620.44273602613 -2275.74108071199 2191980306156.33 -1062706710268.33 -22865985.1628593 3000
280963557.041979 7521.10396692486 -2227.73854010861 2229919981552.75 -1073990563053.59 -22865985.1629171 3000
286088068.019087 7422.57327391918 -2180.43877633528 2268208223091.59 -1085284693745.69 -22865985.1629726 3000
291327650.015548 7324.8324062564 -2133.82433047487 2306842057100.62 -1096586414878.55 -22865985.1630259 3000
296684278.443136 7227.86540110416 -2087.87917976309 2345817458756.69 -1107892716208.92 -22865985.1630771 3000
302159946.743134 7131.65647136737 -2042.58770282055 2385130143355.85 -1119200501657.62 -22865985.1631264 3000
307756837.790204 7036.18711430623 -1997.93332121554 2424776767969.63 -1130506931093.61 -22865985.1631738 3000
313476987.221825 6941.44201304798 -1953.90126636268 2464752508760.77 -1141808724066.1 -22865985.1632193 3000
319322446.185968 6847.40603038429 -1910.4771407909 2505052249656.57 -1153102506902.38 -22865985.1632631 3000
325295405.319115 6754.06228449015 -1867.64602860574 2545671416105.39 -1164385044011.62 -22865985.1633052 3000
331397953.485057 6661.39601658724 -1825.39427206599 2586604306721.72 -1175652770988.11 -22865985.1633456 3000
337632389.710021 6569.38977452382 -1783.70725911992 2627846193326.66 -1186902375785.96 -22865985.1633846 3000
344000775.796997 6478.03012294075 -1742.57246728591 2669390329735.17 -1198129978665.68 -22865985.163422 3000
350505454.523867 6387.2999830181 -1701.97598419836 2711231373211.9 -1209332066022.8 -22865985.163458 3000
357148453.300151 6297.18710887858 -1661.90631026088 2753361504680.92 -1220504445259.56 -22865985.1634927 3000
363932294.526198 6207.67290261916 -1622.34935904643 2795775603773.95 -1231643625351.67 -22865985.163526 3000
370859109.649627 6118.7444828258 -1583.29382287536 2838465609075.81 -1242745319173.88 -22865985.1635581 3000
377931183.664709 6030.38723348655 -1544.72784775212 2881423978098.74 -1253805363961.22 -22865985.1635889 3000
385150894.810392 5942.58575272621 -1506.63946242121 2924643262608.7 -1264819603059.37 -22865985.1636186 3000
392520566.628245 5855.32568772136 -1469.01737281046 2968115203268.85 -1275783653457.32 -22865985.1636472 3000
400042464.559334 5768.59364272101 -1431.85090435052 3011830735409.93 -1286692913717.73 -22865985.1636747 3000
407719101.012908 5682.37367383581 -1395.12849692283 3055781748580.39 -1297543002447.94 -22865985.1637012 3000
415552774.255273 5596.65259152837 -1358.83997162168 3099958400317.67 -1308329088669.65 -22865985.1637267 3000
423545957.344818 5511.41552182438 -1322.97462924821 3144351352111.51 -1319046447406.72 -22865985.1637512 3000
431701144.889448 5426.64768375678 -1287.52200915433 3188950863382.85 -1329690232935.97 -22865985.1637749 3000
440020680.363072 5342.33610463992 -1252.47259516748 3233745859922.48 -1340255260807.98 -22865985.1637976 3000
448507266.452819 5258.46441289772 -1217.81564422086 3278726680615.31 -1350736657514.52 -22865985.1638195 3000
457163102.229709 5175.02145860741 -1183.54275525188 3323880461008.3 -1361128778933.41 -22865985.1638406 3000
465990748.438751 5091.99264216722 -1149.64427183236 3369195748098 -1371426292845.05 -22865985.1638609 3000
474992876.697556 5009.3625831773 -1116.11040137791 3414661091671.93 -1381623838688.98 -22865985.1638804 3000
484171994.445275 4927.1176397984 -1082.9322347097 3460263641629.09 -1391715712790.16 -22865985.1638993 3000
493530622.023458 4845.24416624929 -1050.10102537781 3505990071221.17 -1401696082938.58 -22865985.1639174 3000
503071389.438414 4763.72768190838 -1017.60785673143 3551827029646.43 -1411559085674.76 -22865985.1639349 3000
512796645.716211 4682.55617462318 -985.444954111122 3597759264765.31 -1421298424479.44 -22865985.1639517 3000
522709349.02791 4601.71262854564 -953.602718818531 3643773829059.05 -1430908264297.77 -22865985.1639679 3000
532812077.561347 4521.18335967647 -922.073038241385 3689855357164.7 -1440382223356 -22865985.1639835 3000
543107315.912192 4440.95542681424 -890.848239648634 3735987486318.43 -1449713689225.97 -22865985.1639985 3000
553597764.423188 4361.01419693338 -859.920140231534 3782154237190.78 -1458896099548.39 -22865985.164013 3000
564286359.254123 4281.34335611129 -829.280068626878 3828340007414.79 -1467922925421.04 -22865985.164027 3000
575175506.009482 4201.93059591585 -798.92104926847 3874526251222.52 -1476787023573.21 -22865985.1640404 3000
586268058.873374 4122.7602530142 -768.834965861241 3920695719624.52 -1485481469661.29 -22865985.1640533 3000
597566895.037681 4043.81657144042 -739.013826173807 3966830553866.74 -1493999175932.72 -22865985.1640658 3000
609074790.037659 3965.08452907466 -709.450070439714 4012911773849.28 -1502332799440.92 -22865985.1640778 3000
620794294.710512 3886.5505495609 -680.136826117194 4058918830878.43 -1510474673157.94 -22865985.1640894 3000
632728323.355262 3808.19850152132 -651.066410070977 4104831925558.84 -1518417220994.97 -22865985.1641005 3000
644879935.296695 3730.01130668565 -622.230946645514 4150631039775.35 -1526152768172.9 -22865985.1641113 3000
657251706.698121 3651.9749200009 -593.623831071869 4196293574583.36 -1533673146913.05 -22865985.1641216 3000
669846854.500859 3574.0711148884 -565.237073412964 4241798543306.57 -1540970399733.31 -22865985.1641316 3000
682668102.592349 3496.28465044461 -537.063931062718 4287122344386.32 -1548036078382.1 -22865985.1641411 3000
695718443.923622 3418.59845559891 -509.097146117141 4332241544273.65 -1554861700043.53 -22865985.1641504 3000
709001022.36763 3340.99443374304 -481.329251081707 4377132362735.89 -1561438651113.08 -22865985.1641593 3000
722519006.795415 3263.45422173739 -453.752847826956 4421770186936.24 -1567758107540.94 -22865985.1641679 3000
736275443.984096 3185.95998242814 -426.360888500776 4466129075520.15 -1573810966996.31 -22865985.1641761 3000
750273400.213089 3108.49352611105 -399.146361006744 4510182227140.51 -1579587920050.2 -22865985.1641841 3000
764516242.930326 3031.0347626822 -372.101753030161 4553902806313.3 -1585079549884.64 -22865985.1641917 3000
779007665.158749 2953.56166908729 -345.219060307077 4597263877077.98 -1590276297511.29 -22865985.1641991 3000
793751104.59848 2876.0534099256 -318.490879279599 4640236582746.72 -1595168230683.83 -22865985.1642062 3000
808749413.722825 2798.49186093682 -291.910913997814 4682789296388.22 -1599744979078.86 -22865985.1642131 3000
824006998.404575 2720.85052097365 -265.470182276897 4724893639815.41 -1603996376176.47 -22865985.1642197 3000
839528025.687008 2643.10398944473 -239.160302063871 4766519114235.32 -1607911821889.92 -22865985.1642261 3000
855315433.849193 2565.23263724256 -212.975044874991 4807630621579.34 -1611480100212.54 -22865985.1642322 3000
871374123.359298 2487.20669381632 -186.904973945453 4848196845845.45 -1614690132146.54 -22865985.1642381 3000
887708424.256366 2408.9989218701 -160.941746962011 4888183349605.36 -1617530307855.02 -22865985.1642438 3000
904323063.907042 2330.57978841319 -135.076501491522 4927555011616.6 -1619988687195.16 -22865985.1642493 3000
921222856.581888 2251.9189379011 -109.300361134438 4966275127852.25 -1622052909386.97 -22865985.1642546 3000
938413745.877703 2172.98036156144 -83.6028776325881 5004307594213.18 -1623710263473.51 -22865985.1642597 3000
955901103.900743 2093.73027990498 -57.9746332881875 5041612845667.51 -1624947438798.97 -22865985.1642646 3000
973691494.129407 2014.12900325448 -32.4046125066457 5078151573876.33 -1625750648875.69 -22865985.1642693 3000
991791276.636501 1934.13724908109 -6.88227627458877 5113881489409.12 -1626105462111.71 -22865985.1642739 3000
1010209210.83265 1853.70462513209 18.6060769487411 5148762154269.02 -1625996771147.39 -22865985.1642783 3000
1028953567.91462 1772.78244531484 44.0731678369377 5182748812504.87 -1625408605158.48 -22865985.1642826 3000
1048033639.97523 1691.31697735435 69.5328534835883 5215795042081.29 -1624324076610.86 -22865985.1642867 3000
1067460200.39514 1609.24750512025 95.0006661541623 5247852970561.99 -1622725195203.1 -22865985.1642906 3000
1087246823.80235 1526.50088139329 120.495402028294 5278874554291.64 -1620592505668.65 -22865985.1642945 3000
1107407606.84938 1443.00116163988 146.036038431935 5308806974470.17 -1617905045865.82 -22865985.1642982 3000
1127958886.86431 1358.66228595265 171.643905192722 5337594568934.27 -1614639963508.91 -22865985.1643018 3000
1148921552.45039 1273.3786776137 197.345379384114 5365180611310.88 -1610771746703.97 -22865985.1643053 3000
1170319663.11414 1187.03101330641 223.169925425758 5391503455286.23 -1606271912474.23 -22865985.1643086 3000
1192182063.35514 1099.47960198163 249.151869109708 5416496588827.87 -1601108149394.69 -22865985.1643119 3000
1214546055.15524 1010.549704456 275.334432223483 5440089805140.7 -1595242623996.89 -22865985.1643151 3000
1237458739.12924 920.026332449679 301.770784925916 5462206076513.59 -1588630382926.76 -22865985.1643181 3000
1260978576.63432 827.647945019834 328.525313583134 5482757578580.02 -1581217418626.2 -22865985.1643211 3000
1285187978.00876 733.056827071268 355.687142201383 5501648508979.4 -1572934487235.01 -22865985.164324 3000
1310198891.01339 635.777204982044 383.374981379749 5518765553993.69 -1563691416846.86 -22865985.1643268 3000
1336178514.24716 535.114601043447 411.763618238535 5533974470267.05 -1553361928867.49 -22865985.1643295 3000
1363389673.40919 429.998239661538 441.124384315297 5547104770788.11 -1541757063318.03 -22865985.164332 3000
1392305878.42043 318.533471784424 471.942189755936 5557926675638.98 -1528554947231.32 -22865985.1643343 3000
1423979880.73726 196.571786999304 505.290172194427 5566084236178.56 -1513077447948.01 -22865985.1643363 3000
1462366693.73055 48.7175292736526 545.197979565933 5570792748022.76 -1492913336136.63 -22865985.1643358 3000
1495047513.93855 -77.4057522630592 578.791079433019 5570324867673.99 -1474546007987.95 -22865985.1643333 3000
1522709521.14112 -184.482523875517 606.987289005534 5566703516861.34 -1458145036111.58 -22865985.1643313 3000
1548245893.41833 -283.697697272065 632.848459682282 5560726554871.09 -1442314262471.11 -22865985.1643294 3000
1572420039.19945 -378.029162411748 657.200832531885 5552729097010.35 -1426721107915.37 -22865985.1643275 3000
1595586147.89779 -468.874689084135 680.436382625469 5542920279454.71 -1411227007086.24 -22865985.1643256 3000
1617946273.85756 -557.042822977985 702.783977404512 5531451403823.24 -1395762383730.74 -22865985.1643237 3000
1639632571.60274 -643.070550297262 724.396473579142 5518439371653.52 -1380287155300.43 -22865985.1643217 3000
1660735086.72122 -727.330396474177 745.380729573122 5503980920978.53 -1364779087040.32 -22865985.1643198 3000
1681319093.50202 -810.097580128426 765.81614273574 5488158734500.5 -1349225796532.49 -22865985.1643178 3000
1701434370.95141 -891.586096521368 785.764626072671 5471044865268.74 -1333620530271.91 -22865985.1643157 3000
1721120674.01558 -971.970160972507 805.276525947857 5452702670447.98 -1317959660659.15 -22865985.1643136 3000
1740408042.98634 -1051.38491177621 824.391265359304 5433191164027.61 -1302243662960.54 -22865985.1643115 3000
1759321317.63929 -1129.94437114909 843.142055222202 5412564233801.3 -1286474422340.22 -22865985.1643092 3000
1777881468.74876 -1207.74673604593 861.557385949901 5390871410269.15 -1270654711342.04 -22865985.164307 3000
1796106278.43033 -1284.87704765153 879.661833294221 5368158755492.33 -1254788055603.32 -22865985.1643047 3000
1814010809.73563 -1361.40899753826 897.476625443283 5344469656657.51 -1238878687691.94 -22865985.1643023 3000
1831607321.64185 -1437.40434396401 915.019634239634 5319846150752.1 -1222931937346.02 -22865985.1642998 3000
1848906540.63471 -1512.91816553737 932.306699499691 5294328195711.24 -1206953348732.06 -22865985.1642973 3000
1865918194.31886 -1588.00112311248 949.352213402795 5267953507108.52 -1190948352990.38 -22865985.1642947 3000
1882651313.39014 -1662.70079348711 966.169468983437 5240757520467.19 -1174922101627.7 -22865985.164292 3000
1899112737.35093 -1737.05490265498 982.769191232042 5212776324538.31 -1158881028748.4 -22865985.1642893 3000
1915310757.91649 -1811.1076653979 999.163236555119 5184040942472.61 -1142829422071.74 -22865985.1642864 3000
1931250784.73076 -1884.89016105654 1015.36024688542 5154585021414.21 -1126773731359.34 -22865985.1642835 3000
1946938691.72085 -1958.43542666116 1031.36904662024 5124439392854.06 -1110719373995.8 -22865985.1642805 3000
1962379448.97085 -2031.7721691184 1047.19727605649 5093634724750.25 -1094672150170.97 -22865985.1642773 3000
1977577347.34988 -2104.92567734334 1062.85162804408 5062201419269.54 -1078638093704.32 -22865985.1642741 3000
1992538281.32425 -2177.92890571513 1078.34022265311 5030164923900.42 -1062621079131.1 -22865985.1642708 3000
2007264288.59583 -2250.79590126132 1093.66697391616 4997557468557.76 -1046628684693.6 -22865985.1642673 3000
2021761068.54442 -2323.55853792096 1108.83938988244 4964402029678.93 -1030664163901.08 -22865985.1642638 3000
2036031442.78186 -2396.23435707307 1123.86179346218 4930726693899.99 -1014733528939.77 -22865985.1642601 3000
2050079682.1511 -2468.84810194356 1138.73984625204 4896555045538.08 -998840851253.901 -22865985.1642563 3000
2063908725.75819 -2541.4176315989 1153.47763626103 4861912729824.66 -982991371542.13 -22865985.1642524 3000
2077521637.3644 -2613.9612695547 1168.07921331159 4826824149476.99 -967189906293.568 -22865985.1642484 3000
2090921794.86362 -2686.49893295289 1182.54880959534 4791311929009.37 -951440622863.631 -22865985.1642442 3000
2104111683.61124 -2759.04562596383 1196.88954541877 4755400147319.45 -935748469092.039 -22865985.16424 3000
2117093969.06757 -2831.6171321046 1211.10458362831 4719111640185.65 -920117945531.453 -22865985.1642355 3000
2129872063.55467 -2904.23337533685 1225.19777211523 4682466303916.07 -904552404745.739 -22865985.1642309 3000
2142448235.54554 -2976.90779860353 1239.1715740133 4645486466417.11 -889056348312.272 -22865985.1642262 3000
2154825536.01987 -3049.65826593814 1253.029192907 4608191441011.02 -873633099121.217 -22865985.1642213 3000
2167005877.88816 -3122.49590470177 1266.77243784652 4570603250799.1 -858287185725.284 -22865985.1642162 3000
2178992395.33083 -3195.43902790165 1280.40437323292 4532739515395.17 -843021404807.653 -22865985.164211 3000
2190787421.9526 -3268.50118227614 1293.9270527111 4494619624381.22 -827839359014.693 -22865985.1642056 3000
2202393147.38032 -3341.69492172562 1307.34225011674 4456262845129.41 -812744657642.717 -22865985.1642 3000
2213812182.1068 -3415.03540810063 1320.65211846027 4417686455894.5 -797740184552.498 -22865985.1641942 3000
2225046604.11193 -3488.53439039891 1333.85808979899 4378908925880.51 -782829345995.817 -22865985.1641883 3000
2236098632.7439 -3562.20444082315 1346.96165539952 4339947718419.57 -768015202001.936 -22865985.1641821 3000
2246970883.46771 -3636.06080875039 1359.96468271974 4300818320328.38 -753300114203.304 -22865985.1641757 3000
2257665540.26675 -3710.11591985375 1372.86843725504 4261537172773.27 -738686859907.794 -22865985.1641692 3000
2268184441.62667 -3784.37973042349 1385.67366849411 4222121511780.79 -724178544258.216 -22865985.1641624 3000
2278529837.07218 -3858.86500427525 1398.38152745927 4182586583576.92 -709777567362.33 -22865985.1641554 3000
2288704322.41034 -3933.5871396711 1410.99351164508 4142945752112.05 -695485692379.392 -22865985.1641481 3000
2298709841.79515 -4008.55690249471 1423.51023378905 4103214374502.78 -681305447323.591 -22865985.1641407 3000
2308548208.18347 -4083.78398123476 1435.93204744066 4063407924310.27 -667239421307.186 -22865985.1641329 3000
2318221852.34051 -4159.28280037184 1448.26000026231 4023538930559.68 -653289190248.393 -22865985.1641249 3000
2327732696.80327 -4235.0639725315 1460.4944177346 3983621517302.61 -639456925797.107 -22865985.1641167 3000
2337082834.99769 -4311.13948618004 1472.6357607965 3943668671832.24 -625744428720.519 -22865985.1641082 3000
2346274518.83413 -4387.5227651817 1484.68462181387 3903692237597.58 -612153139081.268 -22865985.1640994 3000
2355309691.20119 -4464.22482432135 1496.64111479307 3863704943346.39 -598684828578.036 -22865985.1640903 3000
2364190071.78618 -4541.25476491728 1508.50497292801 3823720134390.37 -585341491604.788 -22865985.1640809 3000
2372917823.60772 -4618.62554920082 1520.27643894604 3783748783117.75 -572124346898.637 -22865985.1640711 3000
2381495137.64794 -4696.35064149511 1531.95572659144 3743801270514.19 -559034449520.984 -22865985.1640611 3000
2389923757.54379 -4774.4396160899 1543.54236742012 3703889645793.25 -546073424781.727 -22865985.1640507 3000
2398205843.78943 -4852.90599748217 1555.03638774138 3664023608759.04 -533242151928.681 -22865985.16404 3000
2406343230.34043 -4931.76043974922 1566.43729060317 3624214013822.45 -520541906238.62 -22865985.164029 3000
2414337595.32824 -5011.0121058775 1577.74427765107 3584472144145.49 -507974109837.168 -22865985.1640175 3000
2422191306.01543 -5090.67717228818 1588.9574514491 3544805473509.21 -495538999181.383 -22865985.1640057 3000
2429905959.68654 -5170.76434117785 1600.07574968887 3505224936654.81 -483237922581.11 -22865985.1639935 3000
2437483354.55482 -5251.28438003718 1611.09831288593 3465740139134.27 -471071820163.729 -22865985.1639809 3000
2444925655.27911 -5332.25220384662 1622.0247424132 3426358394795.97 -459040945401.958 -22865985.1639679 3000
2452234534.917 -5413.67770590566 1632.85384840631 3387089222065.05 -447146247465.922 -22865985.1639544 3000
2459411890.58849 -5495.57340051629 1643.58469164147 3347940610567.47 -435388222795.806 -22865985.1639405 3000
2466459603.32791 -5577.95191000473 1654.21623478126 3308920268714.43 -423767301382.735 -22865985.1639261 3000
2473379409.11615 -5660.82441061319 1664.74714406882 3270036359442.64 -412284063439.396 -22865985.1639112 3000
2480173072.72532 -5744.20260763137 1675.17604751752 3231296560907.41 -400938956825.671 -22865985.1638959 3000
2486842521.10157 -5828.10050120241 1685.50174392096 3192707276339.04 -389732071653.737 -22865985.16388 3000
2493389367.35235 -5912.52845817883 1695.72246668092 3154276378937.25 -378663940099.774 -22865985.1638636 3000
2499815303.19254 -5997.49799194534 1705.8364832184 3116010989304.85 -367734883891.391 -22865985.1638467 3000
2506122326.9714 -6083.02504435506 1715.84246262237 3077916053993.47 -356944619829.439 -22865985.1638291 3000
2512311902.2331 -6169.11870065935 1725.73814319077 3039999403047.89 -346293697498.445 -22865985.163811 3000
2518385911.07403 -6255.79405428073 1735.52184023148 3002266014365.53 -335781871962.348 -22865985.1637923 3000
2524346067.97649 -6343.0643081076 1745.19151536989 2964721548616.23 -325409106996.16 -22865985.1637729 3000
2530193919.86519 -6430.9405048596 1754.74476535095 2927372419278.24 -315175583955.537 -22865985.1637529 3000
2535931113.62083 -6519.43540927105 1764.17925282547 2890224120251.83 -305081238503.69 -22865985.1637322 3000
2541559460.797 -6608.5647760662 1773.49281769801 2853280751959.45 -295125641740.056 -22865985.1637108 3000
2547080441.72182 -6698.33957067385 1782.68265536427 2816548266609.93 -285308877335.815 -22865985.1636887 3000
2552495732.30518 -6788.77420991986 1791.74618297765 2780031037767.17 -275630613518.667 -22865985.1636659 3000
2557806990.82617 -6879.883325602 1800.68068657394 2743733236259.59 -266090478725.477 -22865985.1636422 3000
2563015761.232 -6971.6800467774 1809.48315370392 2707659509036.35 -256688238071.956 -22865985.1636177 3000
2568123698.69234 -7064.17991174415 1818.15064992932 2671813435162.65 -247423388915.434 -22865985.1635924 3000
2573132197.44308 -7157.39416871753 1826.67968451489 2636200134697.58 -238295836474.003 -22865985.1635663 3000
2578042974.48851 -7251.34047069985 1835.06719860811 2600822154659.15 -229304834352.785 -22865985.1635392 3000
2582857364.7632 -7346.02972021455 1843.30936116373 2565684491681.84 -220450270830.602 -22865985.1635112 3000
2587576971.34243 -7441.47840745988 1851.40267448225 2530789930911.52 -211731481355.107 -22865985.1634822 3000
2592203308.33442 -7537.70187702611 1859.34336067324 2496141606529.33 -203147902162.174 -22865985.1634522 3000
2596737823.75464 -7634.71462676615 1867.12739551037 2461742865741.11 -194699031730.314 -22865985.1634212 3000
2601182117.55216 -7732.53502786205 1874.75087781845 2427595611140.88 -186384025138.297 -22865985.1633892 3000
2605537468.12327 -7831.17498950249 1882.20921219543 2393703929974.91 -178202580095.461 -22865985.1633559 3000
2609805339.1835 -7930.65095494651 1889.49797421535 2360070229007.2 -170153991699.079 -22865985.1633216 3000
2613987123.67381 -8030.9783334281 1896.61246612534 2326697195465.18 -162237631800.852 -22865985.163286 3000
2618084277.21645 -8132.17465998519 1903.54793870199 2293586743007.56 -154452698010.514 -22865985.1632492 3000
2622098111.09316 -8234.25454459781 1910.29923454385 2260741680234.09 -146798607542.051 -22865985.1632111 3000
2626030101.35289 -8337.23741174366 1916.86130369825 2228163202950.9 -139274410066.16 -22865985.1631716 3000
2629881602.99321 -8441.14038183216 1923.22871406758 2195853217334.04 -131879332547.494 -22865985.1631308 3000
2633653851.64553 -8545.9779176729 1929.39565528297 2163814383362 -124612780467.919 -22865985.1630885 3000
2637348249.12217 -8651.76968610086 1935.35640113944 2132047702737.15 -117473789287.406 -22865985.1630448 3000
2640966064.06668 -8758.53237295814 1941.10481047014 2100555048237.63 -110461601057.694 -22865985.1629994 3000
2644508618.55955 -8866.28493390216 1946.63462317762 2069337575324.85 -103575305560.006 -22865985.1629524 3000
2647977144.69554 -8975.04435063139 1951.93922565547 2038396975751.62 -96814119298.1573 -22865985.1629038 3000
2651372957.12132 -9084.83094193048 1957.01191018727 2007733954159.55 -90177050740.446 -22865985.1628534 3000
2654697269.84068 -9195.66265416404 1961.84558566475 1977349862303.05 -83663258173.8811 -22865985.1628012 3000
2657951335.71375 -9307.55950414227 1966.43297990866 1947245451238.06 -77271778387.5315 -22865985.1627472 3000
2661136371.32935 -9420.54116500634 1970.7665181078 1917421552229.2 -71001674379.1111 -22865985.1626911 3000
2664253570.4217 -9534.62735903829 1974.83833558176 1887878963979.46 -64852010231.955 -22865985.1626331 3000
2667304129.81484 -9649.83881372443 1978.64030199882 1858618210061.23 -58821800804.5882 -22865985.1625729 3000
2670289187.52481 -9766.19492567702 1982.16393458226 1829640136274.95 -52910134946.316 -22865985.1625105 3000
2673209931.57707 -9883.71794026116 1985.40051988032 1800944864062.36 -47115961042.2985 -22865985.1624459 3000
2676067473.37387 -10002.4280282605 1988.34095331379 1772533022289.97 -41438338590.4275 -22865985.1623788 3000
2678862963.89189 -10122.3479472306 1990.97585757787 1744404611000.51 -35876208591.5158 -22865985.1623093 3000
2681597495.76357 -10243.4990128267 1993.29546828559 1716559975159.44 -30428588822.6919 -22865985.1622373 3000
2684272198.39619 -10365.9052181084 1995.28970874526 1688998848331.61 -25094385364.9623 -22865985.1621625 3000
2686888113.04282 -10489.5876220496 1996.94807718443 1661721634847 -19872642383.6273 -22865985.162085 3000
2689446357.28906 -10614.5719536223 1998.25975053964 1634727712672.2 -14762214816.6169 -22865985.1620046 3000
2691947939.72245 -10740.8798362303 1999.21345493113 1608017370461.96 -9762139082.69024 -22865985.1619212 3000
2694393910.18926 -10868.5359796529 1999.79754042271 1581590237446.42 -4871333815.54468 -22865985.1618347 3000
2696785304.46332 -10997.5656208234 1999.99992651564 1555445859932.6 -88711051.0745454 -22865985.1617449 3000
2699123122.77932 -11127.9933204284 1999.80808879183 1529583943168.98 4586780064.79909 -22865985.1616517 3000
2701408367.63448 -11259.8449868106 1999.20904771334 1504003942884.47 9156228142.42813 -22865985.161555 3000
2703642028.02446 -11393.1470818135 1998.18934554759 1478705237389.05 13620727292.3105 -22865985.1614546 3000
2705825071.36349 -11527.9261283597 1996.73503365663 1453687223542.63 17981360257.1775 -22865985.1613504 3000
2707958446.37674 -11664.2088250215 1994.83165920648 1428949291392.16 22239203531.1108 -22865985.1612422 3000
2710043089.37718 -11802.0224168019 1992.46424451787 1404490756710.66 26395339244.0138 -22865985.1611298 3000
2712079937.43423 -11941.3956266418 1989.61724638129 1380310706167.99 30450880698.6471 -22865985.1610131 3000
2714069883.21117 -12082.3555767133 1986.27459800128 1356408536183.97 34406881786.0053 -22865985.1608919 3000
2716013856.59401 -12224.933499346 1982.41955917323 1332782980121.76 38264498703.1825 -22865985.1607659 3000
2717912725.89844 -12369.1577564729 1978.03485842444 1309433297341.58 42024792897.7574 -22865985.1606351 3000
2719767382.49866 -12515.059981966 1973.10250962911 1286358252015.87 45688898450.9934 -22865985.1604991 3000
2721578676.04659 -12662.6702133531 1967.60393148989 1263556910210.44 49257893102.9675 -22865985.1603578 3000
2723347467.68526 -12812.0210593202 1961.51978307234 1241027982417.33 52732902792.8294 -22865985.160211 3000
2725074573.94326 -12963.143073805 1954.83011598538 1218770535783.75 56114990630.8596 -22865985.1600583 3000
2726760836.31108 -13116.070683223 1947.51410036296 1196783108795.58 59405292890.0267 -22865985.1598996 3000
2728407068.05466 -13270.8377124525 1939.55017641465 1175064391469.38 62604913886.195 -22865985.1597345 3000
2730014055.7681 -13427.4772923383 1930.91605217263 1153613219560.83 65714928954.9499 -22865985.1595627 3000
2731582589.61245 -13586.024719765 1921.58852393136 1132428178087.37 68736442633.6572 -22865985.1593842 3000
2733113452.0873 -13746.5165509785 1911.5434745699 1111507746262.32 71670565921.4434 -22865985.1591983 3000
2734607378.10647 -13908.9862814154 1900.75612368924 1090850852129.91 74518339566.2773 -22865985.159005 3000
2736065146.60901 -14073.474155808 1889.20035662186 1070455615395.05 77280908577.7663 -22865985.1588037 3000
2737487483.4168 -14240.0167550556 1876.84936308844 1050320687739.89 79959336124.4669 -22865985.1585943 3000
2738875114.91313 -14408.6527655359 1863.67522244264 1030444516660.59 82554705530.9501 -22865985.1583762 3000
2740228756.44925 -14579.4217617721 1849.64893909438 1010825507325.66 85068097554.8895 -22865985.1581491 3000
2741549112.40579 -14752.3642342836 1834.74039538409 991462024232.825 87500589946.7745 -22865985.1579126 3000
2742836868.61903 -14927.5205597506 1818.91839982757 972352506855.049 89853243125.8667 -22865985.1576663 3000
2744092708.1044 -15104.9330803966 1802.15045919493 953495241526.82 92127128613.8311 -22865985.1574097 3000
2745317310.35471 -15284.6462264736 1784.40269378092 934888367779.819 94323326608.0386 -22865985.1571423 3000
2746511325.61472 -15466.7027508875 1765.64015569871 916530272290.745 96442879346.2873 -22865985.1568637 3000
2747675401.22942 -15651.1474596644 1745.82642161875 898419196114.581 98486838339.8059 -22865985.1565733 3000
2748810176.37168 -15838.0265654762 1724.92358530165 880553313947.896 100456254069.091 -22865985.1562704 3000
2749916272.73468 -16027.3861540756 1702.89236954804 862930883872.838 102352159397.32 -22865985.1559547 3000
2750994305.72073 -16219.2739902037 1679.69186610002 845550075393.766 104175588682.952 -22865985.1556254 3000
2752044879.3466 -16413.7387016538 1655.27955881244 828409052062.543 105927568444.186 -22865985.1552819 3000
2753068593.89993 -16610.8312500931 1629.61106332661 811505848274.792 107609129533.832 -22865985.1549235 3000
2754066028.52687 -16810.6016349581 1602.64047660106 794838658462.597 109221277941.72 -22865985.1545494 3000
2755037759.36418 -17013.1023175163 1574.31986221777 778405542570.656 110765024406.463 -22865985.1541591 3000
2755984351.59081 -17218.3867521508 1544.59935326387 762204558831.986 112241370759.7 -22865985.1537514 3000
2756906359.17198 -17426.5092915108 1513.42708527628 746233772242.283 113651309276.504 -22865985.1533258 3000
2757804326.78196 -17637.5255881117 1480.74905032145 730491225093.349 114995825349.827 -22865985.1528812 3000
2758678792.67916 -17851.4933332339 1446.50887995374 714974888222.163 116275901206.379 -22865985.1524167 3000
2759530279.1456 -18068.4699368644 1410.64811391431 699682833313.998 117492501480.428 -22865985.1519314 3000
2760359301.24595 -18288.5145644951 1373.10578297003 684613082771.919 118646586044.784 -22865985.1514241 3000
2761166371.07613 -18511.6894427253 1333.81805269158 669763531781.329 119739114957.191 -22865985.1508937 3000
2761951980.79095 -18738.0552335765 1292.71891108776 655132262273.746 120771024903.303 -22865985.1503391 3000
2762716623.6941 -18967.6768556518 1249.7390202314 640717158146.073 121743257440.815 -22865985.1497591 3000
2763460780.74195 -19200.6197989327 1204.8062258262 626516155744.28 122656740230.241 -22865985.1491522 3000
2764184922.9512 -19436.9507170396 1157.84532307958 612527203985.291 123512390215.648 -22865985.148517 3000
2764889511.03935 -19676.7372244921 1108.77796060699 598748275773.185 124311113164.906 -22865985.147852 3000
2765574997.55304 -19920.0485431187 1057.52236311816 585177330579.175 125053806023.076 -22865985.1471559 3000
2766241831.76027 -20166.9573667818 1003.99275486183 571812218354.002 125741361449.334 -22865985.1464269 3000
2766890451.89234 -20417.5372089717 948.099725325864 558650834495.195 126374658746.156 -22865985.1456629 3000
2767521284.03263 -20671.8617355056 889.750222563772 545691149102.281 126954563269.27 -22865985.1448624 3000
2768134751.15947 -20930.0083003267 828.84655842591 532931025722.013 127481934795.456 -22865985.1440233 3000
2768731267.04467 -21192.0556483231 765.286697903762 520368347186.359 127957621046.61 -22865985.1431434 3000
2769311235.79013 -21458.0835879507 698.964128712739 508001030059.307 128382457422.48 -22865985.1422204 3000
2769875056.10216 -21728.1748966565 629.767152266091 495826937111.362 128757269999.136 -22865985.141252 3000
2770423117.76493 -22002.4137569354 557.579006282931 483843954656.48 129082872447.577 -22865985.1402356 3000
2770955803.43377 -22280.8865729118 482.27738513154 472049957250.814 129360067046.364 -22865985.1391684 3000
2771473487.98684 -22563.6816473359 403.734228800401 460442824673.778 129589643965.641 -22865985.1380475 3000
2771976540.9307 -22850.89053486 321.815023004553 449020390363.937 129772381876.335 -22865985.1368696 3000
2772465322.03759 -23142.6056254126 236.379135348374 437780542458.319 129909045788.634 -22865985.1356317 3000
2772940186.57266 -23438.9231396216 147.278592280198 426721107829.606 130000388573.759 -22865985.1343299 3000
2773401479.00633 -23739.9392889915 54.3588276205147 415840000374.016 130047149130.336 -22865985.1329608 3000
2773849541.15097 -24045.7553840052 -42.5432816326161 405135033966.368 130050053486.282 -22865985.13152 3000
2774284706.03154 -24356.4739934693 -143.598713182157 394604068147.009 130009813292.764 -22865985.1300032 3000
2774707300.09337 -24672.200308412 -248.987197575532 384244959572.602 129927125896.923 -22865985.1284056 3000
2775117643.64342 -24993.0424952211 -358.897870068956 374055553676.681 129802673767.349 -22865985.1267223 3000
2775516050.23432 -25319.1112426847 -473.529694075279 364033702389.162 129637124155.864 -22865985.124948 3000
2775902827.63672 -25650.5205447824 -593.09235531465 354177242468.086 129431128272.685 -22865985.1230764 3000
2776278277.58442 -25987.3875652151 -717.80690385682 344484003943.258 129185320680.368 -22865985.1211016 3000
2776642694.64551 -26329.8315867327 -847.90609110218 334951842215.834 128900319624.888 -22865985.1190168 3000
2776996368.88351 -26677.9764496426 -983.636081517462 325578571549.229 128576724579.472 -22865985.1168143 3000
2777339584.86575 -27031.9498389186 -1125.25710131493 316361991906.811 128215115764.529 -22865985.1144866 3000
2777672620.15077 -27391.8817188736 -1273.0437670409 307299932230.147 127816055108.179 -22865985.1120248 3000
2777995747.00841 -27757.9060199256 -1427.28678535814 298390207436.096 127380083979.471 -22865985.1094197 3000
2778309233.03238 -28130.1614775007 -1588.29448369269 289630603000.234 126907721161.422 -22865985.1066613 3000
2778613338.59819 -28508.7886479771 -1756.39278703745 281018948213.853 126399465726.788 -22865985.1037385 3000
2778908321.74733 -28893.935911696 -1931.92925498807 272552980818.471 125855788157.402 -22865985.1006393 3000
2779194433.61483 -29285.7540075222 -2115.27224974531 264230477442.757 125277136299.37 -22865985.0973504 3000
2779471921.07487 -29684.3994095684 -2306.81416603236 256049180572.028 124663929555.881 -22865985.0938576 3000
2779741026.08507 -30090.0336291588 -2506.97305399226 248006818750.206 124016558364.875 -22865985.0901451 3000
2780001567.67795 -30502.1459035931 -2715.84683768608 240113858776.374 123336517892.591 -22865985.0862275 3000
2780252639.01874 -30918.8705106664 -2932.80783755602 232403749518.848 122627750477.392 -22865985.0821881 3000
2780494594.40577 -31340.2132366302 -3158.15312878547 224872196315.47 121891220123.038 -22865985.0780229 3000
2780727771.49252 -31766.1687080014 -3392.18825267523 217515110455.498 121127865239.09 -22865985.0737278 3000
2780952495.93648 -32196.726511737 -3635.23103889225 210328481051.886 120338588496.844 -22865985.0692994 3000
2781169081.47084 -32631.8700587169 -3887.61178824685 203308385093.27 119524258569.258 -22865985.0647335 3000
2781377830.53812 -33071.5764456376 -4149.67404918863 196450979374.456 118685709992.034 -22865985.0600263 3000
2781579034.23104 -33515.8148612332 -4421.77458307206 189752514612.341 117823745670.374 -22865985.0551735 3000
2781772973.54587 -33964.547786458 -4704.28506762858 183209305772.351 116939133897.066 -22865985.050171 3000
2781959918.8603 -34417.7283228998 -4997.5915132093 176817760737.989 116032612697.165 -22865985.0450147 3000
2782140131.21876 -34875.301588967 -5302.09628074784 170574347949.143 115104886062.992 -22865985.0397007 3000
2782313862.04333 -35337.2024434641 -5618.21786345459 164475616730.516 114156627266.418 -22865985.0342245 3000
2782481353.86894 -35803.3556337578 -5946.39231761086 158518182293.275 113188477158.486 -22865985.0285817 3000
2782642840.31796 -36273.6739337589 -6287.07343027078 152698736821.7 112201046370.387 -22865985.0227687 3000
2782798546.87457 -36748.0584488291 -6640.73451513756 147014031770.383 111194912804.316 -22865985.0167805 3000
2782948690.71281 -37226.3961574753 -7007.86834269938 141460893704.971 110170624664.666 -22865985.0106136 3000
2783093481.45089 -37708.5601413347 -7388.98917482913 136036206207.045 109128697557.884 -22865985.0042638 3000
2783233121.38461 -38194.4082896633 -7784.63388089592 130736909990.851 108069614474.792 -22865984.9977264 3000
2783367805.41581 -38683.780755115 -8195.36216213233 125560014602.671 106993828212.164 -22865984.9909985 3000
2783497721.54196 -39176.499161273 -8621.75832712736 120502588818.272 105901759661.156 -22865984.9840753 3000
2783623051.35738 -39672.3659542439 -9064.43351861729 115561749593.386 104793795289.082 -22865984.9769536 3000
2783743970.10502 -40171.1619845092 -9524.02669974658 110734668021.868 103670288063.661 -22865984.96963 3000
2783860646.75875 -40672.6438847354 -10001.2056233167 106018574331.4 102531558399.687 -22865984.9621004 3000
2783973244.54857 -41176.5431324696 -10496.6696796667 101410744822.456 101377890730.142 -22865984.954363 3000
2784081921.03717 -41682.5630996073 -11011.1512653518 96908506350.3563 100209533955.473 -22865984.9464147 3000
2784186828.60033 -42190.3777114785 -11545.4191864799 92509223947.9896 99026697452.7929 -22865984.9382536 3000
2784288114.26378 -42699.6268441748 -12100.2792262615 88210314878.981 97829553777.4735 -22865984.9298774 3000
2784385920.30476 -43209.9150621682 -12676.5787418463 84009230557.8771 96618232647.7702 -22865984.9212854 3000
2784480384.19092 -43720.8068087474 -13275.208178045 79903466009.1114 95392822086.3011 -22865984.9124764 3000
2784571638.99867 -44231.8236210307 -13897.1055776545 75890548723.7028 94153363505.8489 -22865984.9034507 3000
2784659813.55984 -44742.4395244162 -14543.2600210466 71968038808.5539 92899849577.6554 -22865984.8942096 3000
2784745032.69524 -45252.0763445817 -15214.7160577013 68133525180.4147 91632220541.9587 -22865984.8847537 3000
2784827417.4112 -45760.0981787565 -15912.5784304352 64384623188.2349 90350360482.2716 -22865984.8750875 3000
2784907085.18627 -46265.8056796448 -16638.0182215852 60718967924.7538 89054091551.216 -22865984.8652141 3000
2784984150.21772 -46768.4292539288 -17392.2796149977 57134209043.6524 87743167873.9163 -22865984.8551393 3000
2785058723.59486 -47267.120714093 -18176.6868772185 53628008820.46 86417269815.1725 -22865984.8448701 3000
2785130913.61655 -47760.9445760702 -18992.6538388819 50198033385.9617 85075994780.1767 -22865984.8344152 3000
2785200826.09487 -48248.8677527755 -19841.6948396437 46841944330.2051 83718846745.8069 -22865984.8237855 3000
2785268564.61752 -48729.7470520878 -20725.4369362787 43557392151.8217 82345224977.6699 -22865984.8129945 3000
2785334230.90876 -49202.3149836636 -21645.6353768572 40342004941.1569 80954408966.4863 -22865984.8020582 3000
2785397925.33025 -49665.1636326289 -22604.193943469 37193370068.9739 79545537786.4193 -22865984.7909951 3000
2785459747.19928 -50116.7234622694 -23603.1862601499 34109024809.2651 78117590201.8059 -22865984.7798283 3000
2785519795.46505 -50555.2398767097 -24644.8868285945 31086429429.8513 76669353060.4134 -22865984.768584 3000
2785578169.26119 -50978.7426075477 -25731.8061138077 28122946580.8367 75199387286.5155 -22865984.757292 3000
2785634968.90773 -51385.0100487829 -26866.7412795891 25215798418.6118 73705976288.2787 -22865984.7459884 3000
2785690296.76364 -51771.5212938197 -28052.8347262497 22362031907.2475 72187069102.8088 -22865984.7347147 3000
2785744258.90112 -52135.3985971487 -29293.663467204 19558443092.5948 70640189754.9821 -22865984.7235177 3000
2785796966.91121 -52473.3288281842 -30593.3528127653 16801495909.0542 69062325051.8584 -22865984.7124527 3000
2785848540.63319 -52781.4595450275 -31956.7406743766 14087195612.5443 67449761481.8566 -22865984.701581 3000
2785899112.10884 -53055.2553979887 -33389.6170430389 11410902105.3263 65797848397.5356 -22865984.6909699 3000
2785948831.56361 -53289.2925632228 -34899.0867143673 8767043265.44391 64100640837.9976 -22865984.6806962 3000
2785997877.00472 -53476.9515381288 -36494.1478946248 6148648461.11523 62350332065.418 -22865984.6708355 3000
2786045184.74641 -53607.19351448 -38140.3774327954 3615475470.96141 60585368979.2698 -22865984.6626177 3000
2786090843.07838 -53674.6031587667 -39836.7801993967 1166080902.31368 58805631021.0623 -22865984.6559687 3000
2786135068.91294 -53673.4125896489 -41587.2532038575 -1207961736.50757 57005508719.0287 -22865984.6506515 3000
2786178079.26536 -53596.6451453279 -43396.5973489216 -3515115317.5047 55178303564.8592 -22865984.646379 3000
2786220102.50019 -53435.6883774548 -45271.0400461224 -5764361537.59649 53315629394.0173 -22865984.6427579 3000
2786261395.27019 -53179.5749595035 -47219.1445808979 -7965943515.46305 51406408634.461 -22865984.6392078 3000
2786302272.31124 -52813.6751788963 -49253.5464640836 -10132700112.1556 49435010446.2581 -22865984.6347713 3000
2786347675.91556 -52253.4200980907 -51637.131296252 -12518573806.5649 47145100857.2797 -22865984.6226687 3000
2786393762.39714 -51490.5687920533 -54186.7573377299 -14909983881.2144 44707067245.0349 -22865984.5977783 3000
2786439154.07252 -50515.8651806106 -56817.8685240109 -17226007640.1489 42188151287.5061 -22865984.5542312 3000
2786481184.76337 -49385.9081237368 -59347.3939711466 -19326295193.2579 39747183350.2351 -22865984.5013213 3000
2786521583.4734 -48067.0541482949 -61845.9630164247 -21295593038.3779 37299343016.7752 -22865984.4302917 3000
2786559236.23153 -46610.7412049853 -64214.0981852864 -23078751664.7848 34926172218.3425 -22865984.3534918 3000
2786593137.39399 -45096.728722663 -66358.8744526414 -24633807720.0355 32712888228.1814 -22865984.2905579 3000
2786624569.76594 -43511.1835694251 -68339.1087546827 -26026854673.8984 30595902906.6366 -22865984.2348299 3000
2786654324.88584 -41842.9511322295 -70188.0800040863 -27297124637.3577 28534871458.8224 -22865984.1829944 3000
2786682883.40487 -40085.821111089 -71921.6357691725 -28467371890.5492 26505532831.2163 -22865984.1337976 3000
2786710587.72913 -38235.0620315245 -73547.7033464904 -29552616098.1238 24490321403.7916 -22865984.0867934 3000
2786737711.44946 -36286.0253468009 -75069.8322060343 -30563562581.6698 22474615985.7482 -22865984.0419478 3000
2786764495.87822 -34233.2419677553 -76488.7782118507 -31508248520.9659 20444705986.0075 -22865983.9995275 3000
2786792635.44772 -31947.8222914407 -77872.0576139473 -32439698934.3139 18272603691.8772 -22865983.9471703 3000
2786818904.85659 -29705.6478708856 -79048.8179257186 -33249715602.6945 16211236572.7679 -22865983.9153996 3000
2786844318.84409 -27448.4734272666 -80069.3549225466 -33976142486.2345 14189065535.6086 -22865983.8941855 3000
2786869126.24335 -25174.3802244183 -80943.7024833055 -34628991239.9771 12191650121.2408 -22865983.8817334 3000
2786893524.57928 -22882.9787852767 -81678.5122365458 -35215347350.3643 10207535594.9696 -22865983.8769016 3000
2786917681.65526 -20574.6386189219 -82278.2340404433 -35740316750.6449 8226917458.24886 -22865983.8789186 3000
2786941748.25816 -18250.096166565 -82745.7305149093 -36207541685.4939 6240871937.62144 -22865983.8872614 3000
2786968522.48166 -15652.5746032843 -83111.6546707646 -36661406713.0008 4020158156.66135 -22865983.9120541 3000
2786995496.17269 -13042.8365166105 -83317.0709273864 -37048379077.7745 1775194570.74249 -22865983.9472222 3000
2787022871.56986 -10421.3880252477 -83362.0626978876 -37369466006.2299 -506628123.49553 -22865983.992425 3000
2787050869.0946 -7788.08206736875 -83244.9638875717 -37624241908.2387 -2839294555.37618 -22865984.0476584 3000
2787079745.8888 -5141.39218305786 -82962.0007679423 -37810732349.152 -5239438130.84592 -22865984.113348 3000
2787109822.38953 -2477.41089379228 -82506.4703696702 -37925048510.6882 -7728185633.98079 -22865984.1905909 3000
2787141529.60159 212.064185092623 -81867.0603352442 -37960620658.1451 -10334503919.1859 -22865984.2817082 3000
2787174865.38404 2893.68326607547 -81041.4289496222 -37908422337.4031 -13050248079.4657 -22865984.3817225 3000
2787209012.61494 5474.90608053288 -80058.3058021598 -37765052532.7574 -15801161583.2253 -22865984.4728556 3000
2787244519.83059 7975.0342031851 -78916.3013508697 -37525708497.2217 -18623854892.2558 -22865984.5577369 3000
2787282097.48398 10415.4752322451 -77604.7374481522 -37179513858.5652 -21564987048.5076 -22865984.6392374 3000
2787322892.48225 12830.0753613633 -76094.3655108895 -36704545406.4578 -24700315230.7273 -22865984.722342 3000
2787366781.85469 15166.2457048521 -74404.8758523652 -36089210928.4665 -28003155787.5597 -22865984.7985764 3000
2787412216.30851 17317.0208516086 -72620.1833928147 -35350289962.8429 -31343235333.9619 -22865984.8509817 3000
2787460273.32639 19319.9968806095 -70725.223145593 -34468890491.8186 -34787584721.8022 -22865984.8899927 3000
2787503802.75671 20915.6607355891 -69024.2774682791 -33592459113.3512 -37829107635.8486 -22865984.9035668 3000
2787545794.94709 22277.8574797863 -67411.6669184185 -32684987363.2829 -40693613350.3418 -22865984.9109621 3000
2787587280.41833 23470.2067927413 -65855.2526089885 -31735548603.1553 -43457794768.6542 -22865984.9162855 3000
2787633360.87899 24635.1772650087 -64177.0763806685 -30626581968.4106 -46453552874.6505 -22865984.9243622 3000
2787679793.2271 25658.7751125656 -62545.564262605 -29458401878.4996 -49395328755.7969 -22865984.9325204 3000
2787726925.2202 26562.305134724 -60953.934029336 -28227258538.3345 -52305458359.1226 -22865984.9414105 3000
2787775022.54741 27361.1885921683 -59398.1480690663 -26930004968.0641 -55199487121.6793 -22865984.9513412 3000
2787824306.15768 28067.2591739385 -57875.6391677874 -25563711963.6212 -58089028943.6905 -22865984.9624529 3000
2787874972.18842 28689.9889208807 -56384.6681707409 -24125468897.5711 -60983273520.6846 -22865984.9748006 3000
2787927203.32624 29237.1960213529 -54923.9860160651 -22612278606.9731 -63889831451.5309 -22865984.9883924 3000
2787981175.99113 29715.4851993246 -53492.6414226749 -21020992555.1485 -66815250348.463 -22865985.0032098 3000
2788037065.26365 30130.5369604024 -52089.8663232199 -19348265493.3237 -69765349338.0879 -22865985.0192215 3000
2788095048.54744 30487.3060882947 -50715.0050157731 -17590519192.5047 -72745447709.2507 -22865985.0363901 3000
2788155308.54321 30790.1629566408 -49367.468427133 -15743908822.3815 -75760530449.1597 -22865985.0546756 3000
2788218035.88718 31042.9971347799 -48046.7031453879 -13804287822.2072 -78815375660.0825 -22865985.0740438 3000
2788283431.55536 31249.2947225824 -46752.1718879795 -11767172429.5699 -81914652941.1722 -22865985.0944612 3000
2788351709.35525 31412.1978296625 -45483.3381849491 -9627698864.26469 -85063010586.6069 -22865985.1159022 3000
2788423030.80829 31534.4550709954 -44240.7973952751 -7382710011.1307 -88262156927.1626 -22865985.1382437 3000
2788496577.15104 31617.8314032421 -43040.595253369 -5060158334.33641 -91471288345.1093 -22865985.1598959 3000
2788572237.06741 31666.0837730888 -41884.3001628263 -2665912497.27695 -94683515086.9943 -22865985.1805174 3000
2788650156.28471 31682.9054627634 -40769.1681552878 -197664265.369717 -97903186180.0491 -22865985.2001791 3000
2788730475.55929 31671.5054213773 -39692.805449862 2346802577.73926 -101134036271.745 -22865985.2189403 3000
2788813332.63849 31634.6966978142 -38653.0951818427 4969644555.91012 -104379320449.957 -22865985.2368526 3000
2788898863.83418 31574.9636695391 -37648.1425080843 7672985004.61071 -107641917450.997 -22865985.253963 3000
2788987205.04599 31494.5143282163 -36676.2359278483 10458927709.3182 -110924399840.898 -22865985.270313 3000
2789078492.78466 31395.3214864983 -35735.8152700294 13329573814.8607 -114229095852.292 -22865985.2859406 3000
2789172864.65664 31279.1561962222 -34825.4505173213 16287024135.7283 -117558124968.728 -22865985.3008804 3000
2789270460.19853 31147.6145179493 -33943.820634556 19333394248.1402 -120913441520.996 -22865985.3151665 3000
2789371421.22673 31002.1399482262 -33089.7002637277 22470815647.7758 -124296856953.108 -22865985.3288285 3000
2789475892.18066 30844.0421253874 -32261.9482628879 25701437785.9364 -127710059532.307 -22865985.3418953 3000
2789584020.67034 30674.5121944012 -31459.4963623445 29027437186.3863 -131154638384.961 -22865985.3543949 3000
2789695957.75131 30494.6361276307 -30681.3416124679 32451018625.2059 -134632096308.601 -22865985.3663529 3000
2789811858.08616 30305.4062878857 -29926.5405096101 35974413334.2611 -138143857835.33 -22865985.3777936 3000
2789931880.37483 30107.7309484551 -29194.2021164325 39599885771.3136 -141691284415.196 -22865985.3887402 3000
2790056187.39627 29902.4431092769 -28483.4844742168 43329728817.9372 -145275676709.786 -22865985.3992145 3000
2790184946.69292 29690.307148054 -27793.587830338 47166278496.7516 -148898294716.284 -22865985.4092383 3000
2790318330.26083 29472.0261851304 -27123.7541303065 51111898934.1192 -152560348294.238 -22865985.418831 3000
2790456515.04553 29248.2473309319 -26473.2621847687 55168991666.6521 -156263010534.151 -22865985.4280123 3000
2790599683.02734 29019.566937952 -25841.425497736 59339992720.215 -160007418813.727 -22865985.4367993 3000
2790748021.91998 28786.5343096594 -25227.5877254883 63627387542.3133 -163794691301.321 -22865985.4452109 3000
2790901724.52746 28549.6570544168 -24631.1241936875 68033686933.3113 -167625908185.355 -22865985.4532627 3000
2791060989.68068 28309.4035040307 -24051.4367843148 72561448884.615 -171502133559.738 -22865985.4609709 3000
2791226021.98678 28066.2066343184 -23487.9540095778 77213266010.4579 -175424406477.532 -22865985.4683504 3000
2791397032.21865 27820.4666640453 -22940.1286505991 81991771398.0092 -179393747931.951 -22865985.4754159 3000
2791574237.61837 27572.5535316296 -22407.4360447986 86899641754.5306 -183411164985.044 -22865985.4821813 3000
2791757862.1232 27322.8092538358 -21889.3728195902 91939598216.8263 -187477652630.116 -22865985.4886599 3000
2791948136.22842 27071.5505460477 -21385.4566751116 97114397217.1688 -191594187607.133 -22865985.494864 3000
2792145297.57487 26819.070254608 -20895.2241806326 102426841219.266 -195761738176.089 -22865985.5008056 3000
2792349590.68504 26565.6397485742 -20418.2309580824 107879766167.673 -199981255166.974 -22865985.5064963 3000
2792561267.74035 26311.5098166534 -19954.0493201225 113476056959.871 -204253684968.956 -22865985.5119473 3000
2792780588.30582 26056.9127652421 -19502.2685619358 119218634527.901 -208579960221.467 -22865985.5171685 3000
2793007820.19698 25802.0630201515 -19062.492788691 125110473035.494 -212961013452.892 -22865985.5221704 3000
2793243239.2185 25547.1589714462 -18634.3412602343 131154587150.417 -217397767827.395 -22865985.5269625 3000
2793487129.12028 25292.3843841161 -18217.4480783712 137354025443.129 -221891132981.04 -22865985.5315539 3000
2793739782.74429 25037.9084839222 -17811.4599187892 143711893894.515 -226442022564.07 -22865985.5359535 3000
2794001500.69167 24783.8885296906 -17416.0379879716 150231316426.116 -231051326224.218 -22865985.5401692 3000
2794272593.8787 24530.4684072225 -17030.8537934972 156915493090.076 -235719951395.917 -22865985.5442095 3000
2794553381.67677 24277.7815493725 -16655.5918990543 163767647398.583 -240448786038.601 -22865985.5480817 3000
2794844193.33257 24025.9505705241 -16289.9476435803 170791055526.596 -245238719489.694 -22865985.5517933 3000
2795145367.02373 23775.0890191451 -15933.6281749003 177989017391.43 -250090622897.808 -22865985.555351 3000
2795457252.01571 23525.3004144165 -15586.3496542401 185364902353.511 -255005380417.907 -22865985.5587617 3000
2795780207.10822 23276.6803995664 -15247.8390374345 192922105566.617 -259983859746.314 -22865985.5620315 3000
2796114601.38887 23029.3168436 -14917.8329608321 200664060037.575 -265026920696.391 -22865985.5651664 3000
2796460816.06869 22783.289247215 -14596.0758826553 208594272459.307 -270135438418.908 -22865985.5681724 3000
2796819242.25189 22538.6710973054 -14282.3222049804 216716264967.363 -275310265474.504 -22865985.5710552 3000
2797190282.50813 22295.5293284918 -13976.3345703502 225033605213.319 -280552251699.98 -22865985.5738197 3000
2797574352.13949 22053.9241610244 -13677.8828237311 233549927665.795 -285862257346.615 -22865985.5764713 3000
2797971876.41219 21813.9114442147 -13386.7461127454 242268865329.902 -291241110396.874 -22865985.5790145 3000
2798383294.92098 21575.5404736513 -13102.709434328 251194139610.701 -296689662567.678 -22865985.5814543 3000
2798809058.74665 21338.8562997581 -12825.5657633902 260329490418.749 -302208745812.983 -22865985.583795 3000
2799249631.17527 21103.8997097275 -12555.115320643 269678685775.87 -307799178763.118 -22865985.5860406 3000
2799705489.69154 20870.7066189766 -12291.1642597822 279245557258.927 -313461787970.958 -22865985.5881952 3000
2800177125.78083 20639.308713132 -12033.5248715397 289033987711.954 -319197400035.895 -22865985.5902628 3000
2800665042.71886 20409.7349275978 -11782.0166853356 299047858473.756 -325006810803.8 -22865985.5922471 3000
2801169759.61123 20182.0098572383 -11536.4641896474 309291126060.055 -330890830354.553 -22865985.5941513 3000
2801691809.13139 19956.1552501645 -11296.6980171839 319767767853.599 -336850251199.237 -22865985.595979 3000
2802231739.89882 19732.1893131364 -11062.5537567382 330481822734.066 -342885871515.227 -22865985.5977337 3000
2802790114.70025 19510.1278388709 -10833.8727375176 341437347707.836 -348998470386.962 -22865985.599418 3000
2803367512.22076 19289.9837954646 -10610.5011993767 352638444924.121 -355188823141.596 -22865985.6010349 3000
2803964525.87178 19071.7680826939 -10392.2906964528 364089231329.071 -361457684544.357 -22865985.6025876 3000
2804581768.82075 18855.4880117275 -10179.0962412195 375793927091.859 -367805837024.117 -22865985.6040785 3000
2805219866.42327 18641.1503274521 -9970.77899033423 387756703002.687 -374234007292.174 -22865985.6055102 3000
2805879462.91923 18428.7590461824 -9767.20377624729 399981800791.732 -380742932145.204 -22865985.6068852 3000
2806561220.28192 18218.3161908488 -9568.2395620016 412473502217.865 -387333341248.115 -22865985.6082058 3000
2807265818.60234 18009.8219433439 -9373.75932116311 425236127611.492 -394005956146.269 -22865985.6094743 3000
2807993954.60873 17803.2753053456 -9183.64039356619 438274001068.098 -400761472100.266 -22865985.6106929 3000
2808746344.8064 17598.6733913312 -8997.76358012188 451591499097.113 -407600583525.791 -22865985.6118635 3000
2809523724.99354 17396.0118332666 -8816.01329861068 465193032683.352 -414523974321.828 -22865985.6129883 3000
2810326849.67404 17195.2851403032 -8638.27768896293 479083028517.244 -421532308256.402 -22865985.6140691 3000
2811156492.34614 16996.4867856898 -8464.44847441486 493265926140.182 -428626227747.817 -22865985.6151077 3000
2812013450.28652 16799.6082749103 -8294.41995910424 507746250577.312 -435806389950.223 -22865985.6161057 3000
2812898536.15648 16604.6412994575 -8128.09071534726 522528460858.509 -443073391255.18 -22865985.617065 3000
2813812586.09478 16411.5759859774 -7965.36187904562 537617079262.545 -450427831849.641 -22865985.617987 3000
2814756459.29205 16220.401252124 -7806.13731035196 553016673284.351 -457870306107.063 -22865985.6188734 3000
2815731037.30094 16031.1051533207 -7650.32373586994 568731834242.843 -465401391820.146 -22865985.6197254 3000
2816737221.83286 15843.6754414026 -7497.83105260644 584767133059.677 -473021629131.071 -22865985.6205446 3000
2817775936.30386 15658.0993439891 -7348.57198815202 601127137533.848 -480731529335.109 -22865985.6213323 3000
2818848134.61596 15474.3621845217 -7202.46086714345 617816540144.53 -488531634663.706 -22865985.6220896 3000
2819954785.03815 15292.4503551325 -7059.41586366387 634839895778.702 -496422395022.961 -22865985.6228178 3000
2821096887.436 15112.3484530969 -6919.35659151164 652201881378.878 -504404289676.818 -22865985.6235182 3000
2822275462.38919 14934.0412517963 -6782.20554974134 669907117405.515 -512477743991.503 -22865985.6241919 3000
2823491558.97046 14757.5125767664 -6647.88713283904 687960276747.757 -520643179644.642 -22865985.6248398 3000
2824746250.86279 14582.7460386441 -6516.32809422027 706366015640.529 -528900982846.413 -22865985.6254631 3000
2826040639.94349 14409.7246300481 -6387.4571386945 725129016622.345 -537251523701.792 -22865985.6260627 3000
2827375851.82193 14238.431434075 -6261.20535524205 744253913541.784 -545695122740.189 -22865985.6266396 3000
2828753043.20373 14068.8487478256 -6137.50547277892 763745387868.453 -554232093722.317 -22865985.6271947 3000
2830173393.40666 13900.9592488208 -6016.29262857894 783608037529.691 -562862685930.576 -22865985.6277288 3000
2831638112.07305 13734.745097616 -5897.50362260177 803846477086.842 -571587128465.575 -22865985.6282428 3000
2833146406.72938 13570.4050752706 -5781.22970902563 824437745016.244 -580393874829.902 -22865985.6287342 3000
2834697397.7373 13408.115332367 -5667.54223303108 845358619675.229 -589271607763.614 -22865985.6292011 3000
2836292093.36699 13247.8363104002 -5556.36035661303 866611829305.463 -598220224582.699 -22865985.629645 3000
2837931502.07313 13089.5309995456 -5447.60761930764 888199820215.038 -607239488432.757 -22865985.6300672 3000
2839616665.89608 12933.1615630899 -5341.20945133134 910125197936.329 -616329214642.978 -22865985.6304688 3000
2841348630.88199 12778.6922157383 -5237.09502273756 932390332236.49 -625489105863.105 -22865985.6308509 3000
2843128459.55323 12626.0879268784 -5135.19621491541 954997520716.428 -634718821852.495 -22865985.6312148 3000
2844957259.61008 12475.3120811981 -5035.44596255043 977949343351.81 -644018123168.726 -22865985.6315612 3000
2846836118.2963 12326.3320061413 -4937.78181964238 1001247828639.69 -653386532272.413 -22865985.6318912 3000
2848766168.89332 12179.11339407 -4842.14215150621 1024895287760.44 -662823672993.56 -22865985.6322056 3000
2850748557.8233 12033.6230803097 -4748.46788610379 1048893893750.18 -672329099584.24 -22865985.6325054 3000
2852784443.969 11889.8290006242 -4656.70238085659 1073245672925.87 -681902294797.508 -22865985.6327912 3000
2854875009.12261 11747.699403954 -4566.79082751374 1097952627591.11 -691542719071.524 -22865985.6330637 3000
2857021447.5304 11607.2035717492 -4478.68062862868 1123016607234.69 -701249760465.889 -22865985.6333238 3000
2859224994.02838 11468.3099926758 -4392.32017940811 1148439631209.77 -711022859699.467 -22865985.6335719 3000
2861486896.87691 11330.9882242341 -4307.65997464654 1174223561549.78 -720861382577.653 -22865985.6338088 3000
2863808398.80123 11195.2098956653 -4224.6531373588 1200369890367.53 -730764541218.428 -22865985.634035 3000
2866190784.76039 11060.9457896448 -4143.25355383895 1226880280548.01 -740731600918.206 -22865985.634251 3000
2868635358.72395 10928.1673144847 -4063.41672954385 1253756292085.79 -750761775130.887 -22865985.6344573 3000
2871143456.51081 10796.8458245759 -3985.09932514961 1280999516657.95 -760854275659.798 -22865985.6346545 3000
2873716380.59104 10666.955951124 -3908.26107776055 1308610869826.36 -771008051976.415 -22865985.6348429 3000
2876355518.35758 10538.4694571384 -3832.86109179014 1336591867310.71 -781222263557.382 -22865985.635023 3000
2879062263.82651 10411.3594156709 -3758.86029186409 1364943763438.14 -791495959742.715 -22865985.6351953 3000
2881838016.96928 10285.6001015686 -3686.22129413038 1393667548557.03 -801828081289.033 -22865985.6353601 3000
2884684181.95195 10161.1669382511 -3614.90831498769 1422763935613.72 -812217458013.019 -22865985.6355177 3000
2887602241.34963 10038.0332923908 -3544.88529841806 1452234110435.72 -822663076254.414 -22865985.6356685 3000
2890593622.70032 9916.17623208789 -3476.1191679349 1482078368289.96 -833163593601.488 -22865985.6358129 3000
2893659833.95751 9795.57073943007 -3408.57648936964 1512297482161.29 -843717825371.588 -22865985.635951 3000
2896802371.53325 9676.19354922242 -3342.22561420508 1542891772177.42 -854324415771.896 -22865985.6360833 3000
2900022801.19211 9558.02000511486 -3277.03488940781 1573861893475.86 -864982112563.395 -22865985.63621 3000
2903322642.32364 9441.02838380197 -3212.97502067934 1605207710422.02 -875689378361.564 -22865985.6363314 3000
2906703484.60062 9325.1955445863 -3150.01663404806 1636929419171.25 -886444778508.543 -22865985.6364477 3000
2910166957.23283 9210.49821195762 -3088.13097217937 1669027231135.27 -897246869346.14 -22865985.6365591 3000
2913714638.19555 9096.91591498929 -3027.29144466055 1701500532205.8 -908093916811.73 -22865985.6366658 3000
2917348179.3725 8984.42677736437 -2967.47132323455 1734349043415.16 -918984288628.535 -22865985.6367682 3000
2921069253.37095 8873.00935200896 -2908.64471553873 1767572314457.98 -929916282555.275 -22865985.6368663 3000
2924879554.36824 8762.64257875731 -2850.78651697147 1801169726734.42 -940888127932.579 -22865985.6369604 3000
2928780777.54309 8653.30633784621 -2793.87267358703 1835140310505.18 -951897927109.12 -22865985.6370506 3000
2932774657.78411 8544.98031256096 -2737.87956298841 1869483081923.69 -962943766081.42 -22865985.6371372 3000
2936862951.62482 8437.64452705399 -2682.78425777768 1904196875781 -974023659757.302 -22865985.6372202 3000
2941047435.99325 8331.27936563369 -2628.5645146581 1939280330113.29 -985135547546.668 -22865985.6372999 3000
2945329886.56423 8225.86608047029 -2575.1990103356 1974731703786.54 -996277236830.297 -22865985.6373764 3000
2949712166.03421 8121.38462205815 -2522.66622621521 2010549600323.43 -1007446630536.57 -22865985.6374498 3000
2954196091.60205 8017.81688641305 -2470.94607413415 2046731866235.09 -1018641381475.88 -22865985.6375203 3000
2958783522.69638 7915.14452352357 -2420.01876790329 2083276315115.39 -1029859120954.68 -22865985.6375879 3000
2963476387.57297 7813.34843506675 -2369.86456947349 2120180919572.03 -1041097515320.98 -22865985.6376529 3000
2968276563.97671 7712.41138962389 -2320.46506583869 2157442861754.08 -1052353976225.95 -22865985.6377153 3000
2973185998.24142 7612.31538441052 -2271.80184969993 2195059471147.99 -1063625947928.31 -22865985.6377752 3000
2978206606.72368 7513.04370364302 -2223.85751283989 2233027455124.77 -1074910675477.45 -22865985.6378328 3000
2983340430.38819 7414.57783423364 -2176.6141411922 2271344065233.61 -1086205552342.21 -22865985.6378881 3000
2988589425.23634 7316.90159392191 -2130.05529523724 2310005507701.58 -1097507648633.03 -22865985.6379413 3000
2993955676.79578 7219.99700371506 -2084.16401659288 2349008538619.39 -1108814181869.91 -22865985.6379924 3000
2999441125.79231 7123.84930497438 -2038.92520023854 2388348451801.45 -1120121931786.84 -22865985.6380415 3000
3005047898.39492 7028.44098198286 -1994.32275228055 2428021473999.97 -1131427935288.43 -22865985.6380886 3000
3010778087.59559 6933.75572735118 -1950.34145993241 2468023164869.91 -1142729022192.4 -22865985.638134 3000
3016633806.25573 6839.77745447697 -1906.96651169537 2508348800000.98 -1154021927424.58 -22865985.6381776 3000
3022617248.8633 6746.48933404751 -1864.18304661191 2548993782312.74 -1165303405305.7 -22865985.6382196 3000
3028730445.95957 6653.87758180928 -1821.97787892554 2589951974044.64 -1176569768206.9 -22865985.6382599 3000
3034975759.91003 6561.92385472319 -1780.33601532383 2631219029330.61 -1187817806881.43 -22865985.6382987 3000
3041355126.71055 6470.61658660897 -1739.2457989128 2672787339281.54 -1199043406034.4 -22865985.638336 3000
3047871021.15406 6379.93683453734 -1698.69249790764 2714652387324.34 -1210243274336.81 -22865985.6383719 3000
3054525406.02726 6289.8733039486 -1658.66505992813 2756805898434.72 -1221413095210.07 -22865985.6384065 3000
3061320734.88566 6200.40831652838 -1619.14982224847 2799242290010.86 -1232549255804.17 -22865985.6384397 3000
3068259279.02068 6111.52716225761 -1580.13468661755 2841954341302.5 -1243647689129.36 -22865985.6384717 3000
3075343255.51318 6023.21614774067 -1541.60822483113 2884934048474.64 -1254704110191.4 -22865985.6385024 3000
3082575042.87053 5935.45988382849 -1503.55848796752 2928173930142.42 -1265714353035.54 -22865985.638532 3000
3089957118.01474 5848.24224157547 -1465.97343505849 2971666589635.71 -1276674250101.35 -22865985.6385605 3000
3097491597.64506 5761.55166242304 -1428.8432055684 3015402031529.76 -1287578961256.1 -22865985.638588 3000
3105180996.00453 5675.37219388241 -1392.15625097257 3059372119214.75 -1298424097661.26 -22865985.6386144 3000
3113027691.42748 5589.68978918722 -1355.90204517852 3103567422260.92 -1309204927483.94 -22865985.6386398 3000
3121034162.67789 5504.489588004 -1320.06991575323 3147978576329.28 -1319916714857.5 -22865985.6386642 3000
3129202655.68167 5419.75942831028 -1284.65051405976 3192594434393.4 -1330554275818.41 -22865985.6386878 3000
3137535850.7154 5335.48284584301 -1249.6328776119 3237405724664.8 -1341112854894.22 -22865985.6387105 3000
3146036020.85744 5251.64778903839 -1215.00806898071 3282400447566.1 -1351587028389.8 -22865985.6387323 3000
3153600000 5178.76330518833 -1185.07522816525 3321847160410.23 -1360663611409.16 -22865985.6387453 3000
