7.5e-05 0.0117804879836333
0.000225 0.0431834966881558
0.000375 0.105952322628037
0.000525 0.20001262219275
0.000675 0.325252978239377
0.000825 0.481525017913172
0.000975 0.668643569544288
0.001125 0.886386858478527
0.001275 1.13449674162454
0.001425 1.4126789804858
0.001575 1.72060355240052
0.001725 2.05790499966163
0.001875 2.42418281617048
0.002025 2.81900187121709
0.002175 3.24189286996512
0.002325 3.69235285015831
0.002475 4.16984571455078
0.002625 4.67380279850493
0.002775 5.20362347218676
0.002925 5.75867577673398
0.003075 6.33829709374793
0.003225 6.94179484742448
0.003375 7.56844723860469
0.003525 8.21750400999077
0.003675 8.88818724174604
0.003825 9.57969217666221
0.003975 10.2911880740497
0.004125 11.0218190914739
0.004275 11.7707051934353
0.004425 12.5369430860604
0.004575 13.3196071768493
0.004725 14.1177505584866
0.004875 14.9304060157163
0.005025 15.7565870542446
0.005175 16.5952889506079
0.005325 17.4454898219478
0.005475 18.3061517145666
0.005625 19.1762217101725
0.005775 20.0546330486636
0.005925 20.9403062663046
0.006075 21.8321503481178
0.006225 22.7290638933201
0.006375 23.629936292587
0.006525 24.5336489159579
0.006675 25.4390763101379
0.006825 26.3450874039806
0.006975 27.2505467209072
0.007125 28.1543155970088
0.007275 29.0552534035863
0.007425 29.9522187728603
0.007575 30.8440708255982
0.007725 31.7296703993852
0.007875 32.6078812762757
0.008025 33.4775714085585
0.008175 34.3376141413709
0.008325 35.1868894309026
0.008475 36.0242850569274
0.008625 36.848697828411
0.008775 37.659034780951
0.008925 38.454214364804
0.009075 39.233167622282
0.009225 39.9948393532823
0.009375 40.7381892677657
0.009525 41.4621931239623
0.009675 42.1658438511437
0.009825 42.8481526557915
0.009975 43.5081501100014
0.010125 44.14488722101
0.010275 44.7574364807143
0.010425 45.3448928941017
0.010575 45.9063749855089
0.010725 46.4410257816705
0.010875 46.9480137705173
0.011025 47.4265338347305
0.011175 47.8758081590728
0.011325 48.2950871105355
0.011475 48.6836500903927
0.011625 49.0408063572508
0.011775 49.3658958202277
0.011925 49.6582898014427
0.012075 49.9173917669797
0.012225 50.1426380255717
0.012375 50.3334983942549
0.012525 50.4894768302803
0.012675 50.6101120286125
0.012825 50.6949779843694
0.012975 50.7436845195963
0.013125 50.7558777738119
0.013275 50.7312406577783
0.013425 50.6694932700084
0.013575 50.5703932755523
0.013725 50.4337362466282
0.013875 50.2593559647335
0.014025 50.0471246838744
0.014175 49.7969533546183
0.014325 49.5087918087043
0.014475 49.1826289039797
0.014625 48.818492629481
0.014775 48.4164501705146
0.014925 47.9766079336306
0.015175 47.197805416316
0.015525 46.133764714499
0.015875 45.1166423428411
0.016225 44.1434019841361
0.016575 43.2112637823596
0.016925 42.3176778252648
0.017275 41.4603008505132
0.017625 40.6369757272408
0.017975 39.8457133347772
0.018325 39.084676518015
0.018675 38.3521658469948
0.019025 37.6466069483643
0.019375 36.9665392099423
0.019725 36.3106056878393
0.020075 35.6775440693714
0.020425 35.0661785651225
0.020775 34.4754126205839
0.021125 33.9042223523139
0.021475 33.3516506259666
0.021825 32.81680170413
0.022175 32.2988364010209
0.022525 31.7969676889075
0.022875 31.3104567078746
0.023225 30.838609136389
0.023575 30.380771885159
0.023925 29.9363300811963
0.024275 29.5047043127753
0.024625 29.0853481093453
0.024975 28.6777456333387
0.025325 28.2814095633815
0.025675 27.8958791506378
0.026025 27.520718431993
0.026375 27.1555145855021
0.026725 26.7998764150653
0.027075 26.4534329526357
0.027425 26.115832167461
0.027775 25.7867397729115
0.028125 25.4658381224042
0.028475 25.1528251867467
0.028825 24.8474136059881
0.029175 24.5493298095153
0.029525 24.2583131987333
0.029875 23.9741153872002
0.030225 23.6964994935518
0.030575 23.4252394829961
0.030925 23.1601195535198
0.031275 22.9009335633123
0.031625 22.6474844962085
0.031975 22.399583962239
0.032325 22.1570517306293
0.032675 21.9197152928108
0.033025 21.68740945322
0.033375 21.4599759458454
0.033725 21.2372630746505
0.034075 21.0191253761581
0.034425 20.8054233026167
0.034775 20.5960229243012
0.035125 20.3907956496106
0.035475 20.1896179617357
0.035825 19.9923711707627
0.036175 19.7989411801678
0.036525 19.6092182667369
0.036875 19.4230968730187
0.037225 19.2404754114859
0.037575 19.0612560796424
0.037925 18.8853446853675
0.038275 18.7126504818436
0.038625 18.5430860114579
0.038975 18.3765669581158
0.039325 18.2130120074396
0.039675 18.0523427143681
0.040025 17.8944833777027
0.040375 17.7393609211778
0.040725 17.5869047806643
0.041075 17.4370467971407
0.041425 17.2897211150888
0.041775 17.1448640859976
0.042125 17.0024141766777
0.042475 16.8623118821083
0.042825 16.724499642558
0.043175 16.5889217647376
0.043525 16.4555243467558
0.043875 16.3242552066677
0.044225 16.195063814416
0.044575 16.067901226978
0.044925 15.9427200265453
0.045275 15.8194742615693
0.045625 15.6981193905217
0.045975 15.578612228223
0.046325 15.4609108946045
0.046675 15.3449747657751
0.047025 15.2307644272739
0.047375 15.1182416293943
0.047725 15.0073692444747
0.048075 14.8981112260542
0.048425 14.7904325697998
0.048775 14.6842992761159
0.049125 14.5796783143523
0.049475 14.4765375885307
0.049825 14.3748459045169
