7.5e-05 0.0117804879836333
0.000225 0.0431834966881558
0.000375 0.105952322628037
0.000525 0.200012622193491
0.000675 0.325252978239377
0.000825 0.481525017912432
0.000975 0.668643569544288
0.001125 0.886386858478527
0.001275 1.13449674162454
0.001425 1.4126789804858
0.001575 1.72060355240052
0.001725 2.05790499966163
0.001875 2.42418281617048
0.002025 2.81900187121709
0.002175 3.24189286996438
0.002325 3.69235285015831
0.002475 4.16984571455004
0.002625 4.67380279850419
0.002775 5.20362347218676
0.002925 5.75867577673398
0.003075 6.33829709374793
0.003225 6.94179484742448
0.003375 7.56844723860543
0.003525 8.21750400999151
0.003675 8.88818724174678
0.003825 9.57969217666221
0.003975 10.2911880740505
0.004125 11.0218190914739
0.004275 11.7707051934353
0.004425 12.5369430860604
0.004575 13.3196071768493
0.004725 14.1177505584874
0.004875 14.9304060157178
0.005025 15.7565870542453
0.005175 16.5952889506094
0.005325 17.4454898219486
0.005475 18.3061517145674
0.005625 19.1762217101725
0.005775 20.0546330486643
0.005925 20.9403062663046
0.006075 21.8321503481193
0.006225 22.7290638933216
0.006375 23.6299362925885
0.006525 24.5336489159587
0.006675 25.4390763101394
0.006825 26.345087403982
0.006975 27.2505467209087
0.007125 28.1543155970102
0.007275 29.0552534035871
0.007425 29.9522187728618
0.007575 30.8440708255997
0.007725 31.7296703993867
0.007875 32.6078812762772
0.008025 33.47757140856
0.008175 34.3376141413732
0.008325 35.1868894309056
0.008475 36.0242850569303
0.008625 36.848697828414
0.008775 37.6590347809547
0.008925 38.4542143648085
0.009075 39.2331676222857
0.009225 39.9948393532871
0.009375 40.7381892677701
0.009525 41.4621931239667
0.009675 42.1658438511485
0.009825 42.8481526557963
0.009975 43.5081501100062
0.010125 44.1448872210148
0.010275 44.7574364807187
0.010425 45.3448928941062
0.010575 45.9063749855134
0.010725 46.4410257816746
0.010875 46.9480137705218
0.011025 47.426533834735
0.011175 47.8758081590769
0.011325 48.2950871105399
0.011475 48.6836500903979
0.011625 49.0408063572549
0.011775 49.3658958202322
0.011925 49.6582898014471
0.012075 49.9173917669837
0.012225 50.1426380255765
0.012375 50.3334983942598
0.012525 50.4894768302851
0.012675 50.6101120286173
0.012825 50.6949779843731
0.012975 50.7436845196
0.013125 50.7558777738156
0.013275 50.731240657782
0.013425 50.6694932700121
0.013575 50.570393275556
0.013725 50.4337362466319
0.013875 50.2593559647376
0.014025 50.0471246838781
0.014175 49.796953354622
0.014325 49.5087918087078
0.014475 49.1826289039832
0.014625 48.8184926294842
0.014775 48.4164501705177
0.014925 47.9766079336339
0.015175 11.7994513540799
0.015525 11.5334411786256
0.015875 11.2791605857111
0.016225 11.0358504960348
0.016575 10.8028159455907
0.016925 10.5794194563171
0.017275 10.365075212629
0.017625 10.1592439318108
0.017975 9.96142833369486
0.018325 9.77116912950422
0.018675 9.58804146174925
0.019025 9.41165173709172
0.019375 9.24163480248604
0.019725 9.0776514219603
0.020075 8.91938601734342
0.020425 8.76654464128117
0.020775 8.61885315514653
0.021125 8.47605558807902
0.021475 8.33791265649213
0.021825 8.2042004260329
0.022175 8.07470910025571
0.022525 7.9492419222272
0.022875 7.82761417696906
0.023225 7.70965228409764
0.023575 7.59519297129014
0.023925 7.48408252029954
0.024275 7.3761760781943
0.024625 7.27133702733672
0.024975 7.16943640833499
0.025325 7.07035239084548
0.025675 6.97396978765966
0.026025 6.88017960799841
0.026375 6.78887864637561
0.026725 6.69996910376641
0.027075 6.61335823815913
0.027425 6.52895804186533
0.027775 6.44668494322788
0.028125 6.36645953060098
0.028475 6.28820629668668
0.028825 6.21185340149706
0.029175 6.13733245237883
0.029525 6.06457829968341
0.029875 5.99352884680005
0.030225 5.92412487338799
0.030575 5.85630987074902
0.030925 5.79002988837995
0.031275 5.72523339082817
0.031625 5.6618711240522
0.031975 5.59989599055978
0.032325 5.53926293265739
0.032675 5.47992882320273
0.033025 5.42185236330499
0.033375 5.36499398646136
0.033725 5.30931576866261
0.034075 5.25478134403948
0.034425 5.20135582565417
0.034775 5.14900573107534
0.035125 5.09769891240263
0.035475 5.04740449043393
0.035825 4.9980927926907
0.036175 4.94973529504196
0.036525 4.90230456668425
0.036875 4.85577421825472
0.037225 4.81011885287149
0.037575 4.76531401991064
0.037925 4.72133617134188
0.038275 4.67816262046089
0.038625 4.63577150286447
0.038975 4.59414173952895
0.039325 4.55325300185988
0.039675 4.51308567859205
0.040025 4.47362084442575
0.040375 4.43484023029447
0.040725 4.39672619516609
0.041075 4.35926169928517
0.041425 4.32243027877221
0.041775 4.28621602149941
0.042125 4.25060354416942
0.042475 4.21557797052706
0.042825 4.18112491063951
0.043175 4.1472304411844
0.043525 4.11388108668895
0.043875 4.08106380166692
0.044225 4.04876595360398
0.044575 4.01697530674449
0.044925 3.9856800066363
0.045275 3.95486856539229
0.045625 3.92452984763038
0.045975 3.89465305705571
0.046325 3.86522772365108
0.046675 3.83624369144374
0.047025 3.80769110681843
0.047375 3.77956040734853
0.047725 3.75184231111863
0.048075 3.7245278065135
0.048425 3.69760814244991
0.048775 3.67107481902895
0.049125 3.64491957858803
0.049475 3.61913439713263
0.049825 3.59371147612919
