0 0.637804402090169
0.00015 0.637802635016971
0.0003 0.637796157492468
0.00045 0.637780264644074
0.0006 0.637750262750745
0.00075 0.637701474804009
0.0009 0.637629246051322
0.00105 0.63752894951589
0.0012 0.637395991487119
0.00135 0.637225816975875
0.0015 0.637013915128802
0.00165 0.636755824595942
0.0018 0.636447138845993
0.00195 0.636083511423567
0.0021 0.635660661142885
0.00225 0.63517437721239
0.0024 0.634620524284866
0.00255 0.633995047427684
0.0027 0.633293977007908
0.00285 0.63251343348708
0.003 0.63164963212057
0.00315 0.630698887556508
0.0033 0.629657618329394
0.00345 0.628522351243603
0.0036 0.627289725642105
0.00375 0.625956497555842
0.0039 0.624519543729343
0.00405 0.622975865518236
0.0042 0.621322592654515
0.00435 0.619556986875499
0.0045 0.61767644541259
0.00465 0.615678504336063
0.0048 0.61356084175229
0.00495 0.611321280849932
0.0051 0.608957792791795
0.00525 0.606468499449204
0.0054 0.603851675975911
0.00555 0.601105753218726
0.0057 0.598229319962201
0.00585 0.595221125004901
0.006 0.592080079064955
0.00615 0.588805256512737
0.0063 0.585395896928739
0.00645 0.581851406484851
0.0066 0.578171359147457
0.00675 0.574355497700936
0.0069 0.570403734590339
0.00705 0.566316152582202
0.0072 0.562093005242651
0.00735 0.557734717232113
0.0075 0.553241884416184
0.00765 0.548615273792344
0.0078 0.543855823232436
0.00795 0.538964641040994
0.0081 0.53394300532971
0.00825 0.528792363208504
0.0084 0.523514329793868
0.00855 0.518110687035329
0.0087 0.512583382361067
0.00885 0.506934527143923
0.009 0.501166394989202
0.00915 0.495281419845859
0.0093 0.489282193942866
0.00945 0.483171465552701
0.0096 0.476952136584106
0.00975 0.470627260006433
0.0099 0.464200037108064
0.01005 0.457673814591563
0.0102 0.451052081508411
0.01035 0.444338466036303
0.0105 0.437536732102187
0.01065 0.43065077585436
0.0108 0.423684621987109
0.01095 0.416642419921531
0.0111 0.40952843984632
0.01125 0.402347068622459
0.0114 0.395102805555878
0.01155 0.387800258042318
0.0117 0.38044413708873
0.01185 0.373039252715695
0.012 0.365590509245478
0.01215 0.35810290048043
0.0123 0.350581504776594
0.01245 0.343031480017455
0.0126 0.335458058492912
0.01275 0.32786654168862
0.0129 0.320262294990964
0.01305 0.312650742313024
0.0132 0.305037360646951
0.01335 0.297427674548284
0.0135 0.289827250557782
0.01365 0.282241691566449
0.0138 0.274676631129454
0.01395 0.267137727734743
0.0141 0.259630659032162
0.01425 0.252161116028968
0.0144 0.244734797257662
0.01455 0.237357402922065
0.0147 0.230034629027642
0.01485 0.222772161502064
0.015 0.215575670312019
0.01535 0.211445862338091
0.0157 0.207409157925572
0.01605 0.203461451720574
0.0164 0.199598904046961
0.01675 0.195817918466005
0.0171 0.192115121656294
0.01745 0.188487345331874
0.0178 0.18493160995574
0.01815 0.181445110038947
0.0185 0.17802520084362
0.01885 0.174669386332008
0.0192 0.171375308224026
0.01955 0.168140736043156
0.0199 0.164963558045469
0.02025 0.161841772939399
0.0206 0.158773482314951
0.02095 0.15575688371065
0.0213 0.152790264254822
0.02165 0.14987199482505
0.022 0.147000524675938
0.02235 0.144174376490849
0.0227 0.141392141818069
0.02305 0.13865247685613
0.0234 0.135954098556696
0.02375 0.133295781016744
0.0241 0.130676352134639
0.02445 0.128094690507271
0.0248 0.125549722547704
0.02515 0.123040419804786
0.0255 0.12056579646799
0.02585 0.11812490704231
0.0262 0.11571684417951
0.02655 0.113340736653279
0.0269 0.11099574746696
0.02725 0.108681072083605
0.0276 0.106395936768952
0.02795 0.104139597038822
0.0283 0.101911336203112
0.02865 0.0997104639992713
0.029 0.0975363153087474
0.02935 0.0953882489504148
0.0297 0.0932656465455256
0.03005 0.0911679114491456
0.0304 0.0890944677434598
0.03075 0.0870447592886976
0.0311 0.0850182488277646
0.03145 0.0830144171409748
0.0318 0.0810327622475565
0.03215 0.0790727986508606
0.0325 0.0771340566244305
0.03285 0.0752160815363095
0.0332 0.0733184332091528
0.03355 0.0714406853138913
0.0339 0.0695824247948594
0.03425 0.0677432513244456
0.0346 0.0659227767854666
0.03495 0.0641206247795903
0.0353 0.0623364301602493
0.03565 0.0605698385885975
0.036 0.0588205061111557
0.03635 0.057088098757891
0.0367 0.0553722921595515
0.03705 0.0536727711831624
0.0374 0.0519892295846574
0.03775 0.0503213696776886
0.0381 0.048668902017719
0.03845 0.0470315451005577
0.0388 0.0454090250745551
0.03915 0.04380107546572
0.0395 0.042207436915069
0.03985 0.0406278569275618
0.0402 0.0390620896320128
0.04055 0.0375098955514097
0.0409 0.0359710413831016
0.04125 0.0344452997883518
0.0416 0.0329324491907815
0.04195 0.0314322735832567
0.0423 0.0299445623427974
0.04265 0.0284691100531129
0.043 0.0270057163343891
0.04335 0.0255541856799746
0.0437 0.0241143272996334
0.04405 0.02268595496905
0.0444 0.0212688868852886
0.04475 0.0198629455279281
0.0451 0.0184679575256053
0.04545 0.017083753527718
0.0458 0.0157101680810474
0.04615 0.0143470395110779
0.0465 0.0129942098078
0.04685 0.0116515245157947
0.0472 0.0103188326284083
0.04755 0.00899598648583629
0.0479 0.00768284167694477
0.04825 0.00637925694466505
0.0486 0.00508509409480758
0.04895 0.00380021790814745
0.0493 0.00252449605564164
0.04965 0.00125779901664522
0.05 0
