0 0.000625025988066122
0.000125 0.000625018175566122
0.00025 0.000625005154732789
0.000375 0.000624984842232789
0.0005 0.000624956940447074
0.000625 0.000624921350169297
0.00075 0.00062487802630566
0.000875 0.000624826944574891
0.001 0.000624768090408225
0.001125 0.000624701454378813
0.00125 0.000624627030036707
0.001375 0.000624544812774802
0.0015 0.000624454799187846
0.001625 0.000624356986687845
0.00175 0.000624251373261919
0.001875 0.000624137957313643
0.002 0.000624016737555578
0.002125 0.000623887712934366
0.00225 0.000623750882577223
0.002375 0.000623606245752898
0.0025 0.000623453801842641
0.002625 0.000623293550318251
0.00275 0.000623125490725227
0.002875 0.000622949622669671
0.003 0.000622765945807968
0.003125 0.00062257445983858
0.00325 0.000622375164495443
0.003375 0.000622168059542612
0.0035 0.000621953144769884
0.003625 0.000621730419989182
0.00375 0.000621499885031554
0.003875 0.000621261539744668
0.004 0.000621015383990699
0.004125 0.000620761417644545
0.00425 0.000620499640592305
0.004375 0.000620230052729986
0.0045 0.000619952653962379
0.004625 0.000619667444202105
0.00475 0.00061937442336877
0.004875 0.00061907359138825
0.005 0.000618764948192047
0.005125 0.000618448493716737
0.00525 0.000618124227903483
0.005375 0.0006177921506976
0.0055 0.000617452262048174
0.005625 0.000617104561907724
0.00575 0.000616749050231899
0.005875 0.00061638572697921
0.006 0.000616014592110788
0.006125 0.000615635645590169
0.00625 0.000615248887383097
0.006375 0.000614854317457354
0.0065 0.000614451935782596
0.006625 0.000614041742330214
0.00675 0.000613623737073204
0.006875 0.000613197919986047
0.007 0.000612764291044604
0.007125 0.000612322850226019
0.00725 0.000611873597508627
0.007375 0.000611416532871874
0.0075 0.000610951656296243
0.007625 0.000610478967763184
0.00775 0.000609998467255053
0.007875 0.000609510154755052
0.008 0.000609014030247177
0.008125 0.000608510093716168
0.00825 0.000607998345147465
0.008375 0.000607478784527163
0.0085 0.000606951411841977
0.008625 0.000606416227079203
0.00875 0.000605873230226684
0.008875 0.000605322421272782
0.009 0.000604763800206348
0.009125 0.000604197367016692
0.00925 0.000603623121693562
0.009375 0.000603041064227118
0.0095 0.000602451194607911
0.009625 0.000601853512826864
0.00975 0.000601248018875251
0.009875 0.000600634712744676
0.01 0.000600013594427065
0.010125 0.000599384663914641
0.01025 0.000598747921199917
0.010375 0.000598103366275673
0.0105 0.000597450999134953
0.010625 0.000596790819771047
0.01075 0.000596122828177479
0.010875 0.000595447024347998
0.011 0.000594763408276568
0.011125 0.000594071979957358
0.01125 0.000593372739384731
0.011375 0.000592665686553239
0.0115 0.000591950821457609
0.011625 0.000591228144092743
0.01175 0.000590497654453705
0.011875 0.000589759352535714
0.012 0.000589013238334143
0.012125 0.000588259311844504
0.01225 0.000587497573062452
0.012375 0.000586728021983771
0.0125 0.000585950658604372
0.012625 0.000585165482920292
0.01275 0.00058437249492768
0.012875 0.000583571694622801
0.013 0.000582763082002027
0.013125 0.000581946657061834
0.01325 0.0005811224197988
0.013375 0.000580290370209596
0.0135 0.00057945050829099
0.013625 0.000578602834039837
0.01375 0.000577747347453078
0.013875 0.000576884048527737
0.014 0.00057601293726092
0.014125 0.000575134013649807
0.01425 0.000574247277691656
0.014375 0.000573352729383794
0.0145 0.00057245036872362
0.014625 0.000571540195708597
0.01475 0.000570622210336256
0.014875 0.000569696412604187
0.015 0.000568762802510043
0.0152916666666667 0.000566553830373788
0.0155833333333333 0.000564302327384206
0.015875 0.000562008293397816
0.0161666666666667 0.000559671728278971
0.0164583333333333 0.000557292631899303
0.01675 0.000554871004137207
0.0170416666666667 0.000552406844877374
0.0173333333333333 0.000549900154010368
0.017625 0.00054735093143223
0.0179166666666667 0.00054475917704412
0.0182083333333333 0.000542124890751987
0.0185 0.000539448072466261
0.0187916666666667 0.000536728722101578
0.0190833333333333 0.000533966839576518
0.019375 0.000531162424813364
0.0196666666666667 0.000528315477737884
0.0199583333333333 0.000525425998279125
0.02025 0.00052249398636922
0.0205416666666667 0.000519519441943216
0.0208333333333333 0.000516502364938906
0.021125 0.000513442755296677
0.0214166666666667 0.00051034061295937
0.0217083333333333 0.000507195937872142
0.022 0.000504008729982351
0.0222916666666667 0.00050077898923943
0.0225833333333333 0.000497506715594787
0.022875 0.000494191909001699
0.0231666666666667 0.000490834569415221
0.0234583333333333 0.000487434696792093
0.02375 0.000483992291090659
0.0240416666666667 0.000480507352270788
0.0243333333333333 0.000476979880293802
0.024625 0.000473409875122405
0.0249166666666667 0.000469797336720618
0.0252083333333333 0.000466142265053718
0.0255 0.00046244466008818
0.0257916666666667 0.000458704521791626
0.0260833333333333 0.000454921850132765
0.026375 0.000451096645081355
0.0266666666666667 0.000447228906608148
0.0269583333333333 0.000443318634684853
0.02725 0.00043936582928409
0.0275416666666667 0.000435370490379355
0.0278333333333333 0.000431332617944983
0.028125 0.000427252211956107
0.0284166666666667 0.000423129272388636
0.0287083333333333 0.000418963799219211
0.029 0.000414755792425185
0.0292916666666667 0.00041050525198459
0.0295833333333333 0.00040621217787611
0.029875 0.000401876570079059
0.0301666666666667 0.00039749842857335
0.0304583333333333 0.00039307775333948
0.03075 0.0003886145443585
0.0310416666666667 0.000384108801612
0.0313333333333333 0.000379560525082086
0.031625 0.00037496971475136
0.0319166666666667 0.000370336370602906
0.0322083333333333 0.000365660492620267
0.0325 0.000360942080787432
0.0327916666666667 0.000356181135088819
0.0330833333333333 0.000351377655509261
0.033375 0.000346531642033988
0.0336666666666667 0.000341643094648619
0.0339583333333333 0.000336712013339142
0.03425 0.000331738398091906
0.0345416666666667 0.000326722248893606
0.0348333333333333 0.000321663565731275
0.035125 0.000316562348592268
0.0354166666666667 0.000311418597464255
0.0357083333333333 0.00030623231233521
0.036 0.000301003493193397
0.0362916666666667 0.000295732140027369
0.0365833333333333 0.00029041825282595
0.036875 0.000285061831578233
0.0371666666666667 0.000279662876273566
0.0374583333333333 0.00027422138690155
0.03775 0.000268737363452025
0.0380416666666667 0.000263210805915067
0.0383333333333333 0.00025764171428098
0.038625 0.000252030088540287
0.0389166666666667 0.000246375928683727
0.0392083333333333 0.000240679234702243
0.0395 0.000234940006586983
0.0397916666666667 0.000229158244329288
0.0400833333333333 0.000223333947920691
0.040375 0.000217467117352906
0.0406666666666667 0.000211557752617828
0.0409583333333333 0.000205605853707526
0.04125 0.000199611420614237
0.0415416666666667 0.000193574453330362
0.0418333333333333 0.000187494951848462
0.042125 0.000181372916161253
0.0424166666666667 0.000175208346261601
0.0427083333333333 0.000169001242142521
0.043 0.000162751603797167
0.0432916666666667 0.000156459431218835
0.0435833333333333 0.000150124724400954
0.043875 0.000143747483337085
0.0441666666666667 0.000137327708020919
0.0444583333333333 0.000130865398446268
0.04475 0.000124360554607069
0.0450416666666667 0.000117813176497374
0.0453333333333333 0.000111223264111351
0.045625 0.000104590817443283
0.0459166666666667 9.79158364875587e-05
0.0462083333333333 9.1198321238675e-05
0.0465 8.44382716912324e-05
0.0467916666666667 7.76356878399328e-05
0.0470833333333333 7.07905696795768e-05
0.047375 6.39029172050614e-05
0.0476666666666667 5.69727304113774e-05
0.0479583333333333 5.00000092936075e-05
0.04825 4.29847538469236e-05
0.0485416666666667 3.5926964066585e-05
0.0488333333333333 2.88266399479363e-05
0.049125 2.16837814864051e-05
0.0494166666666667 1.44983886775003e-05
0.0497083333333333 7.27046151681007e-06
0.05 0
