6.25e-05 6.25000000000625e-05
0.0001875 0.000104166666667349
0.0003125 0.000162500000000336
0.0004375 0.000223214285714757
0.0005625 0.000284722222221832
0.0006875 0.000346590909090783
0.0008125 0.00040865384615292
0.0009375 0.000470833333333573
0.0010625 0.000533088235294549
0.0011875 0.000595394736842975
0.0013125 0.00065773809524057
0.0014375 0.000720108695654101
0.0015625 0.000782500000001858
0.0016875 0.00084490740741034
0.0018125 0.000907327586208671
0.0019375 0.000969758064519113
0.0020625 0.00103219696969813
0.0021875 0.00109464285714435
0.0023125 0.00115709459459681
0.0024375 0.00121955128205495
0.0025625 0.00128201219512514
0.0026875 0.00134447674418961
0.0028125 0.0014069444444478
0.0029375 0.00146941489361993
0.0030625 0.0015318877551046
0.0031875 0.00159436274510105
0.0033125 0.0016568396226449
0.0034375 0.00171931818182362
0.0035625 0.00178179824561996
0.0036875 0.00184427966102262
0.0038125 0.00190676229508673
0.0039375 0.00196924603175237
0.0040625 0.00203173076923548
0.0041875 0.00209421641791593
0.0043125 0.00215670289855502
0.0044375 0.0022191901408496
0.0045625 0.00228167808219871
0.0046875 0.002344166666674
0.0048125 0.00240665584416277
0.0049375 0.00246914556962727
0.0050625 0.00253163580247583
0.0051875 0.00259412650603034
0.0053125 0.00265661764706476
0.0054375 0.00271910919540878
0.0055625 0.00278160112360173
0.0056875 0.00284409340659941
0.0058125 0.00290658602151214
0.0059375 0.00296907894737491
0.0060625 0.00303157216495573
0.0061875 0.00309406565657255
0.0063125 0.00315655940594673
0.0064375 0.00321905339806423
0.0065625 0.00328154761905508
0.0066875 0.00334404205608232
0.0068125 0.00340653669725528
0.0069375 0.0034690315315394
0.0070625 0.00353152654867985
0.0071875 0.00359402173913739
0.0073125 0.00365651709402504
0.0074375 0.00371901260504907
0.0075625 0.00378150826447089
0.0076875 0.00384400406504802
0.0078125 0.00390650000000724
0.0079375 0.00396899606300034
0.0080625 0.00403149224806939
0.0081875 0.00409398854962512
0.0083125 0.00415648496241393
0.0084375 0.00421898148148924
0.0085625 0.0042814781021968
0.0086875 0.00434397482015035
0.0088125 0.00440647163121258
0.0089375 0.00446896853147517
0.0090625 0.00453146551724921
0.0091875 0.00459396258504184
0.0093125 0.00465645973155189
0.0094375 0.00471895695365078
0.0095625 0.00478145424837387
0.0096875 0.00484395161291177
0.0098125 0.00490644904459474
0.0099375 0.00496894654088923
0.0100625 0.0050314440993883
0.0101875 0.00509394171779951
0.0103125 0.00515643939394839
0.0104375 0.00521893712575675
0.0105625 0.00528143491125045
0.0106875 0.00534393274854647
0.0108125 0.00540643063584676
0.0109375 0.00546892857143742
0.0110625 0.00553142655368086
0.0111875 0.0055939245810141
0.0113125 0.00565642265194181
0.0114375 0.00571892076503544
0.0115625 0.00578141891892717
0.0116875 0.00584391711230814
0.0118125 0.00590641534392415
0.0119375 0.00596891361257391
0.0120625 0.00603141191710729
0.0121875 0.00609391025641927
0.0123125 0.00615640862944994
0.0124375 0.00621890703518448
0.0125625 0.00628140547264538
0.0126875 0.00634390394089589
0.0128125 0.00640640243903309
0.0129375 0.0064689009661922
0.0130625 0.00653139952154057
0.0131875 0.00659389810427589
0.0133125 0.00665639671362534
0.0134375 0.00671889534884819
0.0135625 0.00678139400922713
0.0136875 0.00684389269407521
0.0138125 0.00690639140272457
0.0139375 0.00696889013453942
0.0140625 0.00703138888889874
0.0141875 0.00709388766520925
0.0143125 0.00715638646289329
0.0144375 0.00721888528139574
0.0145625 0.00728138412018145
0.0146875 0.00734388297873347
0.0148125 0.00740638185654958
0.0149375 0.00746888075314842
0.0151458333333333 0.00757361875287662
0.0154375 0.00771943882142342
0.0157291666666667 0.00786525938190931
0.0160208333333333 0.00801108040746588
0.0163125 0.00815690187314733
0.0166041666666667 0.00830272375576015
0.0168958333333333 0.00844854603371223
0.0171875 0.0085943686868772
0.0174791666666667 0.00874019169647245
0.0177708333333333 0.00888601504494804
0.0180625 0.00903183871588704
0.0183541666666667 0.0091776626939167
0.0186458333333333 0.0093234869646263
0.0189375 0.00946931151449282
0.0192291666666667 0.0096151363308136
0.0195208333333333 0.0097609614016447
0.0198125 0.00990678671574624
0.0201041666666667 0.01005261226253
0.0203958333333333 0.0101984380320135
0.0206875 0.0103442640147777
0.0209791666666667 0.0104900902019279
0.0212708333333333 0.0106359165850553
0.0215625 0.0107817431562078
0.0218541666666667 0.0109275699078574
0.0221458333333333 0.0110733968328716
0.0224375 0.0112192239244902
0.0227291666666667 0.0113650511762996
0.0230208333333333 0.0115108785822107
0.0233125 0.0116567061364393
0.0236041666666667 0.0118025338334884
0.0238958333333333 0.0119483616681281
0.0241875 0.01209418963538
0.0244791666666667 0.0122400177305049
0.0247708333333333 0.0123858459489856
0.0250625 0.0125316742865146
0.0253541666666667 0.0126775027389844
0.0256458333333333 0.0128233313024735
0.0259375 0.0129691599732354
0.0262291666666667 0.0131149887476927
0.0265208333333333 0.0132608176224233
0.0268125 0.013406646594156
0.0271041666666667 0.0135524756597583
0.0273958333333333 0.0136983048162325
0.0276875 0.0138441340607064
0.0279791666666667 0.013989963390429
0.0282708333333333 0.0141357928027604
0.0285625 0.0142816222951705
0.0288541666666667 0.0144274518652319
0.0291458333333333 0.0145732815106119
0.0294375 0.0147191112290724
0.0297291666666667 0.0148649410184627
0.0300208333333333 0.015010770876715
0.0303125 0.015156600801842
0.0306041666666667 0.0153024307919309
0.0308958333333333 0.0154482608451427
0.0311875 0.0155940909597062
0.0314791666666667 0.0157399211339158
0.0317708333333333 0.0158857513661292
0.0320625 0.0160315816547627
0.0323541666666667 0.0161774119982914
0.0326458333333333 0.0163232423952434
0.0329375 0.0164690728441997
0.0332291666666667 0.0166149033437906
0.0335208333333333 0.0167607338926948
0.0338125 0.0169065644896358
0.0341041666666667 0.0170523951333815
0.0343958333333333 0.0171982258227413
0.0346875 0.0173440565565639
0.0349791666666667 0.0174898873337377
0.0352708333333333 0.0176357181531871
0.0355625 0.0177815490138714
0.0358541666666667 0.017927379914785
0.0361458333333333 0.0180732108549541
0.0364375 0.0182190418334355
0.0367291666666667 0.0183648728493166
0.0370208333333333 0.0185107039017138
0.0373125 0.0186565349897707
0.0376041666666667 0.0188023661126572
0.0378958333333333 0.0189481972695692
0.0381875 0.0190940284597274
0.0384791666666667 0.0192398596823751
0.0387708333333333 0.0193856909367798
0.0390625 0.0195315222222294
0.0393541666666667 0.0196773535380344
0.0396458333333333 0.0198231848835244
0.0399375 0.019969016258049
0.0402291666666667 0.020114847660977
0.0405208333333333 0.0202606790916949
0.0408125 0.0204065105496071
0.0411041666666667 0.0205523420341343
0.0413958333333333 0.0206981735447141
0.0416875 0.0208440050807998
0.0419791666666667 0.0209898366418594
0.0422708333333333 0.0211356682273766
0.0425625 0.0212814998368479
0.0428541666666667 0.0214273314697848
0.0431458333333333 0.0215731631257109
0.0434375 0.0217189948041633
0.0437291666666667 0.0218648265046914
0.0440208333333333 0.0220106582268563
0.0443125 0.0221564899702307
0.0446041666666667 0.0223023217343986
0.0448958333333333 0.0224481535189547
0.0451875 0.0225939853235045
0.0454791666666667 0.0227398171476627
0.0457708333333333 0.022885648991055
0.0460625 0.0230314808533158
0.0463541666666667 0.0231773127340889
0.0466458333333333 0.0233231446330272
0.0469375 0.0234689765497919
0.0472291666666667 0.0236148084840529
0.0475208333333333 0.0237606404354879
0.0478125 0.0239064724037827
0.0481041666666667 0.0240523043886306
0.0483958333333333 0.0241981363897322
0.0486875 0.0243439684067956
0.0489791666666667 0.0244898004395355
0.0492708333333333 0.0246356324876736
0.0495625 0.0247814645509379
0.0498541666666667 0.0249272966290631
