5e-05 4.99999999997031e-05
0.00015 8.33333333339226e-05
0.00025 0.000130000000000963
0.00035 0.000178571428572846
0.00045 0.000227777777777509
0.00055 0.00027727272727384
0.00065 0.000326923076924722
0.00075 0.000376666666666815
0.00085 0.000426470588237417
0.00095 0.000476315789475421
0.00105 0.000526190476191069
0.00115 0.000576086956521806
0.00125 0.000625999999998798
0.00135 0.000675925925925887
0.00145 0.000725862068964422
0.00155 0.000775806451612038
0.00165 0.000825757575753953
0.00175 0.000875714285711966
0.00185 0.000925675675674193
0.00195 0.000975641025638234
0.00205 0.00102560975609586
0.00215 0.00107558139534757
0.00225 0.00112555555555581
0.00235 0.00117553191489469
0.00245 0.00122551020408416
0.00255 0.00127549019607928
0.00265 0.00132547169811648
0.00275 0.00137545454545777
0.00285 0.00142543859649332
0.00295 0.00147542372881671
0.00305 0.00152540983607095
0.00315 0.00157539682540389
0.00325 0.00162538461539303
0.00335 0.00167537313433574
0.00345 0.0017253623188474
0.00355 0.00177535211268285
0.00365 0.0018253424657617
0.00375 0.00187533333334002
0.00385 0.00192532467533269
0.00395 0.00197531645570299
0.00405 0.00202530864198231
0.00415 0.00207530120482566
0.00425 0.00212529411765055
0.00435 0.00217528735632589
0.00445 0.00222528089887926
0.00455 0.00227527472527675
0.00465 0.00232526881720511
0.00475 0.00237526315789499
0.00485 0.0024252577319583
0.00495 0.00247525252525162
0.00505 0.00252524752475045
0.00515 0.00257524271844397
0.00525 0.00262523809523431
0.00535 0.00267523364485731
0.00545 0.00272522935779586
0.00555 0.0027752252252202
0.00565 0.00282522123893378
0.00575 0.00287521739130055
0.00585 0.00292521367520923
0.00595 0.00297521008402885
0.00605 0.00302520661156426
0.00615 0.00307520325202692
0.00625 0.00312519999999474
0.00635 0.00317519685038604
0.00645 0.0032251937984412
0.00655 0.0032751908396857
0.00665 0.00332518796991609
0.00675 0.00337518518517721
0.00685 0.00342518248174482
0.00695 0.00347517985610718
0.00705 0.00352517730495749
0.00715 0.00357517482516782
0.00725 0.00362517241378588
0.00735 0.00367517006801986
0.00745 0.00372516778522755
0.00755 0.00377516556290662
0.00765 0.00382516339868591
0.00775 0.00387516129031571
0.00785 0.00392515923566231
0.00795 0.00397515723269824
0.00805 0.00402515527949689
0.00815 0.00407515337422703
0.00825 0.00412515151514419
0.00835 0.00417514970059169
0.00845 0.0042251479289877
0.00855 0.00427514619882516
0.00865 0.00432514450866535
0.00875 0.00437514285713675
0.00885 0.00442514124293072
0.00895 0.0044751396647961
0.00905 0.00452513812153918
0.00915 0.00457513661201287
0.00925 0.00462513513512538
0.00935 0.00467513368983047
0.00945 0.00472513227512197
0.00955 0.00477513089004148
0.00965 0.00482512953366848
0.00975 0.00487512820511612
0.00985 0.00492512690354087
0.00995 0.00497512562812851
0.01005 0.00502512437809731
0.01015 0.00507512315269594
0.01025 0.00512512195120665
0.01035 0.00517512077293338
0.01045 0.00522511961721043
0.01055 0.00527511848339812
0.01065 0.00532511737087738
0.01075 0.00537511627905405
0.01085 0.00542511520735785
0.01095 0.00547511415523476
0.01105 0.00552511312215459
0.01115 0.0055751121076056
0.01125 0.0056251111110934
0.01135 0.00567511013213986
0.01145 0.00572510917028852
0.01155 0.00577510822509161
0.01165 0.00582510729611979
0.01175 0.00587510638296106
0.01185 0.00592510548521534
0.01195 0.00597510460249341
0.01205 0.00602510373442122
0.01215 0.00607510288063991
0.01225 0.00612510204079709
0.01235 0.00617510121455559
0.01245 0.00622510040158798
0.01255 0.00627509960157442
0.01265 0.00632509881420915
0.01275 0.00637509803919512
0.01285 0.00642509727624393
0.01295 0.00647509652507692
0.01305 0.00652509578542089
0.01315 0.00657509505701454
0.01325 0.00662509433960418
0.01335 0.00667509363293933
0.01345 0.00672509293678366
0.01355 0.00677509225090406
0.01365 0.00682509157507393
0.01375 0.00687509090907318
0.01385 0.00692509025268821
0.01395 0.00697508960571629
0.01405 0.00702508896795358
0.01415 0.00707508833920384
0.01425 0.00712508771927951
0.01435 0.00717508710799519
0.01445 0.00722508650517306
0.01455 0.00727508591063532
0.01465 0.00732508532421501
0.01475 0.00737508474574515
0.01485 0.00742508417506745
0.01495 0.00747508361202362
0.0151166666666667 0.00755878353544776
0.01535 0.00767544335865099
0.0155833333333333 0.0077921033867926
0.0158166666666667 0.00790876361080246
0.01605 0.00802542402213782
0.0162833333333333 0.00814208461274524
0.0165166666666667 0.00825874537502755
0.01675 0.00837540630180951
0.0169833333333333 0.00849206738631222
0.0172166666666667 0.00860872862212293
0.01745 0.00872539000317089
0.0176833333333333 0.00884205152370734
0.0179166666666667 0.00895871317828277
0.01815 0.00907537496172694
0.0183833333333333 0.00919203686913352
0.0186166666666667 0.00930869889584107
0.01885 0.00942536103741952
0.0190833333333333 0.0095420232896549
0.0193166666666667 0.00965868564853767
0.01955 0.00977534811024927
0.0197833333333333 0.0098920106711505
0.0200166666666667 0.0100086733277736
0.02025 0.0101253360768093
0.0204833333333333 0.0102419989150989
0.0207166666666667 0.0103586618396276
0.02095 0.0104753248475127
0.0211833333333333 0.0105919879360006
0.0214166666666667 0.0107086511024568
0.02165 0.0108253143443605
0.0218833333333333 0.0109419776592977
0.0221166666666667 0.0110586410449567
0.02235 0.0111753044991236
0.0225833333333333 0.0112919680196734
0.0228166666666667 0.0114086316045709
0.02305 0.0115252952518623
0.0232833333333333 0.0116419589596699
0.0235166666666667 0.0117586227261937
0.02375 0.0118752865497024
0.0239833333333333 0.0119919504285338
0.0242166666666667 0.0121086143610875
0.02445 0.0122252783458263
0.0246833333333333 0.0123419423812698
0.0249166666666667 0.0124586064659937
0.02515 0.0125752705986266
0.0253833333333333 0.0126919347778469
0.0256166666666667 0.012808599002382
0.02585 0.0129252632710046
0.0260833333333333 0.0130419275825316
0.0263166666666667 0.0131585919358214
0.02655 0.0132752563297732
0.0267833333333333 0.0133919207633245
0.0270166666666667 0.0135085852354485
0.02725 0.0136252497451554
0.0274833333333333 0.0137419142914874
0.0277166666666667 0.0138585788735193
0.02795 0.0139752434903573
0.0281833333333333 0.0140919081411368
0.0284166666666667 0.014208572825022
0.02865 0.0143252375412039
0.0288833333333333 0.0144419022888996
0.0291166666666667 0.0145585670673515
0.02935 0.0146752318758259
0.0295833333333333 0.0147918967136131
0.0298166666666667 0.0149085615800245
0.03005 0.0150252264743931
0.0302833333333333 0.0151418913960728
0.0305166666666667 0.015258556344437
0.03075 0.0153752213188786
0.0309833333333333 0.015491886318808
0.0312166666666667 0.0156085513436541
0.03145 0.0157252163928625
0.0316833333333333 0.0158418814658944
0.0319166666666667 0.0159585465622273
0.03215 0.0160752116813537
0.0323833333333333 0.0161918768227812
0.0326166666666667 0.0163085419860316
0.03285 0.0164252071706397
0.0330833333333333 0.0165418723761533
0.0333166666666667 0.0166585376021337
0.03355 0.0167752028481529
0.0337833333333333 0.0168918681137962
0.0340166666666667 0.0170085333986602
0.03425 0.0171251987023511
0.0344833333333333 0.0172418640244878
0.0347166666666667 0.0173585293646977
0.03495 0.0174751947226196
0.0351833333333333 0.0175918600978999
0.0354166666666667 0.0177085254901958
0.03565 0.0178251908991739
0.0358833333333333 0.0179418563245084
0.0361166666666667 0.0180585217658819
0.03635 0.0181751872229865
0.0365833333333333 0.0182918526955205
0.0368166666666667 0.0184085181831904
0.03705 0.0185251836857102
0.0372833333333333 0.0186418492028017
0.0375166666666667 0.0187585147341925
0.03775 0.0188751802796178
0.0379833333333333 0.0189918458388189
0.0382166666666667 0.0191085114115432
0.03845 0.0192251769975444
0.0386833333333333 0.0193418425965824
0.0389166666666667 0.0194585082084229
0.03915 0.0195751738328371
0.0393833333333333 0.0196918394696015
0.0396166666666667 0.0198085051184975
0.03985 0.0199251707793121
0.0400833333333333 0.020041836451837
0.0403166666666667 0.0201585021358693
0.04055 0.0202751678312102
0.0407833333333333 0.0203918335376657
0.0410166666666667 0.020508499255046
0.04125 0.0206251649831658
0.0414833333333333 0.0207418307218436
0.0417166666666667 0.0208584964709023
0.04195 0.0209751622301686
0.0421833333333333 0.0210918279994736
0.0424166666666667 0.0212084937786514
0.04265 0.0213251595675399
0.0428833333333333 0.0214418253659809
0.0431166666666667 0.0215584911738187
0.04335 0.0216751569909017
0.0435833333333333 0.0217918228170818
0.0438166666666667 0.0219084886522133
0.04405 0.0220251544961542
0.0442833333333333 0.0221418203487651
0.0445166666666667 0.0222584862099098
0.04475 0.0223751520794546
0.0449833333333333 0.0224918179572689
0.0452166666666667 0.0226084838432248
0.04545 0.0227251497371969
0.0456833333333333 0.0228418156390621
0.0459166666666667 0.0229584815487003
0.04615 0.0230751474659935
0.0463833333333333 0.0231918133908261
0.0466166666666667 0.0233084793230852
0.04685 0.0234251452626595
0.0470833333333333 0.0235418112094405
0.0473166666666667 0.0236584771633214
0.04755 0.0237751431241977
0.0477833333333333 0.023891809091967
0.0480166666666667 0.0240084750665288
0.04825 0.0241251410477845
0.0484833333333333 0.0242418070356375
0.0487166666666667 0.024358473029993
0.04895 0.024475139030758
0.0491833333333333 0.0245918050378413
0.0494166666666667 0.0247084710511533
0.04965 0.0248251370706063
0.0498833333333333 0.0249418030961141
