0.0005 0.522642316338251
0.0015 1.89351318276687
0.0025 4.56315889278491
0.0035 8.39076652664072
0.0045 13.173411295102
0.0055 18.6555878702849
0.0065 24.5412354454748
0.0075 30.5077103225915
0.0085 36.2210706412497
0.0095 41.3519771284035
0.0105 45.5914842059564
0.0115 48.6659988028576
0.0125 50.3507196878797
0.0135 50.4809365347264
0.0145 48.9606623397255
0.0161666666666667 44.3819330420366
0.0185 38.7842117574555
0.0208333333333333 34.4403800406205
0.0231666666666667 30.9715647847306
0.0255 28.1375653926638
0.0278333333333333 25.7787275753147
0.0301666666666667 23.7847928457323
0.0325 22.0771666927054
0.0348333333333333 20.5983134214237
0.0371666666666667 19.3051457626796
0.0395 18.1647574053905
0.0418333333333333 17.1515836855679
0.0441666666666667 16.2454622833115
0.0465 15.4302777959769
0.0488333333333333 14.6929948978756
