0 0.000625016911325118
0.0001 0.000625011911325118
0.0002 0.000625003577991785
0.0003 0.000624990577991785
0.0004 0.000624972720848928
0.0005 0.00062494994307115
0.0006 0.000624922215798422
0.0007 0.00062488952349073
0.0008 0.000624851856824063
0.0009 0.00062480920976524
0.001 0.000624761578186292
0.0011 0.000624708959138673
0.0012 0.000624651350443021
0.0013 0.000624588750443021
0.0014 0.000624521157850428
0.0015 0.000624448571643532
0.0016 0.000624370990998371
0.0017 0.000624288415240795
0.0018 0.000624200843812224
0.0019 0.000624108276244657
0.002 0.000624010712142093
0.0021 0.000623908151166483
0.0022 0.000623800593026948
0.0023 0.000623688037471393
0.0024 0.000623570484279903
0.0025 0.000623447933259495
0.0026 0.000623320384239887
0.0027 0.000623187837070075
0.0028 0.00062305029161553
0.0029 0.00062290774775588
0.003 0.000622760205382999
0.0031 0.000622607664399391
0.0032 0.000622450124716851
0.0033 0.000622287586255312
0.0034 0.000622120048941878
0.0035 0.000621947512709993
0.0036 0.000621769977498725
0.0037 0.000621587443252149
0.0038 0.000621399909918815
0.0039 0.000621207377451282
0.004 0.000621009845805711
0.0041 0.000620807314941513
0.0042 0.000620599784821031
0.0043 0.000620387255409266
0.0044 0.000620169726673633
0.0045 0.000619947198583745
0.0046 0.000619719671111217
0.0047 0.000619487144229497
0.0048 0.000619249617913707
0.0049 0.000619007092140512
0.005 0.000618759566887986
0.0051 0.000618507042135511
0.0052 0.000618249517863667
0.0053 0.000617986994054144
0.0054 0.000617719470689658
0.0055 0.000617446947753878
0.0056 0.000617169425231356
0.0057 0.000616886903107463
0.0058 0.000616599381368333
0.0059 0.000616306860000812
0.006 0.000616009338992409
0.0061 0.000615706818331253
0.0062 0.00061539929800605
0.0063 0.00061508677800605
0.0064 0.000614769258321012
0.0065 0.000614446738941168
0.0066 0.000614119219857199
0.0067 0.000613786701060207
0.0068 0.00061344918254169
0.0069 0.000613106664293515
0.007 0.000612759146307905
0.0071 0.000612406628577409
0.0072 0.000612049111094892
0.0073 0.000611686593853513
0.0074 0.000611319076846711
0.0075 0.000610946560068189
0.0076 0.000610569043511898
0.0077 0.000610186527172029
0.0078 0.000609799011042998
0.0079 0.000609406495119432
0.008 0.000609008979396162
0.0081 0.000608606463868212
0.0082 0.000608198948530789
0.0083 0.000607786433379275
0.0084 0.000607368918409216
0.0085 0.000606946403616317
0.0086 0.000606518888996435
0.0087 0.000606086374545568
0.0088 0.000605648860259854
0.0089 0.000605206346135561
0.009 0.000604758832169082
0.0091 0.000604306318356928
0.0092 0.000603848804695726
0.0093 0.000603386291182214
0.0094 0.000602918777813231
0.0095 0.000602446264585719
0.0096 0.000601968751496715
0.0097 0.000601486238543348
0.0098 0.000600998725722836
0.0099 0.000600506213032482
0.01 0.000600008700469669
0.0101 0.000599506188031859
0.0102 0.00059899867571659
0.0103 0.000598486163521469
0.0104 0.000597968651444176
0.0105 0.000597446139482455
0.0106 0.000596918627634115
0.0107 0.000596386115897027
0.0108 0.000595848604269122
0.0109 0.000595306092748386
0.011 0.000594758581332863
0.0111 0.000594206070020647
0.0112 0.000593648558809886
0.0113 0.000593086047698777
0.0114 0.000592518536685563
0.0115 0.000591946025768534
0.0116 0.000591368514946025
0.0117 0.000590786004216413
0.0118 0.000590198493578117
0.0119 0.000589605983029596
0.012 0.000589008472569346
0.0121 0.000588405962195904
0.0122 0.00058779845190784
0.0123 0.00058718594170376
0.0124 0.000586568431582305
0.0125 0.000585945921542146
0.0126 0.000585318411581989
0.0127 0.000584685901700568
0.0128 0.000584048391896648
0.0129 0.000583405882169024
0.013 0.000582758372516516
0.0131 0.000582105862937974
0.0132 0.000581448353432273
0.0133 0.000580785843998312
0.0134 0.000580118334635018
0.0135 0.00057944582534134
0.0136 0.000578768316116249
0.0137 0.000578085806958742
0.0138 0.000577398297867835
0.0139 0.000576705788842566
0.014 0.000576008279881994
0.0141 0.000575305770985199
0.0142 0.000574598262151278
0.0143 0.000573885753379351
0.0144 0.000573168244668551
0.0145 0.000572445736018034
0.0146 0.00057171822742697
0.0147 0.000570985718894549
0.0148 0.000570248210419974
0.0149 0.000569505702002467
0.015 0.000568758193641265
0.0152333333333333 0.000566994477482994
0.0154666666666667 0.000565203540699309
0.0157 0.00056338538324239
0.0159333333333333 0.000561540005066537
0.0161666666666667 0.000559667406128038
0.0164 0.000557767586385064
0.0166333333333333 0.000555840545797557
0.0168666666666667 0.000553886284327135
0.0171 0.000551904801936996
0.0173333333333333 0.000549896098591834
0.0175666666666667 0.00054786017425776
0.0178 0.000545797028902229
0.0180333333333333 0.000543706662493963
0.0182666666666667 0.000541589075002893
0.0185 0.000539444266400095
0.0187333333333333 0.000537272236657732
0.0189666666666667 0.000535072985749001
0.0192 0.000532846513648082
0.0194333333333333 0.00053059282033009
0.0196666666666667 0.000528311905771031
0.0199 0.000526003769947763
0.0201333333333333 0.000523668412837949
0.0203666666666667 0.000521305834420027
0.0206 0.00051891603467317
0.0208333333333333 0.000516499013577257
0.0210666666666667 0.000514054771112838
0.0213 0.000511583307261104
0.0215333333333333 0.000509084622003864
0.0217666666666667 0.000506558715323514
0.022 0.000504005587203011
0.0222333333333333 0.000501425237625854
0.0224666666666667 0.000498817666576059
0.0227 0.000496182874038135
0.0229333333333333 0.000493520859997068
0.0231666666666667 0.0004908316244383
0.0234 0.000488115167347711
0.0236333333333333 0.000485371488711599
0.0238666666666667 0.000482600588516668
0.0241 0.000479802466750011
0.0243333333333333 0.00047697712339909
0.0245666666666667 0.000474124558451731
0.0248 0.000471244771896101
0.0250333333333333 0.000468337763720702
0.0252666666666667 0.000465403533914356
0.0255 0.000462442082466192
0.0257333333333333 0.000459453409365636
0.0259666666666667 0.000456437514602402
0.0262 0.000453394398166478
0.0264333333333333 0.000450324060048119
0.0266666666666667 0.000447226500237839
0.0269 0.000444101718726397
0.0271333333333333 0.000440949715504792
0.0273666666666667 0.000437770490564256
0.0276 0.000434564043896242
0.0278333333333333 0.000431330375492421
0.0280666666666667 0.000428069485344671
0.0283 0.000424781373445072
0.0285333333333333 0.0004214660397859
0.0287666666666667 0.000418123484359619
0.029 0.000414753707158876
0.0292333333333333 0.000411356708176494
0.0294666666666667 0.000407932487405468
0.0297 0.000404481044838958
0.0299333333333333 0.000401002380470286
0.0301666666666667 0.000397496494292928
0.0304 0.000393963386300511
0.0306333333333333 0.000390403056486809
0.0308666666666667 0.000386815504845737
0.0311 0.000383200731371349
0.0313333333333333 0.000379558736057829
0.0315666666666667 0.000375889518899495
0.0318 0.000372193079890786
0.0320333333333333 0.000368469419026266
0.0322666666666667 0.000364718536300617
0.0325 0.000360940431708635
0.0327333333333333 0.000357135105245227
0.0329666666666667 0.000353302556905411
0.0332 0.000349442786684309
0.0334333333333333 0.000345555794577144
0.0336666666666667 0.000341641580579242
0.0339 0.000337700144686023
0.0341333333333333 0.000333731486893002
0.0343666666666667 0.000329735607195787
0.0346 0.000325712505590073
0.0348333333333333 0.000321662182071644
0.0350666666666667 0.000317584636636366
0.0353 0.000313479869280189
0.0355333333333333 0.000309347879999144
0.0357666666666667 0.000305188668789336
0.036 0.000301002235646951
0.0362333333333333 0.000296788580568245
0.0364666666666667 0.000292547703549548
0.0367 0.00028827960458726
0.0369333333333333 0.000283984283677849
0.0371666666666667 0.00027966174081785
0.0374 0.000275311976003863
0.0376333333333333 0.000270934989232551
0.0378666666666667 0.000266530780500641
0.0381 0.000262099349804916
0.0383333333333333 0.000257640697142223
0.0385666666666667 0.000253154822509462
0.0388 0.000248641725903593
0.0390333333333333 0.000244101407321628
0.0392666666666667 0.000239533866760633
0.0395 0.000234939104217726
0.0397333333333333 0.000230317119690076
0.0399666666666667 0.000225667913174903
0.0402 0.000220991484669475
0.0404333333333333 0.000216287834171105
0.0406666666666667 0.000211556961677156
0.0409 0.000206798867185034
0.0411333333333333 0.00020201355069219
0.0413666666666667 0.000197201012196118
0.0416 0.000192361251694355
0.0418333333333333 0.000187494269184477
0.0420666666666667 0.000182600064664105
0.0423 0.000177678638130894
0.0425333333333333 0.000172729989582542
0.0427666666666667 0.000167754119016783
0.043 0.000162751026431387
0.0432333333333333 0.000157720711824163
0.0434666666666667 0.000152663175192953
0.0437 0.000147578416535633
0.0439333333333333 0.000142466435850117
0.0441666666666667 0.000137327233134348
0.0444 0.000132160808386303
0.0446333333333333 0.00012696716160399
0.0448666666666667 0.000121746292785451
0.0451 0.000116498201928755
0.0453333333333333 0.000111222889032002
0.0455666666666667 0.000105920354093323
0.0458 0.000100590597110875
0.0460333333333333 9.52336180828451e-05
0.0462666666666667 8.98494170074467e-05
0.0465 8.44379938829206e-05
0.0467333333333333 7.8999348707534e-05
0.0469666666666667 7.35334814795802e-05
0.0472 6.80403921973774e-05
0.0474333333333333 6.25200808592691e-05
0.0476666666666667 5.69725474636229e-05
0.0479 5.13977920088306e-05
0.0481333333333333 4.57958144933072e-05
0.0483666666666667 4.01666149154908e-05
0.0486 3.45101932738421e-05
0.0488333333333333 2.88265495668437e-05
0.0490666666666667 2.31156837930002e-05
0.0493 1.73775959508372e-05
0.0495333333333333 1.16122860389014e-05
0.0497666666666667 5.81975405575997e-06
0.05 0
