0 0.639672053666482
0.001 0.639149411350144
0.002 0.637255898167377
0.003 0.632692739274592
0.004 0.624301972747952
0.005 0.61112856145285
0.006 0.592472973582565
0.007 0.56793173813709
0.008 0.537424027814499
0.009 0.501202957173249
0.01 0.459850980044845
0.011 0.414259495838889
0.012 0.365593497036031
0.013 0.315242777348152
0.014 0.264761840813425
0.015 0.2158011784737
0.0173333333333333 0.189911717532512
0.0196666666666667 0.167287594007329
0.022 0.147197372316967
0.0243333333333333 0.129130626192541
0.0266666666666667 0.112717046380154
0.029 0.0976794552945537
0.0313333333333333 0.0838049928012099
0.0336666666666667 0.0709266455637984
0.036 0.0589109627346345
0.0383333333333333 0.0476496277064047
0.0406666666666667 0.0370535192199269
0.043 0.027048428736679
0.0453333333333333 0.0175719090714139
0.0476666666666667 0.00857091369042743
0.05 0
