0.0005 0.522642316338251
0.0015 1.89351318276687
0.0025 4.56315889278491
0.0035 8.39076652664072
0.0045 13.173411295102
0.0055 18.6555878702849
0.0065 24.5412354454748
0.0075 30.5077103225915
0.0085 36.2210706412497
0.0095 41.3519771284035
0.0105 45.5914842059564
0.0115 48.6659988028576
0.0125 50.3507196878797
0.0135 50.4809365347264
0.0145 48.9606623397255
0.0161666666666667 11.0954832605092
0.0185 9.69605293936387
0.0208333333333333 8.61009501015512
0.0231666666666667 7.74289119618266
0.0255 7.03439134816594
0.0278333333333333 6.44468189382867
0.0301666666666667 5.94619821143309
0.0325 5.51929167317635
0.0348333333333333 5.14957835535593
0.0371666666666667 4.8262864406699
0.0395 4.54118935134763
0.0418333333333333 4.28789592139198
0.0441666666666667 4.06136557082788
0.0465 3.85756944899422
0.0488333333333333 3.6732487244689
