0.000375 0.294221608979406
0.001125 1.07156785377945
0.001875 2.60325565231279
0.002625 4.843882848886
0.003375 7.72684876634896
0.004125 11.1661142372078
0.004875 15.05847774635
0.005625 19.2863094945713
0.006375 23.7206734439814
0.007125 28.2247574211329
0.007875 32.6575233838806
0.008625 36.8774842055339
0.009375 40.7465099413806
0.010125 44.1335656054928
0.010875 46.9182840257987
0.011625 48.9942813266307
0.012375 50.2721289129555
0.013125 50.6819043431158
0.013875 50.1752539659993
0.014625 48.726912403261
0.015875 45.1612022002528
0.017625 40.6771112016462
0.019375 37.0030495447235
0.021125 33.9377081623204
0.022875 31.3413807619244
0.024625 29.1140745148841
0.026375 27.1823349736122
0.028125 25.4909896863652
0.029875 23.9977936377915
0.031625 22.6698524878742
0.033375 21.4811710840157
0.035125 20.4109348022498
0.036875 19.4422802692617
0.038625 18.5614002570621
0.040375 17.7568813604712
0.042125 17.0192067638938
0.043875 16.3403780040803
0.045625 15.7136237792663
0.047375 15.1331732966549
0.049125 14.594078064713
