0 0.000625009714911438
7.5e-05 0.000625006902411438
0.00015 0.000625002214911438
0.000225 0.000624994902411438
0.0003 0.000624984857768581
0.000375 0.000624972045268581
0.00045 0.000624956448677672
0.000525 0.000624938059254595
0.0006 0.000624916871754595
0.000675 0.000624892882784007
0.00075 0.000624866090020849
0.000825 0.000624836491806563
0.0009 0.000624804086915259
0.000975 0.000624768874415259
0.00105 0.000624730853581926
0.001125 0.000624690023840546
0.0012 0.000624646384727643
0.001275 0.000624599935864007
0.00135 0.000624550676935435
0.001425 0.000624498607678679
0.0015 0.000624443727870986
0.001575 0.000624386037322206
0.00165 0.000624325535868717
0.001725 0.000624262223368717
0.0018 0.000624196099698505
0.001875 0.000624127164749525
0.00195 0.000624055418425996
0.002025 0.000623980860642977
0.0021 0.000623903491324795
0.002175 0.000623823310403742
0.00225 0.000623740317818996
0.002325 0.000623654513515717
0.0024 0.000623565897444288
0.002475 0.000623474469559673
0.00255 0.000623380229820866
0.002625 0.000623283178190431
0.0027 0.000623183314634093
0.002775 0.000623080639120394
0.00285 0.000622975151620394
0.002925 0.000622866852107407
0.003 0.000622755740556774
0.003075 0.000622641816945662
0.00315 0.000622525081252891
0.003225 0.000622405533458773
0.0033 0.00062228317354498
0.003375 0.000622158001494418
0.00345 0.000622030017291121
0.003525 0.000621899220920153
0.0036 0.000621765612367521
0.003675 0.000621629191620098
0.00375 0.000621489958665552
0.003825 0.000621347913492284
0.0039 0.000621203056089371
0.003975 0.000621055386446514
0.00405 0.00062090490455399
0.004125 0.000620751610402613
0.0042 0.000620595503983693
0.004275 0.000620436585289002
0.00435 0.00062027485431074
0.004425 0.000620110311041509
0.0045 0.000619942955474281
0.004575 0.000619772787602379
0.00465 0.000619599807419451
0.004725 0.000619424014919449
0.0048 0.000619245410096613
0.004875 0.000619063992945449
0.00495 0.000618879763460715
0.005025 0.000618692721637406
0.0051 0.000618502867470737
0.005175 0.000618310200956137
0.00525 0.000618114722089229
0.005325 0.000617916430865823
0.0054 0.000617715327281905
0.005475 0.000617511411333627
0.00555 0.000617304683017298
0.005625 0.000617095142329377
0.0057 0.000616882789266461
0.005775 0.000616667623825282
0.00585 0.0006164496460027
0.005925 0.000616228855795692
0.006 0.00061600525320135
0.006075 0.000615778838216876
0.00615 0.000615549610839574
0.006225 0.000615317571066844
0.0063 0.000615082718896184
0.006375 0.000614845054325176
0.00645 0.00061460457735149
0.006525 0.000614361287972875
0.0066 0.000614115186187159
0.006675 0.000613866271992242
0.00675 0.000613614545386095
0.006825 0.000613360006366757
0.0069 0.000613102654932329
0.006975 0.000612842491080975
0.00705 0.00061257951481092
0.007125 0.000612313726120442
0.0072 0.000612045125007875
0.007275 0.000611773711471604
0.00735 0.000611499485510063
0.007425 0.000611222447121737
0.0075 0.000610942596305152
0.007575 0.000610659933058881
0.00765 0.000610374457381539
0.007725 0.00061008616927178
0.0078 0.0006097950687283
0.007875 0.000609501155749829
0.00795 0.000609204430335134
0.008025 0.00060890489248302
0.0081 0.00060860254219232
0.008175 0.000608297379461903
0.00825 0.000607989404290668
0.008325 0.000607678616677544
0.0084 0.000607365016621488
0.008475 0.000607048604121486
0.00855 0.000606729379176551
0.008625 0.000606407341785719
0.0087 0.000606082491948055
0.008775 0.000605754829662646
0.00885 0.000605424354928602
0.008925 0.000605091067745056
0.009 0.000604754968111163
0.009075 0.0006044160560261
0.00915 0.000604074331489061
0.009225 0.000603729794499264
0.0093 0.000603382445055942
0.009375 0.000603032283158351
0.00945 0.00060267930880576
0.009525 0.000602323521997458
0.0096 0.000601964922732751
0.009675 0.00060160351101096
0.00975 0.000601239286831422
0.009825 0.00060087225019349
0.0099 0.000600502401096531
0.009975 0.000600129739539926
0.01005 0.000599754265523072
0.010125 0.000599375979045376
0.0102 0.000598994880106261
0.010275 0.000598610968705161
0.01035 0.000598224244841524
0.010425 0.000597834708514809
0.0105 0.000597442359724486
0.010575 0.000597047198470037
0.01065 0.000596649224750956
0.010725 0.000596248438566745
0.0108 0.000595844839916919
0.010875 0.000595438428801002
0.01095 0.000595029205218528
0.011025 0.00059461716916904
0.0111 0.00059420232065209
0.011175 0.000593784659667242
0.01125 0.000593364186214065
0.011325 0.000592940900292138
0.0114 0.00059251480190105
0.011475 0.000592085891040394
0.01155 0.000591654167709776
0.011625 0.000591219631908805
0.0117 0.000590782283637102
0.011775 0.000590342122894291
0.01185 0.000589899149680006
0.011925 0.000589453363993886
0.012 0.00058900476583558
0.012075 0.000588553355204739
0.01215 0.000588099132101025
0.012225 0.000587642096524103
0.0123 0.000587182248473645
0.012375 0.00058671958794933
0.01245 0.000586254114950841
0.012525 0.000585785829477869
0.0126 0.000585314731530109
0.012675 0.000584840821107261
0.01275 0.000584364098209032
0.012825 0.000583884562835133
0.0129 0.00058340221498528
0.012975 0.000582917054659194
0.01305 0.000582429081856602
0.013125 0.000581938296577234
0.0132 0.000581444698820825
0.013275 0.000580948288587115
0.01335 0.000580449065875849
0.013425 0.000579947030686775
0.0135 0.000579442183019645
0.013575 0.000578934522874218
0.01365 0.000578424050250252
0.013725 0.000577910765147514
0.0138 0.000577394667565772
0.013875 0.000576875757504798
0.01395 0.000576354034964368
0.014025 0.000575829499944263
0.0141 0.000575302152444265
0.014175 0.00057477199246416
0.01425 0.00057423902000374
0.014325 0.000573703235062797
0.0144 0.000573164637641128
0.014475 0.000572623227738532
0.01455 0.000572079005354813
0.014625 0.000571531970489777
0.0147 0.000570982123143231
0.014775 0.000570429463314989
0.01485 0.000569873991004865
0.014925 0.000569315706212675
0.015 0.000568754608938241
0.015175 0.000567434408285802
0.01535 0.000566098895642482
0.015525 0.000564748070996738
0.0157 0.000563381934337415
0.015875 0.00056200048565373
0.01605 0.000560603724935254
0.016225 0.000559191652171897
0.0164 0.000557764267353894
0.016575 0.00055632157047179
0.01675 0.00055486356151643
0.016925 0.000553390240478944
0.0171 0.000551901607350733
0.017275 0.000550397662123464
0.01745 0.000548878404789054
0.017625 0.000547343835339664
0.0178 0.000545793953767684
0.017975 0.000544228760065731
0.01815 0.000542648254226634
0.018325 0.00054105243624343
0.0185 0.000539441306109353
0.018675 0.000537814863817829
0.01885 0.000536173109362469
0.019025 0.00053451604273706
0.0192 0.000532843663935558
0.019375 0.000531155972952087
0.01955 0.000529452969780927
0.019725 0.000527734654416513
0.0199 0.000526001026853424
0.020075 0.000524252087086384
0.02025 0.000522487835110255
0.020425 0.00052070827092003
0.0206 0.000518913394510831
0.020775 0.000517103205877903
0.02095 0.000515277705016611
0.021125 0.000513436891922436
0.0213 0.00051158076659097
0.021475 0.000509709329017916
0.02165 0.000507822579199077
0.021825 0.000505920517130361
0.022 0.000504003142807774
0.022175 0.000502070456227413
0.02235 0.000500122457385473
0.022525 0.000498159146278232
0.0227 0.000496180522902059
0.022875 0.000494186587253405
0.02305 0.000492177339328802
0.023225 0.00049015277912486
0.0234 0.000488112906638267
0.023575 0.000486057721865784
0.02375 0.000483987224804243
0.023925 0.000481901415450548
0.0241 0.00047980029380167
0.024275 0.000477683859854644
0.02445 0.00047555211360657
0.024625 0.000473405055054611
0.0248 0.000471242684195989
0.024975 0.000469065001027985
0.02515 0.000466872005547937
0.025325 0.000464663697753239
0.0255 0.000462440077641338
0.025675 0.000460201145209733
0.02585 0.000457946900455975
0.026025 0.000455677343377665
0.0262 0.000453392473972449
0.026375 0.000451092292238025
0.02655 0.000448776798172132
0.026725 0.000446445991772557
0.0269 0.000444099873037128
0.027075 0.000441738441963717
0.02725 0.000439361698550236
0.027425 0.000436969642794638
0.0276 0.000434562274694913
0.027775 0.000432139594249091
0.02795 0.00042970160145524
0.028125 0.000427248296311462
0.0283 0.000424779678815896
0.028475 0.000422295748966713
0.02865 0.00041979650676212
0.028825 0.000417281952200357
0.029 0.000414752085279694
0.029175 0.000412206905998433
0.02935 0.000409646414354908
0.029525 0.00040707061034748
0.0297 0.00040447949397454
0.029875 0.000401873065234509
0.03005 0.000399251324125835
0.030225 0.000396614270646991
0.0304 0.000393961904796478
0.030575 0.000391294226572823
0.03075 0.000388611235974579
0.030925 0.000385912933000322
0.0311 0.000383199317648652
0.031275 0.000380470389918194
0.03145 0.000377726149807595
0.031625 0.000374966597315525
0.0318 0.000372191732440676
0.031975 0.00036940155518176
0.03215 0.000366596065537514
0.032325 0.00036377526350669
0.0325 0.000360939149088066
0.032675 0.000358087722280435
0.03285 0.000355220983082612
0.033025 0.000352338931493431
0.0332 0.000349441567511742
0.033375 0.000346528891136416
0.03355 0.00034360090236634
0.033725 0.000340657601200418
0.0339 0.000337698987637574
0.034075 0.000334725061676745
0.03425 0.000331735823316886
0.034425 0.000328731272556969
0.0346 0.000325711409395978
0.034775 0.000322676233832917
0.03495 0.000319625745866803
0.035125 0.000316559945496665
0.0353 0.000313478832721552
0.035475 0.000310382407540522
0.03565 0.000307270669952651
0.035825 0.000304143619957025
0.036 0.000301001257552745
0.036175 0.000297843582738926
0.03635 0.000294670595514695
0.036525 0.000291482295879191
0.0367 0.000288278683831565
0.036875 0.000285059759370982
0.03705 0.000281825522496618
0.037225 0.00027857597320766
0.0374 0.000275311111503306
0.037575 0.000272030937382767
0.03775 0.000268735450845265
0.037925 0.00026542465189003
0.0381 0.000262098540516306
0.038275 0.000258757116723345
0.03845 0.00025540038051041
0.038625 0.000252028331876776
0.0388 0.000248640970821724
0.038975 0.000245238297344547
0.03915 0.000241820311444549
0.039325 0.000238387013121039
0.0395 0.00023493840237334
0.039675 0.00023147447920078
0.03985 0.000227995243602699
0.040025 0.000224500695578443
0.0402 0.000220990835127369
0.040375 0.000217465662248841
0.04055 0.000213925176942231
0.040725 0.00021036937920692
0.0409 0.000206798269042296
0.041075 0.000203211846447756
0.04125 0.000199610111422704
0.041425 0.000195993063966552
0.0416 0.000192360704078718
0.041775 0.000188713031758629
0.04195 0.000185050047005718
0.042125 0.000181371749819427
0.0423 0.000177678140199203
0.042475 0.000173969218144501
0.04265 0.000170244983654781
0.042825 0.000166505436729511
0.043 0.000162750577368166
0.043175 0.000158980405570227
0.04335 0.00015519492133518
0.043525 0.000151394124662519
0.0437 0.000147578015551743
0.043875 0.000143746594002357
0.04405 0.000139899860013873
0.044225 0.000136037813585808
0.0444 0.000132160454717685
0.044575 0.000128267783409032
0.04475 0.000124359799659382
0.044925 0.000120436503468276
0.0451 0.000116497894835258
0.045275 0.000112543973759878
0.04545 0.000108574740241692
0.045625 0.000104590194280259
0.0458 0.000100590335875147
0.045975 9.65751650259234e-05
0.04615 9.25446817321654e-05
0.046325 8.84988859934528e-05
0.0465 8.44377778093703e-05
0.046675 8.03613571795076e-05
0.04685 7.62696241034589e-05
0.047025 7.21625785808229e-05
0.0472 6.80402206112027e-05
0.047375 6.3902550194206e-05
0.04755 5.97495673294448e-05
0.047725 5.55812720165352e-05
0.0479 5.13976642550977e-05
0.048075 4.71987440447569e-05
0.04825 4.29845113851414e-05
0.048425 3.8754966275884e-05
0.0486 3.45101087166213e-05
0.048775 3.02499387069939e-05
0.04895 2.59744562466464e-05
0.049125 2.16836613352269e-05
0.0493 1.73775539723876e-05
0.049475 1.3056134157784e-05
0.04965 8.71940189107569e-06
0.049825 4.36735717192551e-06
0.05 0
