0 0.638834991263911
0.00075 0.638614325057177
0.0015 0.637810649166842
0.00225 0.635858207427608
0.003 0.632225295290943
0.00375 0.626430158716182
0.0045 0.618055573038276
0.00525 0.606761714728513
0.006 0.592296982607585
0.00675 0.574506477524599
0.0075 0.553337909458749
0.00825 0.528844766920839
0.009 0.501186653766688
0.00975 0.470626771310653
0.0105 0.437526597106534
0.01125 0.402337884087185
0.012 0.365592173092212
0.01275 0.327888076407496
0.0135 0.289876648150159
0.01425 0.25224520767566
0.015 0.215700023373214
0.01675 0.195941997410604
0.0185 0.178145761259883
0.02025 0.161956927084067
0.022 0.147109179763052
0.02375 0.13339732567971
0.0255 0.120659918079448
0.02725 0.108767646528493
0.029 0.0976153385407083
0.03075 0.0871163038241745
0.0325 0.0771982433607296
0.03425 0.0678002310114728
0.036 0.0588704470354886
0.03775 0.0503644494176867
0.0395 0.0422438368052221
0.04125 0.034475201210016
0.043 0.0270292982508125
0.04475 0.0198803828740273
0.0465 0.0130056724705984
0.04825 0.0063849091533119
0.05 0
