0.000375 0.294221608979406
0.001125 1.07156785377945
0.001875 2.60325565231279
0.002625 4.843882848886
0.003375 7.72684876634896
0.004125 11.1661142372078
0.004875 15.05847774635
0.005625 19.2863094945713
0.006375 23.7206734439814
0.007125 28.2247574211329
0.007875 32.6575233838806
0.008625 36.8774842055339
0.009375 40.7465099413806
0.010125 44.1335656054928
0.010875 46.9182840257987
0.011625 48.9942813266307
0.012375 50.2721289129555
0.013125 50.6819043431158
0.013875 50.1752539659993
0.014625 48.726912403261
0.015875 11.2903005500632
0.017625 10.1692778004116
0.019375 9.25076238618088
0.021125 8.4844270405801
0.022875 7.83534519048109
0.024625 7.27851862872102
0.026375 6.79558374340305
0.028125 6.37274742159129
0.029875 5.99944840944787
0.031625 5.66746312196855
0.033375 5.37029277100392
0.035125 5.10273370056244
0.036875 4.86057006731542
0.038625 4.64035006426553
0.040375 4.4392203401178
0.042125 4.25480169097344
0.043875 4.08509450102009
0.045625 3.92840594481658
0.047375 3.78329332416372
0.049125 3.64851951617825
