3.75e-05 3.75000000005001e-05
0.0001125 6.2499999998906e-05
0.0001875 9.74999999992764e-05
0.0002625 0.000133928571428912
0.0003375 0.000170833333333042
0.0004125 0.000207954545454296
0.0004875 0.000245192307692909
0.0005625 0.000282499999998756
0.0006375 0.00031985294117725
0.0007125 0.000357236842104397
0.0007875 0.000394642857143301
0.0008625 0.000432065217391535
0.0009375 0.000469500000000363
0.0010125 0.000506944444443602
0.0010875 0.00054439655172422
0.0011625 0.000581854838710022
0.0012375 0.000619318181819169
0.0013125 0.00065678571428551
0.0013875 0.000694256756756638
0.0014625 0.000731730769230482
0.0015375 0.000769207317072076
0.0016125 0.000806686046512031
0.0016875 0.00084416666666758
0.0017625 0.000881648936170744
0.0018375 0.000919132653060678
0.0019125 0.000956617647058372
0.0019875 0.000994103773586189
0.0020625 0.00103159090909423
0.0021375 0.00106907894737116
0.0022125 0.00110656779661253
0.0022875 0.0011440573770514
0.0023625 0.00118154761905021
0.0024375 0.00121903846154233
0.0025125 0.00125652985074991
0.0025875 0.00129402173913284
0.0026625 0.00133151408450988
0.0027375 0.00136900684931847
0.0028125 0.00140650000000185
0.0028875 0.00144399350649581
0.0029625 0.0014814873417748
0.0030375 0.00151898148148475
0.0031125 0.0015564759036178
0.0031875 0.00159397058823908
0.0032625 0.00163146551724532
0.0033375 0.00166896067416098
0.0034125 0.00170645604396045
0.0034875 0.00174395161290618
0.0035625 0.00178144736842576
0.0036375 0.00181894329897315
0.0037125 0.00185643939394486
0.0037875 0.00189393564357006
0.0038625 0.0019314320388412
0.0039375 0.00196892857143305
0.0040125 0.00200642523365211
0.0040875 0.00204392201835566
0.0041625 0.00208141891893006
0.0042375 0.00211891592921416
0.0043125 0.00215641304349059
0.0043875 0.00219391025642508
0.0044625 0.00223140756303898
0.0045375 0.00226890495869334
0.0046125 0.0023064024390398
0.0046875 0.0023439000000162
0.0047625 0.00238139763781194
0.0048375 0.00241889534885349
0.0049125 0.00245639312978993
0.0049875 0.00249389097746264
0.0050625 0.00253138888890956
0.0051375 0.00256888686133635
0.0052125 0.00260638489211056
0.0052875 0.00264388297874866
0.0053625 0.0026813811189073
0.0054375 0.00271887931037329
0.0055125 0.0027563775510476
0.0055875 0.00279387583895265
0.0056625 0.00283137417221059
0.0057375 0.00286887254904624
0.0058125 0.00290637096776678
0.0058875 0.00294386942677628
0.0059625 0.00298136792455395
0.0060375 0.00301886645965276
0.0061125 0.00305636503070081
0.0061875 0.00309386363638985
0.0062625 0.00313136227547521
0.0063375 0.00316886094677005
0.0064125 0.00320635964914679
0.0064875 0.00324385838152558
0.0065625 0.00328135714288147
0.0066375 0.00331885593222713
0.0067125 0.00335635474862725
0.0067875 0.00339385359118266
0.0068625 0.00343135245904046
0.0069375 0.00346885135137521
0.0070125 0.00350635026740339
0.0070875 0.00354384920637328
0.0071625 0.0035813481675621
0.0072375 0.00361884715028316
0.0073125 0.00365634615387151
0.0073875 0.00369384517769107
0.0074625 0.00373134422113324
0.0075375 0.00376884328360967
0.0076125 0.0038063423645609
0.0076875 0.00384384146344483
0.0077625 0.00388134057973961
0.0078375 0.00391883971295083
0.0079125 0.00395633886258988
0.0079875 0.00399383802819706
0.0080625 0.00403133720933146
0.0081375 0.00406883640555796
0.0082125 0.004106335616466
0.0082875 0.0041438348416566
0.0083625 0.00418133408074233
0.0084375 0.00421883333335746
0.0085125 0.00425633259914203
0.0085875 0.00429383187775054
0.0086625 0.00433133116885196
0.0087375 0.0043688304721239
0.0088125 0.00440632978725558
0.0088875 0.00444382911394484
0.0089625 0.00448132845190258
0.0090375 0.00451882780085125
0.0091125 0.00455632716051471
0.0091875 0.00459382653063134
0.0092625 0.00463132591094958
0.0093375 0.00466882530122225
0.0094125 0.00470632470121225
0.0094875 0.00474382411068831
0.0095625 0.00478132352942923
0.0096375 0.0048188229572124
0.0097125 0.00485632239383687
0.0097875 0.00489382183909449
0.0098625 0.00493132129278865
0.0099375 0.00496882075472852
0.0100125 0.00500632022472908
0.0100875 0.0050438197026125
0.0101625 0.00508131918820244
0.0102375 0.00511881868132686
0.0103125 0.0051563181818253
0.0103875 0.0051938176895373
0.0104625 0.00523131720430529
0.0105375 0.00526881672598325
0.0106125 0.00530631625442231
0.0106875 0.00534381578947644
0.0107625 0.00538131533101265
0.0108375 0.00541881487889217
0.0109125 0.00545631443299068
0.0109875 0.00549381399317517
0.0110625 0.00553131355932133
0.0111375 0.00556881313131061
0.0112125 0.00560631270902738
0.0112875 0.00564381229235597
0.0113625 0.00568131188118364
0.0114375 0.00571881147540485
0.0115125 0.00575631107491264
0.0115875 0.00579381067960724
0.0116625 0.0058313102893817
0.0117375 0.00586880990414493
0.0118125 0.00590630952380152
0.0118875 0.00594380914825607
0.0119625 0.0059813087774204
0.0120375 0.00601880841120632
0.0121125 0.0060563080495242
0.0121875 0.00609380769229743
0.0122625 0.00613130733943928
0.0123375 0.00616880699087022
0.0124125 0.00620630664651221
0.0124875 0.00624380630629296
0.0125625 0.00628130597013586
0.0126375 0.00631880563796861
0.0127125 0.00635630530971895
0.0127875 0.00639380498532327
0.0128625 0.00643130466470784
0.0129375 0.00646880434781051
0.0130125 0.00650630403456476
0.0130875 0.00654380372490989
0.0131625 0.00658130341878518
0.0132375 0.00661880311612848
0.0133125 0.00665630281688195
0.0133875 0.00669380252098922
0.0134625 0.00673130222839247
0.0135375 0.0067688019390382
0.0136125 0.00680630165287149
0.0136875 0.00684380136984174
0.0137625 0.0068813010898969
0.0138375 0.00691880081298638
0.0139125 0.00695630053906103
0.0139875 0.00699380026807315
0.0140625 0.00703129999997648
0.0141375 0.0070687997347233
0.0142125 0.00710629947227026
0.0142875 0.00714379921257398
0.0143625 0.00718129895558821
0.0144375 0.00721879870127391
0.0145125 0.00725629844958627
0.0145875 0.00729379820048771
0.0146625 0.00733129795393774
0.0147375 0.00736879770989734
0.0148125 0.00740629746832748
0.0148875 0.00744379722919057
0.0149625 0.00748129699245191
0.0150875 0.00754400372822267
0.0152625 0.00763150081897224
0.0154375 0.00771899797568095
0.0156125 0.0078064951961296
0.0157875 0.00789399247819996
0.0159625 0.00798148981986427
0.0161375 0.00806898721918459
0.0163125 0.00815648467430477
0.0164875 0.00824398218344857
0.0166625 0.00833147974491288
0.0168375 0.00841897735706642
0.0170125 0.00850647501834672
0.0171875 0.00859397272725137
0.0173625 0.00868147048234055
0.0175375 0.00876896828223269
0.0177125 0.00885646612559761
0.0178875 0.00894396401116092
0.0180625 0.00903146193769716
0.0182375 0.00911895990402486
0.0184125 0.00920645790901088
0.0185875 0.00929395595156295
0.0187625 0.00938145403062909
0.0189375 0.00946895214519758
0.0191125 0.00955645029429389
0.0192875 0.00964394847697692
0.0194625 0.0097314466923409
0.0196375 0.00981894493951352
0.0198125 0.00990644321765033
0.0199875 0.00999394152593911
0.0201625 0.0100814398635943
0.0203375 0.0101689382298575
0.0205125 0.0102564366239965
0.0206875 0.0103439350453044
0.0208625 0.0104314334930972
0.0210375 0.0105189319667138
0.0212125 0.0106064304655161
0.0213875 0.0106939289888839
0.0215625 0.0107814275362213
0.0217375 0.0108689261069465
0.0219125 0.0109564247005019
0.0220875 0.0110439233163442
0.0222625 0.0111314219539473
0.0224375 0.011218920612802
0.0226125 0.0113064192924158
0.0227875 0.0113939179923091
0.0229625 0.0114814167120197
0.0231375 0.0115689154510961
0.0233125 0.0116564142091036
0.0234875 0.0117439129856187
0.0236625 0.011831411780231
0.0238375 0.0119189105925419
0.0240125 0.0120064094221637
0.0241875 0.0120939082687214
0.0243625 0.01218140713185
0.0245375 0.0122689060111952
0.0247125 0.0123564049064115
0.0248875 0.0124439038171642
0.0250625 0.0125314027431286
0.0252375 0.012618901683988
0.0254125 0.0127064006394358
0.0255875 0.0127938996091709
0.0257625 0.0128813985929022
0.0259375 0.0129688975903473
0.0261125 0.0130563966012307
0.0262875 0.0131438956252831
0.0264625 0.0132313946622434
0.0266375 0.0133188937118576
0.0268125 0.0134063927738782
0.0269875 0.0134938918480632
0.0271625 0.0135813909341778
0.0273375 0.0136688900319925
0.0275125 0.0137563891412843
0.0276875 0.013843888261836
0.0278625 0.0139313873934351
0.0280375 0.0140188865358746
0.0282125 0.0141063856889523
0.0283875 0.0141938848524725
0.0285625 0.014281384026243
0.0287375 0.0143688832100762
0.0289125 0.0144563824037889
0.0290875 0.0145438816072036
0.0292625 0.0146313808201464
0.0294375 0.014718880042447
0.0296125 0.0148063792739392
0.0297875 0.0148938785144613
0.0299625 0.0149813777638555
0.0301375 0.0150688770219667
0.0303125 0.0151563762886441
0.0304875 0.0152438755637395
0.0306625 0.0153313748471098
0.0308375 0.0154188741386129
0.0310125 0.0155063734381128
0.0311875 0.015593872745474
0.0313625 0.0156813720605654
0.0315375 0.0157688713832579
0.0317125 0.0158563707134255
0.0318875 0.0159438700509449
0.0320625 0.0160313693956959
0.0322375 0.0161188687475618
0.0324125 0.0162063681064255
0.0325875 0.016293867472176
0.0327625 0.0163813668447018
0.0329375 0.0164688662238946
0.0331125 0.0165563656096502
0.0332875 0.0166438650018639
0.0334625 0.016731364400435
0.0336375 0.0168188638052636
0.0338125 0.0169063632162532
0.0339875 0.0169938626333085
0.0341625 0.0170813620563355
0.0343375 0.0171688614852442
0.0345125 0.0172563609199444
0.0346875 0.0173438603603484
0.0348625 0.0174313598063708
0.0350375 0.0175188592579269
0.0352125 0.0176063587149337
0.0353875 0.0176938581773117
0.0355625 0.017781357644981
0.0357375 0.017868857117863
0.0359125 0.017956356595883
0.0360875 0.0180438560789649
0.0362625 0.0181313555670364
0.0364375 0.0182188550600248
0.0366125 0.0183063545578599
0.0367875 0.0183938540604733
0.0369625 0.0184813535677958
0.0371375 0.0185688530797621
0.0373125 0.018656352596306
0.0374875 0.0187438521173638
0.0376625 0.0188313516428724
0.0378375 0.0189188511727699
0.0380125 0.0190063507069958
0.0381875 0.019093850245491
0.0383625 0.0191813497881966
0.0385375 0.0192688493350553
0.0387125 0.0193563488860111
0.0388875 0.0194438484410085
0.0390625 0.0195313479999928
0.0392375 0.0196188475629112
0.0394125 0.0197063471297109
0.0395875 0.0197938467003404
0.0397625 0.01988134627475
0.0399375 0.0199688458528889
0.0401125 0.0200563454347086
0.0402875 0.0201438450201615
0.0404625 0.0202313446091999
0.0406375 0.0203188442017777
0.0408125 0.0204063437978498
0.0409875 0.020493843397371
0.0411625 0.0205813430002977
0.0413375 0.0206688426065862
0.0415125 0.0207563422161941
0.0416875 0.0208438418290796
0.0418625 0.0209313414452019
0.0420375 0.0210188410645201
0.0422125 0.0211063406869947
0.0423875 0.0211938403125868
0.0425625 0.0212813399412576
0.0427375 0.0213688395729695
0.0429125 0.0214563392076852
0.0430875 0.021543838845368
0.0432625 0.021631338485982
0.0434375 0.0217188381294921
0.0436125 0.0218063377758626
0.0437875 0.02189383742506
0.0439625 0.0219813370770502
0.0441375 0.0220688367317998
0.0443125 0.0221563363892766
0.0444875 0.0222438360494482
0.0446625 0.0223313357122828
0.0448375 0.0224188353777495
0.0450125 0.0225063350458173
0.0451875 0.022593834716456
0.0453625 0.0226813343896359
0.0455375 0.0227688340653275
0.0457125 0.0228563337435024
0.0458875 0.0229438334241321
0.0460625 0.0230313331071884
0.0462375 0.0231188327926438
0.0464125 0.0232063324804711
0.0465875 0.0232938321706439
0.0467625 0.0233813318631357
0.0469375 0.0234688315579202
0.0471125 0.0235563312549723
0.0472875 0.0236438309542666
0.0474625 0.0237313306557785
0.0476375 0.0238188303594833
0.0478125 0.0239063300653571
0.0479875 0.0239938297733762
0.0481625 0.0240813294835171
0.0483375 0.0241688291957568
0.0485125 0.0242563289100725
0.0486875 0.024343828626442
0.0488625 0.024431328344843
0.0490375 0.024518828065254
0.0492125 0.0246063277876535
0.0493875 0.0246938275120202
0.0495625 0.0247813272383334
0.0497375 0.0248688269665725
0.0499125 0.0249563266967172
