0.0003 2.35189925324212e-26
0.0009 3.91983208873764e-26
0.0015 6.1149380584309e-26
0.0021 8.39964019015042e-26
0.0027 1.07142077092155e-25
0.0033 1.30423504043458e-25
0.0039 1.53778028096633e-25
0.0045 1.77176410410938e-25
0.0051 2.00603171600103e-25
0.0057 2.24049349914165e-25
0.0063 2.4750939760313e-25
0.0069 2.70979696569254e-25
0.0075 2.94457786505963e-25
0.0081 3.17941936086501e-25
0.0087 3.41430891591426e-25
0.0093 3.64923722841828e-25
0.0099 3.88419725156726e-25
0.0105 4.11918354925054e-25
0.0111 4.35419186073285e-25
0.0117 4.58921879927597e-25
0.0123 4.8242616389684e-25
0.0129 5.05931816104512e-25
0.0135 5.29438654118833e-25
0.0141 5.52946526560236e-25
0.0147 5.76455306764139e-25
0.0157 6.1663702501684e-25
0.0171 6.71414513913011e-25
0.0185 7.26207162212933e-25
0.0199 7.8101177044446e-25
0.0213 8.35825980311206e-25
0.0227 8.90648015299169e-25
0.0241 9.45476511694274e-25
0.0255 1.00031040526476e-24
0.0269 1.05514885332897e-24
0.0283 1.10999117995498e-24
0.0297 1.16483683665928e-24
0.0311 1.21968537372071e-24
0.0325 1.2745364189085e-24
0.0339 1.32938966148132e-24
0.0353 1.38424483999393e-24
0.0367 1.43910173289464e-24
0.0381 1.49396015119579e-24
0.0395 1.54881993270289e-24
0.0409 1.60368093742902e-24
0.0423 1.65854304391983e-24
0.0437 1.71340614628487e-24
0.0451 1.76827015178199e-24
0.0465 1.82313497883795e-24
0.0479 1.87800055541629e-24
0.0493 1.93286681766318e-24
