0 5.53854330360496e-15
0.0006 5.53694954979916e-15
0.0012 5.53429329345616e-15
0.0018 5.53014953356108e-15
0.0024 5.52445755568322e-15
0.003 5.51719712167902e-15
0.0036 5.50835903239231e-15
0.0042 5.49793833443131e-15
0.0048 5.48593205576095e-15
0.0054 5.47233827329972e-15
0.006 5.45715567125499e-15
0.0066 5.44038330977491e-15
0.0072 5.42202049418634e-15
0.0078 5.40206669653773e-15
0.0084 5.38052150620006e-15
0.009 5.35738459750207e-15
0.0096 5.33265570780562e-15
0.0102 5.30633462222498e-15
0.0108 5.27842116271197e-15
0.0114 5.24891518009108e-15
0.012 5.21781654813688e-15
0.0126 5.18512515909596e-15
0.0132 5.15084092025026e-15
0.0138 5.11496375124414e-15
0.0144 5.07749358198012e-15
0.015 5.03843035094408e-15
0.0164 4.94092938828678e-15
0.0178 4.83476715865612e-15
0.0192 4.71994126508857e-15
0.0206 4.59644981651242e-15
0.022 4.4642912947433e-15
0.0234 4.32346446249444e-15
0.0248 4.17396829810576e-15
0.0262 4.01580194819064e-15
0.0276 3.84896469260496e-15
0.029 3.67345591808113e-15
0.0304 3.48927509807625e-15
0.0318 3.29642177715612e-15
0.0332 3.09489555874266e-15
0.0346 2.88469609539133e-15
0.036 2.66582308099663e-15
0.0374 2.43827624448419e-15
0.0388 2.20205534466187e-15
0.0402 1.95716016598324e-15
0.0416 1.70359051503627e-15
0.043 1.44134621761293e-15
0.0444 1.1704271162483e-15
0.0458 8.90833068141616e-16
0.0472 6.02563943390225e-16
0.0486 3.05619623481699e-16
0.05 0
