0.0003 2.65625634299948e-15
0.0009 4.42709390500001e-15
0.0015 6.90626649180023e-15
0.0021 9.48662979642672e-15
0.0027 1.21007233403326e-14
0.0033 1.47301488111825e-14
0.0039 1.73678299350003e-14
0.0045 2.00104644505997e-14
0.0051 2.2656304102059e-14
0.0057 2.5304336741211e-14
0.0063 2.79539358001409e-14
0.0069 3.06046926476087e-14
0.0075 3.32563294143591e-14
0.0081 3.59086505627783e-14
0.0087 3.85615144966556e-14
0.0093 4.12148161607414e-14
0.0099 4.38684759677269e-14
0.0105 4.65224325216853e-14
0.0111 4.91766377014861e-14
0.0117 5.18310532570008e-14
0.0123 5.44856484015375e-14
0.0129 5.71403980761633e-14
0.0135 5.97952816768671e-14
0.0141 6.24502821067035e-14
0.0147 6.510538506006e-14
0.0157 6.96435447552179e-14
0.0171 7.58301640219004e-14
0.0185 8.20184954053886e-14
0.0199 8.82081775543973e-14
0.0213 9.43989441207941e-14
0.0227 1.00590594463477e-13
0.0241 1.06782974563341e-13
0.0255 1.12975964225087e-13
0.0269 1.19169468275484e-13
0.0283 1.25363410374167e-13
0.0297 1.31557728574913e-13
0.0311 1.37752372085805e-13
0.0325 1.43947298866761e-13
0.0339 1.50142473822375e-13
0.0353 1.56337867424785e-13
0.0367 1.62533454651742e-13
0.0381 1.68729214158807e-13
0.0395 1.74925127627588e-13
0.0409 1.81121179247837e-13
0.0423 1.87317355302387e-13
0.0437 1.93513643831875e-13
0.0451 1.99710034361919e-13
0.0465 2.05906517679565e-13
0.0479 2.12103085648947e-13
0.0493 2.18299731058356e-13
