0.00025 0.13083989060747
0.00075 0.478312756338806
0.00125 1.16868696412009
0.00175 2.19287314306049
0.00225 3.53737081806726
0.00275 5.18442700633259
0.00325 7.11224486474538
0.00375 9.29524001635373
0.00425 11.7043416412779
0.00475 14.3073349074241
0.00525 17.0692408446838
0.00575 19.9527293383408
0.00625 22.9185605379398
0.00675 25.9260496511755
0.00725 28.9335498221248
0.00775 31.898947582413
0.00825 34.7801652150721
0.00875 37.5356642856222
0.00925 40.1249445742721
0.00975 42.5090326873699
0.01025 44.650954734883
0.01075 46.5161876325869
0.01125 48.0730838209188
0.01175 49.2932644845359
0.01225 50.1519767043038
0.01275 50.6284103728827
0.01325 50.7059711518598
0.01375 50.3725062375442
0.01425 49.62048022868
0.01475 48.4470989465903
0.0155833333333333 45.9801880972408
0.01675 42.7775879312638
0.0179166666666667 39.9920705775999
0.0190833333333333 37.5471404986198
0.02025 35.3839307579587
0.0214166666666667 33.4564014559687
0.0225833333333333 31.7280264730034
0.02375 30.1694567515226
0.0249166666666667 28.7568400474379
0.0260833333333333 27.4705916108113
0.02725 26.2944806549968
0.0284166666666667 25.214941859777
0.0295833333333333 24.2205497864337
0.03075 23.3016129381679
0.0319166666666667 22.4498568516553
0.0330833333333333 21.658174242277
0.03425 20.9204262145596
0.0354166666666667 20.2312827627859
0.0365833333333333 19.5860937908521
0.03775 18.9807840489714
0.0389166666666667 18.4117669682742
0.0400833333333333 17.8758735430022
0.04125 17.3702932811799
0.0424166666666667 16.8925249001652
0.0435833333333333 16.4403349410785
0.04475 16.0117228569536
0.0459166666666667 15.6048914232016
0.0470833333333333 15.2182215472284
0.04825 14.8502507326149
0.0494166666666667 14.4996545939023
