0 0.638238237305086
0.0005 0.638172817359782
0.001 0.637933660981613
0.0015 0.637349317499553
0.002 0.636252880928022
0.0025 0.634484195518989
0.003 0.631891982015822
0.0035 0.62833585958345
0.004 0.623688239575273
0.0045 0.617836068754634
0.005 0.610682401300922
0.0055 0.60214778087858
0.006 0.59217141620941
0.0065 0.58071213594044
0.007 0.567749111114852
0.0075 0.55328233620379
0.008 0.537332862412583
0.0085 0.519942779805047
0.009 0.501174947662236
0.0095 0.4811124753751
0.01 0.459857959031415
0.0105 0.437532481663973
0.011 0.41427438784768
0.0115 0.390237845937221
0.012 0.365591213694953
0.0125 0.340515225342801
0.013 0.315201020156359
0.0135 0.289848034580429
0.014 0.264661781461657
0.0145 0.239851541347317
0.015 0.215627991874022
0.0161666666666667 0.202217103678994
0.0173333333333333 0.189740307199042
0.0185 0.178075953280575
0.0196666666666667 0.167124703968478
0.0208333333333333 0.15680439083074
0.022 0.147046273739415
0.0231666666666667 0.137792266018123
0.0243333333333333 0.128992841132262
0.0255 0.120605429451759
0.0266666666666667 0.112593173565273
0.0278333333333333 0.104923950040899
0.029 0.0975695919984636
0.0301666666666667 0.0905052649774204
0.0313333333333333 0.0837089612037881
0.0325 0.077161086288722
0.0336666666666667 0.0708441188013912
0.0348333333333333 0.0647423278221446
0.036 0.0588415370163321
0.0371666666666667 0.0531289263273336
0.0383333333333333 0.0475928643130502
0.0395 0.0422227656139703
0.0406666666666667 0.0370089691639279
0.0418333333333333 0.0319426336235838
0.043 0.027015647194369
0.0441666666666667 0.0222205495032211
0.0453333333333333 0.0175504636699429
0.0465 0.0129990370048425
0.0476666666666667 0.00856038905356753
0.0488333333333333 0.0042290659232215
0.05 0
