0.00025 0.13083989060747
0.00075 0.478312756338806
0.00125 1.16868696412009
0.00175 2.19287314306049
0.00225 3.53737081806726
0.00275 5.18442700633259
0.00325 7.11224486474538
0.00375 9.29524001635373
0.00425 11.7043416412779
0.00475 14.3073349074241
0.00525 17.0692408446838
0.00575 19.9527293383408
0.00625 22.9185605379398
0.00675 25.9260496511755
0.00725 28.9335498221248
0.00775 31.898947582413
0.00825 34.7801652150721
0.00875 37.5356642856222
0.00925 40.1249445742721
0.00975 42.5090326873699
0.01025 44.650954734883
0.01075 46.5161876325869
0.01125 48.0730838209188
0.01175 49.2932644845359
0.01225 50.1519767043038
0.01275 50.6284103728827
0.01325 50.7059711518598
0.01375 50.3725062375442
0.01425 49.62048022868
0.01475 48.4470989465903
0.0155833333333333 11.4950470243102
0.01675 10.694396982816
0.0179166666666667 9.99801764439996
0.0190833333333333 9.38678512465496
0.02025 8.84598268948968
0.0214166666666667 8.36410036399218
0.0225833333333333 7.93200661825086
0.02375 7.54236418788066
0.0249166666666667 7.18921001185949
0.0260833333333333 6.86764790270283
0.02725 6.57362016374919
0.0284166666666667 6.30373546494425
0.0295833333333333 6.05513744660842
0.03075 5.82540323454198
0.0319166666666667 5.61246421291381
0.0330833333333333 5.41454356056925
0.03425 5.2301065536399
0.0354166666666667 5.05782069069648
0.0365833333333333 4.89652344771302
0.03775 4.74519601224286
0.0389166666666667 4.60294174206855
0.0400833333333333 4.46896838575055
0.04125 4.34257332029498
0.0424166666666667 4.22313122504129
0.0435833333333333 4.11008373526963
0.04475 4.00293071423839
0.0459166666666667 3.90122285580039
0.0470833333333333 3.8045553868071
0.04825 3.71256268315374
0.0494166666666667 3.62491364847557
