0 0.638029599402482
0.000375 0.638001994844527
0.00075 0.637900948323302
0.001125 0.637653561438347
0.0015 0.637188019323734
0.001875 0.63643412346059
0.00225 0.635323813808079
0.002625 0.633791676798794
0.003 0.631775435834952
0.003375 0.629216421033666
0.00375 0.626060015102373
0.004125 0.622256072378192
0.0045 0.617759308236767
0.004875 0.612529656265842
0.00525 0.606532590805244
0.005625 0.599739412676823
0.006 0.592127496163817
0.006375 0.583680495547554
0.00675 0.574388509768841
0.007125 0.564248204050183
0.0075 0.553262887591363
0.007875 0.541442546733253
0.00825 0.528803833271133
0.008625 0.51537000788753
0.009 0.501170838963762
0.009375 0.486242457317237
0.00975 0.470627167696177
0.010125 0.45437321814313
0.0105 0.437534528611523
0.010875 0.420170380483943
0.01125 0.402345068895046
0.011625 0.384127520004495
0.012 0.365590875594402
0.012375 0.34681204758013
0.01275 0.327871245221439
0.013125 0.30885147800173
0.0135 0.289838037305285
0.013875 0.270917960164912
0.01425 0.252179478474406
0.014625 0.233711457160805
0.015 0.215602824890108
0.015875 0.205451672090266
0.01675 0.195845025570874
0.017625 0.18672744469247
0.0185 0.178051545932743
0.019375 0.169776513782376
0.02025 0.161866940465149
0.021125 0.15429191103445
0.022 0.147024274102389
0.022875 0.140040054766564
0.02375 0.13331797771144
0.024625 0.126839076570455
0.0255 0.12058637147928
0.026375 0.114544601017687
0.02725 0.108699997890505
0.028125 0.103040100054024
0.029 0.0975535907727081
0.029875 0.0922301624466759
0.03075 0.0870604000929415
0.031625 0.0820356811719772
0.0325 0.077148089083164
0.033375 0.0723903381504103
0.03425 0.0677557083138832
0.035125 0.063237988058818
0.036 0.0588314243653889
0.036875 0.0545306786680283
0.03775 0.0503307879786461
0.038625 0.046227130463816
0.0395 0.0422153948773181
0.040375 0.0382915533412286
0.04125 0.0344518370448102
0.042125 0.030692714493744
0.043 0.0270108719951225
0.043875 0.0234031961079841
0.04475 0.0198667578265156
0.045625 0.016398798294619
0.0465 0.012996715877304
0.047375 0.0096580544371426
0.04825 0.00638049268346784
0.049125 0.0031618344786396
0.05 0
