0.0001875 0.0736121545482267
0.0005625 0.269457389932448
0.0009375 0.659698359880482
0.0013125 1.24144563896896
0.0016875 2.01038896838253
0.0020625 2.96082574003057
0.0024375 4.0856986914255
0.0028125 5.37664257024654
0.0031875 6.82403947009617
0.0035625 8.41708248344701
0.0039375 10.1438472644828
0.0043125 11.9913710438005
0.0046875 13.9457385891329
0.0050625 15.9921745615958
0.0054375 18.1151416757895
0.0058125 20.2984440346814
0.0061875 22.5253349767026
0.0065625 24.7786287432345
0.0069375 27.0408152497546
0.0073125 29.2941772235199
0.0076875 31.52090895496
0.0080625 33.7032358989854
0.0084375 35.8235343562754
0.0088125 37.8644504633809
0.0091875 39.8090177240661
0.0095625 41.6407723228268
0.0099375 43.3438654747936
0.0103125 44.903172084284
0.0106875 46.3043950068807
0.0110625 47.5341642370578
0.0114375 48.5801303748044
0.0118125 49.431051760248
0.0121875 50.0768747047247
0.0125625 50.5088062898422
0.0129375 50.7193792525564
0.0133125 50.7025085238553
0.0136875 50.4535390409925
0.0140625 49.9692845080169
0.0144375 49.2480568362696
0.0148125 48.2896860551904
0.0154375 11.6013174855345
0.0163125 10.9790245935902
0.0171875 10.4200924324619
0.0180625 9.91531286825954
0.0189375 9.45717960041925
0.0198125 9.03951236254584
0.0206875 8.65717649222671
0.0215625 8.30587077949864
0.0224375 7.98196495522856
0.0233125 7.68237377728433
0.0241875 7.40445844683995
0.0250625 7.14594867562857
0.0259375 6.90488052753511
0.0268125 6.6795464310654
0.0276875 6.46845467026424
0.0285625 6.27029632150343
0.0294375 6.08391808689398
0.0303125 5.90829983283931
0.0311875 5.74253590967347
0.0320625 5.58581953007225
0.0329375 5.43742963743275
0.0338125 5.29671981317387
0.0346875 5.16310886293165
0.0355625 5.03607279249045
0.0364375 4.91513793984059
0.0373125 4.79987507357969
0.0381875 4.68989430266296
0.0390625 4.58484067028331
0.0399375 4.48439032695943
0.0408125 4.38824719590671
0.0416875 4.29614005836144
0.0425625 4.2078199984245
0.0434375 4.12305815672962
0.0443125 4.04164375024977
0.0451875 3.96338232216747
0.0460625 3.88809419121721
0.0469375 3.81561307447015
0.0478125 3.74578486134259
0.0486875 3.6784665198037
0.0495625 3.61352511844525
