0.0001875 0.0736121545482267
0.0005625 0.269457389932448
0.0009375 0.659698359880482
0.0013125 1.24144563896896
0.0016875 2.01038896838253
0.0020625 2.96082574003057
0.0024375 4.0856986914255
0.0028125 5.37664257024654
0.0031875 6.82403947009617
0.0035625 8.41708248344701
0.0039375 10.1438472644828
0.0043125 11.9913710438005
0.0046875 13.9457385891329
0.0050625 15.9921745615958
0.0054375 18.1151416757895
0.0058125 20.2984440346814
0.0061875 22.5253349767026
0.0065625 24.7786287432345
0.0069375 27.0408152497546
0.0073125 29.2941772235199
0.0076875 31.52090895496
0.0080625 33.7032358989854
0.0084375 35.8235343562754
0.0088125 37.8644504633809
0.0091875 39.8090177240661
0.0095625 41.6407723228268
0.0099375 43.3438654747936
0.0103125 44.903172084284
0.0106875 46.3043950068807
0.0110625 47.5341642370578
0.0114375 48.5801303748044
0.0118125 49.431051760248
0.0121875 50.0768747047247
0.0125625 50.5088062898422
0.0129375 50.7193792525564
0.0133125 50.7025085238553
0.0136875 50.4535390409925
0.0140625 49.9692845080169
0.0144375 49.2480568362696
0.0148125 48.2896860551904
0.0154375 46.4052699421379
0.0163125 43.9160983743606
0.0171875 41.6803697298476
0.0180625 39.6612514730382
0.0189375 37.828718401677
0.0198125 36.1580494501833
0.0206875 34.6287059689069
0.0215625 33.2234831179946
0.0224375 31.9278598209142
0.0233125 30.7294951091373
0.0241875 29.6178337873598
0.0250625 28.5837947025143
0.0259375 27.6195221101404
0.0268125 26.7181857242616
0.0276875 25.873818681057
0.0285625 25.0811852860137
0.0294375 24.3356723475759
0.0303125 23.6331993313572
0.0311875 22.9701436386939
0.0320625 22.343278120289
0.0329375 21.749718549731
0.0338125 21.1868792526955
0.0346875 20.6524354517266
0.0355625 20.1442911699618
0.0364375 19.6605517593624
0.0373125 19.1995002943188
0.0381875 18.7595772106518
0.0390625 18.3393626811333
0.0399375 17.9375613078377
0.0408125 17.5529887836268
0.0416875 17.1845602334458
0.0425625 16.831279993698
0.0434375 16.4922326269185
0.0443125 16.1665750009991
0.0451875 15.8535292886699
0.0460625 15.5523767648688
0.0469375 15.2624522978806
0.0478125 14.9831394453704
0.0486875 14.7138660792148
0.0495625 14.454100473781
