0 0.637933069531233
0.0003 0.637918934689648
0.0006 0.637867162720931
0.0009 0.637740294785837
0.0012 0.63750122786695
0.0015 0.637113390797831
0.0018 0.636540918042672
0.0021 0.635748820490967
0.0024 0.634703152543926
0.0027 0.633371174784552
0.003 0.631721511541368
0.0033 0.629724302676695
0.0036 0.627351348954032
0.0039 0.624576250365403
0.0042 0.621374536828364
0.0045 0.617723790693619
0.0048 0.613603760537806
0.0051 0.608996465751674
0.0054 0.603886291471694
0.0057 0.598260073442695
0.006 0.592107172440498
0.0063 0.585419537926312
0.0066 0.578191760648967
0.0069 0.57042111395638
0.0072 0.562107583624149
0.0075 0.553253886056348
0.0078 0.543865474761472
0.0081 0.533950535054776
0.0084 0.523519966986768
0.0087 0.512587356546174
0.009 0.501168935234101
0.0093 0.489283528154186
0.0096 0.476952490810999
0.0099 0.464199634855746
0.0102 0.451051143064133
0.0105 0.437535473875966
0.0108 0.423683255869486
0.0111 0.409527172585336
0.0114 0.395101838155399
0.0117 0.380443664230155
0.012 0.36559071873478
0.0123 0.350582577018549
0.0126 0.335460165994263
0.0129 0.320265601894157
0.0132 0.305042022295969
0.0135 0.289833413097468
0.0138 0.274684431139614
0.0141 0.259640223197577
0.0144 0.244746242075025
0.0147 0.230048060550291
0.015 0.215591183933195
0.0157 0.207424725512295
0.0164 0.199614436617539
0.0171 0.192130547855699
0.0178 0.184946872396626
0.0185 0.178040253291347
0.0192 0.171390113410136
0.0199 0.164978085954339
0.0206 0.158787708830348
0.0213 0.152804170082814
0.022 0.147014094481852
0.0227 0.141405363530585
0.0234 0.135966962803434
0.0241 0.130688851781926
0.0248 0.125561852323405
0.0255 0.120577552651007
0.0262 0.115728224343044
0.0269 0.111006750265424
0.0276 0.106406561760439
0.0283 0.101921583701018
0.029 0.0975461862573593
0.0297 0.0932751424154231
0.0304 0.089103590443349
0.0311 0.0850270006299888
0.0318 0.0810411457250341
0.0325 0.0771420745971702
0.0332 0.0733260886988193
0.0339 0.069589720986127
0.0346 0.0659297169931102
0.0353 0.0623430178010981
0.036 0.0588267446801773
0.0367 0.0553781852094531
0.0374 0.0519947807084862
0.0381 0.0486741148340272
0.0388 0.04541390321476
0.0395 0.0422119840126955
0.0402 0.0390663093135531
0.0409 0.0359749372602652
0.0416 0.0329360248539421
0.0423 0.0299478213554719
0.043 0.0270086622286062
0.0437 0.0241169635720704
0.0444 0.0212712169940721
0.0451 0.0184699848876849
0.0458 0.015711896070065
0.0465 0.0129956417523874
0.0472 0.0103199718108543
0.0479 0.00768369133218287
0.0486 0.00508565740967872
0.0493 0.00252477616839527
0.05 0
