0.00015 0.047116138617298
0.00045 0.172573229055839
0.00075 0.422893116980664
0.00105 0.796889729623995
0.00135 1.29279023039571
0.00165 1.9082425171942
0.00195 2.64032517235132
0.00225 3.48555982347213
0.00255 4.43992586457997
0.00285 5.49887747727758
0.00315 6.65736288224454
0.00345 7.90984574221147
0.00375 9.25032862876115
0.00405 10.6723784567986
0.00435 12.1691537824805
0.00465 13.733433852711
0.00495 15.3576492871062
0.00525 17.0339142666024
0.00555 18.7540600966607
0.00585 20.5096700073263
0.00615 22.2921150472847
0.00645 24.0925909244849
0.00675 25.9021556419573
0.00705 27.7117677741012
0.00735 29.5123252260036
0.00765 31.2947043162552
0.00795 33.04979902232
0.00825 34.7685602266912
0.00855 36.4420348019804
0.00885 38.0614043735772
0.00915 39.6180235997175
0.00945 41.1034578106225
0.00975 42.5095198508418
0.01005 43.8283059720446
0.01035 45.0522306272218
0.01065 46.1740600216019
0.01095 47.1869442804967
0.01125 48.0844480997905
0.01155 48.8605797508139
0.01185 49.5098183179168
0.01215 50.0271390541029
0.01245 50.4080367476178
0.01275 50.648547000353
0.01305 50.7452653272946
0.01335 50.6953639950025
0.01365 50.4966065261793
0.01395 50.1473598067903
0.01425 49.6466037418373
0.01455 48.9939384157798
0.01485 48.1895887236523
0.01535 46.66547669086
0.01605 44.6302222557445
0.01675 42.7650786390865
0.01745 41.0495740518451
0.01815 39.4663948873115
0.01885 38.0007993212046
0.01955 36.6401568902662
0.02025 35.3735835656643
0.02095 34.1916499859049
0.02165 33.0861462912105
0.02235 32.0498911500987
0.02305 31.0765755837182
0.02375 30.1606344086192
0.02445 29.2971397629736
0.02515 28.4817124137059
0.02585 27.7104474740698
0.02655 26.979851872117
0.02725 26.2867914570534
0.02795 25.6284460538355
0.02865 25.0022711066215
0.02935 24.4059648110631
0.03005 23.8374398404228
0.03075 23.2947989334863
0.03145 22.7763137425978
0.03215 22.2804064449364
0.03285 21.8056337048616
0.03355 21.3506726439553
0.03425 20.914308531524
0.03495 20.4954239543549
0.03565 20.0929892624039
0.03635 19.7060541184236
0.03705 19.3337400055249
0.03775 18.9752335683364
0.03845 18.6297806815266
0.03915 18.2966811546538
0.03985 17.9752839950991
0.04055 17.6649831616448
0.04125 17.3652137504169
0.04195 17.0754485626864
0.04265 16.7951950106611
0.04335 16.5239923230611
0.04405 16.2614090171327
0.04475 16.0070406079262
0.04545 15.7605075292562
0.04615 15.5214532438721
0.04685 15.2895425230458
0.04755 15.0644598781219
0.04825 14.8459081285947
0.04895 14.6336070930479
0.04965 14.4272923908297
