0.00015 0.047116138617298
0.00045 0.172573229055839
0.00075 0.422893116980294
0.00105 0.796889729623995
0.00135 1.29279023039571
0.00165 1.90824251719457
0.00195 2.64032517235095
0.00225 3.48555982347213
0.00255 4.4399258645796
0.00285 5.49887747727758
0.00315 6.65736288224454
0.00345 7.90984574221147
0.00375 9.25032862876115
0.00405 10.6723784567986
0.00435 12.1691537824805
0.00465 13.733433852711
0.00495 15.3576492871062
0.00525 17.0339142666024
0.00555 18.7540600966603
0.00585 20.5096700073263
0.00615 22.2921150472847
0.00645 24.0925909244849
0.00675 25.9021556419573
0.00705 27.7117677741016
0.00735 29.5123252260032
0.00765 31.2947043162552
0.00795 33.04979902232
0.00825 34.7685602266912
0.00855 36.44203480198
0.00885 38.0614043735772
0.00915 39.6180235997177
0.00945 41.1034578106227
0.00975 42.5095198508422
0.01005 43.8283059720449
0.01035 45.052230627222
0.01065 46.1740600216021
0.01095 47.1869442804971
0.01125 48.0844480997909
0.01155 48.8605797508142
0.01185 49.5098183179171
0.01215 50.0271390541031
0.01245 50.4080367476184
0.01275 50.6485470003535
0.01305 50.7452653272951
0.01335 50.6953639950029
0.01365 50.4966065261797
0.01395 50.1473598067907
0.01425 49.6466037418378
0.01455 48.99393841578
0.01485 48.1895887236529
0.01535 11.6663691727152
0.01605 11.1575555639363
0.01675 10.6912696597718
0.01745 10.2623935129614
0.01815 9.86659872182799
0.01885 9.50019983030122
0.01955 9.16003922256666
0.02025 8.84339589141616
0.02095 8.54791249647629
0.02165 8.27153657280271
0.02235 8.01247278752478
0.02305 7.7691438959297
0.02375 7.54015860215495
0.02445 7.32428494074352
0.02515 7.12042810342662
0.02585 6.92761186851756
0.02655 6.74496296802936
0.02725 6.57169786426348
0.02795 6.40711151345902
0.02865 6.25056777665552
0.02935 6.10149120276593
0.03005 5.95935996010583
0.03075 5.82369973337172
0.03145 5.6940784356496
0.03215 5.57010161123421
0.03285 5.45140842621551
0.03355 5.33766816098896
0.03425 5.22857713288113
0.03495 5.1238559885888
0.03565 5.02324731560108
0.03635 4.92651352960601
0.03705 4.83343500138134
0.03775 4.74380839208421
0.03845 4.65744517038176
0.03915 4.57417028866356
0.03985 4.49382099877487
0.04055 4.41624579041131
0.04125 4.34130343760433
0.04195 4.26886214067172
0.04265 4.19879875266539
0.04335 4.13099808076537
0.04405 4.06535225428329
0.04475 4.00176015198165
0.04545 3.94012688231416
0.04615 3.88036331096812
0.04685 3.82238563076155
0.04755 3.76611496953057
0.04825 3.71147703214878
0.04895 3.65840177326208
0.04965 3.60682309770753
