0.000125 0.0327211853847764
0.000375 0.119887993249801
0.000625 0.293934858020872
0.000875 0.554289119933493
0.001125 0.900093892330034
0.001375 1.33021057854821
0.001625 1.84322221663535
0.001875 2.43743764237614
0.002125 3.11089645880402
0.002375 3.8613747980536
0.002625 4.68639185918995
0.002875 5.58321720340782
0.003125 6.54887878585964
0.003375 7.58017170126557
0.003625 8.67366761842137
0.003875 9.82572487676903
0.004125 11.0324992162898
0.004375 12.2899551101803
0.004625 13.5938776680495
0.004875 14.9398850757403
0.005125 16.3234415363434
0.005375 17.7398706755305
0.005625 19.1843693730083
0.005875 20.6520219806547
0.006125 22.1378148867983
0.006375 23.6366513850816
0.006625 25.1433668054841
0.006875 26.6527438642954
0.007125 28.1595281891964
0.007375 29.6584439750789
0.007625 31.1442097258361
0.007875 32.6115540370933
0.008125 34.0552313746918
0.008375 35.4700378037323
0.008625 36.8508266230849
0.008875 38.1925238605167
0.009125 39.4901435839516
0.009375 40.7388029848479
0.009625 41.933737190327
0.009875 43.0703137613828
0.010125 44.1440468353755
0.010375 45.1506108719981
0.010625 46.0858539629567
0.010875 46.9458106668537
0.011125 47.7267143320268
0.011375 48.4250088715461
0.011625 49.0373599560672
0.011875 49.5606655918674
0.012125 49.9920660530859
0.012375 50.3289531389908
0.012625 50.5689787289747
0.012875 50.7100626099348
0.013125 50.7503995527172
0.013375 50.688465616409
0.013625 50.5230236614145
0.013875 50.2531280544605
0.014125 49.8781285509369
0.014375 49.3976733422894
0.014625 48.8117112585054
0.014875 48.1204931181186
0.0152916666666667 46.8411376194844
0.015875 45.1199409615506
0.0164583333333333 43.520753180635
0.0170416666666667 42.0310452478018
0.017625 40.6399468235248
0.0182083333333333 39.3379805637323
0.0187916666666667 38.1168459120869
0.019375 36.9692419491422
0.0199583333333333 35.8887213076222
0.0205416666666667 34.8695689783999
0.021125 33.9067011959587
0.0217083333333333 32.9955806263937
0.0222916666666667 32.1321448716843
0.022875 31.312745913208
0.0234583333333333 30.5340985903218
0.0240416666666667 29.7932365794651
0.024625 29.0874746300361
0.0252083333333333 28.4143760435561
0.0257916666666667 27.7717245659959
0.026375 27.157500010034
0.0269583333333333 26.5698570422744
0.0275416666666667 26.0071066661901
0.028125 25.4677000094097
0.0287083333333333 24.950214087593
0.0292916666666667 24.4533392693479
0.029875 23.9758682096955
0.0304583333333333 23.5166860552009
0.0310416666666667 23.0747617534923
0.031625 22.6491403245742
0.0322083333333333 22.2389359719946
0.0327916666666667 21.8433259292908
0.033375 21.4615449517503
0.0339583333333333 21.092880375892
0.0345416666666667 20.736667679556
0.035125 20.3922864844033
0.0357083333333333 20.0591569502357
0.0362916666666667 19.7367365170516
0.036875 19.4245169563298
0.0374583333333333 19.1220216978331
0.0380416666666667 18.8288034023569
0.038625 18.5444417544248
0.0392083333333333 18.268541452021
0.0397916666666667 18.0007303731431
0.040375 17.7406579012918
0.0409583333333333 17.4879933940505
0.0415416666666667 17.2424247806938
0.042125 17.0036572763122
0.0427083333333333 16.7714122013186
0.0432916666666667 16.5454258963923
0.043875 16.3254487239806
0.0444583333333333 16.1112441484082
0.0450416666666667 15.9025878874667
0.045625 15.6992671290881
0.0462083333333333 15.5010798073503
0.0467916666666667 15.3078339326371
0.047375 15.1193469712854
0.0479583333333333 14.9354452705052
0.0485416666666667 14.7559635247652
0.049125 14.5807442801963
0.0497083333333333 14.4096374738906
