0.000125 0.0327211853847764
0.000375 0.119887993249801
0.000625 0.293934858020872
0.000875 0.554289119933493
0.001125 0.900093892330034
0.001375 1.33021057854821
0.001625 1.84322221663535
0.001875 2.43743764237658
0.002125 3.11089645880447
0.002375 3.8613747980536
0.002625 4.68639185918995
0.002875 5.58321720340782
0.003125 6.54887878585964
0.003375 7.58017170126557
0.003625 8.67366761842137
0.003875 9.82572487676903
0.004125 11.0324992162898
0.004375 12.2899551101803
0.004625 13.5938776680495
0.004875 14.9398850757407
0.005125 16.3234415363434
0.005375 17.7398706755301
0.005625 19.1843693730083
0.005875 20.6520219806552
0.006125 22.1378148867988
0.006375 23.6366513850821
0.006625 25.1433668054841
0.006875 26.6527438642954
0.007125 28.1595281891964
0.007375 29.6584439750789
0.007625 31.1442097258356
0.007875 32.6115540370928
0.008125 34.0552313746918
0.008375 35.4700378037323
0.008625 36.8508266230845
0.008875 38.1925238605172
0.009125 39.4901435839516
0.009375 40.7388029848477
0.009625 41.9337371903272
0.009875 43.0703137613828
0.010125 44.1440468353755
0.010375 45.1506108719981
0.010625 46.0858539629567
0.010875 46.9458106668537
0.011125 47.726714332027
0.011375 48.4250088715459
0.011625 49.0373599560674
0.011875 49.5606655918677
0.012125 49.9920660530857
0.012375 50.3289531389908
0.012625 50.5689787289747
0.012875 50.7100626099348
0.013125 50.7503995527172
0.013375 50.688465616409
0.013625 50.5230236614147
0.013875 50.2531280544605
0.014125 49.8781285509371
0.014375 49.3976733422894
0.014625 48.8117112585054
0.014875 48.1204931181186
0.0152916666666667 11.7102844048711
0.015875 11.2799852403877
0.0164583333333333 10.8801882951588
0.0170416666666667 10.5077613119505
0.017625 10.1599867058814
0.0182083333333333 9.83449514093317
0.0187916666666667 9.52921147802172
0.019375 9.2423104872856
0.0199583333333333 8.97218032690569
0.0205416666666667 8.71739224460003
0.021125 8.47667529898981
0.0217083333333333 8.24889515659861
0.0222916666666667 8.03303621792125
0.022875 7.82818647830219
0.0234583333333333 7.63352464758073
0.0240416666666667 7.44830914486651
0.024625 7.27186865750932
0.0252083333333333 7.10359401088928
0.0257916666666667 6.94293114149926
0.026375 6.7893750025088
0.0269583333333333 6.6424642605689
0.0275416666666667 6.50177666654781
0.028125 6.36692500235278
0.0287083333333333 6.23755352189859
0.0292916666666667 6.11333481733733
0.029875 5.99396705242419
0.0304583333333333 5.87917151380048
0.0310416666666667 5.76869043837338
0.031625 5.66228508114382
0.0322083333333333 5.55973399299893
0.0327916666666667 5.46083148232293
0.033375 5.36538623793778
0.0339583333333333 5.27322009397316
0.0345416666666667 5.18416691988917
0.035125 5.09807162110097
0.0357083333333333 5.01478923755907
0.0362916666666667 4.93418412926304
0.036875 4.85612923908261
0.0374583333333333 4.7805054244584
0.0380416666666667 4.70720085058936
0.038625 4.63611043860635
0.0392083333333333 4.5671353630054
0.0397916666666667 4.50018259328594
0.040375 4.43516447532307
0.0409583333333333 4.37199834851278
0.0415416666666667 4.31060619517357
0.042125 4.25091431907816
0.0427083333333333 4.19285305032976
0.0432916666666667 4.13635647409818
0.043875 4.08136218099526
0.0444583333333333 4.02781103710216
0.0450416666666667 3.9756469718668
0.045625 3.92481678227216
0.0462083333333333 3.8752699518377
0.0467916666666667 3.8269584831594
0.047375 3.77983674282147
0.0479583333333333 3.73386131762642
0.0485416666666667 3.68899088119142
0.049125 3.6451860700492
0.0497083333333333 3.60240936847276
