0 0.637880644074792
0.00025 0.637872463778445
0.0005 0.637842491780133
0.00075 0.637769008065628
0.001 0.637630435785644
0.00125 0.637405412312562
0.0015 0.637072859667925
0.00175 0.636612054113766
0.002 0.636002694703172
0.00225 0.635224970588471
0.0025 0.634259626888957
0.00275 0.63308802892416
0.003 0.631692224623308
0.00325 0.630055004926843
0.0035 0.628159962001527
0.00375 0.625991545096921
0.004 0.623535113877729
0.00425 0.620776989073657
0.0045 0.617704500296112
0.00475 0.614306030879099
0.005 0.610571059610164
0.00525 0.606490199226078
0.0055 0.602055231557196
0.00575 0.597259139213944
0.006 0.59209613371878
0.00625 0.58656167999708
0.0065 0.58065251715081
0.00675 0.574366675449439
0.007 0.567703489483365
0.00725 0.560663607436066
0.0075 0.553248996442296
0.00775 0.545462944010837
0.008 0.537310055501564
0.00825 0.528796247657891
0.0085 0.519928738206958
0.00875 0.510716031551187
0.009 0.501167900586057
0.00925 0.49129536469007
0.0095 0.481110663943858
0.00975 0.470627229646276
0.01 0.45985965120593
0.01025 0.448823639497086
0.0105 0.437535986779087
0.01075 0.426014523288347
0.011 0.414278070621634
0.01125 0.402346392038627
0.0115 0.390240139820741
0.01175 0.377980799831724
0.012 0.365590633433757
0.01225 0.353092616920486
0.0125 0.340510378635738
0.01275 0.327868133953494
0.013 0.315190618301011
0.01325 0.302503018412831
0.0135 0.289830902008729
0.01375 0.277200146093375
0.014 0.26463686407976
0.01425 0.252167331942026
0.0145 0.239817913606454
0.01475 0.227614985791827
0.015 0.215584862512298
0.0155833333333333 0.208753863276123
0.0161666666666667 0.202173871885897
0.01675 0.195827095380388
0.0173333333333333 0.189697567948416
0.0179166666666667 0.183770909036652
0.0185 0.178034120204441
0.0190833333333333 0.172475413508929
0.0196666666666667 0.167084065724679
0.02025 0.161850293867317
0.0208333333333333 0.156765148391301
0.0214166666666667 0.151820421133557
0.022 0.147008565625541
0.0225833333333333 0.142322627831754
0.0231666666666667 0.137756185719411
0.02375 0.133303296341656
0.0243333333333333 0.128958449340484
0.0249166666666667 0.124716525956937
0.0255 0.120572762783918
0.0260833333333333 0.116522719618044
0.0266666666666667 0.11256225086658
0.02725 0.108687480047915
0.0278333333333333 0.104894776992429
0.0284166666666667 0.101180737407724
0.029 0.0975421645199498
0.0295833333333333 0.0939760525431698
0.0301666666666667 0.0904795717625893
0.03075 0.0870500550462058
0.0313333333333333 0.0836849856238215
0.0319166666666667 0.0803819859931544
0.0325 0.0771388078305719
0.0330833333333333 0.073953322799217
0.0336666666666667 0.0708235141604201
0.03425 0.0677474691056025
0.0348333333333333 0.0647233717356672
0.0354166666666667 0.0617494966233584
0.036 0.058824202901449
0.0365833333333333 0.0559459288260457
0.0371666666666667 0.0531131867699143
0.03775 0.0503245586056469
0.0383333333333333 0.0475786914428032
0.0389166666666667 0.0448742936869496
0.0395 0.0422101313918632
0.0400833333333333 0.0395850248791132
0.0406666666666667 0.0369978456018414
0.04125 0.0344475132318757
0.0418333333333333 0.0319329929513579
0.0424166666666667 0.0294532929318957
0.043 0.0270074619858701
0.0435833333333333 0.0245945873759795
0.0441666666666667 0.022213792770399
0.04475 0.0198642363320895
0.0453333333333333 0.0175451089318339
0.0459166666666667 0.0152556324755086
0.0465 0.0129950583369367
0.0470833333333333 0.0107626658884271
0.0476666666666667 0.00855776112178128
0.04825 0.00637967535316594
0.0488333333333333 0.00422776400580434
0.0494166666666667 0.00210140546494238
0.05 0
