0.000107142857142857 0.0240407831741951
0.000321428571428571 0.0881011233672494
0.000535714285714286 0.216066973452926
0.00075 0.407629006925111
0.000964285714285714 0.66232406856052
0.00117857142857143 0.979536173909334
0.00139285714285714 1.35849783870312
0.00160714285714286 1.79829173539573
0.00182142857142857 2.29785267338456
0.00203571428571429 2.85596989877246
0.00225 3.47128970886705
0.00246428571428571 4.14231837595391
0.00267857142857143 4.86742537423638
0.00289285714285714 5.6448469031997
0.00310714285714286 6.47268970003327
0.00332142857142857 7.34893513315075
0.00353571428571429 8.27144356823969
0.00375 9.2379589977271
0.00396428571428571 10.2461139239659
0.00417857142857143 11.2934344859508
0.00439285714285714 12.377345818816
0.00460714285714286 13.4951776349276
0.00482142857142857 14.6441700148718
0.00503571428571428 15.8214793962355
0.00525 17.0241847476323
0.00546428571428571 18.2492939150539
0.00567857142857143 19.4937501272438
0.00589285714285714 20.7544386464821
0.00610714285714286 22.0281935508285
0.00632142857142857 23.3118046336078
0.00653571428571429 24.6020244056802
0.00675 25.8955751857943
0.00696428571428571 27.1891562641519
0.00717857142857143 28.4794511241432
0.00739285714285714 29.7631347070738
0.00760714285714286 31.0368807046401
0.00782142857142857 32.2973688637983
0.00803571428571429 33.5412922886746
0.00825 34.7653647241424
0.00846428571428571 35.9663278057368
0.00867857142857143 37.1409582606124
0.00889285714285714 38.2860750443765
0.00910714285714286 39.3985463987242
0.00932142857142857 40.4752968149772
0.00953571428571429 41.5133138888039
0.00975 42.5096550516143
0.00996428571428571 43.4614541643818
0.0101785714285714 44.3659279599086
0.0103928571428571 45.220382319849
0.0106071428571429 46.0222183731756
0.0108214285714286 46.7689384030792
0.0110357142857143 47.4581515497326
0.01125 48.0875792967354
0.0114642857142857 48.6550607295001
0.0116785714285714 49.1585575543099
0.0118928571428571 49.5961588672703
0.0121071428571429 49.9660856628655
0.0123214285714286 50.2666950723993
0.0125357142857143 50.4964843231106
0.01275 50.6540944093594
0.0129642857142857 50.7383134678529
0.0131785714285714 50.7480798494828
0.0133928571428571 50.6824848809869
0.0136071428571429 50.540775310265
0.0138214285714286 50.3223554298374
0.0140357142857143 50.0267888735973
0.01425 49.6538000826781
0.0144642857142857 49.2032754369371
0.0146785714285714 48.6752640492457
0.0148928571428571 48.0699782204741
0.01525 46.9676953735865
0.01575 45.4766574252188
0.01625 44.0773756582891
0.01675 42.7616331013252
0.01725 41.5221654751996
0.01775 40.3525270111094
0.01825 39.2469783258733
0.01875 38.2003922371832
0.01925 37.2081742569965
0.01975 36.2661951618828
0.02025 35.3707335529474
0.02075 34.5184267203462
0.02125 33.7062284445737
0.02175 32.9313726182616
0.02225 32.1913417729074
0.02275 31.4838397559203
0.02325 30.8067679332122
0.02375 30.1582043977762
0.02425 29.5363857503994
0.02475 28.9396910887753
0.02525 28.3666278988984
0.02575 27.815819590182
0.02625 27.2859944551309
0.02675 26.7759758671845
0.02725 26.2846735576949
0.02775 25.8110758359347
0.02825 25.3542426352986
0.02875 24.9132992851193
0.02925 24.4874309212714
0.02975 24.0758774604095
0.03025 23.6779290726341
0.03075 23.2929220958434
0.03125 22.9202353423099
0.03175 22.559286754242
0.03225 22.2095303704553
0.03275 21.8704535709063
0.03325 21.5415745698402
0.03375 21.2224401317684
0.03425 20.912623487509
0.03475 20.6117224301348
0.03525 20.3193575729698
0.03575 20.0351707537674
0.03625 19.7588235709569
0.03675 19.4899960393792
0.03725 19.2283853542871
0.03775 18.9737047535679
0.03825 18.7256824692077
0.03875 18.4840607599276
0.03925 18.2485950177629
0.03975 18.0190529420677
0.04025 17.7952137750856
0.04075 17.5768675937961
0.04125 17.3638146532653
0.04175 17.1558647771782
0.04225 16.9528367916495
0.04275 16.7545579987647
0.04325 16.5608636866403
0.04375 16.3715966730786
0.04425 16.1866068801625
0.04475 16.0057509373674
0.04525 15.8288918109876
0.04575 15.655898457862
0.04625 15.4866455015608
0.04675 15.3210129293516
0.04725 15.1588858084061
0.04775 15.0001540198364
0.04825 14.8447120092682
0.04875 14.6924585527628
0.04925 14.5432965369988
0.04975 14.3971327527073
