0 0.637849036758178
0.000214285714285714 0.637843885161783
0.000428571428571429 0.637825006349633
0.000642857142857143 0.637778706283893
0.000857142857142857 0.637691357210981
0.00107142857142857 0.637549430624861
0.00128571428571429 0.637339530016166
0.0015 0.637048423336443
0.00171428571428571 0.63666307510743
0.00192857142857143 0.63617067810599
0.00214285714285714 0.635558684556253
0.00235714285714286 0.634814836761496
0.00257142857142857 0.633927197109506
0.00278571428571429 0.632884177386455
0.003 0.63167456733577
0.00321428571428571 0.630287562400048
0.00342857142857143 0.628712790585802
0.00364285714285714 0.626940338392607
0.00385714285714286 0.624960775750237
0.00407142857142857 0.622765179909388
0.00428571428571429 0.620345158233827
0.0045 0.61769286984408
0.00471428571428571 0.614801046065168
0.00492857142857143 0.611663009633409
0.00514285714285714 0.60827269261993
0.00535714285714286 0.604624653031152
0.00557142857142857 0.600714090049355
0.00578571428571429 0.596536857879231
0.006 0.592089478169271
0.00621428571428571 0.587369150979807
0.00642857142857143 0.582373764272605
0.00664285714285714 0.57710190189996
0.00685714285714286 0.571552850074432
0.00707142857142857 0.565726602303543
0.00728571428571429 0.559623862776941
0.0075 0.553246048196853
0.00771428571428571 0.546595288045859
0.00792857142857143 0.539674423289331
0.00814285714285714 0.532487003513186
0.00835714285714286 0.52503728250087
0.00857142857142857 0.517330212256783
0.00878571428571429 0.509371435486652
0.009 0.501167276548572
0.00921428571428571 0.492724730891702
0.00942857142857143 0.484051453002778
0.00964285714285714 0.475155742883749
0.00985714285714286 0.466046531086975
0.0100714285714286 0.456733362337464
0.0102857142857143 0.447226377774627
0.0105 0.437536295848945
0.0107142857142857 0.427674391911836
0.0109285714285714 0.417652476539747
0.0111428571428571 0.407482872636233
0.0113571428571429 0.397178391358361
0.0115714285714286 0.386752306916326
0.0117857142857143 0.376218330297545
0.012 0.365590581968844
0.0122142857142857 0.354883563612516
0.0124285714285714 0.344112128954145
0.0126428571428571 0.333291453742049
0.0128571428571429 0.322437004940044
0.0130714285714286 0.311564509196932
0.0132857142857143 0.300689920657758
0.0135 0.28982938818326
0.0137142857142857 0.278999222045346
0.0139285714285714 0.268215860167524
0.0141428571428571 0.257495833980325
0.0143571428571429 0.246855733962608
0.0145714285714286 0.236312174940407
0.0147857142857143 0.225881761215569
0.015 0.215581051596896
0.0155 0.209710089675197
0.016 0.204025507497045
0.0165 0.198515835539759
0.017 0.193170631402093
0.0175 0.187980360717693
0.018 0.182936294841305
0.0185 0.17803042255057
0.019 0.173255373520923
0.0195 0.168604351738798
0.02 0.164071077343563
0.0205 0.159649735649444
0.021 0.155334932309401
0.0215 0.151121653753829
0.022 0.147005232176546
0.0225 0.142981314454933
0.023 0.139045834485443
0.0235 0.135194988493792
0.024 0.13142521294407
0.0245 0.12773316472527
0.025 0.124115703339173
0.0255 0.12056987485181
0.026 0.117092897403038
0.0265 0.113682148096146
0.027 0.110335151112748
0.0275 0.107049566918036
0.028 0.103823182438545
0.0285 0.100653902109132
0.029 0.0975397396984923
0.0295 0.0944788108333334
0.03 0.0914693261507822
0.0305 0.088509585016703
0.031 0.0855979697547225
0.0315 0.0827329403369338
0.032 0.0799130294926536
0.0325 0.0771368381963466
0.033 0.0744030314999833
0.0335 0.0717103346787533
0.034 0.0690575296622823
0.0345 0.0664434517263437
0.035 0.0638669864225768
0.0355 0.0613270667259556
0.036 0.0588226703817347
0.0365 0.0563528174353651
0.037 0.0539165679304428
0.0375 0.0515130197611569
0.038 0.049141306666961
0.0385 0.0468005963583101
0.039 0.0444900887633192
0.0395 0.0422090143860989
0.04 0.0399566327683404
0.0405 0.0377322310464548
0.041 0.0355351225972303
0.0415 0.0333646457655722
0.042 0.031220162668425
0.0425 0.0291010580694688
0.043 0.0270067383196233
0.0435 0.0249366303587933
0.044 0.0228901807746585
0.0445 0.0208668549146382
0.045 0.0188661360474673
0.0455 0.0168875245710939
0.046 0.0149305372638612
0.0465 0.0129947065761661
0.047 0.0110795799599972
0.0475 0.00918471923394651
0.048 0.00730969998146699
0.0485 0.00545411098030851
0.049 0.00361755366121319
0.0495 0.00179964159408838
0.05 0
