0.000107142857142857 0.0240407831741951
0.000321428571428571 0.0881011233672494
0.000535714285714286 0.216066973452926
0.00075 0.407629006925111
0.000964285714285714 0.66232406856052
0.00117857142857143 0.979536173909853
0.00139285714285714 1.35849783870364
0.00160714285714286 1.79829173539625
0.00182142857142857 2.29785267338456
0.00203571428571429 2.85596989877246
0.00225 3.47128970886705
0.00246428571428571 4.14231837595391
0.00267857142857143 4.86742537423638
0.00289285714285714 5.64484690319918
0.00310714285714286 6.47268970003378
0.00332142857142857 7.34893513315127
0.00353571428571429 8.27144356823969
0.00375 9.2379589977271
0.00396428571428571 10.2461139239659
0.00417857142857143 11.2934344859503
0.00439285714285714 12.377345818816
0.00460714285714286 13.4951776349271
0.00482142857142857 14.6441700148718
0.00503571428571428 15.8214793962355
0.00525 17.0241847476323
0.00546428571428571 18.2492939150534
0.00567857142857143 19.4937501272433
0.00589285714285714 20.7544386464826
0.00610714285714286 22.028193550829
0.00632142857142857 23.3118046336083
0.00653571428571429 24.6020244056808
0.00675 25.8955751857943
0.00696428571428571 27.1891562641519
0.00717857142857143 28.4794511241427
0.00739285714285714 29.7631347070738
0.00760714285714286 31.0368807046401
0.00782142857142857 32.2973688637983
0.00803571428571429 33.5412922886746
0.00825 34.7653647241429
0.00846428571428571 35.9663278057373
0.00867857142857143 37.1409582606124
0.00889285714285714 38.286075044376
0.00910714285714286 39.3985463987239
0.00932142857142857 40.4752968149772
0.00953571428571429 41.5133138888036
0.00975 42.5096550516143
0.00996428571428571 43.461454164382
0.0101785714285714 44.3659279599086
0.0103928571428571 45.2203823198493
0.0106071428571429 46.0222183731756
0.0108214285714286 46.768938403079
0.0110357142857143 47.4581515497326
0.01125 48.0875792967351
0.0114642857142857 48.6550607294999
0.0116785714285714 49.1585575543099
0.0118928571428571 49.5961588672701
0.0121071428571429 49.9660856628655
0.0123214285714286 50.2666950723993
0.0125357142857143 50.4964843231106
0.01275 50.6540944093597
0.0129642857142857 50.7383134678531
0.0131785714285714 50.7480798494828
0.0133928571428571 50.6824848809869
0.0136071428571429 50.540775310265
0.0138214285714286 50.3223554298374
0.0140357142857143 50.0267888735973
0.01425 49.6538000826783
0.0144642857142857 49.2032754369372
0.0146785714285714 48.6752640492457
0.0148928571428571 48.0699782204742
0.01525 11.7419238433966
0.01575 11.3691643563047
0.01625 11.0193439145723
0.01675 10.6904082753313
0.01725 10.3805413687998
0.01775 10.0881317527773
0.01825 9.81174458146827
0.01875 9.5500980592958
0.01925 9.30204356424919
0.01975 9.0665487904707
0.02025 8.84268338823685
0.02075 8.62960668008661
0.02125 8.42655711114343
0.02175 8.2328431545654
0.02225 8.04783544322679
0.02275 7.87095993898002
0.02325 7.70169198330306
0.02375 7.53955109944404
0.02425 7.38409643759985
0.02475 7.23492277219379
0.02525 7.09165697472461
0.02575 6.95395489754549
0.02625 6.8214986137827
0.02675 6.69399396679612
0.02725 6.57116838942373
0.02775 6.45276895898364
0.02825 6.33856065882465
0.02875 6.22832482127983
0.02925 6.12185773031781
0.02975 6.01896936510238
0.03025 5.91948226815853
0.03075 5.82323052396083
0.03125 5.73005883557748
0.03175 5.6398216885605
0.03225 5.55238259261384
0.03275 5.46761339272658
0.03325 5.38539364246005
0.03375 5.30561003294208
0.03425 5.22815587187722
0.03475 5.15293060753366
0.03525 5.07983939324241
0.03575 5.00879268844183
0.03625 4.93970589273915
0.03675 4.87249900984475
0.03725 4.80709633857167
0.03775 4.74342618839191
0.03825 4.68142061730181
0.03875 4.6210151899818
0.03925 4.56214875444062
0.03975 4.50476323551685
0.04025 4.4488034437713
0.04075 4.39421689844895
0.04125 4.34095366331623
0.04175 4.28896619429447
0.04225 4.23820919791229
0.04275 4.18863949969109
0.04325 4.14021592165997
0.04375 4.09289916826958
0.04425 4.04665172004053
0.04475 4.00143773434176
0.04525 3.95722295274682
0.04575 3.91397461446544
0.04625 3.87166137539013
0.04675 3.83025323233783
0.04725 3.78972145210145
0.04775 3.75003850495903
0.04825 3.71117800231697
0.04875 3.67311463819064
0.04925 3.63582413424962
0.04975 3.59928318817676
