-1 5000
-0.99609375 4922.18017578125
-0.9921875 4844.970703125
-0.98828125 4768.37158203125
-0.984375 4692.3828125
-0.98046875 4617.00439453125
-0.9765625 4542.236328125
-0.97265625 4468.07861328125
-0.96875 4394.53125
-0.96484375 4321.59423828125
-0.9609375 4249.267578125
-0.95703125 4177.55126953125
-0.953125 4106.4453125
-0.94921875 4035.94970703125
-0.9453125 3966.064453125
-0.94140625 3896.78955078125
-0.9375 3828.125
-0.93359375 3760.07080078125
-0.9296875 3692.626953125
-0.92578125 3625.79345703125
-0.921875 3559.5703125
-0.91796875 3493.95751953125
-0.9140625 3428.955078125
-0.91015625 3364.56298828125
-0.90625 3300.78125
-0.90234375 3237.60986328125
-0.8984375 3175.048828125
-0.89453125 3113.09814453125
-0.890625 3051.7578125
-0.88671875 2991.02783203125
-0.8828125 2930.908203125
-0.87890625 2871.39892578125
-0.875 2812.5
-0.87109375 2754.21142578125
-0.8671875 2696.533203125
-0.86328125 2639.46533203125
-0.859375 2583.0078125
-0.85546875 2527.16064453125
-0.8515625 2471.923828125
-0.84765625 2417.29736328125
-0.84375 2363.28125
-0.83984375 2309.87548828125
-0.8359375 2257.080078125
-0.83203125 2204.89501953125
-0.828125 2153.3203125
-0.82421875 2102.35595703125
-0.8203125 2052.001953125
-0.81640625 2002.25830078125
-0.8125 1953.125
-0.80859375 1904.60205078125
-0.8046875 1856.689453125
-0.80078125 1809.38720703125
-0.796875 1762.6953125
-0.79296875 1716.61376953125
-0.7890625 1671.142578125
-0.78515625 1626.28173828125
-0.78125 1582.03125
-0.77734375 1538.39111328125
-0.7734375 1495.361328125
-0.76953125 1452.94189453125
-0.765625 1411.1328125
-0.76171875 1369.93408203125
-0.7578125 1329.345703125
-0.75390625 1289.36767578125
-0.75 1250
-0.74609375 1211.24267578125
-0.7421875 1173.095703125
-0.73828125 1135.55908203125
-0.734375 1098.6328125
-0.73046875 1062.31689453125
-0.7265625 1026.611328125
-0.72265625 991.51611328125
-0.71875 957.03125
-0.71484375 923.15673828125
-0.7109375 889.892578125
-0.70703125 857.23876953125
-0.703125 825.1953125
-0.69921875 793.76220703125
-0.6953125 762.939453125
-0.69140625 732.72705078125
-0.6875 703.125
-0.68359375 674.13330078125
-0.6796875 645.751953125
-0.67578125 617.98095703125
-0.671875 590.8203125
-0.66796875 564.27001953125
-0.6640625 538.330078125
-0.66015625 513.00048828125
-0.65625 488.28125
-0.65234375 464.17236328125
-0.6484375 440.673828125
-0.64453125 417.78564453125
-0.640625 395.5078125
-0.63671875 373.84033203125
-0.6328125 352.783203125
-0.62890625 332.33642578125
-0.625 312.5
-0.62109375 293.27392578125
-0.6171875 274.658203125
-0.61328125 256.65283203125
-0.609375 239.2578125
-0.60546875 222.47314453125
-0.6015625 206.298828125
-0.59765625 190.73486328125
-0.59375 175.78125
-0.58984375 161.43798828125
-0.5859375 147.705078125
-0.58203125 134.58251953125
-0.578125 122.0703125
-0.57421875 110.16845703125
-0.5703125 98.876953125
-0.56640625 88.19580078125
-0.5625 78.125
-0.55859375 68.66455078125
-0.5546875 59.814453125
-0.55078125 51.57470703125
-0.546875 43.9453125
-0.54296875 36.92626953125
-0.5390625 30.517578125
-0.53515625 24.71923828125
-0.53125 19.53125
-0.52734375 14.95361328125
-0.5234375 10.986328125
-0.51953125 7.62939453125
-0.515625 4.8828125
-0.51171875 2.74658203125
-0.5078125 1.220703125
-0.50390625 0.30517578125
-0.5 0
-0.49609375 0.195767847467257
-0.4921875 0.782953466637945
-0.48828125 1.76120315885136
-0.484375 3.12992766307202
-0.48046875 4.8883025108385
-0.4765625 7.03526852289237
-0.47265625 9.56953244718819
-0.46875 12.4895677379002
-0.46484375 15.7936154749564
-0.4609375 19.4796854235464
-0.45703125 23.5455572329641
-0.453125 27.9887817740642
-0.44921875 32.8066826145262
-0.4453125 37.9963576310365
-0.44140625 43.5546807574197
-0.4375 49.4783038676636
-0.43359375 55.7636587927051
-0.4296875 62.4069594697618
-0.42578125 69.404204222915
-0.421875 76.7511781735692
-0.41796875 84.4434557793376
-0.4140625 92.4764034998231
-0.41015625 100.84518258769
-0.40625 109.544752003346
-0.40234375 118.569871451471
-0.3984375 127.915104537581
-0.39453125 137.574822042706
-0.390625 147.543205314221
-0.38671875 157.814249770785
-0.3828125 168.381768519277
-0.37890625 179.239396081546
-0.375 190.380592228744
-0.37109375 201.798645920906
-0.3671875 213.486679349438
-0.36328125 225.437652080045
-0.359375 237.64436529363
-0.35546875 250.099466122593
-0.3515625 262.795452079918
-0.34765625 275.724675578401
-0.34375 288.879348537259
-0.33984375 302.251547073387
-0.3359375 315.833216274406
-0.33203125 329.61617505064
-0.328125 343.592121063101
-0.32421875 357.752635724506
-0.3203125 372.089189270317
-0.31640625 386.593145896757
-0.3125 401.255768962692
-0.30859375 416.068226252258
-0.3046875 431.021595295057
-0.30078125 446.106868740721
-0.296875 461.314959784599
-0.29296875 476.636707641316
-0.2890625 492.062883062878
-0.28515625 507.584193898035
-0.28125 523.191290689517
-0.27734375 538.874772305804
-0.2734375 554.625191604015
-0.26953125 570.433061120509
-0.265625 586.288858785785
-0.26171875 602.183033660216
-0.2578125 618.106011687178
-0.25390625 634.048201460107
-0.25 650
-0.24609375 665.951798539893
-0.2421875 681.893988312822
-0.23828125 697.816966339784
-0.234375 713.711141214214
-0.23046875 729.56693887949
-0.2265625 745.374808395985
-0.22265625 761.125227694196
-0.21875 776.808709310483
-0.21484375 792.415806101965
-0.2109375 807.937116937121
-0.20703125 823.363292358684
-0.203125 838.6850402154
-0.19921875 853.893131259279
-0.1953125 868.978404704943
-0.19140625 883.931773747742
-0.1875 898.744231037308
-0.18359375 913.406854103243
-0.1796875 927.910810729683
-0.17578125 942.247364275494
-0.171875 956.407878936899
-0.16796875 970.38382494936
-0.1640625 984.166783725594
-0.16015625 997.748452926613
-0.15625 1011.12065146274
-0.15234375 1024.2753244216
-0.1484375 1037.20454792008
-0.14453125 1049.90053387741
-0.140625 1062.35563470637
-0.13671875 1074.56234791995
-0.1328125 1086.51332065056
-0.12890625 1098.20135407909
-0.125 1109.61940777126
-0.12109375 1120.76060391845
-0.1171875 1131.61823148072
-0.11328125 1142.18575022922
-0.109375 1152.45679468578
-0.10546875 1162.42517795729
-0.1015625 1172.08489546242
-0.09765625 1181.43012854853
-0.09375 1190.45524799665
-0.08984375 1199.15481741231
-0.0859375 1207.52359650018
-0.08203125 1215.55654422066
-0.078125 1223.24882182643
-0.07421875 1230.59579577708
-0.0703125 1237.59304053024
-0.06640625 1244.2363412073
-0.0625 1250.52169613234
-0.05859375 1256.44531924258
-0.0546875 1262.00364236896
-0.05078125 1267.19331738547
-0.046875 1272.01121822594
-0.04296875 1276.45444276704
-0.0390625 1280.52031457645
-0.03515625 1284.20638452504
-0.03125 1287.5104322621
-0.02734375 1290.43046755281
-0.0234375 1292.96473147711
-0.01953125 1295.11169748916
-0.015625 1296.87007233693
-0.01171875 1298.23879684115
-0.0078125 1299.21704653336
-0.00390625 1299.80423215253
0 1300
0.00390625 1299.80423215253
0.0078125 1299.21704653336
0.01171875 1298.23879684115
0.015625 1296.87007233693
0.01953125 1295.11169748916
0.0234375 1292.96473147711
0.02734375 1290.43046755281
0.03125 1287.5104322621
0.03515625 1284.20638452504
0.0390625 1280.52031457645
0.04296875 1276.45444276704
0.046875 1272.01121822594
0.05078125 1267.19331738547
0.0546875 1262.00364236896
0.05859375 1256.44531924258
0.0625 1250.52169613234
0.06640625 1244.2363412073
0.0703125 1237.59304053024
0.07421875 1230.59579577708
0.078125 1223.24882182643
0.08203125 1215.55654422066
0.0859375 1207.52359650018
0.08984375 1199.15481741231
0.09375 1190.45524799665
0.09765625 1181.43012854853
0.1015625 1172.08489546242
0.10546875 1162.42517795729
0.109375 1152.45679468578
0.11328125 1142.18575022922
0.1171875 1131.61823148072
0.12109375 1120.76060391845
0.125 1109.61940777126
0.12890625 1098.20135407909
0.1328125 1086.51332065056
0.13671875 1074.56234791996
0.140625 1062.35563470637
0.14453125 1049.90053387741
0.1484375 1037.20454792008
0.15234375 1024.2753244216
0.15625 1011.12065146274
0.16015625 997.748452926613
0.1640625 984.166783725594
0.16796875 970.38382494936
0.171875 956.407878936899
0.17578125 942.247364275494
0.1796875 927.910810729684
0.18359375 913.406854103244
0.1875 898.744231037309
0.19140625 883.931773747742
0.1953125 868.978404704943
0.19921875 853.893131259279
0.203125 838.685040215401
0.20703125 823.363292358684
0.2109375 807.937116937122
0.21484375 792.415806101966
0.21875 776.808709310484
0.22265625 761.125227694196
0.2265625 745.374808395986
0.23046875 729.56693887949
0.234375 713.711141214214
0.23828125 697.816966339784
0.2421875 681.893988312822
0.24609375 665.951798539893
0.25 650
0.25390625 634.048201460107
0.2578125 618.106011687179
0.26171875 602.183033660217
0.265625 586.288858785786
0.26953125 570.43306112051
0.2734375 554.625191604015
0.27734375 538.874772305804
0.28125 523.191290689517
0.28515625 507.584193898035
0.2890625 492.062883062879
0.29296875 476.636707641316
0.296875 461.3149597846
0.30078125 446.106868740721
0.3046875 431.021595295057
0.30859375 416.068226252258
0.3125 401.255768962692
0.31640625 386.593145896757
0.3203125 372.089189270317
0.32421875 357.752635724506
0.328125 343.592121063102
0.33203125 329.61617505064
0.3359375 315.833216274406
0.33984375 302.251547073387
0.34375 288.879348537259
0.34765625 275.724675578401
0.3515625 262.795452079919
0.35546875 250.099466122592
0.359375 237.64436529363
0.36328125 225.437652080045
0.3671875 213.486679349438
0.37109375 201.798645920907
0.375 190.380592228744
0.37890625 179.239396081547
0.3828125 168.381768519277
0.38671875 157.814249770785
0.390625 147.543205314221
0.39453125 137.574822042706
0.3984375 127.915104537581
0.40234375 118.569871451471
0.40625 109.544752003346
0.41015625 100.84518258769
0.4140625 92.4764034998232
0.41796875 84.4434557793377
0.421875 76.7511781735693
0.42578125 69.4042042229152
0.4296875 62.406959469762
0.43359375 55.7636587927052
0.4375 49.4783038676638
0.44140625 43.5546807574197
0.4453125 37.9963576310365
0.44921875 32.8066826145262
0.453125 27.9887817740643
0.45703125 23.5455572329641
0.4609375 19.4796854235465
0.46484375 15.7936154749565
0.46875 12.4895677379003
0.47265625 9.56953244718825
0.4765625 7.03526852289243
0.48046875 4.88830251083849
0.484375 3.12992766307202
0.48828125 1.76120315885136
0.4921875 0.782953466637947
0.49609375 0.19576784746726
0.5 0
0.50390625 0.30517578125
0.5078125 1.220703125
0.51171875 2.74658203125
0.515625 4.8828125
0.51953125 7.62939453125
0.5234375 10.986328125
0.52734375 14.95361328125
0.53125 19.53125
0.53515625 24.71923828125
0.5390625 30.517578125
0.54296875 36.92626953125
0.546875 43.9453125
0.55078125 51.57470703125
0.5546875 59.814453125
0.55859375 68.66455078125
0.5625 78.125
0.56640625 88.19580078125
0.5703125 98.876953125
0.57421875 110.16845703125
0.578125 122.0703125
0.58203125 134.58251953125
0.5859375 147.705078125
0.58984375 161.43798828125
0.59375 175.78125
0.59765625 190.73486328125
0.6015625 206.298828125
0.60546875 222.47314453125
0.609375 239.2578125
0.61328125 256.65283203125
0.6171875 274.658203125
0.62109375 293.27392578125
0.625 312.5
0.62890625 332.33642578125
0.6328125 352.783203125
0.63671875 373.84033203125
0.640625 395.5078125
0.64453125 417.78564453125
0.6484375 440.673828125
0.65234375 464.17236328125
0.65625 488.28125
0.66015625 513.00048828125
0.6640625 538.330078125
0.66796875 564.27001953125
0.671875 590.8203125
0.67578125 617.98095703125
0.6796875 645.751953125
0.68359375 674.13330078125
0.6875 703.125
0.69140625 732.72705078125
0.6953125 762.939453125
0.69921875 793.76220703125
0.703125 825.1953125
0.70703125 857.23876953125
0.7109375 889.892578125
0.71484375 923.15673828125
0.71875 957.03125
0.72265625 991.51611328125
0.7265625 1026.611328125
0.73046875 1062.31689453125
0.734375 1098.6328125
0.73828125 1135.55908203125
0.7421875 1173.095703125
0.74609375 1211.24267578125
0.75 1250
0.75390625 1289.36767578125
0.7578125 1329.345703125
0.76171875 1369.93408203125
0.765625 1411.1328125
0.76953125 1452.94189453125
0.7734375 1495.361328125
0.77734375 1538.39111328125
0.78125 1582.03125
0.78515625 1626.28173828125
0.7890625 1671.142578125
0.79296875 1716.61376953125
0.796875 1762.6953125
0.80078125 1809.38720703125
0.8046875 1856.689453125
0.80859375 1904.60205078125
0.8125 1953.125
0.81640625 2002.25830078125
0.8203125 2052.001953125
0.82421875 2102.35595703125
0.828125 2153.3203125
0.83203125 2204.89501953125
0.8359375 2257.080078125
0.83984375 2309.87548828125
0.84375 2363.28125
0.84765625 2417.29736328125
0.8515625 2471.923828125
0.85546875 2527.16064453125
0.859375 2583.0078125
0.86328125 2639.46533203125
0.8671875 2696.533203125
0.87109375 2754.21142578125
0.875 2812.5
0.87890625 2871.39892578125
0.8828125 2930.908203125
0.88671875 2991.02783203125
0.890625 3051.7578125
0.89453125 3113.09814453125
0.8984375 3175.048828125
0.90234375 3237.60986328125
0.90625 3300.78125
0.91015625 3364.56298828125
0.9140625 3428.955078125
0.91796875 3493.95751953125
0.921875 3559.5703125
0.92578125 3625.79345703125
0.9296875 3692.626953125
0.93359375 3760.07080078125
0.9375 3828.125
0.94140625 3896.78955078125
0.9453125 3966.064453125
0.94921875 4035.94970703125
0.953125 4106.4453125
0.95703125 4177.55126953125
0.9609375 4249.267578125
0.96484375 4321.59423828125
0.96875 4394.53125
0.97265625 4468.07861328125
0.9765625 4542.236328125
0.98046875 4617.00439453125
0.984375 4692.3828125
0.98828125 4768.37158203125
0.9921875 4844.970703125
0.99609375 4922.18017578125
1 5000
