-1 5000
-0.99609375 4961.01379394531
-0.9921875 4922.18017578125
-0.98828125 4883.49914550781
-0.984375 4844.970703125
-0.98046875 4806.59484863281
-0.9765625 4768.37158203125
-0.97265625 4730.30090332031
-0.96875 4692.3828125
-0.96484375 4654.61730957031
-0.9609375 4617.00439453125
-0.95703125 4579.54406738281
-0.953125 4542.236328125
-0.94921875 4505.08117675781
-0.9453125 4468.07861328125
-0.94140625 4431.22863769531
-0.9375 4394.53125
-0.93359375 4357.98645019531
-0.9296875 4321.59423828125
-0.92578125 4285.35461425781
-0.921875 4249.267578125
-0.91796875 4213.33312988281
-0.9140625 4177.55126953125
-0.91015625 4141.92199707031
-0.90625 4106.4453125
-0.90234375 4071.12121582031
-0.8984375 4035.94970703125
-0.89453125 4000.93078613281
-0.890625 3966.064453125
-0.88671875 3931.35070800781
-0.8828125 3896.78955078125
-0.87890625 3862.38098144531
-0.875 3828.125
-0.87109375 3794.02160644531
-0.8671875 3760.07080078125
-0.86328125 3726.27258300781
-0.859375 3692.626953125
-0.85546875 3659.13391113281
-0.8515625 3625.79345703125
-0.84765625 3592.60559082031
-0.84375 3559.5703125
-0.83984375 3526.68762207031
-0.8359375 3493.95751953125
-0.83203125 3461.38000488281
-0.828125 3428.955078125
-0.82421875 3396.68273925781
-0.8203125 3364.56298828125
-0.81640625 3332.59582519531
-0.8125 3300.78125
-0.80859375 3269.11926269531
-0.8046875 3237.60986328125
-0.80078125 3206.25305175781
-0.796875 3175.048828125
-0.79296875 3143.99719238281
-0.7890625 3113.09814453125
-0.78515625 3082.35168457031
-0.78125 3051.7578125
-0.77734375 3021.31652832031
-0.7734375 2991.02783203125
-0.76953125 2960.89172363281
-0.765625 2930.908203125
-0.76171875 2901.07727050781
-0.7578125 2871.39892578125
-0.75390625 2841.87316894531
-0.75 2812.5
-0.74609375 2783.27941894531
-0.7421875 2754.21142578125
-0.73828125 2725.29602050781
-0.734375 2696.533203125
-0.73046875 2667.92297363281
-0.7265625 2639.46533203125
-0.72265625 2611.16027832031
-0.71875 2583.0078125
-0.71484375 2555.00793457031
-0.7109375 2527.16064453125
-0.70703125 2499.46594238281
-0.703125 2471.923828125
-0.69921875 2444.53430175781
-0.6953125 2417.29736328125
-0.69140625 2390.21301269531
-0.6875 2363.28125
-0.68359375 2336.50207519531
-0.6796875 2309.87548828125
-0.67578125 2283.40148925781
-0.671875 2257.080078125
-0.66796875 2230.91125488281
-0.6640625 2204.89501953125
-0.66015625 2179.03137207031
-0.65625 2153.3203125
-0.65234375 2127.76184082031
-0.6484375 2102.35595703125
-0.64453125 2077.10266113281
-0.640625 2052.001953125
-0.63671875 2027.05383300781
-0.6328125 2002.25830078125
-0.62890625 1977.61535644531
-0.625 1953.125
-0.62109375 1928.78723144531
-0.6171875 1904.60205078125
-0.61328125 1880.56945800781
-0.609375 1856.689453125
-0.60546875 1832.96203613281
-0.6015625 1809.38720703125
-0.59765625 1785.96496582031
-0.59375 1762.6953125
-0.58984375 1739.57824707031
-0.5859375 1716.61376953125
-0.58203125 1693.80187988281
-0.578125 1671.142578125
-0.57421875 1648.63586425781
-0.5703125 1626.28173828125
-0.56640625 1604.08020019531
-0.5625 1582.03125
-0.55859375 1560.13488769531
-0.5546875 1538.39111328125
-0.55078125 1516.79992675781
-0.546875 1495.361328125
-0.54296875 1474.07531738281
-0.5390625 1452.94189453125
-0.53515625 1431.96105957031
-0.53125 1411.1328125
-0.52734375 1390.45715332031
-0.5234375 1369.93408203125
-0.51953125 1349.56359863281
-0.515625 1329.345703125
-0.51171875 1309.28039550781
-0.5078125 1289.36767578125
-0.50390625 1269.60754394531
-0.5 1250
-0.49609375 1230.54504394531
-0.4921875 1211.24267578125
-0.48828125 1192.09289550781
-0.484375 1173.095703125
-0.48046875 1154.25109863281
-0.4765625 1135.55908203125
-0.47265625 1117.01965332031
-0.46875 1098.6328125
-0.46484375 1080.39855957031
-0.4609375 1062.31689453125
-0.45703125 1044.38781738281
-0.453125 1026.611328125
-0.44921875 1008.98742675781
-0.4453125 991.51611328125
-0.44140625 974.197387695312
-0.4375 957.03125
-0.43359375 940.017700195312
-0.4296875 923.15673828125
-0.42578125 906.448364257812
-0.421875 889.892578125
-0.41796875 873.489379882812
-0.4140625 857.23876953125
-0.41015625 841.140747070312
-0.40625 825.1953125
-0.40234375 809.402465820312
-0.3984375 793.76220703125
-0.39453125 778.274536132812
-0.390625 762.939453125
-0.38671875 747.756958007812
-0.3828125 732.72705078125
-0.37890625 717.849731445312
-0.375 703.125
-0.37109375 688.552856445312
-0.3671875 674.13330078125
-0.36328125 659.866333007812
-0.359375 645.751953125
-0.35546875 631.790161132812
-0.3515625 617.98095703125
-0.34765625 604.324340820312
-0.34375 590.8203125
-0.33984375 577.468872070312
-0.3359375 564.27001953125
-0.33203125 551.223754882812
-0.328125 538.330078125
-0.32421875 525.588989257812
-0.3203125 513.00048828125
-0.31640625 500.564575195312
-0.3125 488.28125
-0.30859375 476.150512695312
-0.3046875 464.17236328125
-0.30078125 452.346801757812
-0.296875 440.673828125
-0.29296875 429.153442382812
-0.2890625 417.78564453125
-0.28515625 406.570434570312
-0.28125 395.5078125
-0.27734375 384.597778320312
-0.2734375 373.84033203125
-0.26953125 363.235473632812
-0.265625 352.783203125
-0.26171875 342.483520507812
-0.2578125 332.33642578125
-0.25390625 322.341918945312
-0.25 312.5
-0.24609375 302.810668945312
-0.2421875 293.27392578125
-0.23828125 283.889770507812
-0.234375 274.658203125
-0.23046875 265.579223632812
-0.2265625 256.65283203125
-0.22265625 247.879028320312
-0.21875 239.2578125
-0.21484375 230.789184570312
-0.2109375 222.47314453125
-0.20703125 214.309692382812
-0.203125 206.298828125
-0.19921875 198.440551757812
-0.1953125 190.73486328125
-0.19140625 183.181762695312
-0.1875 175.78125
-0.18359375 168.533325195312
-0.1796875 161.43798828125
-0.17578125 154.495239257812
-0.171875 147.705078125
-0.16796875 141.067504882812
-0.1640625 134.58251953125
-0.16015625 128.250122070312
-0.15625 122.0703125
-0.15234375 116.043090820312
-0.1484375 110.16845703125
-0.14453125 104.446411132812
-0.140625 98.876953125
-0.13671875 93.4600830078125
-0.1328125 88.19580078125
-0.12890625 83.0841064453125
-0.125 78.125
-0.12109375 73.3184814453125
-0.1171875 68.66455078125
-0.11328125 64.1632080078125
-0.109375 59.814453125
-0.10546875 55.6182861328125
-0.1015625 51.57470703125
-0.09765625 47.6837158203125
-0.09375 43.9453125
-0.08984375 40.3594970703125
-0.0859375 36.92626953125
-0.08203125 33.6456298828125
-0.078125 30.517578125
-0.07421875 27.5421142578125
-0.0703125 24.71923828125
-0.06640625 22.0489501953125
-0.0625 19.53125
-0.05859375 17.1661376953125
-0.0546875 14.95361328125
-0.05078125 12.8936767578125
-0.046875 10.986328125
-0.04296875 9.2315673828125
-0.0390625 7.62939453125
-0.03515625 6.1798095703125
-0.03125 4.8828125
-0.02734375 3.7384033203125
-0.0234375 2.74658203125
-0.01953125 1.9073486328125
-0.015625 1.220703125
-0.01171875 0.6866455078125
-0.0078125 0.30517578125
-0.00390625 0.0762939453125
0 0
0.00390625 0.0762939453125
0.0078125 0.30517578125
0.01171875 0.6866455078125
0.015625 1.220703125
0.01953125 1.9073486328125
0.0234375 2.74658203125
0.02734375 3.7384033203125
0.03125 4.8828125
0.03515625 6.1798095703125
0.0390625 7.62939453125
0.04296875 9.2315673828125
0.046875 10.986328125
0.05078125 12.8936767578125
0.0546875 14.95361328125
0.05859375 17.1661376953125
0.0625 19.53125
0.06640625 22.0489501953125
0.0703125 24.71923828125
0.07421875 27.5421142578125
0.078125 30.517578125
0.08203125 33.6456298828125
0.0859375 36.92626953125
0.08984375 40.3594970703125
0.09375 43.9453125
0.09765625 47.6837158203125
0.1015625 51.57470703125
0.10546875 55.6182861328125
0.109375 59.814453125
0.11328125 64.1632080078125
0.1171875 68.66455078125
0.12109375 73.3184814453125
0.125 78.125
0.12890625 83.0841064453125
0.1328125 88.19580078125
0.13671875 93.4600830078125
0.140625 98.876953125
0.14453125 104.446411132812
0.1484375 110.16845703125
0.15234375 116.043090820312
0.15625 122.0703125
0.16015625 128.250122070312
0.1640625 134.58251953125
0.16796875 141.067504882812
0.171875 147.705078125
0.17578125 154.495239257812
0.1796875 161.43798828125
0.18359375 168.533325195312
0.1875 175.78125
0.19140625 183.181762695312
0.1953125 190.73486328125
0.19921875 198.440551757812
0.203125 206.298828125
0.20703125 214.309692382812
0.2109375 222.47314453125
0.21484375 230.789184570312
0.21875 239.2578125
0.22265625 247.879028320312
0.2265625 256.65283203125
0.23046875 265.579223632812
0.234375 274.658203125
0.23828125 283.889770507812
0.2421875 293.27392578125
0.24609375 302.810668945312
0.25 312.5
0.25390625 322.341918945312
0.2578125 332.33642578125
0.26171875 342.483520507812
0.265625 352.783203125
0.26953125 363.235473632812
0.2734375 373.84033203125
0.27734375 384.597778320312
0.28125 395.5078125
0.28515625 406.570434570312
0.2890625 417.78564453125
0.29296875 429.153442382812
0.296875 440.673828125
0.30078125 452.346801757812
0.3046875 464.17236328125
0.30859375 476.150512695312
0.3125 488.28125
0.31640625 500.564575195312
0.3203125 513.00048828125
0.32421875 525.588989257812
0.328125 538.330078125
0.33203125 551.223754882812
0.3359375 564.27001953125
0.33984375 577.468872070312
0.34375 590.8203125
0.34765625 604.324340820312
0.3515625 617.98095703125
0.35546875 631.790161132812
0.359375 645.751953125
0.36328125 659.866333007812
0.3671875 674.13330078125
0.37109375 688.552856445312
0.375 703.125
0.37890625 717.849731445312
0.3828125 732.72705078125
0.38671875 747.756958007812
0.390625 762.939453125
0.39453125 778.274536132812
0.3984375 793.76220703125
0.40234375 809.402465820312
0.40625 825.1953125
0.41015625 841.140747070312
0.4140625 857.23876953125
0.41796875 873.489379882812
0.421875 889.892578125
0.42578125 906.448364257812
0.4296875 923.15673828125
0.43359375 940.017700195312
0.4375 957.03125
0.44140625 974.197387695312
0.4453125 991.51611328125
0.44921875 1008.98742675781
0.453125 1026.611328125
0.45703125 1044.38781738281
0.4609375 1062.31689453125
0.46484375 1080.39855957031
0.46875 1098.6328125
0.47265625 1117.01965332031
0.4765625 1135.55908203125
0.48046875 1154.25109863281
0.484375 1173.095703125
0.48828125 1192.09289550781
0.4921875 1211.24267578125
0.49609375 1230.54504394531
0.5 1250
0.50390625 1269.60754394531
0.5078125 1289.36767578125
0.51171875 1309.28039550781
0.515625 1329.345703125
0.51953125 1349.56359863281
0.5234375 1369.93408203125
0.52734375 1390.45715332031
0.53125 1411.1328125
0.53515625 1431.96105957031
0.5390625 1452.94189453125
0.54296875 1474.07531738281
0.546875 1495.361328125
0.55078125 1516.79992675781
0.5546875 1538.39111328125
0.55859375 1560.13488769531
0.5625 1582.03125
0.56640625 1604.08020019531
0.5703125 1626.28173828125
0.57421875 1648.63586425781
0.578125 1671.142578125
0.58203125 1693.80187988281
0.5859375 1716.61376953125
0.58984375 1739.57824707031
0.59375 1762.6953125
0.59765625 1785.96496582031
0.6015625 1809.38720703125
0.60546875 1832.96203613281
0.609375 1856.689453125
0.61328125 1880.56945800781
0.6171875 1904.60205078125
0.62109375 1928.78723144531
0.625 1953.125
0.62890625 1977.61535644531
0.6328125 2002.25830078125
0.63671875 2027.05383300781
0.640625 2052.001953125
0.64453125 2077.10266113281
0.6484375 2102.35595703125
0.65234375 2127.76184082031
0.65625 2153.3203125
0.66015625 2179.03137207031
0.6640625 2204.89501953125
0.66796875 2230.91125488281
0.671875 2257.080078125
0.67578125 2283.40148925781
0.6796875 2309.87548828125
0.68359375 2336.50207519531
0.6875 2363.28125
0.69140625 2390.21301269531
0.6953125 2417.29736328125
0.69921875 2444.53430175781
0.703125 2471.923828125
0.70703125 2499.46594238281
0.7109375 2527.16064453125
0.71484375 2555.00793457031
0.71875 2583.0078125
0.72265625 2611.16027832031
0.7265625 2639.46533203125
0.73046875 2667.92297363281
0.734375 2696.533203125
0.73828125 2725.29602050781
0.7421875 2754.21142578125
0.74609375 2783.27941894531
0.75 2812.5
0.75390625 2841.87316894531
0.7578125 2871.39892578125
0.76171875 2901.07727050781
0.765625 2930.908203125
0.76953125 2960.89172363281
0.7734375 2991.02783203125
0.77734375 3021.31652832031
0.78125 3051.7578125
0.78515625 3082.35168457031
0.7890625 3113.09814453125
0.79296875 3143.99719238281
0.796875 3175.048828125
0.80078125 3206.25305175781
0.8046875 3237.60986328125
0.80859375 3269.11926269531
0.8125 3300.78125
0.81640625 3332.59582519531
0.8203125 3364.56298828125
0.82421875 3396.68273925781
0.828125 3428.955078125
0.83203125 3461.38000488281
0.8359375 3493.95751953125
0.83984375 3526.68762207031
0.84375 3559.5703125
0.84765625 3592.60559082031
0.8515625 3625.79345703125
0.85546875 3659.13391113281
0.859375 3692.626953125
0.86328125 3726.27258300781
0.8671875 3760.07080078125
0.87109375 3794.02160644531
0.875 3828.125
0.87890625 3862.38098144531
0.8828125 3896.78955078125
0.88671875 3931.35070800781
0.890625 3966.064453125
0.89453125 4000.93078613281
0.8984375 4035.94970703125
0.90234375 4071.12121582031
0.90625 4106.4453125
0.91015625 4141.92199707031
0.9140625 4177.55126953125
0.91796875 4213.33312988281
0.921875 4249.267578125
0.92578125 4285.35461425781
0.9296875 4321.59423828125
0.93359375 4357.98645019531
0.9375 4394.53125
0.94140625 4431.22863769531
0.9453125 4468.07861328125
0.94921875 4505.08117675781
0.953125 4542.236328125
0.95703125 4579.54406738281
0.9609375 4617.00439453125
0.96484375 4654.61730957031
0.96875 4692.3828125
0.97265625 4730.30090332031
0.9765625 4768.37158203125
0.98046875 4806.59484863281
0.984375 4844.970703125
0.98828125 4883.49914550781
0.9921875 4922.18017578125
0.99609375 4961.01379394531
1 5000
