-1 5000
-0.99609375 4922.18017578125
-0.9921875 4844.970703125
-0.98828125 4768.37158203125
-0.984375 4692.3828125
-0.98046875 4617.00439453125
-0.9765625 4542.236328125
-0.97265625 4468.07861328125
-0.96875 4394.53125
-0.96484375 4321.59423828125
-0.9609375 4249.267578125
-0.95703125 4177.55126953125
-0.953125 4106.4453125
-0.94921875 4035.94970703125
-0.9453125 3966.064453125
-0.94140625 3896.78955078125
-0.9375 3828.125
-0.93359375 3760.07080078125
-0.9296875 3692.626953125
-0.92578125 3625.79345703125
-0.921875 3559.5703125
-0.91796875 3493.95751953125
-0.9140625 3428.955078125
-0.91015625 3364.56298828125
-0.90625 3300.78125
-0.90234375 3237.60986328125
-0.8984375 3175.048828125
-0.89453125 3113.09814453125
-0.890625 3051.7578125
-0.88671875 2991.02783203125
-0.8828125 2930.908203125
-0.87890625 2871.39892578125
-0.875 2812.5
-0.87109375 2754.21142578125
-0.8671875 2696.533203125
-0.86328125 2639.46533203125
-0.859375 2583.0078125
-0.85546875 2527.16064453125
-0.8515625 2471.923828125
-0.84765625 2417.29736328125
-0.84375 2363.28125
-0.83984375 2309.87548828125
-0.8359375 2257.080078125
-0.83203125 2204.89501953125
-0.828125 2153.3203125
-0.82421875 2102.35595703125
-0.8203125 2052.001953125
-0.81640625 2002.25830078125
-0.8125 1953.125
-0.80859375 1904.60205078125
-0.8046875 1856.689453125
-0.80078125 1809.38720703125
-0.796875 1762.6953125
-0.79296875 1716.61376953125
-0.7890625 1671.142578125
-0.78515625 1626.28173828125
-0.78125 1582.03125
-0.77734375 1538.39111328125
-0.7734375 1495.361328125
-0.76953125 1452.94189453125
-0.765625 1411.1328125
-0.76171875 1369.93408203125
-0.7578125 1329.345703125
-0.75390625 1289.36767578125
-0.75 1250
-0.74609375 1211.24267578125
-0.7421875 1173.095703125
-0.73828125 1135.55908203125
-0.734375 1098.6328125
-0.73046875 1062.31689453125
-0.7265625 1026.611328125
-0.72265625 991.51611328125
-0.71875 957.03125
-0.71484375 923.15673828125
-0.7109375 889.892578125
-0.70703125 857.23876953125
-0.703125 825.1953125
-0.69921875 793.76220703125
-0.6953125 762.939453125
-0.69140625 732.72705078125
-0.6875 703.125
-0.68359375 674.13330078125
-0.6796875 645.751953125
-0.67578125 617.98095703125
-0.671875 590.8203125
-0.66796875 564.27001953125
-0.6640625 538.330078125
-0.66015625 513.00048828125
-0.65625 488.28125
-0.65234375 464.17236328125
-0.6484375 440.673828125
-0.64453125 417.78564453125
-0.640625 395.5078125
-0.63671875 373.84033203125
-0.6328125 352.783203125
-0.62890625 332.33642578125
-0.625 312.5
-0.62109375 293.27392578125
-0.6171875 274.658203125
-0.61328125 256.65283203125
-0.609375 239.2578125
-0.60546875 222.47314453125
-0.6015625 206.298828125
-0.59765625 190.73486328125
-0.59375 175.78125
-0.58984375 161.43798828125
-0.5859375 147.705078125
-0.58203125 134.58251953125
-0.578125 122.0703125
-0.57421875 110.16845703125
-0.5703125 98.876953125
-0.56640625 88.19580078125
-0.5625 78.125
-0.55859375 68.66455078125
-0.5546875 59.814453125
-0.55078125 51.57470703125
-0.546875 43.9453125
-0.54296875 36.92626953125
-0.5390625 30.517578125
-0.53515625 24.71923828125
-0.53125 19.53125
-0.52734375 14.95361328125
-0.5234375 10.986328125
-0.51953125 7.62939453125
-0.515625 4.8828125
-0.51171875 2.74658203125
-0.5078125 1.220703125
-0.50390625 0.30517578125
-0.5 0
-0.49609375 0.075295325948945
-0.4921875 0.301135948706902
-0.48828125 0.677385830327446
-0.484375 1.20381833195078
-0.48046875 1.8801163503225
-0.4765625 2.70587250880476
-0.47265625 3.68058940276469
-0.46875 4.80367989919239
-0.46484375 6.07446749036786
-0.4609375 7.492186701364
-0.45703125 9.05598355114003
-0.453125 10.7649160669478
-0.44921875 12.6179548517408
-0.4453125 14.6139837042448
-0.44140625 16.7518002913153
-0.4375 19.0301168721783
-0.43359375 21.4475610741173
-0.4296875 24.0026767191392
-0.42578125 26.6939247011212
-0.421875 29.5196839129112
-0.41796875 32.4782522228221
-0.4140625 35.567847499932
-0.41015625 38.7866086875732
-0.40625 42.1325969243637
-0.40234375 45.6037967121041
-0.3984375 49.1981171298388
-0.39453125 52.9133930933484
-0.390625 56.7473866593158
-0.38671875 60.6977883733789
-0.3828125 64.7622186612602
-0.37890625 68.9382292621333
-0.375 73.2233047033631
-0.37109375 77.6148638157333
-0.3671875 82.1102612882454
-0.36328125 86.7067892615558
-0.359375 91.4016789590886
-0.35546875 96.1921023548433
-0.3515625 101.075173876892
-0.34765625 106.047952145539
-0.34375 111.107441745099
-0.33984375 116.250595028226
-0.3359375 121.474313951695
-0.33203125 126.775451942554
-0.328125 132.150815793501
-0.32421875 137.597167586348
-0.3203125 143.111226642429
-0.31640625 148.689671498753
-0.3125 154.329141908728
-0.30859375 160.026240866253
-0.3046875 165.777536651945
-0.30078125 171.579564900277
-0.296875 177.428830686384
-0.29296875 183.321810631275
-0.2890625 189.254955024184
-0.28515625 195.224689960783
-0.28125 201.227419495968
-0.27734375 207.259527809925
-0.2734375 213.31738138616
-0.26953125 219.397331200196
-0.265625 225.49571491761
-0.26171875 231.608859100083
-0.2578125 237.733081418145
-0.25390625 243.864692869272
-0.25 250
-0.24609375 256.135307130728
-0.2421875 262.266918581854
-0.23828125 268.391140899917
-0.234375 274.50428508239
-0.23046875 280.602668799804
-0.2265625 286.68261861384
-0.22265625 292.740472190075
-0.21875 298.772580504032
-0.21484375 304.775310039217
-0.2109375 310.745044975816
-0.20703125 316.678189368725
-0.203125 322.571169313616
-0.19921875 328.420435099723
-0.1953125 334.222463348055
-0.19140625 339.973759133747
-0.1875 345.670858091272
-0.18359375 351.310328501247
-0.1796875 356.88877335757
-0.17578125 362.402832413652
-0.171875 367.8491842065
-0.16796875 373.224548057446
-0.1640625 378.525686048305
-0.16015625 383.749404971774
-0.15625 388.892558254901
-0.15234375 393.952047854461
-0.1484375 398.924826123108
-0.14453125 403.807897645157
-0.140625 408.598321040911
-0.13671875 413.293210738444
-0.1328125 417.889738711755
-0.12890625 422.385136184267
-0.125 426.776695296637
-0.12109375 431.061770737867
-0.1171875 435.23778133874
-0.11328125 439.302211626621
-0.109375 443.252613340684
-0.10546875 447.086606906652
-0.1015625 450.801882870161
-0.09765625 454.396203287896
-0.09375 457.867403075636
-0.08984375 461.213391312427
-0.0859375 464.432152500068
-0.08203125 467.521747777178
-0.078125 470.480316087089
-0.07421875 473.306075298879
-0.0703125 475.997323280861
-0.06640625 478.552438925883
-0.0625 480.969883127822
-0.05859375 483.248199708685
-0.0546875 485.386016295755
-0.05078125 487.382045148259
-0.046875 489.235083933052
-0.04296875 490.94401644886
-0.0390625 492.507813298636
-0.03515625 493.925532509632
-0.03125 495.196320100808
-0.02734375 496.319410597235
-0.0234375 497.294127491195
-0.01953125 498.119883649677
-0.015625 498.796181668049
-0.01171875 499.322614169673
-0.0078125 499.698864051293
-0.00390625 499.924704674051
0 500
0.00390625 499.924704674051
0.0078125 499.698864051293
0.01171875 499.322614169673
0.015625 498.796181668049
0.01953125 498.119883649677
0.0234375 497.294127491195
0.02734375 496.319410597235
0.03125 495.196320100808
0.03515625 493.925532509632
0.0390625 492.507813298636
0.04296875 490.94401644886
0.046875 489.235083933052
0.05078125 487.382045148259
0.0546875 485.386016295755
0.05859375 483.248199708685
0.0625 480.969883127822
0.06640625 478.552438925883
0.0703125 475.997323280861
0.07421875 473.306075298879
0.078125 470.480316087089
0.08203125 467.521747777178
0.0859375 464.432152500068
0.08984375 461.213391312427
0.09375 457.867403075636
0.09765625 454.396203287896
0.1015625 450.801882870161
0.10546875 447.086606906652
0.109375 443.252613340684
0.11328125 439.302211626621
0.1171875 435.23778133874
0.12109375 431.061770737867
0.125 426.776695296637
0.12890625 422.385136184267
0.1328125 417.889738711755
0.13671875 413.293210738444
0.140625 408.598321040911
0.14453125 403.807897645157
0.1484375 398.924826123108
0.15234375 393.952047854461
0.15625 388.892558254901
0.16015625 383.749404971774
0.1640625 378.525686048305
0.16796875 373.224548057446
0.171875 367.8491842065
0.17578125 362.402832413652
0.1796875 356.888773357571
0.18359375 351.310328501248
0.1875 345.670858091273
0.19140625 339.973759133747
0.1953125 334.222463348055
0.19921875 328.420435099723
0.203125 322.571169313616
0.20703125 316.678189368725
0.2109375 310.745044975816
0.21484375 304.775310039218
0.21875 298.772580504032
0.22265625 292.740472190075
0.2265625 286.682618613841
0.23046875 280.602668799804
0.234375 274.50428508239
0.23828125 268.391140899917
0.2421875 262.266918581854
0.24609375 256.135307130728
0.25 250
0.25390625 243.864692869272
0.2578125 237.733081418146
0.26171875 231.608859100083
0.265625 225.49571491761
0.26953125 219.397331200196
0.2734375 213.31738138616
0.27734375 207.259527809925
0.28125 201.227419495968
0.28515625 195.224689960783
0.2890625 189.254955024184
0.29296875 183.321810631275
0.296875 177.428830686384
0.30078125 171.579564900277
0.3046875 165.777536651945
0.30859375 160.026240866253
0.3125 154.329141908728
0.31640625 148.689671498753
0.3203125 143.111226642429
0.32421875 137.597167586348
0.328125 132.150815793501
0.33203125 126.775451942554
0.3359375 121.474313951695
0.33984375 116.250595028226
0.34375 111.1074417451
0.34765625 106.047952145539
0.3515625 101.075173876892
0.35546875 96.1921023548433
0.359375 91.4016789590886
0.36328125 86.7067892615558
0.3671875 82.1102612882454
0.37109375 77.6148638157333
0.375 73.2233047033632
0.37890625 68.9382292621333
0.3828125 64.7622186612603
0.38671875 60.6977883733789
0.390625 56.7473866593159
0.39453125 52.9133930933485
0.3984375 49.1981171298387
0.40234375 45.6037967121041
0.40625 42.1325969243637
0.41015625 38.7866086875732
0.4140625 35.567847499932
0.41796875 32.4782522228222
0.421875 29.5196839129113
0.42578125 26.6939247011212
0.4296875 24.0026767191392
0.43359375 21.4475610741174
0.4375 19.0301168721784
0.44140625 16.7518002913153
0.4453125 14.6139837042448
0.44921875 12.6179548517408
0.453125 10.7649160669478
0.45703125 9.05598355114005
0.4609375 7.49218670136402
0.46484375 6.07446749036788
0.46875 4.80367989919241
0.47265625 3.68058940276471
0.4765625 2.70587250880478
0.48046875 1.88011635032249
0.484375 1.20381833195078
0.48828125 0.677385830327446
0.4921875 0.301135948706903
0.49609375 0.075295325948946
0.5 0
0.50390625 0.30517578125
0.5078125 1.220703125
0.51171875 2.74658203125
0.515625 4.8828125
0.51953125 7.62939453125
0.5234375 10.986328125
0.52734375 14.95361328125
0.53125 19.53125
0.53515625 24.71923828125
0.5390625 30.517578125
0.54296875 36.92626953125
0.546875 43.9453125
0.55078125 51.57470703125
0.5546875 59.814453125
0.55859375 68.66455078125
0.5625 78.125
0.56640625 88.19580078125
0.5703125 98.876953125
0.57421875 110.16845703125
0.578125 122.0703125
0.58203125 134.58251953125
0.5859375 147.705078125
0.58984375 161.43798828125
0.59375 175.78125
0.59765625 190.73486328125
0.6015625 206.298828125
0.60546875 222.47314453125
0.609375 239.2578125
0.61328125 256.65283203125
0.6171875 274.658203125
0.62109375 293.27392578125
0.625 312.5
0.62890625 332.33642578125
0.6328125 352.783203125
0.63671875 373.84033203125
0.640625 395.5078125
0.64453125 417.78564453125
0.6484375 440.673828125
0.65234375 464.17236328125
0.65625 488.28125
0.66015625 513.00048828125
0.6640625 538.330078125
0.66796875 564.27001953125
0.671875 590.8203125
0.67578125 617.98095703125
0.6796875 645.751953125
0.68359375 674.13330078125
0.6875 703.125
0.69140625 732.72705078125
0.6953125 762.939453125
0.69921875 793.76220703125
0.703125 825.1953125
0.70703125 857.23876953125
0.7109375 889.892578125
0.71484375 923.15673828125
0.71875 957.03125
0.72265625 991.51611328125
0.7265625 1026.611328125
0.73046875 1062.31689453125
0.734375 1098.6328125
0.73828125 1135.55908203125
0.7421875 1173.095703125
0.74609375 1211.24267578125
0.75 1250
0.75390625 1289.36767578125
0.7578125 1329.345703125
0.76171875 1369.93408203125
0.765625 1411.1328125
0.76953125 1452.94189453125
0.7734375 1495.361328125
0.77734375 1538.39111328125
0.78125 1582.03125
0.78515625 1626.28173828125
0.7890625 1671.142578125
0.79296875 1716.61376953125
0.796875 1762.6953125
0.80078125 1809.38720703125
0.8046875 1856.689453125
0.80859375 1904.60205078125
0.8125 1953.125
0.81640625 2002.25830078125
0.8203125 2052.001953125
0.82421875 2102.35595703125
0.828125 2153.3203125
0.83203125 2204.89501953125
0.8359375 2257.080078125
0.83984375 2309.87548828125
0.84375 2363.28125
0.84765625 2417.29736328125
0.8515625 2471.923828125
0.85546875 2527.16064453125
0.859375 2583.0078125
0.86328125 2639.46533203125
0.8671875 2696.533203125
0.87109375 2754.21142578125
0.875 2812.5
0.87890625 2871.39892578125
0.8828125 2930.908203125
0.88671875 2991.02783203125
0.890625 3051.7578125
0.89453125 3113.09814453125
0.8984375 3175.048828125
0.90234375 3237.60986328125
0.90625 3300.78125
0.91015625 3364.56298828125
0.9140625 3428.955078125
0.91796875 3493.95751953125
0.921875 3559.5703125
0.92578125 3625.79345703125
0.9296875 3692.626953125
0.93359375 3760.07080078125
0.9375 3828.125
0.94140625 3896.78955078125
0.9453125 3966.064453125
0.94921875 4035.94970703125
0.953125 4106.4453125
0.95703125 4177.55126953125
0.9609375 4249.267578125
0.96484375 4321.59423828125
0.96875 4394.53125
0.97265625 4468.07861328125
0.9765625 4542.236328125
0.98046875 4617.00439453125
0.984375 4692.3828125
0.98828125 4768.37158203125
0.9921875 4844.970703125
0.99609375 4922.18017578125
1 5000
