-1 5000
-0.99609375 4922.18017578125
-0.9921875 4844.970703125
-0.98828125 4768.37158203125
-0.984375 4692.3828125
-0.98046875 4617.00439453125
-0.9765625 4542.236328125
-0.97265625 4468.07861328125
-0.96875 4394.53125
-0.96484375 4321.59423828125
-0.9609375 4249.267578125
-0.95703125 4177.55126953125
-0.953125 4106.4453125
-0.94921875 4035.94970703125
-0.9453125 3966.064453125
-0.94140625 3896.78955078125
-0.9375 3828.125
-0.93359375 3760.07080078125
-0.9296875 3692.626953125
-0.92578125 3625.79345703125
-0.921875 3559.5703125
-0.91796875 3493.95751953125
-0.9140625 3428.955078125
-0.91015625 3364.56298828125
-0.90625 3300.78125
-0.90234375 3237.60986328125
-0.8984375 3175.048828125
-0.89453125 3113.09814453125
-0.890625 3051.7578125
-0.88671875 2991.02783203125
-0.8828125 2930.908203125
-0.87890625 2871.39892578125
-0.875 2812.5
-0.87109375 2754.21142578125
-0.8671875 2696.533203125
-0.86328125 2639.46533203125
-0.859375 2583.0078125
-0.85546875 2527.16064453125
-0.8515625 2471.923828125
-0.84765625 2417.29736328125
-0.84375 2363.28125
-0.83984375 2309.87548828125
-0.8359375 2257.080078125
-0.83203125 2204.89501953125
-0.828125 2153.3203125
-0.82421875 2102.35595703125
-0.8203125 2052.001953125
-0.81640625 2002.25830078125
-0.8125 1953.125
-0.80859375 1904.60205078125
-0.8046875 1856.689453125
-0.80078125 1809.38720703125
-0.796875 1762.6953125
-0.79296875 1716.61376953125
-0.7890625 1671.142578125
-0.78515625 1626.28173828125
-0.78125 1582.03125
-0.77734375 1538.39111328125
-0.7734375 1495.361328125
-0.76953125 1452.94189453125
-0.765625 1411.1328125
-0.76171875 1369.93408203125
-0.7578125 1329.345703125
-0.75390625 1289.36767578125
-0.75 1250
-0.74609375 1211.24267578125
-0.7421875 1173.095703125
-0.73828125 1135.55908203125
-0.734375 1098.6328125
-0.73046875 1062.31689453125
-0.7265625 1026.611328125
-0.72265625 991.51611328125
-0.71875 957.03125
-0.71484375 923.15673828125
-0.7109375 889.892578125
-0.70703125 857.23876953125
-0.703125 825.1953125
-0.69921875 793.76220703125
-0.6953125 762.939453125
-0.69140625 732.72705078125
-0.6875 703.125
-0.68359375 674.13330078125
-0.6796875 645.751953125
-0.67578125 617.98095703125
-0.671875 590.8203125
-0.66796875 564.27001953125
-0.6640625 538.330078125
-0.66015625 513.00048828125
-0.65625 488.28125
-0.65234375 464.17236328125
-0.6484375 440.673828125
-0.64453125 417.78564453125
-0.640625 395.5078125
-0.63671875 373.84033203125
-0.6328125 352.783203125
-0.62890625 332.33642578125
-0.625 312.5
-0.62109375 293.27392578125
-0.6171875 274.658203125
-0.61328125 256.65283203125
-0.609375 239.2578125
-0.60546875 222.47314453125
-0.6015625 206.298828125
-0.59765625 190.73486328125
-0.59375 175.78125
-0.58984375 161.43798828125
-0.5859375 147.705078125
-0.58203125 134.58251953125
-0.578125 122.0703125
-0.57421875 110.16845703125
-0.5703125 98.876953125
-0.56640625 88.19580078125
-0.5625 78.125
-0.55859375 68.66455078125
-0.5546875 59.814453125
-0.55078125 51.57470703125
-0.546875 43.9453125
-0.54296875 36.92626953125
-0.5390625 30.517578125
-0.53515625 24.71923828125
-0.53125 19.53125
-0.52734375 14.95361328125
-0.5234375 10.986328125
-0.51953125 7.62939453125
-0.515625 4.8828125
-0.51171875 2.74658203125
-0.5078125 1.220703125
-0.50390625 0.30517578125
-0.5 0
-0.49609375 0.45177195569367
-0.4921875 1.80681569224141
-0.48828125 4.06431498196468
-0.484375 7.22290999170467
-0.48046875 11.280698101935
-0.4765625 16.2352350528285
-0.47265625 22.0835364165881
-0.46875 28.8220793951543
-0.46484375 36.4468049422072
-0.4609375 44.953120208184
-0.45703125 54.3359013068402
-0.453125 64.5894964016867
-0.44921875 75.707729110445
-0.4453125 87.6839022254688
-0.44140625 100.510801747892
-0.4375 114.18070123307
-0.43359375 128.685366444704
-0.4296875 144.016060314835
-0.42578125 160.163548206727
-0.421875 177.118103477467
-0.41796875 194.869513336933
-0.4140625 213.407084999592
-0.41015625 232.719652125439
-0.40625 252.795581546182
-0.40234375 273.622780272624
-0.3984375 295.188702779033
-0.39453125 317.480358560091
-0.390625 340.484319955895
-0.38671875 364.186730240273
-0.3828125 388.573311967561
-0.37890625 413.6293755728
-0.375 439.339828220179
-0.37109375 465.6891828944
-0.3671875 492.661567729472
-0.36328125 520.240735569335
-0.359375 548.410073754532
-0.35546875 577.15261412906
-0.3515625 606.45104326135
-0.34765625 636.287712873232
-0.34375 666.644650470597
-0.33984375 697.503570169354
-0.3359375 728.845883710167
-0.33203125 760.652711655324
-0.328125 792.904894761003
-0.32421875 825.58300551809
-0.3203125 858.667359854577
-0.31640625 892.138028992515
-0.3125 925.974851452365
-0.30859375 960.157445197518
-0.3046875 994.66521991167
-0.30078125 1029.47738940166
-0.296875 1064.57298411831
-0.29296875 1099.93086378765
-0.2890625 1135.5297301451
-0.28515625 1171.3481397647
-0.28125 1207.36451697581
-0.27734375 1243.55716685955
-0.2734375 1279.90428831696
-0.26953125 1316.38398720118
-0.265625 1352.97428950566
-0.26171875 1389.6531546005
-0.2578125 1426.39848850887
-0.25390625 1463.18815721563
-0.25 1500
-0.24609375 1536.81184278437
-0.2421875 1573.60151149113
-0.23828125 1610.3468453995
-0.234375 1647.02571049434
-0.23046875 1683.61601279882
-0.2265625 1720.09571168304
-0.22265625 1756.44283314045
-0.21875 1792.63548302419
-0.21484375 1828.6518602353
-0.2109375 1864.4702698549
-0.20703125 1900.06913621235
-0.203125 1935.42701588169
-0.19921875 1970.52261059834
-0.1953125 2005.33478008833
-0.19140625 2039.84255480248
-0.1875 2074.02514854763
-0.18359375 2107.86197100748
-0.1796875 2141.33264014542
-0.17578125 2174.41699448191
-0.171875 2207.095105239
-0.16796875 2239.34728834468
-0.1640625 2271.15411628983
-0.16015625 2302.49642983065
-0.15625 2333.3553495294
-0.15234375 2363.71228712677
-0.1484375 2393.54895673865
-0.14453125 2422.84738587094
-0.140625 2451.58992624547
-0.13671875 2479.75926443066
-0.1328125 2507.33843227053
-0.12890625 2534.3108171056
-0.125 2560.66017177982
-0.12109375 2586.3706244272
-0.1171875 2611.42668803244
-0.11328125 2635.81326975973
-0.109375 2659.51568004411
-0.10546875 2682.51964143991
-0.1015625 2704.81129722097
-0.09765625 2726.37721972737
-0.09375 2747.20441845382
-0.08984375 2767.28034787456
-0.0859375 2786.59291500041
-0.08203125 2805.13048666307
-0.078125 2822.88189652253
-0.07421875 2839.83645179327
-0.0703125 2855.98393968517
-0.06640625 2871.3146335553
-0.0625 2885.81929876693
-0.05859375 2899.48919825211
-0.0546875 2912.31609777453
-0.05078125 2924.29227088956
-0.046875 2935.41050359831
-0.04296875 2945.66409869316
-0.0390625 2955.04687979182
-0.03515625 2963.55319505779
-0.03125 2971.17792060485
-0.02734375 2977.91646358341
-0.0234375 2983.76476494717
-0.01953125 2988.71930189806
-0.015625 2992.7770900083
-0.01171875 2995.93568501804
-0.0078125 2998.19318430776
-0.00390625 2999.54822804431
0 3000
0.00390625 2999.54822804431
0.0078125 2998.19318430776
0.01171875 2995.93568501804
0.015625 2992.7770900083
0.01953125 2988.71930189806
0.0234375 2983.76476494717
0.02734375 2977.91646358341
0.03125 2971.17792060485
0.03515625 2963.55319505779
0.0390625 2955.04687979182
0.04296875 2945.66409869316
0.046875 2935.41050359831
0.05078125 2924.29227088956
0.0546875 2912.31609777453
0.05859375 2899.48919825211
0.0625 2885.81929876693
0.06640625 2871.3146335553
0.0703125 2855.98393968517
0.07421875 2839.83645179327
0.078125 2822.88189652253
0.08203125 2805.13048666307
0.0859375 2786.59291500041
0.08984375 2767.28034787456
0.09375 2747.20441845382
0.09765625 2726.37721972738
0.1015625 2704.81129722097
0.10546875 2682.51964143991
0.109375 2659.51568004411
0.11328125 2635.81326975973
0.1171875 2611.42668803244
0.12109375 2586.3706244272
0.125 2560.66017177982
0.12890625 2534.3108171056
0.1328125 2507.33843227053
0.13671875 2479.75926443067
0.140625 2451.58992624547
0.14453125 2422.84738587094
0.1484375 2393.54895673865
0.15234375 2363.71228712677
0.15625 2333.3553495294
0.16015625 2302.49642983065
0.1640625 2271.15411628983
0.16796875 2239.34728834468
0.171875 2207.095105239
0.17578125 2174.41699448191
0.1796875 2141.33264014542
0.18359375 2107.86197100749
0.1875 2074.02514854764
0.19140625 2039.84255480248
0.1953125 2005.33478008833
0.19921875 1970.52261059834
0.203125 1935.42701588169
0.20703125 1900.06913621235
0.2109375 1864.4702698549
0.21484375 1828.65186023531
0.21875 1792.63548302419
0.22265625 1756.44283314045
0.2265625 1720.09571168304
0.23046875 1683.61601279882
0.234375 1647.02571049434
0.23828125 1610.3468453995
0.2421875 1573.60151149113
0.24609375 1536.81184278437
0.25 1500
0.25390625 1463.18815721563
0.2578125 1426.39848850887
0.26171875 1389.6531546005
0.265625 1352.97428950566
0.26953125 1316.38398720118
0.2734375 1279.90428831696
0.27734375 1243.55716685955
0.28125 1207.36451697581
0.28515625 1171.3481397647
0.2890625 1135.5297301451
0.29296875 1099.93086378765
0.296875 1064.57298411831
0.30078125 1029.47738940166
0.3046875 994.665219911671
0.30859375 960.157445197519
0.3125 925.974851452365
0.31640625 892.138028992515
0.3203125 858.667359854577
0.32421875 825.58300551809
0.328125 792.904894761004
0.33203125 760.652711655324
0.3359375 728.845883710168
0.33984375 697.503570169355
0.34375 666.644650470597
0.34765625 636.287712873233
0.3515625 606.451043261351
0.35546875 577.15261412906
0.359375 548.410073754532
0.36328125 520.240735569335
0.3671875 492.661567729472
0.37109375 465.6891828944
0.375 439.339828220179
0.37890625 413.6293755728
0.3828125 388.573311967562
0.38671875 364.186730240274
0.390625 340.484319955895
0.39453125 317.480358560091
0.3984375 295.188702779032
0.40234375 273.622780272624
0.40625 252.795581546182
0.41015625 232.719652125439
0.4140625 213.407084999592
0.41796875 194.869513336933
0.421875 177.118103477468
0.42578125 160.163548206727
0.4296875 144.016060314835
0.43359375 128.685366444704
0.4375 114.18070123307
0.44140625 100.510801747892
0.4453125 87.6839022254688
0.44921875 75.707729110445
0.453125 64.5894964016868
0.45703125 54.3359013068403
0.4609375 44.9531202081841
0.46484375 36.4468049422073
0.46875 28.8220793951545
0.47265625 22.0835364165883
0.4765625 16.2352350528287
0.48046875 11.280698101935
0.484375 7.22290999170466
0.48828125 4.06431498196468
0.4921875 1.80681569224142
0.49609375 0.451771955693676
0.5 0
0.50390625 0.30517578125
0.5078125 1.220703125
0.51171875 2.74658203125
0.515625 4.8828125
0.51953125 7.62939453125
0.5234375 10.986328125
0.52734375 14.95361328125
0.53125 19.53125
0.53515625 24.71923828125
0.5390625 30.517578125
0.54296875 36.92626953125
0.546875 43.9453125
0.55078125 51.57470703125
0.5546875 59.814453125
0.55859375 68.66455078125
0.5625 78.125
0.56640625 88.19580078125
0.5703125 98.876953125
0.57421875 110.16845703125
0.578125 122.0703125
0.58203125 134.58251953125
0.5859375 147.705078125
0.58984375 161.43798828125
0.59375 175.78125
0.59765625 190.73486328125
0.6015625 206.298828125
0.60546875 222.47314453125
0.609375 239.2578125
0.61328125 256.65283203125
0.6171875 274.658203125
0.62109375 293.27392578125
0.625 312.5
0.62890625 332.33642578125
0.6328125 352.783203125
0.63671875 373.84033203125
0.640625 395.5078125
0.64453125 417.78564453125
0.6484375 440.673828125
0.65234375 464.17236328125
0.65625 488.28125
0.66015625 513.00048828125
0.6640625 538.330078125
0.66796875 564.27001953125
0.671875 590.8203125
0.67578125 617.98095703125
0.6796875 645.751953125
0.68359375 674.13330078125
0.6875 703.125
0.69140625 732.72705078125
0.6953125 762.939453125
0.69921875 793.76220703125
0.703125 825.1953125
0.70703125 857.23876953125
0.7109375 889.892578125
0.71484375 923.15673828125
0.71875 957.03125
0.72265625 991.51611328125
0.7265625 1026.611328125
0.73046875 1062.31689453125
0.734375 1098.6328125
0.73828125 1135.55908203125
0.7421875 1173.095703125
0.74609375 1211.24267578125
0.75 1250
0.75390625 1289.36767578125
0.7578125 1329.345703125
0.76171875 1369.93408203125
0.765625 1411.1328125
0.76953125 1452.94189453125
0.7734375 1495.361328125
0.77734375 1538.39111328125
0.78125 1582.03125
0.78515625 1626.28173828125
0.7890625 1671.142578125
0.79296875 1716.61376953125
0.796875 1762.6953125
0.80078125 1809.38720703125
0.8046875 1856.689453125
0.80859375 1904.60205078125
0.8125 1953.125
0.81640625 2002.25830078125
0.8203125 2052.001953125
0.82421875 2102.35595703125
0.828125 2153.3203125
0.83203125 2204.89501953125
0.8359375 2257.080078125
0.83984375 2309.87548828125
0.84375 2363.28125
0.84765625 2417.29736328125
0.8515625 2471.923828125
0.85546875 2527.16064453125
0.859375 2583.0078125
0.86328125 2639.46533203125
0.8671875 2696.533203125
0.87109375 2754.21142578125
0.875 2812.5
0.87890625 2871.39892578125
0.8828125 2930.908203125
0.88671875 2991.02783203125
0.890625 3051.7578125
0.89453125 3113.09814453125
0.8984375 3175.048828125
0.90234375 3237.60986328125
0.90625 3300.78125
0.91015625 3364.56298828125
0.9140625 3428.955078125
0.91796875 3493.95751953125
0.921875 3559.5703125
0.92578125 3625.79345703125
0.9296875 3692.626953125
0.93359375 3760.07080078125
0.9375 3828.125
0.94140625 3896.78955078125
0.9453125 3966.064453125
0.94921875 4035.94970703125
0.953125 4106.4453125
0.95703125 4177.55126953125
0.9609375 4249.267578125
0.96484375 4321.59423828125
0.96875 4394.53125
0.97265625 4468.07861328125
0.9765625 4542.236328125
0.98046875 4617.00439453125
0.984375 4692.3828125
0.98828125 4768.37158203125
0.9921875 4844.970703125
0.99609375 4922.18017578125
1 5000
