0 1e-06 0 -0.001999999999999 -0
0.0314159265358979 9.75325988997281e-07 -1.55141740386946e-06 -0.001999999999999 0
0.0628318530717959 9.02521569627047e-07 -3.02627542755317e-06 -0.001999999999999 0
0.0942477796076938 7.85179495978474e-07 -4.3517927448435e-06 -0.00199999999999901 0
0.125663706143592 6.29090367284133e-07 -5.46255769799822e-06 -0.00199999999999901 0
0.15707963267949 4.41956873301642e-07 -6.30375623366615e-06 -0.00199999999999901 0
0.188495559215388 2.33013681810004e-07 -6.83387686799818e-06 -0.00199999999999901 0
0.219911485751285 1.25717260208358e-08 -7.02675919626573e-06 -0.00199999999999901 0
0.251327412287183 -2.08490619580655e-07 -6.87288485708899e-06 -0.00199999999999901 0
0.282743338823081 -4.1926436549915e-07 -6.37984724474373e-06 -0.00199999999999901 0
0.314159265358979 -6.09348244282895e-07 -5.5719767901735e-06 -0.00199999999999901 0
0.345575191894877 -7.69361992498788e-07 -4.48914030234799e-06 -0.00199999999999901 0
0.376991118430775 -8.91409248178701e-07 -3.18477362009674e-06 -0.001999999999999 0
0.408407044966673 -9.69467220663638e-07 -1.72324465915865e-06 -0.001999999999999 0
0.439822971502571 -9.99683903409714e-07 -1.76676982859669e-07 -0.001999999999999 0
0.471238898038469 -9.80568162891845e-07 1.37860935307732e-06 -0.001999999999999 -0
0.502654824574367 -9.13063323093756e-07 2.86586404432177e-06 -0.001999999999999 -0
0.534070751110265 -8.00500614335277e-07 4.21169401364247e-06 -0.001999999999999 -0
0.565486677646163 -6.4843478364521e-07 5.34968521409779e-06 -0.00199999999999901 -0
0.596902604182061 -4.64369978982725e-07 6.22368003088565e-06 -0.00199999999999901 -0
0.628318530717959 -2.57389434378733e-07 6.79054854855455e-06 -0.00199999999999901 -0
0.659734457253857 -3.77072303030493e-08 7.02231692702033e-06 -0.00199999999999901 -0
0.691150383789755 1.83835751003394e-07 6.90754785524229e-06 -0.00199999999999901 -0
0.722566310325653 3.96306801623933e-07 6.45190495990009e-06 -0.00199999999999901 -0
0.753982236861551 5.89220895477027e-07 5.67787331661972e-06 -0.00199999999999901 -0
0.785398163397449 7.53058103614054e-07 4.6236498559667e-06 -0.00199999999999901 -0
0.816814089933347 8.79733383882557e-07 3.34125842047602e-06 -0.001999999999999 -0
0.848230016469245 9.62995561764303e-07 1.89398249092586e-06 -0.001999999999999 -0
0.879645943005143 9.98735813472965e-07 3.53242271735611e-07 -0.001999999999999 -0
0.911061869541041 9.85190428280743e-07 -1.2049297548535e-06 -0.001999999999999 0
0.942477796076938 9.23027844154175e-07 -2.70364088138511e-06 -0.001999999999999 0
0.973893722612836 8.15315661662653e-07 -4.06893267820735e-06 -0.001999999999999 0
1.00530964914873 6.67369263958022e-07 -5.2334306956868e-06 -0.00199999999999901 0
1.03672557568463 4.86489513129834e-07 -6.13966926003157e-06 -0.00199999999999901 0
1.06814150222053 2.81602467102296e-07 -6.74292729062618e-06 -0.00199999999999901 0
1.09955742875643 6.2818896331407e-08 -7.01343519690185e-06 -0.00199999999999901 0
1.13097335529233 -1.59064662718003e-07 -6.93784394874704e-06 -0.00199999999999901 0
1.16238928182822 -3.73098695291315e-07 -6.51988382473911e-06 -0.00199999999999901 0
1.19380520836412 -5.68721045239189e-07 -5.78018033027502e-06 -0.00199999999999901 0
1.22522113490002 -7.3627813653164e-07 -4.75523636967712e-06 -0.00199999999999901 0
1.25663706143592 -8.67501358140401e-07 -3.49563090006735e-06 -0.001999999999999 0
1.28805298797182 -9.55915103637901e-07 -2.06352295987819e-06 -0.001999999999999 0
1.31946891450771 -9.97156329565745e-07 -5.29584243256271e-07 -0.001999999999999 0
1.35088484104361 -9.89189862999317e-07 1.03048840825559e-06 -0.001999999999999 -0
1.38230076757951 -9.32408833306041e-07 2.53970849512051e-06 -0.001999999999999 -0
1.41371669411541 -8.29615271988713e-07 3.92359899128086e-06 -0.001999999999999 -0
1.44513262065131 -6.85881837973236e-07 5.113867638079e-06 -0.00199999999999901 -0
1.4765485471872 -5.08301491924321e-07 6.05177703214033e-06 -0.00199999999999901 -0
1.5079644737231 -3.05637472666525e-07 6.69104320004758e-06 -0.00199999999999901 -0
1.539380400259 -8.78908486818927e-08 7.00011962087951e-06 -0.00199999999999901 -0
1.5707963267949 1.34193014837571e-07 6.96375398461952e-06 -0.00199999999999901 -0
1.6022122533308 3.49654718507854e-07 6.58374086348601e-06 -0.00199999999999901 -0
1.63362817986669 5.47861653434903e-07 5.87883315334305e-06 -0.00199999999999901 -0
1.66504410640259 7.19032699432307e-07 4.88381665538262e-06 -0.00199999999999901 -0
1.69646003293849 8.54720903955493e-07 3.64779346564185e-06 -0.001999999999999 -0
1.72787595947439 9.48230322501773e-07 2.23175888368733e-06 -0.001999999999999 -0
1.75929188601029 9.9494645022701e-07 7.05591415229806e-07 -0.001999999999999 -0
1.79070781254618 9.92563938632212e-07 -8.55395593913319e-07 -0.001999999999999 0
1.82212373908208 9.41200359951987e-07 -2.37417052246467e-06 -0.001999999999999 0
1.85353966561798 8.43390405197324e-07 -3.77578483182879e-06 -0.001999999999999 0
1.88495559215388 7.03960802167805e-07 -4.99107162822407e-06 -0.00199999999999901 0
1.91637151868978 5.2979212598194e-07 -5.96005891207904e-06 -0.00199999999999901 0
1.94778744522567 3.29479256304807e-07 -6.63492907758701e-06 -0.00199999999999901 0
1.97920337176157 1.12907237037207e-07 -6.98237861696966e-06 -0.00199999999999901 0
2.01061929829747 -1.0923653104828e-07 -6.98526158271174e-06 -0.00199999999999901 0
2.04203522483337 -3.25989692395797e-07 -6.64343570615636e-06 -0.00199999999999901 0
2.07345115136927 -5.26655907229418e-07 -5.97376941818182e-06 -0.00199999999999901 0
2.10486707790516 -7.01332694763785e-07 -5.00930942550342e-06 -0.00199999999999901 0
2.13628300444106 -8.41400101043811e-07 -3.79764992106325e-06 -0.001999999999999 0
2.16769893097696 -9.39946076622148e-07 -2.39858390474952e-06 -0.001999999999999 0
2.19911485751286 -9.92107572527408e-07 -8.81152517122362e-07 -0.001999999999999 0
2.23053078404875 -9.95310522111823e-07 6.79762004309889e-07 -0.001999999999999 -0
2.26194671058465 -9.4939686614882e-07 2.20713161539501e-06 -0.001999999999999 -0
2.29336263712055 -8.56632352743209e-07 3.62558364695474e-06 -0.001999999999999 -0
2.32477856365645 -7.21594727143854e-07 4.86512029692202e-06 -0.00199999999999901 -0
2.35619449019234 -5.50947829070392e-07 5.86457288341771e-06 -0.00199999999999901 -0
2.38761041672824 -3.53112745404113e-07 6.57462039821001e-06 -0.00199999999999901 -0
2.41902634326414 -1.37852246207229e-07 6.96022340091399e-06 -0.00199999999999901 -0
2.45044226980004 8.42109886689899e-08 7.00235314606685e-06 -0.00199999999999901 -0
2.48185819633594 3.02118577823271e-07 6.6989306140777e-06 -0.00199999999999901 -0
2.51327412287183 5.05117212750875e-07 6.0649291067321e-06 -0.00199999999999901 -0
2.54469004940773 6.83189312348321e-07 5.13163534436605e-06 -0.00199999999999901 -0
2.57610597594363 8.27547370726118e-07 3.94510552810235e-06 -0.001999999999999 -0
2.60752190247953 9.31067603242777e-07 2.56389255742411e-06 -0.001999999999999 -0
2.63893782901542 9.8864149118606e-07 1.05615656040255e-06 -0.001999999999999 -0
2.67035375555132 9.97427877066804e-07 -5.03698673802922e-07 -0.001999999999999 0
2.70176968208722 9.56993170121216e-07 -2.03869737476947e-06 -0.001999999999999 0
2.73318560862312 8.69332743157432e-07 -3.47309039282348e-06 -0.001999999999999 0
2.76460153515902 7.38772464854266e-07 -4.7360932697456e-06 -0.00199999999999901 0
2.79601746169491 5.71755226698455e-07 -5.76537931177253e-06 -0.00199999999999901 0
2.82743338823081 3.76522999033802e-07 -6.51015528865241e-06 -0.00199999999999901 0
2.85884931476671 1.62710106127273e-07 -6.93366797908901e-06 -0.00199999999999901 0
2.89026524130261 -5.91322086769343e-08 -7.01501786951507e-06 -0.00199999999999901 0
2.9216811678385 -2.78056465946121e-07 -6.75019050374771e-06 -0.00199999999999901 0
2.9530970943744 -4.83259186615042e-07 -6.15225458846046e-06 -0.00199999999999901 0
2.9845130209103 -6.64614022308551e-07 -5.25071707835879e-06 -0.00199999999999901 0
3.0159289474462 -8.13171470604051e-07 -4.09006706632995e-06 -0.001999999999999 0
3.0473448739821 -9.21600515273985e-07 -2.72758033470817e-06 -0.001999999999999 0
3.07876080051799 -9.84550397435954e-07 -1.23049290870764e-06 -0.001999999999999 0
3.11017672705389 -9.9891466491979e-07 3.27316908429315e-07 -0.001999999999999 -0
3.14159265358979 -9.63984469537609e-07 1.86897428356635e-06 -0.001999999999999 -0
3.17300858012569 -8.81483547339784e-07 3.31840147463038e-06 -0.001999999999999 0
3.20442450666158 -7.55483155650402e-07 4.6040721167015e-06 -0.00199999999999901 0
3.23584043319748 -5.92201164571243e-07 5.66254090664304e-06 -0.00199999999999901 0
3.26725635973338 -3.99695217391173e-07 6.44157450331686e-06 -0.00199999999999901 0
3.29867228626928 -1.87465101827812e-07 6.9027291396513e-06 -0.00199999999999901 0
3.33008821280518 3.40160457058011e-08 7.0232477465046e-06 -0.00199999999999901 0
3.36150413934107 2.53818568667386e-07 6.79718296901368e-06 -0.00199999999999901 0
3.39292006587697 4.61095647316982e-07 6.23569065679285e-06 -0.00199999999999901 0
3.42433599241287 6.45618567816165e-07 5.36647934482148e-06 -0.00199999999999901 0
3.45575191894877 7.98281489023632e-07 4.23244289205013e-06 -0.001999999999999 0
3.48716784548466 9.11550797744225e-07 2.88954375430516e-06 -0.001999999999999 0
3.51858377202056 9.7983687763866e-07 1.4040513477871e-06 -0.001999999999999 0
3.54999969855646 9.99769945733641e-07 -1.50728215538312e-07 -0.001999999999999 -0
3.58141562509236 9.70366344546182e-07 -1.6980696395665e-06 -0.001999999999999 -0
3.61283155162825 8.93077083634721e-07 -3.16161468565461e-06 -0.001999999999999 -0
3.64424747816415 7.717162351475e-07 -4.46914030066236e-06 -0.00199999999999901 -0
3.67566340470005 6.12272716906263e-07 -5.55612268176765e-06 -0.00199999999999901 -0
3.70707933123595 4.22614751157802e-07 -6.36892139850816e-06 -0.00199999999999901 -0
3.73849525777185 2.12101583369381e-07 -6.86742644192416e-06 -0.00199999999999901 -0
3.76991118430774 -8.87837802254246e-09 -7.02703757416331e-06 -0.00199999999999901 -0
3.80132711084364 -2.29420209020437e-07 -6.83987830155955e-06 -0.00199999999999901 -0
3.83274303737954 -4.38640606495097e-07 -6.31518456401586e-06 -0.00199999999999901 -0
3.86415896391544 -6.26214957667955e-07 -5.47884895963869e-06 -0.00199999999999901 -0
3.89557489045133 -7.82886839329677e-07 -4.3721429962368e-06 -0.001999999999999 -0
3.92699081698723 -9.00924804016387e-07 -3.04968042404572e-06 -0.001999999999999 -0
3.95840674352313 -9.7450391164925e-07 -1.57672215517931e-06 -0.001999999999999 -0
3.98982267005903 -9.99993178805659e-07 -2.59557667026741e-08 -0.001999999999999 -0
4.02123859659493 -9.76134760569078e-07 1.52609148752038e-06 -0.001999999999999 0
4.05265452313082 -9.0410602268766e-07 3.00282914543498e-06 -0.001999999999999 0
4.08407044966672 -7.87461440903401e-07 4.33138312460212e-06 -0.001999999999999 0
4.11548637620262 -6.31957194605004e-07 5.44619191402243e-06 -0.00199999999999901 0
4.14690230273852 -4.45267110760741e-07 6.29224190502374e-06 -0.00199999999999901 0
4.17831822927441 -2.36603975736355e-07 6.82778220403237e-06 -0.00199999999999901 0
4.20973415581031 -1.62649025107563e-08 7.02638495658802e-06 -0.00199999999999901 0
4.24115008234621 2.0487681148186e-07 6.87824950968723e-06 -0.00199999999999901 0
4.27256600888211 4.15908260073064e-07 6.39068605462345e-06 -0.00199999999999901 0
4.30398193541801 6.06415458693935e-07 5.58775488350624e-06 -0.00199999999999901 0
4.3353978619539 7.66997253914737e-07 4.50907906143677e-06 -0.00199999999999901 0
4.3668137884898 8.89729251771241e-07 3.20788910661928e-06 -0.001999999999999 0
4.3982297150257 9.68554870932454e-07 1.74839616957737e-06 -0.001999999999999 0
4.4296456415616 9.99584223009417e-07 2.02623339884954e-07 -0.001999999999999 0
4.46106156809749 9.81286070853022e-07 -1.35314855084292e-06 -0.001999999999999 -0
4.49247749463339 9.14563392078541e-07 -2.84214523710718e-06 -0.001999999999999 -0
4.52389342116929 8.02708818906399e-07 -4.19088767766806e-06 -0.001999999999999 -0
4.55530934770519 6.51242153274902e-07 -5.33281810088908e-06 -0.00199999999999901 -0
4.58672527424109 4.67637975532723e-07 -6.21158449911644e-06 -0.00199999999999901 -0
4.61814120077698 2.60956788683373e-07 -6.78382148879275e-06 -0.00199999999999901 -0
4.64955712731288 4.13979004836055e-08 -7.0212903063591e-06 -0.00199999999999901 -0
4.68097305384878 -1.80203892220206e-07 -6.91227233538061e-06 -0.00199999999999901 -0
4.71238898038468 -3.92912979285268e-07 -6.46214739708813e-06 -0.00199999999999901 -0
4.74380490692057 -5.86232588002336e-07 -5.69312826684172e-06 -0.00199999999999901 -0
4.77522083345647 -7.50622778066355e-07 -4.64316451760343e-06 -0.00199999999999901 -0
4.80663675999237 -8.7797121876057e-07 -3.3640697835756e-06 -0.001999999999999 -0
4.83805268652827 -9.61993516431245e-07 -1.91896485984008e-06 -0.001999999999999 -0
4.86946861306417 -9.98543336883982e-07 -3.79162815973534e-07 -0.001999999999999 -0
4.90088453960006 -9.85817018774783e-07 1.17935016287931e-06 -0.001999999999999 0
4.93230046613596 -9.2444258072975e-07 2.67966454394229e-06 -0.001999999999999 0
4.96371639267186 -8.174487298681e-07 4.04774278012364e-06 -0.001999999999999 0
4.99513231920776 -6.70115401096599e-07 5.21607291651912e-06 -0.00199999999999901 0
5.02654824574365 -4.89713202765597e-07 6.12700017184826e-06 -0.00199999999999901 0
5.05796417227955 -2.85144626528161e-07 6.7355720878697e-06 -0.00199999999999901 0
5.08938009881545 -6.65047269860787e-08 7.01175684427968e-06 -0.00199999999999901 0
5.12079602535135 1.55417049286779e-07 6.94192526964131e-06 -0.00199999999999901 0
5.15221195188724 3.69669301591411e-07 6.52952341403651e-06 -0.00199999999999901 0
5.18362787842314 5.65679105066372e-07 5.79490249331079e-06 -0.00199999999999901 0
5.21504380495904 7.33773763616498e-07 4.7743145968258e-06 -0.00199999999999901 0
5.24645973149494 8.65658138332661e-07 3.51812371855577e-06 -0.001999999999999 0
5.27787565803084 9.54823996189195e-07 2.08832039360464e-06 -0.001999999999999 0
5.30929158456673 9.96871178470463e-07 5.55462587915528e-07 -0.001999999999999 0
5.34070751110263 9.89724739899983e-07 -1.00480619778523e-06 -0.001999999999999 -0
5.37212343763853 9.33737343085591e-07 -2.5154897851265e-06 -0.001999999999999 -0
5.40353936417443 8.31671855317311e-07 -3.90203892719692e-06 -0.001999999999999 -0
5.43495529071032 6.88565006531527e-07 -5.09603016642198e-06 -0.00199999999999901 -0
5.46637121724622 5.11478836651246e-07 -6.03854239685408e-06 -0.00199999999999901 -0
5.49778714378212 3.09152197884581e-07 -6.68306450420545e-06 -0.00199999999999901 -0
5.52920307031802 9.15695096536754e-08 -6.99779059733948e-06 -0.00199999999999901 -0
5.56061899685392 -1.30531952754648e-07 -6.9671895660865e-06 -0.00199999999999901 -0
5.59203492338981 -3.46191921486021e-07 -6.59277151081017e-06 -0.00199999999999901 -0
5.62345084992571 -5.44768003657794e-07 -5.89301322194151e-06 -0.00199999999999901 -0
5.65486677646161 -7.164608623972e-07 -4.90244638691814e-06 -0.00199999999999901 -0
5.68628270299751 -8.52797794732991e-07 -3.66995351971267e-06 -0.001999999999999 -0
5.7176986295334 -9.47050842728107e-07 -2.25635570545752e-06 -0.001999999999999 -0
5.7491145560693 -9.94568804896006e-07 -7.31411200197381e-07 -0.001999999999999 -0
5.7805304826052 -9.93006763793975e-07 8.29627001065112e-07 -0.001999999999999 0
5.8119464091411 -9.42441803060689e-07 2.34972475082275e-06 -0.001999999999999 0
5.843362335677 -8.45369203491118e-07 3.75386823187009e-06 -0.001999999999999 0
5.87477826221289 -7.06579305864945e-07 4.97276574080563e-06 -0.00199999999999901 0
5.90619418874879 -5.32921117104358e-07 5.94626709653601e-06 -0.00199999999999901 0
5.93761011528469 -3.3296432532974e-07 6.62633193273632e-06 -0.00199999999999901 0
5.96902604182059 -1.16576402701721e-07 6.97940039490457e-06 -0.00199999999999901 0
6.00044196835648 1.05564334812138e-07 6.98804925280026e-06 -0.00199999999999901 0
6.03185789489238 3.22495681208698e-07 6.65185170239362e-06 -0.00199999999999901 0
6.06327382142828 5.23512503632309e-07 5.9873984278003e-06 -0.00199999999999901 0
6.09468974796418 6.98695019506548e-07 5.02747888383656e-06 -0.00199999999999901 0
6.12610567450008 8.39398318183084e-07 3.8194632012814e-06 -0.001999999999999 0
6.15752160103597 9.38678970182592e-07 2.42296456462047e-06 -0.001999999999999 0
6.18893752757187 9.91637671705485e-07 9.06897419306276e-07 -0.001999999999999 0
6.22035345410777 9.95661015583635e-07 -6.53923319812502e-07 -0.001999999999999 -0
6.25176938064367 9.50550457754805e-07 -2.18247423655531e-06 -0.001999999999999 -0
6.28318530717956 8.58532115019411e-07 -3.60332436664632e-06 -0.001999999999999 -0
6.31460123371546 7.24146910579662e-07 -4.84635756659936e-06 -0.00199999999999901 0
6.34601716025136 5.54026488461454e-07 -5.85023260670966e-06 -0.00199999999999901 0
6.37743308678726 3.56565954999051e-07 -6.5654102394071e-06 -0.00199999999999901 0
6.40884901332316 1.41509596942963e-07 -6.95659786313553e-06 -0.00199999999999901 0
6.44026493985905 -8.05299798170491e-08 -7.0044911424309e-06 -0.00199999999999901 0
6.47168086639495 -2.98595561360951e-07 -6.70672663869264e-06 -0.00199999999999901 0
6.50309679293085 -5.01926042572084e-07 -6.07799844120367e-06 -0.00199999999999901 0
6.53451271946675 -6.80487466389264e-07 -5.14933304288915e-06 -0.00199999999999901 0
6.56592864600264 -8.25468179740639e-07 -3.96655824426082e-06 -0.001999999999999 0
6.59734457253854 -9.29713671193381e-07 -2.58804164210889e-06 -0.001999999999999 0
6.62876049907444 -9.88079631941314e-07 -1.08181030405121e-06 -0.001999999999999 0
6.66017642561034 -9.97685817269081e-07 4.77806232696492e-07 -0.001999999999999 -0
6.69159235214623 -9.5805818093174e-07 2.01384397695875e-06 -0.001999999999999 -0
6.72300827868213 -8.71152268399288e-07 3.45050250433056e-06 -0.001999999999999 -0
6.75442420521803 -7.41256714555778e-07 4.71688555818888e-06 -0.00199999999999901 -0
6.78584013175393 -5.74781608050688e-07 5.75049963972458e-06 -0.00199999999999901 -0
6.81725605828983 -3.79942166103188e-07 6.50033793849688e-06 -0.00199999999999901 -0
6.84867198482572 -1.66353329782032e-07 6.92939741763742e-06 -0.00199999999999901 -0
6.88008791136162 5.54447143178879e-08 7.01650484052792e-06 -0.00199999999999901 -0
6.91150383789752 2.74506671435563e-07 6.75736162814672e-06 -0.00199999999999901 -0
6.94291976443342 4.80022267290594e-07 6.16475598544098e-06 -0.00199999999999901 -0
6.97433569096931 6.61849713736265e-07 5.26793182870754e-06 -0.00199999999999901 -0
7.00575161750521 8.11016185944182e-07 4.11114565616789e-06 -0.001999999999999 -0
7.03716754404111 9.20160613561357e-07 2.75148257732014e-06 -0.001999999999999 -0
7.06858347057701 9.83896934971967e-07 1.25603927569924e-06 -0.001999999999999 -0
7.09999939711291 9.99079888784497e-07 -3.01387079738535e-07 -0.001999999999999 0
7.1314153236488 9.64960226260098e-07 -1.84394057893322e-06 -0.001999999999999 0
7.1628312501847 8.83221685255842e-07 -3.29549925786202e-06 -0.001999999999999 0
7.1942471767206 7.57897901091899e-07 -4.58443156689497e-06 -0.00199999999999901 0
7.2256631032565 5.95173354626995e-07 -5.64713124608239e-06 -0.00199999999999901 0
7.25707902979239 4.03078180360903e-07 -6.43115616827053e-06 -0.00199999999999901 0
7.28849495632829 1.91091895180447e-07 -6.89781625434642e-06 -0.00199999999999901 0
7.31991088286419 -3.03243970484362e-08 -7.0240827521133e-06 -0.00199999999999901 0
7.35132680940009 -2.50244240264471e-07 -6.80372465966082e-06 -0.00199999999999901 0
7.38274273593599 -4.57815025205199e-07 -6.24761621298441e-06 -0.00199999999999901 0
7.41415866247188 -6.42793544207678e-07 -5.38320026394809e-06 -0.00199999999999901 0
7.44557458900778 -7.96051473245639e-07 -4.25313402982679e-06 -0.001999999999999 0
7.47699051554368 -9.10025836664409e-07 -2.91318404400954e-06 -0.001999999999999 0
7.50840644207958 -9.79092225069946e-07 -1.42947418788265e-06 -0.001999999999999 0
7.53982236861547 -9.99842348807377e-07 1.24777391924055e-07 -0.001999999999999 -0
7.57123829515137 -9.71252230313892e-07 1.67287145424831e-06 -0.001999999999999 -0
7.60265422168727 -8.94732735386045e-07 3.13841261923608e-06 -0.001999999999999 -0
7.63407014822317 -7.7405994974338e-07 4.44907932922768e-06 -0.00199999999999901 -0
7.66548607475907 -6.15188836667248e-07 5.54019277457663e-06 -0.00199999999999901 -0
7.69690200129496 -4.25959371341757e-07 6.3579086649714e-06 -0.00199999999999901 -0
7.72831792783086 -2.15709653585867e-07 6.86187433865858e-06 -0.00199999999999901 -0
7.75973385436676 5.18490890196532e-09 7.02722008648303e-06 -0.00199999999999901 -0
7.79114978090266 2.25823606391207e-07 6.8457864228426e-06 -0.00199999999999901 -0
7.82256570743855 4.35318355582907e-07 6.32652674016316e-06 -0.00199999999999901 -0
7.85398163397445 6.23331004983927e-07 5.49506547669213e-06 -0.00199999999999901 -0
7.88539756051035 7.80583502234324e-07 4.39243360115597e-06 -0.001999999999999 -0
7.91681348704625 8.99315747639378e-07 3.07304381561257e-06 -0.001999999999999 -0
7.94822941358214 9.73668539740085e-07 1.60200539623268e-06 -0.001999999999999 -0
7.97964534011804 9.99972715315694e-07 5.19111793066895e-08 -0.001999999999999 -0
8.01106126665394 9.76930215331066e-07 -1.50074475163806e-06 -0.001999999999999 0
8.04247719318984 9.05678141582503e-07 -2.97934189755444e-06 -0.001999999999999 0
8.07389311972574 7.8973264297328e-07 -4.31091441394862e-06 -0.001999999999999 0
8.10530904626163 6.34815400520196e-07 -5.42975183097973e-06 -0.00199999999999901 0
8.13672497279753 4.48571273712847e-07 -6.28064173517158e-06 -0.00199999999999901 0
8.16814089933343 2.40191041819306e-07 -6.8215943928079e-06 -0.00199999999999901 0
8.19955682586933 1.99578571085551e-08 -7.02591486023571e-06 -0.00199999999999901 0
8.23097275240523 -2.01260208373971e-07 -6.88352032653221e-06 -0.00199999999999901 0
8.26238867894112 -4.12546480664837e-07 -6.40143768028007e-06 -0.00199999999999901 0
8.29380460547702 -6.03474400149586e-07 -5.603456746515e-06 -0.00199999999999901 0
8.32522053201292 -7.64622051656031e-07 -4.52895630591639e-06 -0.00199999999999901 0
8.35663645854882 -8.88037117331508e-07 -3.23096082987178e-06 -0.001999999999999 0
8.38805238508471 -9.67629307799262e-07 -1.77352382769597e-06 -0.001999999999999 0
8.41946831162061 -9.99470905892631e-07 -2.28566932643881e-07 -0.001999999999999 0
8.45088423815651 -9.81990591728214e-07 1.32766928843003e-06 -0.001999999999999 -0
8.48230016469241 -9.16050984234059e-07 2.81838765624258e-06 -0.001999999999999 -0
8.51371609122831 -8.04906072611817e-07 4.17002416797504e-06 -0.001999999999999 -0
8.5451320177642 -6.54040638406014e-07 5.31587823530308e-06 -0.00199999999999901 -0
8.5765479443001 -4.70899592383696e-07 6.19940422649717e-06 -0.00199999999999901 -0
8.607963870836 -2.64520582914073e-07 6.77700188150146e-06 -0.00199999999999901 -0
8.6393797973719 -4.50880058979126e-08 7.02016789852646e-06 -0.00199999999999901 -0
8.67079572390779 1.7656957502548e-07 6.91690251561306e-06 -0.00199999999999901 -0
8.70221165044369 3.89513796675022e-07 6.47230167514966e-06 -0.00199999999999901 -0
8.73362757697959 5.83236282914821e-07 5.70830554919511e-06 -0.00199999999999901 -0
8.76504350351549 7.48177212230966e-07 4.66261583538511e-06 -0.00199999999999901 -0
8.79645943005139 8.76197076013967e-07 3.38683525272764e-06 -0.001999999999999 -0
8.82787535658728 9.60978347208728e-07 1.94392104948981e-06 -0.001999999999999 -0
8.85929128312318 9.98337237778682e-07 4.0507818752495e-07 -0.001999999999999 -0
8.89070720965908 9.86430160369885e-07 -1.15375448175181e-06 -0.001999999999999 0
8.92212313619498 9.25844705700326e-07 -2.65565164947423e-06 -0.001999999999999 0
8.95353906273087 8.19570646120248e-07 -4.02649766115964e-06 -0.001999999999999 0
8.98495498926677 6.72852396260414e-07 -5.19864397765733e-06 -0.00199999999999901 0
9.01637091580267 4.92930211543506e-07 -6.11424749674716e-06 -0.00199999999999901 0
9.04778684233857 2.886828959002e-07 -6.7281249958208e-06 -0.00199999999999901 0
9.07920276887446 7.0189650357416e-08 -7.0099828345453e-06 -0.00199999999999901 0
9.11061869541036 -1.51767315595761e-07 -6.94591188609285e-06 -0.00199999999999901 0
9.14203462194626 -3.66234864719211e-07 -6.53907392503761e-06 -0.00199999999999901 0
9.17345054848216 -5.62629447679335e-07 -5.80954560003438e-06 -0.00199999999999901 0
9.20486647501806 -7.31259380274469e-07 -4.79332769091906e-06 -0.00199999999999901 0
9.23628240155395 -8.63803108880132e-07 -3.54056854143301e-06 -0.001999999999999 0
9.26769832808985 -9.53719862660411e-07 -2.1130893376526e-06 -0.001999999999999 0
9.29911425462575 -9.96572427671099e-07 -5.81333354738268e-07 -0.001999999999999 0
9.33053018116165 -9.9024611459106e-07 9.79110279358171e-07 -0.001999999999999 -0
9.36194610769754 -9.35053114457381e-07 2.49123675784311e-06 -0.001999999999999 -0
9.39336203423344 -8.33717092655205e-07 3.88042562998127e-06 -0.001999999999999 -0
9.42477796076934 -6.91238781418367e-07 5.07812317274069e-06 -0.00199999999999901 -0
9.45619388730524 -5.1464920358508e-07 6.02522538142538e-06 -0.00199999999999901 0
9.48760981384114 -3.12662705528192e-07 6.67499463539976e-06 -0.00199999999999901 0
9.51902574037703 -9.52469213986168e-08 6.99536610722021e-06 -0.00199999999999901 0
9.55044166691293 1.26869109904089e-07 6.97053009844541e-06 -0.00199999999999901 0
9.58185759344883 3.42724401579436e-07 6.60171221698289e-06 -0.00199999999999901 0
9.61327351998473 5.41666921943838e-07 5.9071128957631e-06 -0.00199999999999901 0
9.64468944652062 7.13879251124534e-07 4.92100923737458e-06 -0.00199999999999901 0
9.67610537305652 8.50863051311507e-07 3.69206350685114e-06 -0.001999999999999 0
9.70752129959242 9.45858442918744e-07 2.28092174514618e-06 -0.001999999999999 0
9.73893722612832 9.94177591270796e-07 7.57221006969081e-07 -0.001999999999999 0
9.77035315266422 9.93436041971503e-07 -8.03847090122893e-07 -0.001999999999999 -0
9.80176907920011 9.43670389012004e-07 -2.32524692332249e-06 -0.001999999999999 -0
9.83318500573601 8.47336468929659e-07 -3.73190042018191e-06 -0.001999999999999 -0
9.86460093227191 7.09188170132561e-07 -4.95439201298413e-06 -0.00199999999999901 -0
9.89601685880781 5.36042837909761e-07 -5.93239415970606e-06 -0.00199999999999901 -0
9.9274327853437 3.3644485192593e-07 -6.61764438888987e-06 -0.00199999999999901 -0
9.9588487118796 1.20243977985639e-07 -6.97632695714654e-06 -0.00199999999999901 -0
9.9902646384155 -1.0189069842631e-07 -6.99074158920475e-06 -0.00199999999999901 -0
10.0216805649514 -3.18997270410167e-07 -6.66017695148451e-06 -0.00199999999999901 -0
10.0530964914873 -5.20361958074146e-07 -6.00094575500225e-06 -0.00199999999999901 -0
10.0845124180232 -6.96047812380286e-07 -5.04557975534869e-06 -0.00199999999999901 -0
10.1159283445591 -8.37385083924243e-07 -3.84122437489801e-06 -0.001999999999999 -0
10.147344271095 -9.37399057919678e-07 -2.44731216946706e-06 -0.001999999999999 -0
10.1787601976309 -9.91154242577015e-07 -9.32629949243103e-07 -0.001999999999999 -0
10.2101761241668 -9.95997925860877e-07 6.28075714239017e-07 -0.001999999999999 0
10.2415920507027 -9.51691081581986e-07 2.1577870835538e-06 -0.001999999999999 0
10.2730079772386 -8.60420164866806e-07 3.58101592838634e-06 -0.001999999999999 0
10.3044239037745 -7.26689214921854e-07 4.82752872038309e-06 -0.00199999999999901 0
10.3358398303104 -5.57097589607821e-07 5.8358125188545e-06 -0.00199999999999901 0
10.3672557568463 -3.60014300182641e-07 6.55611051272586e-06 -0.00199999999999901 0
10.3986716833822 -1.45165017149773e-07 6.95287742074511e-06 -0.00199999999999901 0
10.4300876099181 7.68478723438228e-08 7.00653358080426e-06 -0.00199999999999901 0
10.461503536454 2.95068471341924e-07 6.71443116753599e-06 -0.00199999999999901 0
10.4929194629899 4.98728024923131e-07 6.0909848572581e-06 -0.00199999999999901 0
10.5243353895258 6.77776336955699e-07 5.16696049220944e-06 -0.00199999999999901 0
10.5557513160617 8.23377727397409e-07 3.98795684709001e-06 -0.001999999999999 0
10.5871672425976 9.28347055628721e-07 2.61215541972367e-06 -0.001999999999999 0
10.6185831691335 9.87504292930181e-07 1.10744928922322e-06 -0.001999999999999 0
10.6499990956694 9.97930146653659e-07 -4.51907273171718e-07 -0.001999999999999 -0
10.6814150222053 9.5911012154018e-07 -1.98896310550576e-06 -0.001999999999999 -0
10.7128309487411 8.72959909043298e-07 -3.42786754274133e-06 -0.001999999999999 -0
10.744246875277 7.43730851745079e-07 -4.697613497046e-06 -0.00199999999999901 -0
10.7756628018129 5.77800148008818e-07 -5.73554151712543e-06 -0.00199999999999901 -0
10.8070787283488 3.83356149853869e-07 -6.49043190820464e-06 -0.00199999999999901 -0
10.8384946548847 1.69994283980008e-07 -6.92503232265294e-06 -0.00199999999999901 -0
10.8699105814206 -5.1756463560498e-08 -7.01789608965454e-06 -0.00199999999999901 -0
10.9013265079565 -2.70953131998297e-07 -6.76444056599193e-06 -0.00199999999999901 -0
10.9327424344924 -4.76778799315799e-07 -6.17717328042423e-06 -0.00199999999999901 -0
10.9641583610283 -6.59076375952935e-07 -5.28507471188273e-06 -0.00199999999999901 -0
10.9955742875642 -8.08849837086279e-07 -4.13216816015887e-06 -0.001999999999999 -0
11.0269902141001 -9.18708158659991e-07 -2.77534728313734e-06 -0.001999999999999 -0
11.058406140636 -9.83230049803572e-07 -1.28156850731485e-06 -0.001999999999999 -0
11.0898220671719 -9.99231482813038e-07 2.75453139408067e-07 -0.001999999999999 0
11.1212379937078 -9.6592281862012e-07 1.81888171854602e-06 -0.001999999999999 0
11.1526539202437 -8.84947773918379e-07 3.27255208261189e-06 -0.001999999999999 0
11.1840698467796 -7.6030230699565e-07 4.56472847449113e-06 -0.00199999999999901 0
11.2154857733155 -5.9813742509651e-07 5.63164454516234e-06 -0.00199999999999901 0
11.2469016998514 -4.06455644381429e-07 6.42065009689209e-06 -0.00199999999999901 0
11.2783176263873 -1.94716081583175e-07 6.89280926635115e-06 -0.00199999999999901 0
11.3097335529232 2.66323346938599e-08 7.02482193245498e-06 -0.00199999999999901 0
11.3411494794591 2.46666497932366e-07 6.81017353125167e-06 -0.00199999999999901 0
11.372565405995 4.54528157402898e-07 6.25945653676727e-06 -0.00199999999999901 0
11.4039813325309 6.39959751359819e-07 5.39984774336436e-06 -0.00199999999999901 0
11.4353972590668 7.93810597424036e-07 4.2737671446959e-06 -0.001999999999999 0
11.4668131856027 9.0848846065842e-07 2.9367845909249e-06 -0.001999999999999 0
11.4982291121386 9.78334215344544e-07 1.45487752653573e-06 -0.001999999999999 0
11.5296450386745 9.99901111643171e-07 -9.88248660481163e-08 -0.001999999999999 -0
11.5610609652104 9.72124865881169e-07 -1.64765044696754e-06 -0.001999999999999 -0
11.5924768917463 8.96376180845628e-07 -3.11516773737276e-06 -0.001999999999999 -0
11.6238928182822 7.76393104312565e-07 -4.42895766172351e-06 -0.001999999999999 -0
11.6553087448181 6.18096563783012e-07 -5.5241872859224e-06 -0.00199999999999901 -0
11.686724671354 4.29298180422405e-07 -6.34680919437344e-06 -0.00199999999999901 -0
11.7181405978899 2.19314781007417e-07 -6.85622862303619e-06 -0.00199999999999901 -0
11.7495565244258 -1.4913690468457e-09 -7.02730673073498e-06 -0.00199999999999901 -0
11.7809724509617 -2.22223922988566e-07 -6.85160115124645e-06 -0.00199999999999901 -0
11.8123883774976 -4.3199016588851e-07 -6.33778260737367e-06 -0.00199999999999901 -0
11.8438043040335 -6.20438548576052e-07 -5.51120702792651e-06 -0.00199999999999901 -0
11.8752202305694 -7.78269516115437e-07 -4.41266428278871e-06 -0.001999999999999 -0
11.9066361571053 -8.97694422447393e-07 -3.09636528352126e-06 -0.001999999999999 -0
11.9380520836412 -9.72819884666254e-07 -1.62726678210577e-06 -0.001999999999999 -0
11.9694680101771 -9.99938609809277e-07 -7.78658837182212e-08 -0.001999999999999 -0
12.000883936713 -9.77712342431343e-07 1.47537754201252e-06 -0.001999999999999 0
12.0322998632489 -9.07237904864119e-07 2.95581400433373e-06 -0.001999999999999 0
12.0637157897848 -7.9199307120349e-07 4.29038689212512e-06 -0.001999999999999 0
12.0951317163206 -6.37664946036955e-07 5.4132376731521e-06 -0.00199999999999901 0
12.1265476428565 -4.51869317081287e-07 6.26895588236371e-06 -0.00199999999999901 0
12.1579635693924 -2.43774831122707e-07 6.8153135187413e-06 -0.00199999999999901 0
12.1893794959283 -2.36505394335099e-08 7.02534891362203e-06 -0.00199999999999901 0
12.2207954224642 1.97640859596093e-07 6.88869723571741e-06 -0.00199999999999901 0
12.2522113490001 4.09179073137173e-07 6.41210197503575e-06 -0.00199999999999901 0
12.283627275536 6.00525108772911e-07 5.61908216498888e-06 -0.00199999999999901 0
12.3150432020719 7.62236418126103e-07 4.54877176461378e-06 -0.00199999999999901 0
12.3464591286078 8.86332867944258e-07 3.25398847510083e-06 -0.001999999999999 0
12.3778750551437 9.66690543890955e-07 1.79862729071319e-06 -0.001999999999999 0
12.4092909816796 9.99343953605271e-07 2.54507407203874e-07 -0.001999999999999 0
12.4407069082155 9.82681715906072e-07 -1.30217191343668e-06 -0.001999999999999 -0
12.4721228347514 9.17526079265998e-07 -2.79459162583811e-06 -0.001999999999999 -0
12.5035387612873 8.07092345475741e-07 -4.1491037691915e-06 -0.001999999999999 -0
12.5349546878232 6.56830200860523e-07 -5.29886584844001e-06 -0.00199999999999901 -0
12.5663706143591 4.74154785039401e-07 -6.18713937919585e-06 -0.00199999999999901 -0
12.597786540895 2.68080768452167e-07 -6.7700898197164e-06 -0.00199999999999901 0
12.6292024674309 4.87774962041188e-08 -7.01894971883475e-06 -0.00199999999999901 0
12.6606183939668 -1.72932848999981e-07 -6.92143833277292e-06 -0.00199999999999901 0
12.6920343205027 -3.86109300166165e-07 -6.48236765555607e-06 -0.00199999999999901 0
12.7234502470386 -5.80232021091242e-07 -5.72340495662548e-06 -0.00199999999999901 0
12.7548661735745 -7.45721439471245e-07 -4.68200354394929e-06 -0.00199999999999901 0
12.7862821001104 -8.74410979846291e-07 -3.40955451735677e-06 -0.001999999999999 0
12.8176980266463 -9.59950067946084e-07 -1.96885071941302e-06 -0.001999999999999 0
12.8491139531822 -9.9811751896875e-07 -4.30988032842287e-07 -0.001999999999999 0
12.8805298797181 -9.87029844701333e-07 1.12814306065723e-06 -0.001999999999999 -0
12.911945806254 -9.27234199937569e-07 2.63160252557416e-06 -0.001999999999999 -0
12.9433617327899 -8.2168138147109e-07 4.00519761114953e-06 -0.001999999999999 -0
12.9747776593258 -6.75580212110314e-07 5.18114411687378e-06 -0.00199999999999901 -0
13.0061935858617 -4.96140495575877e-07 6.10141140870522e-06 -0.00199999999999901 -0
13.0376095123976 -2.92217226947969e-07 6.72058611607562e-06 -0.00199999999999901 -0
13.0690254389335 -7.38736161742619e-08 7.00811319190044e-06 -0.00199999999999901 -0
13.1004413654694 1.48115511436034e-07 6.9498037437147e-06 -0.00199999999999901 -0
13.1318572920053 3.62795431528637e-07 6.5485352274506e-06 -0.00199999999999901 -0
13.1632732185412 5.5957211468269e-07 5.82410945067884e-06 -0.00199999999999901 -0
13.1946891450771 7.28735020807748e-07 4.8122753925729e-06 -0.00199999999999901 -0
13.226105071613 8.61936295089849e-07 3.56296506249806e-06 -0.001999999999999 -0
13.2575209981489 9.52602718114568e-07 2.13782945411449e-06 -0.001999999999999 -0
13.2889369246848 9.96260081243328e-07 6.07196190785429e-07 -0.001999999999999 -0
13.3203528512207 9.90753979959752e-07 -9.53401003528119e-07 -0.001999999999999 0
13.3517687777566 9.36356129471146e-07 -2.46694974413957e-06 -0.001999999999999 0
13.3831847042925 8.3575095610047e-07 -3.85875939449094e-06 -0.001999999999999 0
13.4146006308284 6.9390312615708e-07 -5.06014690132931e-06 -0.00199999999999901 0
13.4460165573643 5.17812549474444e-07 -6.01182616753014e-06 -0.00199999999999901 0
13.4774324839002 3.16168947705648e-07 -6.66683370372282e-06 -0.00199999999999901 0
13.508848410436 9.89230337480356e-08 -6.99284618359754e-06 -0.00199999999999901 0
13.5402643369719 -1.23204536255821e-07 -6.9737755361234e-06 -0.00199999999999901 0
13.5716802635078 -3.39252206093354e-07 -6.6105628600316e-06 -0.00199999999999901 0
13.6030961900437 -5.38558450599197e-07 -5.92113198245458e-06 -0.00199999999999901 0
13.6345121165796 -7.11287900833652e-07 -4.93950495351029e-06 -0.00199999999999901 0
13.6659280431155 -8.48916700085563e-07 -3.71412312542422e-06 -0.001999999999999 0
13.6973439696514 -9.44653139340866e-07 -2.30545666761383e-06 -0.001999999999999 0
13.7287598961873 -9.93772814688468e-07 -7.83020483437486e-07 -0.001999999999999 0
13.7601758227232 -9.93851767308417e-07 7.78056212786231e-07 -0.001999999999999 -0
13.7915917492591 -9.44886101045085e-07 2.30073737389992e-06 -0.001999999999999 -0
13.823007675795 -8.49292174674747e-07 3.70988169645768e-06 -0.001999999999999 -0
13.8544236023309 -7.11787359379511e-07 4.93595069542112e-06 -0.00199999999999901 -0
13.8858395288668 -5.39157245810419e-07 5.91844029084917e-06 -0.00199999999999901 -0
13.9172554554027 -3.3992078861068e-07 6.60886656456651e-06 -0.00199999999999901 -0
13.9486713819386 -1.23909912854472e-07 6.97315834562458e-06 -0.00199999999999901 -0
13.9800873084745 9.82156720079712e-08 6.99333855519532e-06 -0.00199999999999901 -0
14.0115032350104 3.15494507726885e-07 6.66841133985274e-06 -0.00199999999999901 -0
14.0429191615463 5.17204313535896e-07 6.01441121496975e-06 -0.00199999999999901 -0
14.0743350880822 6.93391109499226e-07 5.06361179310067e-06 -0.00199999999999901 -0
14.1057510146181 8.3536042573261e-07 3.86293314503868e-06 -0.001999999999999 -0
14.137166941154 9.36106357294467e-07 2.47162638712981e-06 -0.001999999999999 -0
14.1685828676899 9.90657291737124e-07 9.58349755879667e-07 -0.001999999999999 -0
14.1999987942258 9.96321248347289e-07 -6.02219540212517e-07 -0.001999999999999 0
14.2314147207617 9.52818722069527e-07 -2.1330704931822e-06 -0.001999999999999 0
14.2628306472976 8.62296476527882e-07 -3.5586586365152e-06 -0.001999999999999 0
14.2942465738335 7.29221605487326e-07 -4.80863401514364e-06 -0.00199999999999901 0
14.3256625003694 5.60161090612337e-07 -5.82131281657669e-06 -0.00199999999999901 0
14.3570784269053 3.63457733911217e-07 -6.54672134503677e-06 -0.00199999999999901 0
14.3884943534412 1.48818456958997e-07 -6.94906212449847e-06 -0.00199999999999901 0
14.4199102799771 -7.31647164820526e-08 -7.00848043332321e-06 -0.00199999999999901 0
14.451326206513 -2.91537355884123e-07 -6.72204409549958e-06 -0.00199999999999901 0
14.4827421330489 -4.95523203432615e-07 -6.10388817772966e-06 -0.00199999999999901 0
14.5141580595848 -6.75055961033905e-07 -5.18451745184639e-06 -0.00199999999999901 0
14.5455739861207 -8.21276042215189e-07 -4.00930104466184e-06 -0.001999999999999 0
14.5769899126566 -9.26967775192696e-07 -2.63623356129892e-06 -0.001999999999999 0
14.6084058391925 -9.8691548200166e-07 -1.13307316614158e-06 -0.001999999999999 0
14.6398217657284 -9.98160861887298e-07 4.26002148552274e-07 -0.001999999999999 -0
14.6712376922643 -9.60148977595554e-07 1.96405509984501e-06 -0.001999999999999 -0
14.7026536188002 -8.74755640428925e-07 3.40518581685073e-06 -0.001999999999999 -0
14.7340695453361 -7.46194842669026e-07 4.67827734923393e-06 -0.00199999999999901 -0
14.765485471872 -5.80810805392748e-07 5.7205051480396e-06 -0.00199999999999901 -0
14.7969013984079 -3.8676490371095e-07 6.4804373329176e-06 -0.00199999999999901 -0
14.8283173249438 -1.73632919049889e-07 6.92057275368588e-06 -0.00199999999999901 -0
14.8597332514797 4.80675067213155e-08 7.01919159791498e-06 -0.00199999999999901 -0
14.8911491780155 2.67395896113089e-07 6.77142722070974e-06 -0.00199999999999901 -0
14.9225651045514 4.73528826939309e-07 6.18950630400864e-06 -0.00199999999999901 -0
14.9539810310873 6.56294046793514e-07 5.3021454940145e-06 -0.00199999999999901 -0
14.9853969576232 8.06672453584512e-07 4.15313429150571e-06 -0.001999999999999 -0
15.0168128841591 9.17243170384838e-07 2.79917412658819e-06 -0.001999999999999 -0
15.048228810695 9.82549751028674e-07 1.30708025527477e-06 -0.001999999999999 -0
15.0796447372309 9.99369444937308e-07 -2.49515441238808e-07 -0.001999999999999 0
15.1110606637668 9.66872233485613e-07 -1.79379804426744e-06 -0.001999999999999 0
15.1424765903027 8.86661789779421e-07 -3.24956026193427e-06 -0.001999999999999 0
15.1738925168386 7.62696340559812e-07 -4.5449631082872e-06 -0.00199999999999901 0
15.2053084433745 6.01093335542787e-07 -5.6160810151585e-06 -0.00199999999999901 0
15.2367243699104 4.09827563376071e-07 -6.41005643250943e-06 -0.00199999999999901 0
15.2681402964463 1.98337611593435e-07 -6.88770824397276e-06 -0.00199999999999901 0
15.2995562229822 -2.29399090106222e-08 -7.02546527744543e-06 -0.00199999999999901 0
15.3309721495181 -2.4308539048002e-07 -6.81652949580823e-06 -0.00199999999999901 0
15.362388076054 -4.51235088750807e-07 -6.27121146661111e-06 -0.00199999999999901 0
15.3938040025899 -6.37117227932291e-07 -5.41642155595889e-06 -0.00199999999999901 0
15.4252199291258 -7.91558892129724e-07 -4.29434195517249e-06 -0.001999999999999 0
15.4566358556617 -9.06938690699737e-07 -2.96034507308339e-06 -0.001999999999999 0
15.4880517821976 -9.77562858803515e-07 -1.48026101718411e-06 -0.001999999999999 0
15.5194677087335 -9.99946233439357e-07 7.28709919649428e-08 -0.001999999999999 -0
15.5508836352694 -9.72984239343178e-07 1.62240696179895e-06 -0.001999999999999 -0
15.5822995618053 -8.98007397592946e-07 3.09188035718036e-06 -0.001999999999999 -0
15.6137154883412 -7.7871566702525e-07 4.40877557265747e-06 -0.00199999999999901 -0
15.6451314148771 -6.20995858585209e-07 5.50810643415807e-06 -0.00199999999999901 -0
15.676547341413 -4.32631132850416e-07 6.33562313813755e-06 -0.00199999999999901 -0
15.7079632679489 -2.2291691645148e-07 6.85048937207803e-06 -0.00199999999999901 -0
15.7393791944848 -2.20219115411054e-09 7.02729750573713e-06 -0.00199999999999901 0
15.7707951210207 2.18621207920793e-07 6.8573224074443e-06 -0.00199999999999901 0
15.8022110475566 4.28656082816363e-07 6.34895201209047e-06 -0.00199999999999901 0
15.8336269740925 6.17537627904344e-07 5.52727339313251e-06 -0.00199999999999901 0
15.8650429006284 7.75944912541311e-07 4.43283476514017e-06 -0.001999999999999 0
15.8964588271643 8.9606085055918e-07 3.11964450961125e-06 -0.001999999999999 0
15.9278747537002 9.7195795800544e-07 1.65250596817292e-06 -0.001999999999999 0
15.9592906802361 9.99890862751687e-07 1.03819525853104e-07 -0.001999999999999 0
15.990706606772 9.78481131199826e-07 -1.44999020471311e-06 -0.001999999999999 -0
16.0221225333079 9.08785291253609e-07 -2.93224578674949e-06 -0.001999999999999 -0
16.0535384598438 7.9424269475639e-07 -4.26980083917603e-06 -0.001999999999999 -0
16.0849543863797 6.4050579228067e-07 -5.39664966583211e-06 -0.00199999999999901 -0
16.1163703129156 4.5516119587287e-07 -6.25718450602307e-06 -0.00199999999999901 -0
16.1477862394515 2.47355294755111e-07 -6.80893966751869e-06 -0.00199999999999901 -0
16.1792021659874 2.73428991086135e-08 -7.02468712446785e-06 -0.00199999999999901 -0
16.2106180925233 -1.94018814524789e-07 -6.8937801666174e-06 -0.00199999999999901 -0
16.2420340190592 -4.05806083429551e-07 -6.42267879340401e-06 -0.00199999999999901 -0
16.2734499455951 -5.97567624799289e-07 -5.63463092575983e-06 -0.00199999999999901 -0
16.304865872131 -7.5984038587069e-07 -4.56852516719873e-06 -0.00199999999999901 -0
16.3362817986669 -8.84616526859521e-07 -3.27697172815433e-06 -0.001999999999999 -0
16.3676977252028 -9.65738592014512e-07 -1.82370621615781e-06 -0.001999999999999 -0
16.3991136517387 -9.99203367879269e-07 -2.80444409674898e-07 -0.001999999999999 -0
16.4305295782746 -9.83359433958012e-07 1.27665677370795e-06 -0.001999999999999 0
16.4619455048105 -9.18988657050538e-07 2.77075747052848e-06 -0.001999999999999 0
16.4933614313464 -8.09267607672186e-07 4.12812676672167e-06 -0.001999999999999 0
16.5247773578823 -6.59610802582135e-07 5.28178117238947e-06 -0.00199999999999901 0
16.5561932844182 -4.77403509091233e-07 6.17479012453429e-06 -0.00199999999999901 0
16.5876092109541 -2.7163729672822e-07 6.76308539773462e-06 -0.00199999999999901 0
16.61902513749 -5.24663210687631e-08 7.01763578390284e-06 -0.00199999999999901 0
16.6504410640259 1.6929376375734e-07 6.92587972498081e-06 -0.00199999999999901 0
16.6818569905618 3.82699536204161e-07 6.49234520098336e-06 -0.00199999999999901 0
16.7132729170977 5.77219843516905e-07 5.73842628314085e-06 -0.00199999999999901 0
16.7446888436336 7.43255493289798e-07 4.70132737880131e-06 -0.00199999999999901 0
16.7761047701695 8.7261295462416e-07 3.43222726751794e-06 -0.001999999999999 0
16.8075206967054 9.58908692671497e-07 1.99375352950947e-06 -0.001999999999999 0
16.8389366232413 9.97884183451674e-07 4.56891998453365e-07 -0.001999999999999 0
16.8703525497772 9.87616063587998e-07 -1.10251624899652e-06 -0.001999999999999 -0
16.9017684763131 9.28611044485457e-07 -2.60751750032958e-06 -0.001999999999999 -0
16.933184402849 8.23780907125153e-07 -3.98384292067685e-06 -0.001999999999999 -0
16.9646003293849 6.78298811432375e-07 -5.16357357290837e-06 -0.00199999999999901 -0
16.9960162559208 4.99344011066766e-07 -6.08849208283733e-06 -0.00199999999999901 -0
17.0274321824567 2.95747571454748e-07 -6.71295555148248e-06 -0.00199999999999901 -0
17.0588481089926 7.75565741785231e-08 -7.0061479418515e-06 -0.00199999999999901 -0
17.0902640355285 -1.4446168662693e-07 -6.95360078941262e-06 -0.00199999999999901 -0
17.1216799620644 -3.59351048941774e-07 -6.55790719220072e-06 -0.00199999999999901 -0
17.1530958886003 -5.5650714778576e-07 -5.83859384655844e-06 -0.00199999999999901 -0
17.1845118151362 -7.26200719654626e-07 -4.83115744329538e-06 -0.00199999999999901 -0
17.2159277416721 -8.60057722429608e-07 -3.58531297620886e-06 -0.001999999999999 -0
17.247343668208 -9.51472577792184e-07 -2.16254040547603e-06 -0.001999999999999 -0
17.2787595947438 -9.959341434483e-07 -6.33050743226151e-07 -0.001999999999999 -0
17.3101755212797 -9.91248329077561e-07 9.27678721031004e-07 -0.001999999999999 0
17.3415914478156 -9.37646370350648e-07 2.44262907534876e-06 -0.001999999999999 0
17.3730073743515 -8.37773417906351e-07 3.83704051630511e-06 -0.001999999999999 0
17.4044233008874 -6.96558004399638e-07 5.0421015974271e-06 -0.00199999999999901 0
17.4358392274233 -5.20968831163744e-07 5.99834493796563e-06 -0.00199999999999901 0
17.4672551539592 -3.19670876583431e-07 6.65858182050921e-06 -0.00199999999999901 0
17.4986710804951 -1.02597796550979e-07 6.99023086084924e-06 -0.00199999999999901 0
17.530087007031 1.19538281803382e-07 6.97692583484495e-06 -0.00199999999999901 0
17.5615029335669 3.35775382396815e-07 6.61932331921235e-06 -0.00199999999999901 0
17.5929188601028 5.35442632030844e-07 5.93507029076212e-06 -0.00199999999999901 0
17.6243347866387 7.08686846876762e-07 4.95793328299953e-06 -0.00199999999999901 0
17.6557507131746 8.46958767608037e-07 3.736132074486e-06 -0.001999999999999 0
17.6871666397105 9.4343494843769e-07 2.32996013814554e-06 -0.001999999999999 0
17.7185825662464 9.93354480671139e-07 8.08809277636114e-07 -0.001999999999999 0
17.7499984927823 9.94253934133228e-07 -7.52254720904292e-07 -0.001999999999999 -0
17.7814144193182 9.46088922574716e-07 -2.27619643692383e-06 -0.001999999999999 -0
17.8128303458541 8.51236294045884e-07 -3.68781236108538e-06 -0.001999999999999 -0
17.84424627239 7.14376838146647e-07 -4.91744203970019e-06 -0.00199999999999901 -0
17.8756621989259 5.4226429831837e-07 -5.90440568032943e-06 -0.00199999999999901 -0
17.9070781254618 3.43392087963911e-07 -6.59999857951673e-06 -0.00199999999999901 -0
17.9384940519977 1.27574157296113e-07 -6.96989460356614e-06 -0.00199999999999901 -0
17.9699099785336 -9.45393056932593e-08 -6.99584011534313e-06 -0.00199999999999901 -0
18.0013259050695 -3.11987440944901e-07 -6.67655475516158e-06 -0.00199999999999901 -0
18.0327418316054 -5.14039613095372e-07 -6.02779462400177e-06 -0.00199999999999901 -0
18.0641577581413 -6.90724947107141e-07 -5.08157475109244e-06 -0.00199999999999901 -0
18.0955736846772 -8.3332437122936e-07 -3.88458921554394e-06 -0.001999999999999 -0
18.1269896112131 -9.34800885942481e-07 -2.49590688590471e-06 -0.001999999999999 -0
18.158405537749 -9.90146825965408e-07 -9.84056488336372e-07 -0.001999999999999 -0
18.1898214642849 -9.96630978631979e-07 5.76355150472974e-07 -0.001999999999999 0
18.2212373908208 -9.53933363833717e-07 2.10832480263384e-06 -0.001999999999999 0
18.2526533173567 -8.64161024405266e-07 3.53625279603975e-06 -0.001999999999999 0
18.2840692438926 -7.31744047728221e-07 4.78967370864992e-06 -0.00199999999999901 0
18.3154851704285 -5.63216949681531e-07 5.8067336976868e-06 -0.00199999999999901 0
18.3469010969644 -3.66896209208118e-07 6.5372428644305e-06 -0.00199999999999901 0
18.3783170235003 -1.52469866528988e-07 6.94515202644535e-06 -0.00199999999999901 0
18.4097329500362 6.94805624787818e-08 7.01033167342802e-06 -0.00199999999999901 0
18.4411488765721 2.88002263160398e-07 6.72956531872488e-06 -0.00199999999999901 0
18.472564803108 4.92311621821956e-07 6.11670822658623e-06 -0.00199999999999901 0
18.5039807296439 6.72326375736309e-07 5.20200368228114e-06 -0.00199999999999901 0
18.5353966561798 8.19163152865986e-07 4.03059054579048e-06 -0.001999999999999 0
18.5668125827157 9.25575848701986e-07 2.66027573835127e-06 -0.001999999999999 0
18.5982285092516 9.86313207188537e-07 1.15868158523541e-06 -0.001999999999999 0
18.6296444357875 9.98377959822492e-07 -4.00091212245939e-07 -0.001999999999999 -0
18.6610603623234 9.61174734925383e-07 -1.93912029978119e-06 -0.001999999999999 -0
18.6924762888593 8.76539438058104e-07 -3.38245763609168e-06 -0.001999999999999 -0
18.7238922153952 7.48648653712896e-07 -4.65887737854389e-06 -0.00199999999999901 -0
18.7553081419311 5.83813539129921e-07 -5.70539073759909e-06 -0.00199999999999901 -0
18.786724068467 3.90168381170885e-07 -6.47035434898563e-06 -0.00199999999999901 -0
18.8181399950029 1.77269185352e-07 -6.91601877157541e-06 -0.00199999999999901 -0
18.8495559215388 -4.43778941265231e-08 -7.02039134763542e-06 -0.00199999999999901 0
