0 1e-06 0 -0.001999999999999 -0
0.0837758040957278 8.24540366202885e-07 -3.82130840709346e-06 -0.00199999999999903 0
0.167551608191456 3.5973363099596e-07 -6.30164606671813e-06 -0.00199999999999908 0
0.251327412287183 -2.31310566529098e-07 -6.57061470397184e-06 -0.00199999999999908 0
0.335103216382911 -7.41183429460946e-07 -4.53382804166365e-06 -0.00199999999999904 0
0.418879020478639 -9.9096074617336e-07 -9.06033763576741e-07 -0.001999999999999 0
0.502654824574367 -8.92990843623986e-07 3.03970521924011e-06 -0.00199999999999902 -0
0.586430628670095 -4.81653248261719e-07 5.91875307281898e-06 -0.00199999999999907 -0
0.670206432765822 9.87057522149539e-08 6.72079643301303e-06 -0.00199999999999909 -0
0.75398223686155 6.44427002417012e-07 5.16438283128397e-06 -0.00199999999999905 -0
0.837758040957278 9.64006400912925e-07 1.79568778882453e-06 -0.00199999999999901 -0
0.921533845053006 9.45297379244321e-07 -2.20314869731701e-06 -0.00199999999999901 0
1.00530964914873 5.94865293592549e-07 -5.428857856195e-06 -0.00199999999999906 0
1.08908545324446 3.56835147960311e-08 -6.74947619230383e-06 -0.00199999999999909 0
1.17286125734019 -5.360202968779e-07 -5.70157328636445e-06 -0.00199999999999906 0
1.25663706143592 -9.19624258555775e-07 -2.65287845863916e-06 -0.00199999999999901 0
1.34041286553164 -9.80514348959362e-07 1.32676253480816e-06 -0.001999999999999 -0
1.42418866962737 -6.97323062160495e-07 4.84081699126922e-06 -0.00199999999999905 -0
1.5079644737231 -1.6942767711168e-07 6.65613549459643e-06 -0.00199999999999909 -0
1.59174027781883 4.17923144299367e-07 6.13568780515165e-06 -0.00199999999999907 -0
1.67551608191456 8.58616682002182e-07 3.46210904493608e-06 -0.00199999999999902 -0
1.75929188601028 9.98005082512591e-07 -4.26390485659708e-07 -0.001999999999999 0
1.84306769010601 7.87174270412362e-07 -4.16526137931867e-06 -0.00199999999999903 0
1.92684349420174 3.00108839869988e-07 -6.44246180040868e-06 -0.00199999999999908 0
2.01061929829747 -2.92270564958133e-07 -6.45887824499528e-06 -0.00199999999999908 0
2.09439510239319 -7.82086597191778e-07 -4.20874986636763e-06 -0.00199999999999903 0
2.17817090648892 -9.97453373543603e-07 -4.81690067147031e-07 -0.001999999999999 0
2.26194671058465 -8.62794542592113e-07 3.41440405764419e-06 -0.00199999999999902 -0
2.34572251468038 -4.25364482669888e-07 6.11231801125626e-06 -0.00199999999999907 -0
2.42949831877611 1.61334169971474e-07 6.66530180505514e-06 -0.00199999999999909 -0
2.51327412287183 6.91417553848513e-07 4.87930277112932e-06 -0.00199999999999905 -0
2.59704992696756 9.78869196127218e-07 1.38106238238835e-06 -0.001999999999999 -0
2.68082573106329 9.22816777030404e-07 -2.60181940608221e-06 -0.00199999999999901 0
2.76460153515902 5.42930170414405e-07 -5.67167263415807e-06 -0.00199999999999906 0
2.84837733925475 -2.74810939582493e-08 -6.75122665542088e-06 -0.00199999999999909 0
2.93215314335047 -5.88248712966385e-07 -5.46164516340049e-06 -0.00199999999999906 0
3.0159289474462 -9.42588524457086e-07 -2.25546715078e-06 -0.00199999999999901 0
3.09970475154193 -9.66155861302575e-07 1.74219774247493e-06 -0.00199999999999901 -0
3.18348055563766 -6.50680490917888e-07 5.12849187993634e-06 -0.00199999999999905 0
3.26725635973339 -1.0686879922242e-07 6.71509940302754e-06 -0.00199999999999909 0
3.35103216382911 4.74445213224861e-07 5.94524916178562e-06 -0.00199999999999907 0
3.43480796792484 8.89267258933664e-07 3.08909643902457e-06 -0.00199999999999902 0
3.51858377202057 9.92028289441926e-07 -8.51079743646801e-07 -0.001999999999999 -0
3.6023595761163 7.4666747918647e-07 -4.4925956460134e-06 -0.00199999999999904 -0
3.68613538021203 2.39286663998449e-07 -6.55757317468403e-06 -0.00199999999999908 -0
3.76991118430775 -3.52064452064987e-07 -6.32137192769874e-06 -0.00199999999999908 -0
3.85368698840348 -8.19869368463797e-07 -3.86687947365452e-06 -0.00199999999999903 -0
3.93746279249921 -9.99966326558331e-07 -5.54245068403982e-08 -0.001999999999999 -0
4.02123859659494 -8.29155833718124e-07 3.77547998732092e-06 -0.00199999999999903 0
4.10501440069066 -3.67378582988054e-07 6.28149580951502e-06 -0.00199999999999908 0
4.18879020478639 2.23318891014008e-07 6.58321372283773e-06 -0.00199999999999908 0
4.27256600888212 7.35649463341466e-07 4.5747550981257e-06 -0.00199999999999904 0
4.35634181297785 9.8982646478703e-07 9.60926764956504e-07 -0.001999999999999 0
4.44011761707358 8.96654288164142e-07 -2.99010928478287e-06 -0.00199999999999902 -0
4.5238934211693 4.88828845453457e-07 -5.89185837427965e-06 -0.00199999999999907 -0
4.60766922526503 -9.05360576827089e-08 -6.7260408383052e-06 -0.00199999999999909 -0
4.69144502936076 -6.38130113765985e-07 -5.19992597754354e-06 -0.00199999999999905 -0
4.77522083345649 -9.61792017696656e-07 -1.84905690119811e-06 -0.00199999999999901 -0
4.85899663755222 -9.47942571199237e-07 2.15068186865573e-06 -0.00199999999999901 0
4.94277244164794 -6.01441811895184e-07 5.39570493233281e-06 -0.00199999999999906 0
5.02654824574367 -4.38835324603049e-08 6.74727117300107e-06 -0.00199999999999909 0
5.1103240498394 5.29074324044995e-07 5.73108995537987e-06 -0.00199999999999906 0
5.19409985393513 9.16369806253491e-07 2.70375884810005e-06 -0.00199999999999901 0
5.27787565803086 9.82093467206037e-07 -1.27237333390633e-06 -0.001999999999999 -0
5.36165146212658 7.03181607937561e-07 -4.80200519747196e-06 -0.00199999999999904 -0
5.44542726622231 1.77509773825882e-07 -6.64652091415708e-06 -0.00199999999999908 -0
5.52920307031804 -4.10453660107602e-07 -6.15864437959623e-06 -0.00199999999999907 -0
5.61297887441377 -8.54380996254736e-07 -3.50958086997401e-06 -0.00199999999999902 -0
5.6967546785095 -9.98489578949716e-07 3.71062188102089e-07 -0.001999999999999 0
5.78053048260522 -7.92208929899191e-07 4.12149237489752e-06 -0.00199999999999903 0
5.86430628670095 -3.07926903386816e-07 6.4256114760988e-06 -0.00199999999999908 0
5.94808209079668 2.84412606534636e-07 6.47485970426222e-06 -0.00199999999999908 0
6.03185789489241 7.76946252876372e-07 4.25195490723035e-06 -0.00199999999999903 0
6.11563369898813 9.96834489198633e-07 5.369572083096e-07 -0.001999999999999 0
6.19940950308386 8.6691429665864e-07 -3.36646912088056e-06 -0.00199999999999902 -0
6.28318530717959 4.32777174068219e-07 -6.08853657179285e-06 -0.00199999999999907 0
6.36696111127532 -1.53229797477744e-07 -6.67401922821078e-06 -0.00199999999999909 0
6.45073691537105 -6.85465480719195e-07 -4.91745994515493e-06 -0.00199999999999905 0
6.53451271946677 -9.77158119505519e-07 -1.43526921972138e-06 -0.001999999999999 0
6.6182885235625 -9.25947146671208e-07 2.55058512909725e-06 -0.00199999999999901 -0
6.70206432765823 -5.49803479296063e-07 5.64139001247646e-06 -0.00199999999999906 -0
6.78584013175396 1.92768223544385e-08 6.75252244446398e-06 -0.00199999999999909 -0
6.86961593584969 5.81592515622775e-07 5.49406464582633e-06 -0.00199999999999906 -0
6.95339173994541 9.39816189270459e-07 2.30763370555992e-06 -0.00199999999999901 -0
7.03716754404114 9.68240254106148e-07 -1.68859036453722e-06 -0.00199999999999901 0
7.12094334813687 6.56890158115652e-07 -5.09225554064437e-06 -0.00199999999999905 0
7.2047191522326 1.15024648949333e-07 -6.70895013202597e-06 -0.00199999999999909 0
7.28849495632833 -4.67205225781577e-07 -5.97134485675054e-06 -0.00199999999999907 0
7.37227076042405 -8.85483784864998e-07 -3.13827961779154e-06 -0.00199999999999902 0
7.45604656451978 -9.93029022697015e-07 7.96068406148652e-07 -0.001999999999999 -0
7.53982236861551 -7.52101243184382e-07 4.45106068804829e-06 -0.00199999999999904 -0
7.62359817271124 -2.47246646256757e-07 6.54409001328064e-06 -0.00199999999999908 -0
7.70737397680697 3.44371562690433e-07 6.34067206398161e-06 -0.00199999999999908 -0
7.79114978090269 8.15143155077998e-07 3.91219011793478e-06 -0.00199999999999903 -0
7.87492558499842 9.99865308501126e-07 1.10845281013005e-07 -0.001999999999999 -0
7.95870138909415 8.3371546017216e-07 -3.72939730073813e-06 -0.00199999999999903 0
8.04247719318988 3.74998793177579e-07 -6.26092251314645e-06 -0.00199999999999908 0
8.1262529972856 -2.15312175667617e-07 -6.59536938277703e-06 -0.00199999999999908 0
8.21002880138133 -7.30065953523401e-07 -4.61537405908986e-06 -0.00199999999999904 0
8.29380460547706 -9.8862552167325e-07 -1.01575505091354e-06 -0.001999999999999 0
8.37758040957279 -9.00257345832558e-07 2.94031197578445e-06 -0.00199999999999902 -0
8.46135621366852 -4.95971521545969e-07 5.86456687744174e-06 -0.00199999999999907 -0
8.54513201776424 8.23602658291484e-08 6.7308322657097e-06 -0.00199999999999909 -0
8.62890782185997 6.3179024904063e-07 5.23511892499495e-06 -0.00199999999999905 -0
8.7126836259557 9.59512860785576e-07 1.90230148535228e-06 -0.00199999999999901 -0
8.79645943005143 9.50523922176399e-07 -2.09807019827353e-06 -0.00199999999999901 0
8.88023523414716 6.0797782496628e-07 -5.36218862456002e-06 -0.00199999999999906 0
8.96401103824288 5.20805947054386e-08 -6.74461174601378e-06 -0.00199999999999909 0
9.04778684233861 -5.2209271970531e-07 -5.76022065334868e-06 -0.00199999999999906 0
9.13156264643434 -9.1305363930077e-07 -2.75445714782923e-06 -0.00199999999999901 0
9.21533845053007 -9.83606444518548e-07 1.21789844262601e-06 -0.001999999999999 -0
9.2991142546258 -7.08992796624912e-07 4.76287000359086e-06 -0.00199999999999904 -0
9.38289005872152 -1.85579915810056e-07 6.63645871124912e-06 -0.00199999999999908 -0
9.46666586281725 4.02956533141074e-07 6.18118618853626e-06 -0.00199999999999907 0
9.55044166691298 8.50087770610009e-07 3.55681633567854e-06 -0.00199999999999902 0
9.63421747100871 9.98906830225653e-07 -3.15708900662572e-07 -0.001999999999999 -0
9.71799327510444 7.97190236583638e-07 -4.07744580081021e-06 -0.00199999999999903 -0
9.80176907920016 3.15724228986405e-07 -6.40832840688246e-06 -0.00199999999999908 -0
9.88554488329589 -2.76535493808507e-07 -6.49040510190803e-06 -0.00199999999999908 -0
9.96932068739162 -7.71753583652314e-07 -4.29487359218197e-06 -0.00199999999999904 -0
10.0530964914873 -9.96148471157611e-07 -5.92188187077707e-07 -0.001999999999999 -0
10.1368722955831 -8.70975666749167e-07 3.31830746291379e-06 -0.00199999999999902 0
10.2206480996788 -4.40160719272697e-07 6.06434508836723e-06 -0.00199999999999907 0
10.3044239037745 1.45115105434718e-07 6.68228717697206e-06 -0.00199999999999909 0
10.3881997078703 6.79467243626114e-07 4.95528594357929e-06 -0.00199999999999905 0
10.471975511966 9.75381234329942e-07 1.48937939614572e-06 -0.001999999999999 0
10.5557513160617 9.29015156657549e-07 -2.49917907815315e-06 -0.00199999999999901 -0
10.6395271201574 5.56639760626942e-07 -5.61072746075982e-06 -0.00199999999999906 -0
10.7233029242532 -1.10712525167208e-08 -6.75336347216577e-06 -0.00199999999999909 -0
10.8070787283489 -5.74897149835865e-07 -5.52611412012141e-06 -0.00199999999999906 -0
10.8908545324446 -9.36980560392574e-07 -2.35964484840189e-06 -0.00199999999999901 -0
10.9746303365404 -9.70259438946284e-07 1.63486926530121e-06 -0.00199999999999901 0
11.0584061406361 -6.63055585808572e-07 5.05567625381258e-06 -0.00199999999999905 0
11.1421819447318 -1.23172752124632e-07 6.70234903414253e-06 -0.00199999999999909 0
11.2259577488275 4.59933773522457e-07 5.99703840025002e-06 -0.00199999999999907 0
11.3097335529233 8.81640676223174e-07 3.1872514432072e-06 -0.00199999999999902 0
11.393509357019 9.93962878542362e-07 -7.41003455924424e-07 -0.001999999999999 -0
11.4772851611147 7.57484355507611e-07 -4.4092259650183e-06 -0.00199999999999904 -0
11.5610609652104 2.55189977224023e-07 -6.53016612781057e-06 -0.00199999999999908 -0
11.6448367693062 -3.36655480964421e-07 -6.35954517576269e-06 -0.00199999999999908 -0
11.7286125734019 -8.1036204434123e-07 -3.95723728840357e-06 -0.00199999999999903 -0
11.8123883774976 -9.99696952631635e-07 -1.662585901014e-07 -0.001999999999999 -0
11.8961641815934 -8.38218938488364e-07 3.6830634508704e-06 -0.00199999999999903 0
11.9799399856891 -3.82593748367128e-07 6.23992756315979e-06 -0.00199999999999908 0
12.0637157897848 2.0729095971725e-07 6.60708086514395e-06 -0.00199999999999908 0
12.1474915938805 7.24433276038734e-07 4.65568218899571e-06 -0.00199999999999904 0
12.2312673979763 9.87357997711797e-07 1.07051492893365e-06 -0.001999999999999 0
12.315043202072 9.0379977397453e-07 -2.89031664593842e-06 -0.00199999999999902 -0
12.3988190061677 5.0308079550228e-07 -5.8368804203025e-06 -0.00199999999999907 -0
12.4825948102635 -7.41789272683738e-08 -6.73517039253884e-06 -0.00199999999999909 -0
12.5663706143592 -6.2540783521108e-07 -5.26995930350285e-06 -0.00199999999999905 0
12.6501464184549 -9.57169083673799e-07 -1.95541795543023e-06 -0.00199999999999901 0
12.7339222225506 -9.53041258329864e-07 2.04531722940246e-06 -0.00199999999999901 -0
12.8176980266464 -6.14472892625725e-07 5.32831119009549e-06 -0.00199999999999906 -0
12.9014738307421 -6.02741494848358e-08 6.74149809044606e-06 -0.00199999999999909 -0
12.9852496348378 5.1507595404814e-07 5.78896341840914e-06 -0.00199999999999906 -0
13.0690254389336 9.09675981031122e-07 2.80496994345421e-06 -0.00199999999999902 -0
13.1528012430293 9.8505317900259e-07 -1.16334152968137e-06 -0.001999999999999 0
13.236577047125 7.147562368571e-07 -4.72341404525928e-06 -0.00199999999999904 0
13.3203528512207 1.93637559565289e-07 -6.62594956353056e-06 -0.00199999999999908 0
13.4041286553165 -3.95432268307919e-07 -6.20331171385116e-06 -0.00199999999999907 0
13.4879044594122 -8.45737294203367e-07 -3.60381226088825e-06 -0.00199999999999903 0
13.5716802635079 -9.9925680823983e-07 2.60334351212557e-07 -0.001999999999999 -0
13.6554560676036 -8.02117854990224e-07 4.03312462345625e-06 -0.00199999999999903 -0
13.7392318716994 -3.23500291543177e-07 6.39061375672052e-06 -0.00199999999999908 -0
13.8230076757951 2.68639757278738e-07 6.50551339099863e-06 -0.00199999999999908 -0
13.9067834798908 7.66508939229692e-07 4.33750303078283e-06 -0.00199999999999904 -0
13.9905592839866 9.95395365621715e-07 6.47379283817062e-07 -0.001999999999999 -0
14.0743350880823 8.74978379343074e-07 -3.26992232728143e-06 -0.00199999999999902 0
14.158110892178 4.47514621024563e-07 -6.03974519020043e-06 -0.00199999999999907 0
14.2418866962737 -1.36990640341617e-07 -6.6901050945184e-06 -0.00199999999999909 0
14.3256625003695 -6.73423246531845e-07 -4.9927782189393e-06 -0.00199999999999905 0
14.4094383044652 -9.73538660268168e-07 -1.54338926750962e-06 -0.001999999999999 0
14.4932141085609 -9.32020600368514e-07 2.44760471528724e-06 -0.00199999999999901 -0
14.5769899126567 -5.63438554004801e-07 5.57968704403543e-06 -0.00199999999999906 -0
14.6607657167524 2.86493706465188e-09 6.75374968188566e-06 -0.00199999999999909 -0
14.7445415208481 5.68163066517673e-07 5.55779142785354e-06 -0.00199999999999906 -0
14.8283173249438 9.34081828794199e-07 2.41149707651752e-06 -0.00199999999999901 -0
14.9120931290396 9.72213279837178e-07 -1.58103806271553e-06 -0.001999999999999 0
14.9958689331353 6.69176358774308e-07 -5.01875648294194e-06 -0.00199999999999905 0
15.079644737231 1.31312559998963e-07 -6.6952965539406e-06 -0.00199999999999909 0
15.1634205413268 -4.5263134615715e-07 -6.02232806190399e-06 -0.00199999999999907 0
15.2471963454225 -8.77738191829584e-07 -3.23600861717175e-06 -0.00199999999999902 0
15.3309721495182 -9.94829794085685e-07 6.85888601426898e-07 -0.001999999999999 -0
15.4147479536139 -7.62816453620318e-07 4.36709429436163e-06 -0.00199999999999904 -0
15.4985237577097 -2.63116121941664e-07 6.51580245600412e-06 -0.00199999999999908 -0
15.5822995618054 3.28916726541008e-07 6.37798999199675e-06 -0.00199999999999908 -0
15.6660753659011 8.055263582464e-07 4.00201795127437e-06 -0.00199999999999903 -0
15.7498511699968 9.99461270288102e-07 2.21660702191926e-07 -0.001999999999999 0
15.8336269740926 8.42665965371505e-07 -3.63648155815811e-06 -0.00199999999999903 -0
15.9174027781883 3.9016293706014e-07 -6.2185123734995e-06 -0.00199999999999907 -0
16.001178582284 -1.99255783366802e-07 -6.61834738120663e-06 -0.00199999999999908 -0
16.0849543863798 -7.1875181023074e-07 -4.69567677321631e-06 -0.00199999999999904 -0
16.1687301904755 -9.8602397826646e-07 -1.12520271110974e-06 -0.001999999999999 -0
16.2525059945712 -9.07281334018563e-07 2.84012666227443e-06 -0.00199999999999902 0
16.3362817986669 -5.10156188534947e-07 5.80880086745854e-06 -0.00199999999999907 0
16.4200576027627 6.59925929880382e-08 6.73905492663329e-06 -0.00199999999999909 0
16.5038334068584 6.18983302113013e-07 5.30444476667634e-06 -0.00199999999999905 0
16.5876092109541 9.5476084420741e-07 2.00840273420327e-06 -0.00199999999999901 0
16.6713850150498 9.55494410124888e-07 -1.99242651479055e-06 -0.00199999999999901 -0
16.7551608191456 6.20926577450956e-07 -5.29407491047886e-06 -0.00199999999999905 -0
16.8389366232413 6.84636449881196e-08 -6.73793041599293e-06 -0.00199999999999909 -0
16.922712427337 -5.08024499630783e-07 -5.81731631482561e-06 -0.00199999999999907 -0
17.0064882314327 -9.06237058919304e-07 -2.85529383309565e-06 -0.00199999999999902 -0
17.0902640355285 -9.86433573225104e-07 1.10870626931044e-06 -0.001999999999999 0
17.1740398396242 -7.20471540484391e-07 4.68363997971304e-06 -0.00199999999999904 0
17.2578156437199 -2.01682162434388e-07 6.61499417875974e-06 -0.00199999999999908 0
17.3415914478156 3.87881372343922e-07 6.22501946545575e-06 -0.00199999999999907 0
17.4253672519114 8.41329860025839e-07 3.65056548057405e-06 -0.00199999999999903 0
17.5091430560071 9.99539489422318e-07 -2.04942269055361e-07 -0.001999999999999 -0
17.5929188601028 8.06991453259207e-07 -3.98853182772878e-06 -0.00199999999999903 -0
17.6766946641986 3.31254567363555e-07 -6.37246871863944e-06 -0.00199999999999908 -0
17.7604704682943 -2.60725928698575e-07 -6.52018355403783e-06 -0.00199999999999908 -0
17.84424627239 -7.61212672818963e-07 -4.3798403520731e-06 -0.00199999999999904 -0
17.9280220764857 -9.94575223310255e-07 -7.02526781579314e-07 -0.001999999999999 -0
18.0117978805815 -8.78922164870144e-07 3.22131697257158e-06 -0.00199999999999902 0
18.0955736846772 -4.54838384061456e-07 6.01473853401891e-06 -0.00199999999999907 0
18.1793494887729 1.28856949355842e-07 6.69747245433742e-06 -0.00199999999999909 0
18.2631252928686 6.67333896480754e-07 5.02993424624706e-06 -0.00199999999999905 0
18.3469010969644 9.71630521411815e-07 1.59729519641658e-06 -0.001999999999999 0
18.4306769010601 9.34963275396839e-07 -2.39586551387211e-06 -0.00199999999999901 -0
18.5144527051558 5.70199401552095e-07 -5.54827085277864e-06 -0.00199999999999906 -0
18.5982285092515 5.34157133199944e-09 -6.75368104761363e-06 -0.00199999999999909 -0
18.6820043133473 -5.61390719187724e-07 -5.58909443565476e-06 -0.00199999999999906 -0
18.765780117443 -9.31120189695871e-07 -2.46318689782088e-06 -0.00199999999999901 -0
18.8495559215387 -9.74101645193735e-07 1.52710038214388e-06 -0.001999999999999 0
