0 1e-06 0 -0.001999999999999 -0
0.314159265358979 -1.46740110027193e-06 3.67095965723236e-06 -0.00199999999999758 -0
0.628318530717959 3.30653197815714e-06 -1.07735404801103e-05 -0.00199999999998675 0
0.942477796076938 -8.23661622536526e-06 2.79472506507251e-05 -0.00199999999991654 -0
1.25663706143592 2.08663074446272e-05 -7.12461122169662e-05 -0.00199999999946308 0
1.5707963267949 -5.30018687728963e-05 0.000181145996069712 -0.00199999999653452 -0
1.88495559215388 0.00013468369354059 -0.000460381552482136 -0.00199999997762128 0
2.19911485751286 -0.000342268129398125 0.0011699827449546 -0.00199999985547534 -0
2.51327412287183 0.000869805532815826 -0.00297328552380747 -0.00199999906662985 0
2.82743338823081 -0.00221043852112181 0.00755600806810857 -0.00199999397209838 -0
3.14159265358979 0.00561738542026284 -0.0192018724150953 -0.00199996107082593 0
3.45575191894877 -0.0142753307840082 0.0487938955245936 -0.00199974860150687 0
3.76991118430775 0.0362754941642811 -0.123936310270117 -0.00199837702863866 -0
4.08407044966673 -0.092146811155533 0.313914715563486 -0.00198954412266001 0
4.39822971502571 0.233513927017877 -0.780781403083947 -0.0019335261860494 -0
4.71238898038469 -0.582726235153145 1.72389095776236 -0.00161049500171809 0
5.02654824574367 1.3166665607171 -1.55577587473586 -0.000454397668155551 -0
5.34070751110265 -1.56024904689363 -1.30396201670351 1.29121701265177e-05 -0
5.65486677646163 0.497363062269921 2.80237159688148 -0.00160062171787872 0
5.96902604182061 0.200532957384678 -2.50928702196538 -0.00183399068556491 -0
6.28318530717959 -1.07926847252101 2.85043611756698 -0.000781447107544787 0
6.59734457253857 1.99151479067976 2.60552570491254 0.000952608022358028 -0
6.91150383789754 0.557831610137507 -8.72104297298529 -0.000175678063302182 0
7.22566310325652 -3.48807811643453 -15.5456975400284 0.00671451831193031 0
7.5398223686155 -9.2098182271989 -16.5375466226758 0.00742377893425157 0
7.85398163397448 -13.878925112074 -7.26868147099538 0.000545912453192648 0
8.16814089933346 -13.7768654893116 7.67454795604571 0.000472861036419788 -0
8.48230016469244 -9.0568644164068 17.8490667998592 0.00823794333305067 -0
8.79645943005142 -2.56196606293733 24.975620055237 0.0141489664005816 -0
9.1106186954104 6.63578048046971 26.5650858510393 0.0122371163828323 -0
9.42477796076938 14.1293696473841 15.9990922654656 0.00510382463685667 -0
9.73893722612836 16.6883066255281 14.6695622291654 0.00541739583264769 0
10.0530964914873 23.346527433489 28.8662295427052 0.0170926946932501 0
10.3672557568463 34.825493559168 38.6182506423086 0.0317560040894846 0
10.6814150222053 47.6110899359622 44.3746872968936 0.0411495516315064 0
10.9955742875643 62.706931882621 49.0301362327877 0.0460946702003812 0
11.3097335529233 78.4176330946487 49.0514760682296 0.0501060359071069 0
11.6238928182822 93.5268832553581 53.2783226753147 0.0552691645694771 0
11.9380520836412 111.89339051712 65.793796544173 0.0858591171962701 0
12.2522113490002 134.866344830349 71.3948203582124 0.103895264206893 0
12.5663706143592 156.752079145464 72.1912986549457 0.102338007486035 0
12.8805298797182 180.225475531846 81.9019539300507 0.134966997528976 -0
13.1946891450771 208.212594501724 83.0955258080354 0.136803826003997 -0
13.5088484104361 232.435934216787 77.4344444299171 0.117923620892588 -0
13.8230076757951 256.866090852891 83.0855335204715 0.136593273150988 -0
14.1371669411541 284.640114562287 80.9670916415761 0.131753872124794 -0
14.451326206513 307.739214909632 74.5983035166358 0.109316840595733 -0
14.765485471872 331.511611021912 83.502613936144 0.139306691331672 -0
15.079644737231 360.205454609099 84.4169908523196 0.143471277153044 -0
15.39380400259 384.552370681873 69.9787688878784 0.0973634287589048 -0
15.707963267949 404.174411858182 55.4915699048377 0.0625094118528547 -0
16.0221225333079 419.418752351714 56.3772024258347 0.0635355142719904 0
16.3362817986669 439.597252852372 65.9879367915993 0.08513888900038 0
16.6504410640259 460.880195841721 61.4314260695653 0.0766657694614961 0
16.9646003293849 478.19575622031 50.2173502829331 0.048872574227901 0
17.2787595947439 492.432687588043 39.6979293065258 0.0329157094176667 0
17.5929188601028 503.138700834732 30.4245169890208 0.0167426281058435 0
17.9070781254618 511.548975400388 22.7960368411972 0.0121181656399856 0
18.2212373908208 517.461873208985 12.6646403535353 0.00444964880861801 0
18.5353966561798 519.506403619392 13.6561454888143 0.00455841892257589 0
18.8495559215388 526.042282477788 28.5390731884535 0.0166367798661517 -0
