0 1e-06 0 -0.001999999999999 -0
0.125663706143592 6.05215823956491e-07 -5.04293423996716e-06 -0.00199999999999912 0
0.251327412287183 -2.67427612865381e-07 -6.10412720240013e-06 -0.00199999999999918 0
0.376991118430775 -9.28918670094537e-07 -2.34569450870422e-06 -0.00199999999999903 0
0.502654824574367 -8.56964943754269e-07 3.26482433272883e-06 -0.00199999999999905 -0
0.628318530717959 -1.0837881897757e-07 6.29754120591557e-06 -0.0019999999999992 -0
0.75398223686155 7.25779791300401e-07 4.35791884694717e-06 -0.00199999999999909 -0
0.879645943005142 9.86885647783209e-07 -1.02257831453433e-06 -0.00199999999999901 0
1.00530964914873 4.68777829647498e-07 -5.59568000132906e-06 -0.00199999999999915 0
1.13097335529233 -4.19462126937966e-07 -5.75060985066793e-06 -0.00199999999999916 0
1.25663706143592 -9.76508063194059e-07 -1.36504015671934e-06 -0.00199999999999901 0
1.38230076757951 -7.62534137194328e-07 4.09832204430273e-06 -0.00199999999999908 -0
1.5079644737231 5.35126109200654e-08 6.32577886248274e-06 -0.0019999999999992 -0
1.63362817986669 8.27307495014422e-07 3.55860088854507e-06 -0.00199999999999906 -0
1.75929188601028 9.47886563600969e-07 -2.01833572469655e-06 -0.00199999999999902 0
1.88495559215388 3.20044400199661e-07 -6.00165832583117e-06 -0.00199999999999918 0
2.01061929829747 -5.6049469286201e-07 -5.2462614528497e-06 -0.00199999999999914 0
2.13628300444106 -9.98484914927054e-07 -3.48582569923892e-07 -0.001999999999999 0
2.26194671058465 -6.48103048129398e-07 4.82432607830297e-06 -0.00199999999999911 -0
2.38761041672824 2.14000474362409e-07 6.18809953495363e-06 -0.00199999999999919 -0
2.51327412287183 9.07135994966022e-07 2.66594543924023e-06 -0.00199999999999904 -0
2.63893782901543 8.84025642905475e-07 -2.96115480368797e-06 -0.00199999999999904 0
2.76460153515902 1.62916620773361e-07 -6.25022092799371e-06 -0.00199999999999919 0
2.89026524130261 -6.86826209150382e-07 -4.60431041400337e-06 -0.0019999999999991 0
3.0159289474462 -9.94272800945037e-07 6.77017886068784e-07 -0.001999999999999 -0
3.14159265358979 -5.16673055772575e-07 5.42379428950418e-06 -0.00199999999999914 0
3.26725635973339 3.68875382614052e-07 5.88811437371662e-06 -0.00199999999999917 0
3.39292006587698 9.63171493024593e-07 1.70336569497351e-06 -0.00199999999999901 0
3.51858377202057 7.96977874910504e-07 -3.82630662855138e-06 -0.00199999999999907 -0
3.64424747816416 1.51574945347779e-09 -6.33484833279128e-06 -0.0019999999999992 -0
3.76991118430775 -7.95143163801708e-07 -3.84159427818768e-06 -0.00199999999999907 -0
3.89557489045135 -9.63982199540683e-07 1.68486104003152e-06 -0.00199999999999901 0
4.02123859659494 -3.71691398547094e-07 5.88100340337743e-06 -0.00199999999999917 0
4.14690230273853 5.14075167482285e-07 5.43369160090025e-06 -0.00199999999999915 0
4.27256600888212 9.9394425067377e-07 6.96108875351023e-07 -0.001999999999999 0
4.39822971502571 6.89026409794399e-07 -4.59109938778225e-06 -0.0019999999999991 -0
4.5238934211693 -1.59924878010816e-07 -6.25332087303649e-06 -0.00199999999999919 -0
4.6495571273129 -8.82604543427294e-07 -2.97811810149567e-06 -0.00199999999999904 -0
4.77522083345649 -9.08407593945343e-07 2.64851247176361e-06 -0.00199999999999903 0
4.90088453960008 -2.16960757488615e-07 6.18396141721059e-06 -0.00199999999999919 0
5.02654824574367 6.45791426725977e-07 4.83675013710063e-06 -0.00199999999999911 0
5.15221195188726 9.98647138348566e-07 -3.29405978216637e-07 -0.001999999999999 -0
5.27787565803086 5.63002674628862e-07 -5.23547355814579e-06 -0.00199999999999913 -0
5.40353936417445 -3.17170883118187e-07 -6.00777690837446e-06 -0.00199999999999918 -0
5.52920307031804 -9.46916349351587e-07 -2.03652974535123e-06 -0.00199999999999902 -0
5.65486677646163 -8.29006634063188e-07 3.54269685268515e-06 -0.00199999999999906 0
5.78053048260522 -5.65395168482782e-08 6.32472213480304e-06 -0.0019999999999992 0
5.90619418874882 7.6056941351233e-07 4.1129469835359e-06 -0.00199999999999908 0
6.03185789489241 9.77156805398177e-07 -1.346280939743e-06 -0.00199999999999901 -0
6.157521601036 4.22212108715165e-07 -5.74252803998287e-06 -0.00199999999999916 -0
6.28318530717959 -4.6609790687731e-07 -5.60465673887977e-06 -0.00199999999999915 0
6.40884901332318 -9.86391766225411e-07 -1.04152585244577e-06 -0.00199999999999901 0
6.53451271946678 -7.27861904202709e-07 4.34396088495984e-06 -0.00199999999999909 -0
6.66017642561037 1.0536468206829e-07 6.29959358489719e-06 -0.0019999999999992 -0
6.78584013175396 8.55398649950442e-07 3.28126655918901e-06 -0.00199999999999905 -0
6.91150383789755 9.30036915413735e-07 -2.32784469641627e-06 -0.00199999999999903 0
7.03716754404114 2.70347466193696e-07 -6.09896345115767e-06 -0.00199999999999918 0
7.16283125018473 -6.02799786399833e-07 -5.0545336843293e-06 -0.00199999999999913 0
7.28849495632833 -9.9999540500719e-07 -1.92040857965854e-08 -0.001999999999999 0
7.41415866247192 -6.0762629958843e-07 5.03128845111187e-06 -0.00199999999999912 -0
7.53982236861551 2.64505301881149e-07 6.10923485680136e-06 -0.00199999999999918 -0
7.6654860747591 9.27791888026118e-07 2.36352276409336e-06 -0.00199999999999903 -0
7.79114978090269 8.58523362062585e-07 -3.24835210257997e-06 -0.00199999999999905 0
7.91681348704629 1.11391959887062e-07 -6.29543095262083e-06 -0.00199999999999919 0
8.04247719318988 -7.23691008492246e-07 -4.37183675972296e-06 -0.00199999999999909 0
8.16814089933347 -9.87370459876095e-07 1.00362137914288e-06 -0.00199999999999901 -0
8.29380460547706 -4.71453444356172e-07 5.58665183955959e-06 -0.00199999999999915 -0
8.41946831162065 4.1670829030985e-07 5.75863881333114e-06 -0.00199999999999916 -0
8.54513201776424 9.7585034689488e-07 1.38378682899627e-06 -0.00199999999999901 -0
8.67079572390783 7.64491853198569e-07 -4.08365944154889e-06 -0.00199999999999908 0
8.79645943005142 -5.04852132117274e-08 -6.32677745634565e-06 -0.0019999999999992 0
8.92212313619502 -8.25600753021672e-07 -3.57447222091398e-06 -0.00199999999999906 0
9.04778684233861 -9.4884806678646e-07 2.00012315556558e-06 -0.00199999999999902 -0
9.1734505484822 -3.22914976077698e-07 5.99548458813416e-06 -0.00199999999999918 -0
9.29911425462579 5.57981560156989e-07 5.25700113448629e-06 -0.00199999999999914 -0
9.42477796076938 9.98313515443529e-07 3.67755958162346e-07 -0.001999999999999 -0
9.55044166691297 6.50408713475125e-07 -4.81185768401802e-06 -0.00199999999999911 -0
9.67610537305656 -2.1103822457492e-07 -6.19218078415092e-06 -0.00199999999999919 -0
9.80176907920015 -9.05856059419949e-07 -2.6833539067166e-06 -0.00199999999999904 -0
9.92743278534374 -8.85438618200708e-07 2.9441642929102e-06 -0.00199999999999904 0
10.0530964914873 -1.65906866334503e-07 6.24706354351045e-06 -0.00199999999999919 0
10.1787601976309 6.84619696583377e-07 4.61747912667799e-06 -0.0019999999999991 0
10.3044239037745 9.94592213863559e-07 -6.57920675001906e-07 -0.001999999999999 -0
10.4300876099181 5.19266195844911e-07 -5.41384713351658e-06 -0.00199999999999914 -0
10.5557513160617 -3.66055976721548e-07 -5.89517123236937e-06 -0.00199999999999917 -0
10.6814150222053 -9.62351934976329e-07 -1.72185469600925e-06 -0.00199999999999901 -0
10.8070787283489 -7.98805261804088e-07 3.81098381521217e-06 -0.00199999999999907 0
10.9327424344925 -4.54723443071726e-09 6.33479011562619e-06 -0.0019999999999992 0
11.0584061406361 7.93301145338669e-07 3.85684662362781e-06 -0.00199999999999907 0
11.1840698467797 9.64784047074221e-07 -1.66634090124079e-06 -0.00199999999999901 -0
11.3097335529232 3.74503998641528e-07 -5.87383838670152e-06 -0.00199999999999917 -0
11.4353972590668 -5.11472554848597e-07 -5.44353897674863e-06 -0.00199999999999915 -0
11.5610609652104 -9.93606566069129e-07 -7.15193467402706e-07 -0.001999999999999 -0
11.686724671354 -6.91220278295617e-07 4.57784616942377e-06 -0.0019999999999991 0
11.8123883774976 1.56931665540942e-07 6.25636335015037e-06 -0.00199999999999919 0
11.9380520836412 8.81175332826048e-07 2.99505403044084e-06 -0.00199999999999904 0
12.0637157897848 9.09670844671937e-07 -2.63105516449544e-06 -0.00199999999999903 -0
12.1893794959284 2.19919046748579e-07 -6.17976646895103e-06 -0.00199999999999919 -0
12.315043202072 -6.4347387050863e-07 -4.84912974623406e-06 -0.00199999999999912 -0
12.4407069082156 -9.98800184217235e-07 3.10226359273175e-07 -0.001999999999999 0
12.5663706143592 -5.65505482409229e-07 5.22463754951514e-06 -0.00199999999999913 0
12.6920343205027 3.14294451240857e-07 6.01384027953434e-06 -0.00199999999999918 -0
12.8176980266463 9.45937432954569e-07 2.05470505032683e-06 -0.00199999999999902 -0
12.9433617327899 8.30698154552905e-07 -3.5267602594921e-06 -0.00199999999999906 0
13.0690254389335 5.95659031791441e-08 -6.32360728301784e-06 -0.0019999999999992 0
13.1946891450771 -7.58597700208356e-07 -4.12753412484543e-06 -0.00199999999999908 0
13.3203528512207 -9.77796567545302e-07 1.32750935046418e-06 -0.00199999999999901 -0
13.4460165573643 -4.24958210369155e-07 5.73439345554769e-06 -0.00199999999999916 -0
13.5716802635079 4.63413700674058e-07 5.61358196971562e-06 -0.00199999999999916 -0
13.6973439696515 9.85888819741462e-07 1.06046381874961e-06 -0.00199999999999901 -0
13.8230076757951 7.29937328064581e-07 -4.32996300203443e-06 -0.00199999999999909 0
13.9486713819387 -1.02349576859096e-07 -6.30158807070432e-06 -0.0019999999999992 0
14.0743350880822 -8.5382449504532e-07 -3.29767863085669e-06 -0.00199999999999905 0
14.1999987942258 -9.31146613707051e-07 2.30997349126903e-06 -0.00199999999999903 -0
14.3256625003694 -2.73264835032683e-07 6.09374365052879e-06 -0.00199999999999918 -0
14.451326206513 6.00378209121804e-07 5.06608667759954e-06 -0.00199999999999913 -0
14.5769899126566 9.99981620070983e-07 3.84079951078957e-08 -0.001999999999999 -0
14.7026536188002 6.10031191143411e-07 -5.01959642478805e-06 -0.00199999999999912 0
14.8283173249438 -2.61580560096996e-07 -6.11428636742209e-06 -0.00199999999999918 0
14.9539810310874 -9.26656579563586e-07 -2.38132929874228e-06 -0.00199999999999903 0
15.079644737231 -8.60073890553547e-07 3.23185002012199e-06 -0.00199999999999905 -0
15.2053084433746 -1.14404077106044e-07 6.29326284440614e-06 -0.0019999999999992 -0
15.3309721495182 7.21595574974128e-07 4.38571449538178e-06 -0.00199999999999909 -0
15.4566358556617 9.87846198048649e-07 -9.84655220485387e-07 -0.001999999999999 0
15.5822995618053 4.7412472641447e-07 -5.57757233654004e-06 -0.00199999999999915 0
15.7079632679489 -4.13950624138539e-07 -5.76661485418645e-06 -0.00199999999999916 0
15.8336269740925 -9.75183662545044e-07 -1.40252078429213e-06 -0.00199999999999901 -0
15.9592906802361 -7.66442543533671e-07 4.0689593100235e-06 -0.00199999999999908 0
16.0849543863797 4.74573515450066e-08 6.3277179072147e-06 -0.0019999999999992 0
16.2106180925233 8.23886423769873e-07 3.59031070393458e-06 -0.00199999999999906 0
16.3362817986669 9.4980085007186e-07 -1.98189220533158e-06 -0.00199999999999902 -0
16.4619455048105 3.25782584371748e-07 -5.98925575201999e-06 -0.00199999999999918 -0
16.5876092109541 -5.55463299609452e-07 -5.26769250435804e-06 -0.00199999999999914 -0
16.7132729170977 -9.9813294147315e-07 -3.86925966728825e-07 -0.001999999999999 -0
16.8389366232412 -6.52708401574125e-07 4.79934506883014e-06 -0.00199999999999911 0
16.9646003293848 2.08074035349182e-07 6.19620512729583e-06 -0.00199999999999919 0
17.0902640355284 9.04567799069714e-07 2.70073771420915e-06 -0.00199999999999904 0
17.215927741672 8.8684345632777e-07 -2.9271467253049e-06 -0.00199999999999904 -0
17.3415914478156 1.68895587213929e-07 -6.24384874860305e-06 -0.00199999999999919 -0
17.4672551539592 -6.82406892371204e-07 -4.63060540478582e-06 -0.00199999999999911 -0
17.5929188601028 -9.94902486493936e-07 6.38817417653486e-07 -0.001999999999999 0
17.7185825662464 -5.21854563868373e-07 5.40385022435165e-06 -0.00199999999999914 0
17.84424627239 3.6323320677988e-07 5.90217391448325e-06 -0.00199999999999917 0
17.9699099785336 9.61523532927619e-07 1.7403278732251e-06 -0.00199999999999901 0
18.0955736846772 8.00625307688801e-07 -3.79562597898648e-06 -0.00199999999999907 -0
18.2212373908208 7.5786776189385e-09 -6.334673681831e-06 -0.0019999999999992 -0
18.3469010969643 -7.9145183644951e-07 -3.87206352470292e-06 -0.00199999999999907 -0
18.4725648031079 -9.65577028256236e-07 1.64780544880114e-06 -0.00199999999999901 0
18.5982285092515 -3.77313157049598e-07 5.86661938953529e-06 -0.00199999999999917 0
18.7238922153951 5.08865241789483e-07 5.45333632655208e-06 -0.00199999999999915 0
18.8495559215387 9.93259750234431e-07 7.34271486836707e-07 -0.001999999999999 0
