0 1e-06 0 -0.001999999999999 -0
0.0628318530717959 9.01303955989123e-07 -2.98656127018787e-06 -0.00199999999999901 0
0.125663706143592 6.2469764216328e-07 -5.38359897524855e-06 -0.00199999999999903 0
0.188495559215388 2.24780956368548e-07 -6.71795683751315e-06 -0.00199999999999905 0
0.251327412287183 -2.19505711751306e-07 -6.72624317238086e-06 -0.00199999999999905 0
0.314159265358979 -6.20463689095861e-07 -5.40682232291009e-06 -0.00199999999999903 0
0.376991118430775 -8.98947043308091e-07 -3.02013752555747e-06 -0.00199999999999901 0
0.439822971502571 -9.99985363620749e-07 -3.73014759223058e-08 -0.001999999999999 0
0.502654824574367 -9.03634485017114e-07 2.95289758993145e-06 -0.00199999999999901 -0
0.565486677646163 -6.28913308607483e-07 5.36021803479433e-06 -0.00199999999999903 -0
0.628318530717959 -2.30049621027138e-07 6.70947384951731e-06 -0.00199999999999905 -0
0.691150383789754 2.14224041596374e-07 6.73433261155655e-06 -0.00199999999999905 -0
0.75398223686155 6.16211573344711e-07 5.4298873979675e-06 -0.00199999999999903 -0
0.816814089933346 8.96563815967354e-07 3.05362537317064e-06 -0.00199999999999901 -0
0.879645943005142 9.99941454911442e-07 7.46018599275161e-08 -0.001999999999999 -0
0.942477796076938 9.0593856217105e-07 -2.919147470217e-06 -0.00199999999999901 0
1.00530964914873 6.33110565024284e-07 -5.33668018597206e-06 -0.00199999999999903 0
1.06814150222053 2.35311551498729e-07 -6.70079445671379e-06 -0.00199999999999905 0
1.13097335529233 -2.08936100512807e-07 -6.74222491824004e-06 -0.00199999999999905 0
1.19380520836412 -6.11941419380989e-07 -5.45279352524242e-06 -0.00199999999999903 0
1.25663706143592 -8.9415434373055e-07 -3.0870238327457e-06 -0.00199999999999901 0
1.31946891450771 -9.9986827515741e-07 -1.11900060130495e-07 -0.001999999999999 0
1.38230076757951 -9.08216120004239e-07 2.88531189900363e-06 -0.00199999999999901 -0
1.44513262065131 -6.37289288548409e-07 5.31298611779951e-06 -0.00199999999999903 -0
1.5079644737231 -2.40566593752099e-07 6.69191891317237e-06 -0.00199999999999905 -0
1.5707963267949 2.03642043293227e-07 6.74991986140172e-06 -0.00199999999999905 -0
1.63362817986669 6.0765335220388e-07 5.47554003420931e-06 -0.00199999999999903 -0
1.69646003293849 8.91718697129578e-07 3.12033192661762e-06 -0.00199999999999901 -0
1.75929188601029 9.99765826500824e-07 1.49194984710039e-07 -0.001999999999999 -0
1.82212373908208 9.10467091846278e-07 -2.85139186675182e-06 -0.00199999999999901 0
1.88495559215388 6.41449356857095e-07 -5.2891365238674e-06 -0.00199999999999903 0
1.94778744522567 2.45814593957667e-07 -6.68284747870468e-06 -0.00199999999999905 0
2.01061929829747 -1.98342024909293e-07 -6.75741721578938e-06 -0.00199999999999905 0
2.07345115136926 -6.03347497336938e-07 -5.49812625901511e-06 -0.00199999999999903 0
2.13628300444106 -8.89256947462532e-07 -3.1535486797666e-06 -0.00199999999999901 0
2.19911485751286 -9.9963411194064e-07 -1.86485541940825e-07 -0.001999999999999 0
2.26194671058465 -9.12691411805013e-07 2.81738836639451e-06 -0.00199999999999901 -0
2.32477856365645 -6.45590648173666e-07 5.26513210231914e-06 -0.00199999999999903 -0
2.38761041672824 -2.51055398491989e-07 6.67358041885664e-06 -0.00199999999999905 -0
2.45044226980004 1.93036200507162e-07 6.76471676193479e-06 -0.00199999999999905 -0
2.51327412287184 5.99023980824413e-07 5.52055153849871e-06 -0.00199999999999903 -0
2.57610597594363 8.86769166791617e-07 3.18667311984666e-06 -0.00199999999999901 -0
2.63893782901543 9.99473135332507e-07 2.23770640225379e-07 -0.001999999999999 -0
2.70176968208722 9.14889014768463e-07 -2.78330239330794e-06 -0.00199999999999901 0
2.76460153515902 6.49713041271102e-07 -5.24097355583036e-06 -0.00199999999999903 0
2.82743338823082 2.56288853942261e-07 -6.66411800490065e-06 -0.00199999999999905 0
2.89026524130261 -1.87724725402953e-07 -6.77181828616009e-06 -0.00199999999999905 0
2.95309709437441 -5.94682929227561e-07 -5.54281521621032e-06 -0.00199999999999903 0
3.0159289474462 -8.84255427941036e-07 -3.21970427721405e-06 -0.00199999999999901 0
3.078760800518 -9.99282901388653e-07 -2.61049188126021e-07 -0.001999999999999 0
3.1415926535898 -9.17059836406727e-07 2.74913494528257e-06 -0.00199999999999901 0
3.20442450666159 -6.53816415475584e-07 5.21666159158837e-06 -0.00199999999999903 0
3.26725635973339 -2.61514807110805e-07 6.65446051382767e-06 -0.00199999999999905 0
3.33008821280518 1.82407755078191e-07 6.77872158058407e-06 -0.00199999999999905 0
3.39292006587698 5.90324469620936e-07 5.56491664043069e-06 -0.00199999999999903 0
3.45575191894878 8.81715804494857e-07 3.25264118495568e-06 -0.00199999999999901 0
3.51858377202057 9.99063415677751e-07 2.98320094396821e-07 -0.001999999999999 0
3.58141562509237 9.19203813173867e-07 -2.71488702249386e-06 -0.00199999999999901 -0
3.64424747816416 6.57900650670031e-07 -5.19219692127142e-06 -0.00199999999999903 -0
3.70707933123596 2.66733105019555e-07 -6.64460822833911e-06 -0.00199999999999905 -0
3.76991118430776 -1.77085445175266e-07 -6.78542644312827e-06 -0.00199999999999905 -0
3.83274303737955 -5.85948729588673e-07 -5.58685516419015e-06 -0.00199999999999903 -0
3.89557489045135 -8.79150370794865e-07 -3.28548287891741e-06 -0.00199999999999901 -0
3.95840674352314 -9.98814684624753e-07 -3.35582268015542e-07 -0.001999999999999 -0
4.02123859659494 -9.21320882309771e-07 2.68055962747298e-06 -0.00199999999999901 0
4.08407044966673 -6.61965627297613e-07 5.16758026102789e-06 -0.00199999999999903 0
4.14690230273853 -2.71943594914537e-07 6.63456143683853e-06 -0.00199999999999905 0
4.20973415581033 1.7175795149287e-07 6.79193267752286e-06 -0.00199999999999905 0
4.27256600888212 5.81555837220755e-07 5.60863014528761e-06 -0.00199999999999903 0
4.33539786195392 8.76559201938382e-07 3.31822839773227e-06 -0.00199999999999901 0
4.39822971502571 9.98536715510704e-07 3.72834618215575e-07 -0.001999999999999 0
4.46106156809751 9.23410981841983e-07 -2.64615376507747e-06 -0.00199999999999901 -0
4.5238934211693 6.6601122636525e-07 -5.14281233145534e-06 -0.00199999999999903 -0
4.5867252742411 2.77146124270339e-07 -6.62432043342324e-06 -0.00199999999999905 -0
4.64955712731289 -1.66425429981439e-07 -6.79824009331243e-06 -0.00199999999999905 -0
4.71238898038469 -5.77145921109257e-07 -5.63024094630929e-06 -0.00199999999999903 -0
4.77522083345649 -8.73942373776068e-07 -3.35087678284858e-06 -0.00199999999999901 -0
4.83805268652828 -9.98229516472525e-07 -4.10076054517866e-07 -0.001999999999999 -0
4.90088453960008 -9.25474050587525e-07 2.61167044246183e-06 -0.00199999999999901 0
4.96371639267187 -6.70037329447097e-07 5.11789385757939e-06 -0.00199999999999903 0
5.02654824574367 -2.82340540794575e-07 6.61388551787567e-06 -0.00199999999999905 0
5.08938009881546 1.61088036738588e-07 6.80434850586149e-06 -0.00199999999999905 0
5.15221195188726 5.72719110344591e-07 5.65168693464744e-06 -0.00199999999999903 0
5.21504380495905 8.71299962909701e-07 3.38342707855805e-06 -0.00199999999999901 0
5.27787565803085 9.97893096502781e-07 4.47305486762846e-07 -0.001999999999999 0
5.34070751110264 9.27510028154683e-07 -2.57711066904805e-06 -0.00199999999999901 -0
5.40353936417444 6.74043818688012e-07 -5.0928255688325e-06 -0.00199999999999903 -0
5.46637121724624 2.87526692432346e-07 -6.60325699565456e-06 -0.00199999999999905 -0
5.52920307031803 -1.55745928004539e-07 -6.81025773635998e-06 -0.00199999999999905 -0
5.59203492338983 -5.68275534511717e-07 -5.67296748251882e-06 -0.00199999999999903 -0
5.65486677646162 -8.68632046689936e-07 -3.41587833202375e-06 -0.00199999999999901 -0
5.71769862953342 -9.97527465449412e-07 -4.84521825142335e-07 -0.001999999999999 -0
5.78053048260521 -9.29518854944779e-07 2.54247545649601e-06 -0.00199999999999901 0
5.84336233567701 -6.78030576807002e-07 5.06760819903264e-06 -0.00199999999999903 0
5.9061941887488 -2.92704427370685e-07 6.59243517788609e-06 -0.00199999999999905 0
5.9690260418206 1.50399260157553e-07 6.81596761182841e-06 -0.00199999999999905 0
6.0318578948924 5.63815323686359e-07 5.6940819669831e-06 -0.00199999999999903 0
6.09468974796419 8.65938703214041e-07 3.44822959330795e-06 -0.00199999999999901 0
6.15752160103599 9.97132634015446e-07 5.21723980231446e-07 -0.001999999999999 0
6.22035345410778 9.31500472153911e-07 -2.50776581867394e-06 -0.00199999999999901 -0
6.28318530717958 6.81997487100661e-07 -5.04224248636179e-06 -0.00199999999999903 -0
6.34601716025137 2.9787359404301e-07 -6.58142038135472e-06 -0.00199999999999904 0
6.40884901332317 -1.45048189709344e-07 -6.82147796512298e-06 -0.00199999999999905 0
6.47168086639496 -5.59338608431191e-07 -5.71502976996106e-06 -0.00199999999999903 0
6.53451271946676 -8.63220011323609e-07 -3.48047991540001e-06 -0.00199999999999901 0
6.59734457253855 -9.96708613758691e-07 -5.5891086302048e-07 -0.001999999999999 0
6.66017642561035 -9.33454821774676e-07 2.47298277162868e-06 -0.00199999999999901 -0
6.72300827868215 -6.85944433446579e-07 5.01672917334432e-06 -0.00199999999999903 -0
6.78584013175394 -3.03034041133551e-07 6.57021292849392e-06 -0.00199999999999904 -0
6.84867198482574 1.39692873300508e-07 6.82678863494045e-06 -0.00199999999999905 -0
6.91150383789753 5.54845519792017e-07 5.73581027825273e-06 -0.00199999999999903 -0
6.97433569096933 8.60476050602251e-07 3.51262835424404e-06 -0.00199999999999901 -0
7.03716754404112 9.96255417091387e-07 5.96081384946796e-07 -0.001999999999999 -0
7.09999939711292 9.35381846597871e-07 -2.43812733355596e-06 -0.00199999999999901 0
7.16283125018471 6.89871300306752e-07 -4.99106900682529e-06 -0.00199999999999903 0
7.22566310325651 3.08185617581789e-07 -6.55881314737675e-06 -0.00199999999999904 0
7.28849495632831 -1.34333467695926e-07 -6.83189946582286e-06 -0.00199999999999905 0
7.3513268094001 -5.50336189293936e-07 -5.7564228835553e-06 -0.00199999999999903 0
7.4141586624719 -8.57706901373267e-07 -3.54467396876654e-06 -0.00199999999999901 0
7.47699051554369 -9.95773057279853e-07 -6.33234457926683e-07 -0.001999999999999 0
7.53982236861549 -9.37281490214162e-07 2.40320052477061e-06 -0.00199999999999901 -0
7.60265422168728 -6.93777972730953e-07 4.96526273794855e-06 -0.00199999999999903 -0
7.66548607475908 -3.13328172586869e-07 6.54722137170626e-06 -0.00199999999999904 -0
7.72831792783087 1.28970129780186e-07 6.83681030816209e-06 -0.00199999999999905 -0
7.79114978090267 5.4581074893749e-07 5.77686698248097e-06 -0.00199999999999903 -0
7.85398163397447 8.54912644697293e-07 3.57661582090398e-06 -0.00199999999999901 -0
7.91681348704626 9.95261548444089e-07 6.70368994387207e-07 -0.001999999999999 -0
7.97964534011806 9.39153697015742e-07 -2.36820336767667e-06 -0.00199999999999901 0
8.04247719318985 6.97664336360104e-07 -4.93931112213479e-06 -0.00199999999999903 0
8.10530904626165 3.18461555612022e-07 -6.53543794080569e-06 -0.00199999999999904 0
8.16814089933344 -1.23603016552983e-07 -6.84152101820424e-06 -0.00199999999999905 0
8.23097275240524 -5.41269331194803e-07 -5.79714197657456e-06 -0.00199999999999904 0
8.29380460547703 -8.52093362369929e-07 -3.60845297563024e-06 -0.00199999999999901 0
8.35663645854883 -9.9472090555737e-07 -7.07483907298052e-07 -0.001999999999999 0
8.41946831162062 -9.40998412197952e-07 2.33313688673746e-06 -0.00199999999999901 -0
8.48230016469242 -7.0153027742962e-07 4.91321491905937e-06 -0.00199999999999903 -0
8.54513201776422 -3.23585616388964e-07 6.52346319960857e-06 -0.00199999999999904 -0
8.60796387083601 1.18232285124526e-07 6.84603145805384e-06 -0.00199999999999905 -0
8.67079572390781 5.36712069005699e-07 5.81724727233107e-06 -0.00199999999999904 -0
8.7336275769796 8.49249136919348e-07 3.64018450098398e-06 -0.00199999999999901 -0
8.7964594300514 9.94151144445807e-07 7.44578110203333e-07 -0.001999999999999 -0
8.85929128312319 9.4281558176089e-07 -2.29800210844561e-06 -0.00199999999999901 0
8.92212313619499 7.05375682772744e-07 -4.88697489263016e-06 -0.00199999999999903 0
8.98495498926678 3.28700204922303e-07 -6.51129749864861e-06 -0.00199999999999904 0
9.04778684233858 -1.1285809271094e-07 -6.85034149567787e-06 -0.00199999999999905 0
9.11061869541038 -5.32139095773813e-07 -5.83718228121302e-06 -0.00199999999999904 0
9.17345054848217 -8.46380051603873e-07 -3.67180946809592e-06 -0.00199999999999901 0
9.23628240155397 -9.93552281787876e-07 -7.81650517253408e-07 -0.001999999999999 0
9.29911425462576 -9.44605152510992e-07 2.262800061293e-06 -0.00199999999999901 -0
9.36194610769756 -7.09200439823852e-07 4.86059181096511e-06 -0.00199999999999902 -0
9.42477796076935 -3.33805171493923e-07 6.49894119404944e-06 -0.00199999999999904 -0
9.48760981384115 1.0748059662966e-07 6.85445100490963e-06 -0.00199999999999905 0
9.55044166691294 5.27550545362688e-07 5.85694641966772e-06 -0.00199999999999904 0
9.61327351998474 8.43486190409546e-07 3.70332695121602e-06 -0.00199999999999901 0
9.67610537305653 9.92924335113942e-07 8.18700043236657e-07 -0.001999999999999 0
9.73893722612833 9.46367072062584e-07 -2.22753177574066e-06 -0.00199999999999901 -0
9.80176907920013 7.13004436621755e-07 -4.83406644636981e-06 -0.00199999999999902 -0
9.86460093227192 3.38900366667372e-07 -6.48639464751417e-06 -0.00199999999999904 -0
9.92743278534372 -1.02099954294832e-07 -6.85835986545246e-06 -0.00199999999999905 -0
9.99026463841551 -5.2294655209185e-07 -5.87653910914432e-06 -0.00199999999999904 -0
10.0530964914873 -8.40567638047668e-07 -3.73473602774064e-06 -0.00199999999999901 -0
10.1159283445591 -9.92267322805734e-07 -8.55725603611256e-07 -0.001999999999999 -0
10.1787601976309 -9.4810128883942e-07 2.19219828418859e-06 -0.001999999999999 0
10.2415920507027 -7.16787561812974e-07 4.80739957531482e-06 -0.00199999999999902 0
10.3044239037745 -3.4398564129223e-07 6.47365822631483e-06 -0.00199999999999904 0
10.3672557568463 9.67163232126984e-08 6.86206796288323e-06 -0.00199999999999905 0
10.4300876099181 5.18327250732882e-07 5.89595977611074e-06 -0.00199999999999904 0
10.4929194629899 8.37624479952315e-07 3.76603577823944e-06 -0.00199999999999901 0
10.5557513160617 9.91581264095816e-07 8.92726114536917e-07 -0.001999999999999 0
10.6185831691335 9.49807752076193e-07 -2.15680062094555e-06 -0.001999999999999 -0
10.6814150222053 7.20549704654998e-07 -4.78059197841305e-06 -0.00199999999999902 -0
10.7442468752771 3.49060846508483e-07 -6.4607323032816e-06 -0.00199999999999904 -0
10.8070787283489 -9.13298609769921e-08 -6.86557518865569e-06 -0.00199999999999905 -0
10.8699105814206 -5.1369277650548e-07 -5.9152078520705e-06 -0.00199999999999904 -0
10.9327424344924 -8.34656802277845e-07 -3.79722528648239e-06 -0.00199999999999902 -0
10.9955742875642 -9.90866179067019e-07 -9.29700492906616e-07 -0.001999999999999 -0
11.058406140636 -9.51486411820015e-07 2.12133982219881e-06 -0.001999999999999 0
11.1212379937078 -7.24290755019529e-07 4.7536444403968e-06 -0.00199999999999902 0
11.1840698467796 -3.54125833750874e-07 6.44761725679191e-06 -0.00199999999999904 0
11.2469016998514 8.59407252643214e-08 6.86888144010367e-06 -0.00199999999999905 0
11.3097335529232 5.09043265073485e-07 5.93428277357931e-06 -0.00199999999999904 0
11.372565405995 8.3166469189637e-07 3.82830363946655e-06 -0.00199999999999902 0
11.4353972590668 9.90122088651853e-07 9.66647656378311e-07 -0.001999999999999 0
11.4982291121386 9.53137218931886e-07 -2.08581692598374e-06 -0.001999999999999 -0
11.5610609652104 7.28010603395703e-07 -4.72655775009483e-06 -0.00199999999999902 -0
11.6238928182822 3.59180454753253e-07 -6.43431347075935e-06 -0.00199999999999904 -0
11.686724671354 -8.05490738295544e-08 -6.87198662044407e-06 -0.00199999999999905 -0
11.7495565244258 -5.04378852540925e-07 -5.9531839822616e-06 -0.00199999999999904 -0
11.8123883774976 -8.28648236395214e-07 -3.85926992744281e-06 -0.00199999999999902 -0
11.8752202305694 -9.89349014631898e-07 -1.0035665234066e-06 -0.001999999999999 -0
11.9380520836412 -9.54760125088127e-07 2.05023297215352e-06 -0.001999999999999 0
12.000883936713 -7.31709140893296e-07 4.69933270040929e-06 -0.00199999999999902 0
12.0637157897848 -3.64224561552922e-07 6.42082133462243e-06 -0.00199999999999904 0
12.1265476428566 7.51550645012017e-08 6.87489063877971e-06 -0.00199999999999905 0
12.1893794959284 4.99699675448021e-07 5.97191092482687e-06 -0.00199999999999904 0
12.2522113490002 8.2560752407435e-07 3.89012324394247e-06 -0.00199999999999902 0
12.3150432020719 9.88546979637164e-07 1.04045601327441e-06 -0.001999999999999 0
12.3778750551437 9.56355082781798e-07 -2.01458900234863e-06 -0.001999999999999 -0
12.4407069082155 7.35386259245913e-07 -4.6719700882925e-06 -0.00199999999999902 -0
12.5035387612873 3.69258006494959e-07 -6.40714124333319e-06 -0.00199999999999904 -0
12.5663706143591 -6.97588551767957e-08 -6.87759341010194e-06 -0.00199999999999905 -0
12.6292024674309 -4.95005870767194e-07 -5.99046305308582e-06 -0.00199999999999904 0
12.6920343205027 -8.22542643943816e-07 -3.92086268580388e-06 -0.00199999999999902 0
12.7548661735745 -9.87716007145426e-07 -1.07731504612461e-06 -0.001999999999999 0
12.8176980266463 -9.57922045324089e-07 1.9788860599664e-06 -0.001999999999999 -0
12.8805298797181 -7.39041850814158e-07 4.64447071472358e-06 -0.00199999999999902 -0
12.9433617327899 -3.74280642236548e-07 6.39327359734565e-06 -0.00199999999999904 -0
13.0061935858617 6.43606038182687e-08 6.8800948552932e-06 -0.00199999999999905 -0
13.0690254389335 4.90297575899054e-07 6.00883982396651e-06 -0.00199999999999904 -0
13.1318572920053 8.19453685721108e-07 3.95148735319876e-06 -0.00199999999999902 -0
13.1946891450771 9.86856121481542e-07 1.11414254299163e-06 -0.001999999999999 -0
13.2575209981489 9.59460966845683e-07 -1.94312519013043e-06 -0.001999999999999 0
13.3203528512207 7.42675808588781e-07 -4.61683538468505e-06 -0.00199999999999902 0
13.3831847042925 3.79292321751284e-07 -6.37921880260404e-06 -0.00199999999999904 0
13.4460165573643 -5.89604684473289e-08 -6.88239490112928e-06 -0.00199999999999905 0
13.5088484104361 -4.85574928668381e-07 -6.02704069953016e-06 -0.00199999999999904 0
13.5716802635079 -8.16340739828554e-07 -3.98199634965862e-06 -0.00199999999999902 0
13.6345121165797 -9.85967347816736e-07 -1.15093742583306e-06 -0.001999999999999 0
13.6973439696514 -9.60971802298101e-07 1.90730743966003e-06 -0.001999999999999 -0
13.7601758227232 -7.46288026193813e-07 4.58906490713927e-06 -0.00199999999999902 -0
13.823007675795 -3.84292898333483e-07 6.364977270531e-06 -0.00199999999999904 -0
13.8858395288668 5.35586071408353e-08 6.88449348028151e-06 -0.00199999999999905 -0
13.9486713819386 4.80838067320086e-07 6.04506514698692e-06 -0.00199999999999904 -0
14.0115032350104 8.13203897390667e-07 4.01238878210098e-06 -0.00199999999999902 -0
14.0743350880822 9.85049712167868e-07 1.18769861756116e-06 -0.001999999999999 -0
14.137166941154 9.62454507455023e-07 -1.87143385703955e-06 -0.001999999999999 0
14.1999987942258 7.49878397889681e-07 -4.5611600950047e-06 -0.00199999999999902 0
14.2628306472976 3.89282225602476e-07 -6.35054941801544e-06 -0.00199999999999904 0
14.3256625003694 -4.81551780261689e-08 -6.88639053131868e-06 -0.00199999999999905 0
14.3884943534412 -4.76087130515167e-07 -6.0629126387115e-06 -0.00199999999999904 0
14.451326206513 -8.10043250231479e-07 -4.04266376085551e-06 -0.00199999999999902 0
14.5141580595848 -9.84103241396661e-07 -1.22442504207447e-06 -0.001999999999999 0
14.5769899126566 -9.63909038913579e-07 1.83550549238773e-06 -0.001999999999999 -0
14.6398217657284 -7.53446818576301e-07 4.53312176513219e-06 -0.00199999999999902 -0
14.7026536188002 -3.94260157506889e-07 6.33593566740041e-06 -0.00199999999999904 -0
14.765485471872 4.27503392766056e-08 6.88808599870887e-06 -0.00199999999999905 -0
14.8283173249438 4.71322257326651e-07 6.08058265225858e-06 -0.00199999999999904 -0
14.8911491780156 8.0685889087185e-07 4.07282039969006e-06 -0.00199999999999902 -0
14.9539810310874 9.83127963208928e-07 1.26111562428921e-06 -0.001999999999999 -0
15.0168128841592 9.65335354095621e-07 -1.79952339742689e-06 -0.001999999999999 0
15.0796447372309 7.56993183796157e-07 -4.50495073828098e-06 -0.00199999999999902 0
15.1424765903027 3.99226548328924e-07 -6.3211364464707e-06 -0.00199999999999904 0
15.2053084433745 -3.73442491066848e-08 -6.88957983282107e-06 -0.00199999999999905 0
15.2681402964463 -4.66543587235519e-07 -6.09807467037814e-06 -0.00199999999999904 0
15.3309721495181 -8.03650912526763e-07 -4.10285781583662e-06 -0.00199999999999902 0
15.3938040025899 -9.82123906153751e-07 -1.29776929017083e-06 -0.001999999999999 0
15.4566358556617 -9.66733411248968e-07 1.76348862545223e-06 -0.001999999999999 -0
15.5194677087335 -7.60517389737356e-07 4.47664783909474e-06 -0.00199999999999902 -0
15.5822995618053 -4.04181252688622e-07 6.30615218844034e-06 -0.00199999999999904 -0
15.6451314148771 3.19370657675785e-08 6.89087198992665e-06 -0.00199999999999905 -0
15.7079632679489 4.61751260126627e-07 6.11538818103053e-06 -0.00199999999999904 -0
15.7707951210207 8.00419409102593e-07 4.13277513001718e-06 -0.00199999999999902 0
15.8336269740925 9.8109109962265e-07 1.33438496676544e-06 -0.001999999999999 0
15.8964588271643 9.68103169448631e-07 -1.72740223130091e-06 -0.001999999999999 -0
15.9592906802361 7.64019333236668e-07 -4.44821389607741e-06 -0.00199999999999902 -0
16.0221225333079 4.09124125548119e-07 -6.29098333193988e-06 -0.00199999999999904 -0
16.0849543863797 -2.65289475424587e-08 -6.89196243220059e-06 -0.00199999999999905 -0
16.1477862394515 -4.5694541628461e-07 -6.13252267740155e-06 -0.00199999999999904 -0
16.2106180925233 -7.9716447519436e-07 -4.1625714664694e-06 -0.00199999999999902 -0
16.2734499455951 -9.8002957384872e-07 -1.37096158223116e-06 -0.001999999999999 -0
16.3362817986669 -9.6944458859801e-07 1.69126527132124e-06 -0.001999999999999 0
16.3991136517387 -7.67498911782546e-07 4.41964974156893e-06 -0.00199999999999902 0
16.4619455048105 -4.14055022215891e-07 6.2756303210036e-06 -0.00199999999999904 0
16.5247773578822 2.11200527418641e-08 6.89285112772265e-06 -0.00199999999999905 0
16.587609210954 4.52126196389772e-07 6.14947765791723e-06 -0.00199999999999904 0
16.6504410640258 7.93886206082958e-07 4.19224595297234e-06 -0.00199999999999902 0
16.7132729170976 9.7893935990575e-07 1.40749806586957e-06 -0.001999999999999 0
16.7761047701694 9.70757629430065e-07 -1.65507880334171e-06 -0.001999999999999 -0
16.8389366232412 7.7095602351813e-07 -4.3909562117209e-06 -0.00199999999999902 -0
16.901768476313 4.18973798350991e-07 -6.26009360505648e-06 -0.00199999999999904 -0
16.9646003293848 -1.57105396990658e-08 -6.89353805047825e-06 -0.00199999999999905 -0
17.0274321824566 -4.47293741513975e-07 -6.16625262625851e-06 -0.00199999999999904 -0
17.0902640355284 -7.90584697732367e-07 -4.22179772087191e-06 -0.00199999999999902 -0
17.1530958886002 -9.77820489707309e-07 -1.443993348157e-06 -0.001999999999999 -0
17.215927741672 -9.7204225350847e-07 1.61884388664008e-06 -0.001999999999999 0
17.2787595947438 -7.7439056724422e-07 4.36213414647209e-06 -0.00199999999999902 0
17.3415914478156 -4.23880309967274e-07 6.24437363890106e-06 -0.00199999999999904 0
17.4044233008874 1.03005667654331e-08 6.89402318035927e-06 -0.00199999999999905 0
17.4672551539592 4.42448193116503e-07 6.1828470913758e-06 -0.00199999999999904 0
17.530087007031 7.87260046786843e-07 4.25122590510636e-06 -0.00199999999999902 0
17.5929188601028 9.76672996005814e-07 1.48044636077588e-06 -0.001999999999999 0
17.6557507131746 9.73298423228733e-07 -1.58256158191229e-06 -0.001999999999999 -0
17.7185825662464 7.7780244242225e-07 -4.33318438952385e-06 -0.00199999999999902 -0
17.7814144193182 4.28774413437608e-07 -6.22847088270411e-06 -0.00199999999999904 -0
17.84424627239 -4.89029230579709e-09 -6.89430650316462e-06 -0.00199999999999905 -0
17.9070781254617 -4.37589693039924e-07 -6.19926056750333e-06 -0.00199999999999904 -0
17.9699099785335 -7.83912350568091e-07 -4.28052964423154e-06 -0.00199999999999902 -0
18.0327418316053 -9.7549691239157e-07 -1.51685603664596e-06 -0.001999999999999 -0
18.0955736846771 -9.74526101819302e-07 1.5462329512415e-06 -0.001999999999999 0
18.1584055377489 -7.81191549177219e-07 4.30410778831544e-06 -0.00199999999999902 0
18.2212373908207 -4.33655965498086e-07 6.21238580198317e-06 -0.00199999999999904 0
18.2840692438925 -5.20125306184501e-10 6.89438801060067e-06 -0.00199999999999905 0
18.3469010969643 4.32718383505938e-07 6.21549257417336e-06 -0.00199999999999904 0
18.4097329500361 7.80541707072413e-07 4.30970808044619e-06 -0.00199999999999902 0
18.4725648031079 9.74292273291791e-07 1.5532213099556e-06 -0.001999999999999 0
18.5353966561797 9.75725253342638e-07 -1.50985905806695e-06 -0.001999999999999 -0
18.5982285092515 7.84557788300626e-07 -4.27490519399917e-06 -0.00199999999999902 -0
18.6610603623233 4.38524823252213e-07 -6.19611886759293e-06 -0.00199999999999904 -0
18.7238922153951 5.93052769266379e-09 -6.89426770028145e-06 -0.00199999999999905 -0
18.7867240684669 -4.27834407111211e-07 -6.2315426362303e-06 -0.00199999999999904 -0
18.8495559215387 -7.77148214967844e-07 -4.33876035961698e-06 -0.00199999999999902 -0
