0 1e-06 0 -0.001999999999999 -0
0.020943951023932 9.8903377288768e-07 -1.04145564810748e-06 -0.001999999999999 0
0.0418879020478639 9.56375607824879e-07 -2.06006961788586e-06 -0.001999999999999 0
0.0628318530717959 9.02741778521897e-07 -3.0335012050704e-06 -0.001999999999999 0
0.0837758040957278 8.29308606484813e-07 -3.94040066593436e-06 -0.001999999999999 0
0.10471975511966 7.376866613979e-07 -4.760877469566e-06 -0.001999999999999 0
0.125663706143592 6.2988543737775e-07 -5.47693654602727e-06 -0.001999999999999 0
0.146607657167524 5.08269279835544e-07 -6.07287296240154e-06 -0.001999999999999 0
0.167551608191456 3.75505529579553e-07 -6.53561637051589e-06 -0.001999999999999 0
0.188495559215388 2.34506021484959e-07 -6.85501767175408e-06 -0.00199999999999901 0
0.20943951023932 8.83632208087422e-08 -7.02407161169741e-06 -0.00199999999999901 0
0.230383461263251 -5.97176021630041e-08 -7.03907042254658e-06 -0.00199999999999901 0
0.251327412287183 -2.06488671558905e-07 -6.8996851435692e-06 -0.00199999999999901 0
0.272271363311115 -3.48730937617933e-07 -6.60897283601605e-06 -0.001999999999999 0
0.293215314335047 -4.83324678350938e-07 -6.17330953426507e-06 -0.001999999999999 0
0.314159265358979 -6.07317922700372e-07 -5.60225040373929e-06 -0.001999999999999 0
0.335103216382911 -7.17991194510376e-07 -4.90832017267853e-06 -0.001999999999999 0
0.356047167406843 -8.12917157313085e-07 -4.10673843411064e-06 -0.001999999999999 0
0.376991118430775 -8.900138517746e-07 -3.21508584282406e-06 -0.001999999999999 0
0.397935069454707 -9.47590358172773e-07 -2.25291852846147e-06 -0.001999999999999 0
0.418879020478639 -9.84383882416612e-07 -1.24133918160157e-06 -0.001999999999999 0
0.439822971502571 -9.99587452219876e-07 -2.02534219963957e-07 -0.001999999999999 0
0.460766922526503 -9.92867615983803e-07 8.40712814181941e-07 -0.001999999999999 -0
0.481710873550435 -9.64371756209038e-07 1.86552095301473e-06 -0.001999999999999 -0
0.502654824574367 -9.14724857035684e-07 2.84941363894043e-06 -0.001999999999999 -0
0.523598775598299 -8.45015796807254e-07 3.77081169066303e-06 -0.001999999999999 -0
0.544542726622231 -7.56773466296251e-07 4.60950658759043e-06 -0.001999999999999 -0
0.565486677646163 -6.51933236377283e-07 5.34710369228735e-06 -0.001999999999999 -0
0.586430628670095 -5.32794510593947e-07 5.96742569001878e-06 -0.001999999999999 -0
0.607374579694027 -4.01970293595869e-07 6.45686739696493e-06 -0.001999999999999 -0
0.628318530717959 -2.62329881533834e-07 6.80469415529257e-06 -0.00199999999999901 -0
0.64926248174189 -1.16935931353302e-07 7.00327727054657e-06 -0.00199999999999901 -0
0.670206432765822 3.10227107888525e-08 7.04826132764182e-06 -0.00199999999999901 -0
0.691150383789754 1.78300948746706e-07 6.93865971580525e-06 -0.00199999999999901 -0
0.712094334813686 3.21668609307962e-07 6.67687626737141e-06 -0.001999999999999 -0
0.733038285837618 4.57981287820067e-07 6.26865253583984e-06 -0.001999999999999 -0
0.75398223686155 5.84249312701315e-07 5.72294186951579e-06 -0.001999999999999 -0
0.774926187885482 6.97703316275963e-07 5.05171304260832e-06 -0.001999999999999 -0
0.795870138909414 7.95854973804009e-07 4.26968775063783e-06 -0.001999999999999 -0
0.816814089933346 8.76551578549645e-07 3.39401772752299e-06 -0.001999999999999 -0
0.837758040957278 9.38023255923205e-07 2.44390856596165e-06 -0.001999999999999 -0
0.85870199198121 9.78921781174582e-07 1.44019849164816e-06 -0.001999999999999 -0
0.879645943005142 9.98350149270845e-07 4.04901329842222e-07 -0.001999999999999 -0
0.900589894029074 9.95882248418063e-07 -6.39276311845976e-07 -0.001999999999999 0
0.921533845053006 9.71572205738721e-07 -1.66943305508772e-06 -0.001999999999999 0
0.942477796076938 9.25953200131082e-07 -2.66297503426767e-06 -0.001999999999999 0
0.96342174710087 8.6002576834741e-07 -3.59811143540719e-06 -0.001999999999999 0
0.984365698124802 7.75235860767447e-07 -4.45433242219451e-06 -0.001999999999999 0
1.00530964914873 6.73443128157901e-07 -5.21285896703074e-06 -0.001999999999999 0
1.02625360017267 5.56880134967134e-07 -5.85705472119307e-06 -0.001999999999999 0
1.0471975511966 4.28103393707587e-07 -6.37279089079163e-06 -0.001999999999999 0
1.06814150222053 2.89937294362135e-07 -6.74875611589468e-06 -0.00199999999999901 0
1.08908545324446 1.45412158580068e-07 -6.97670455641261e-06 -0.00199999999999901 0
1.11002940426839 -2.30222271376213e-09 -7.05163674360816e-06 -0.00199999999999901 0
1.13097335529233 -1.49966110613308e-07 -6.97190923071571e-06 -0.00199999999999901 0
1.15191730631626 -2.9434087365658e-07 -6.73927063776222e-06 -0.001999999999999 0
1.17286125734019 -4.32260018961938e-07 -6.35882330003855e-06 -0.001999999999999 0
1.19380520836412 -5.60698641188269e-07 -5.83891136136419e-06 -0.001999999999999 0
1.21474915938805 -6.76839766132921e-07 -5.19093776653499e-06 -0.001999999999999 0
1.23569311041199 -7.78136133889445e-07 -4.42911416675832e-06 -0.001999999999999 0
1.25663706143592 -8.62366066508899e-07 -3.57014922326353e-06 -0.001999999999999 0
1.27758101245985 -9.27682194849765e-07 -2.63288214535439e-06 -0.001999999999999 0
1.29852496348378 -9.72651975917074e-07 -1.63786950031342e-06 -0.001999999999999 0
1.31946891450771 -9.96289112046077e-07 -6.06934357430896e-07 -0.001999999999999 0
1.34041286553165 -9.98075182830622e-07 4.37312345463336e-07 -0.001999999999999 -0
1.36135681655558 -9.77971015354987e-07 1.47196771535883e-06 -0.001999999999999 -0
1.38230076757951 -9.36417543352054e-07 2.47433922071707e-06 -0.001999999999999 -0
1.40324471860344 -8.74326136444402e-07 3.42244239438072e-06 -0.001999999999999 -0
1.42418866962737 -7.93058611571777e-07 4.29548300689317e-06 -0.001999999999999 -0
1.44513262065131 -6.94397365003397e-07 5.07431313498423e-06 -0.001999999999999 -0
1.46607657167524 -5.80506280013369e-07 5.74185112252077e-06 -0.001999999999999 -0
1.48702052269917 -4.5388326760983e-07 6.28345622314793e-06 -0.001999999999999 -0
1.5079644737231 -3.17305481216107e-07 6.68724970778837e-06 -0.00199999999999901 -0
1.52890842474703 -1.73768406880384e-07 6.94437539432398e-06 -0.00199999999999901 -0
1.54985237577097 -2.64201649150679e-08 7.04919388540485e-06 -0.00199999999999901 -0
1.5707963267949 1.21507536107855e-07 6.99940625427345e-06 -0.00199999999999901 -0
1.59174027781883 2.66770278657144e-07 6.79610446587051e-06 -0.00199999999999901 -0
1.61268422884276 4.0618209428129e-07 6.44374742736399e-06 -0.001999999999999 -0
1.63362817986669 5.36685339715742e-07 5.95006319337165e-06 -0.001999999999999 -0
1.65457213089063 6.55417758503842e-07 5.32587947075698e-06 -0.001999999999999 -0
1.67551608191456 7.59775257305539e-07 4.58488614044398e-06 -0.001999999999999 -0
1.69646003293849 8.47469020055368e-07 3.74333500473053e-06 -0.001999999999999 -0
1.71740398396242 9.16575707316032e-07 2.81968334537835e-06 -0.001999999999999 -0
1.73834793498635 9.6557963983257e-07 1.8341891101257e-06 -0.001999999999999 -0
1.75929188601029 9.93406041098236e-07 8.08466606175891e-07 -0.001999999999999 -0
1.78023583703422 9.99444609841035e-07 -2.34987554606011e-07 -0.001999999999999 0
1.80117978805815 9.83562905428432e-07 -1.27328786160316e-06 -0.001999999999999 0
1.82212373908208 9.46109252615467e-07 -2.28366184086091e-06 -0.001999999999999 0
1.84306769010601 8.87905101928006e-07 -3.24394951132945e-06 -0.001999999999999 0
1.86401164112995 8.10227013236684e-07 -4.13308940763372e-06 -0.001999999999999 0
1.88495559215388 7.14778657665981e-07 -4.93158050969874e-06 -0.001999999999999 0
1.90589954317781 6.03653451905268e-07 -5.62190994797968e-06 -0.001999999999999 0
1.92684349420174 4.79288644443096e-07 -6.1889371036715e-06 -0.001999999999999 0
1.94778744522567 3.44411860726286e-07 -6.62022567963788e-06 -0.00199999999999901 0
1.96873139624961 2.01981279639672e-07 -6.9063164589288e-06 -0.00199999999999901 0
1.98967534727354 5.51207533831257e-08 -7.04093476862337e-06 -0.00199999999999901 0
2.01061929829747 -9.29487062738235e-08 -7.02112809880641e-06 -0.00199999999999901 0
2.0315632493214 -2.38979572685182e-07 -6.84733085835703e-06 -0.00199999999999901 0
2.05250720034533 -3.79769030557998e-07 -6.52335484729574e-06 -0.001999999999999 0
2.07345115136927 -5.12229221552165e-07 -6.05630565465506e-06 -0.001999999999999 0
2.0943951023932 -6.33454968592114e-07 -5.45642681547322e-06 -0.001999999999999 0
2.11533905341713 -7.40787493530045e-07 -4.73687514493092e-06 -0.001999999999999 0
2.13628300444106 -8.31872730675941e-07 -3.91343217710461e-06 -0.001999999999999 0
2.15722695546499 -9.04712957235561e-07 -3.00415803719273e-06 -0.001999999999999 0
2.17817090648892 -9.57710608274174e-07 -2.02899533864656e-06 -0.001999999999999 0
2.19911485751286 -9.89703315236361e-07 -1.00933179271352e-06 -0.001999999999999 0
2.22005880853679 -9.99989399541153e-07 3.24688765606671e-08 -0.001999999999999 -0
2.24100275956072 -9.88343262115383e-07 1.07355742368596e-06 -0.001999999999999 -0
2.26194671058465 -9.55020331335038e-07 2.09110022175875e-06 -0.001999999999999 -0
2.28289066160858 -9.00751460854086e-07 3.0627800599387e-06 -0.001999999999999 -0
2.30383461263252 -8.26726900190175e-07 3.96728561465392e-06 -0.001999999999999 -0
2.32477856365645 -7.34570189631563e-07 4.78477885922968e-06 -0.001999999999999 -0
2.34572251468038 -6.26302552014072e-07 5.49733016050038e-06 -0.001999999999999 -0
2.36666646570431 -5.04298562343755e-07 6.08931151966818e-06 -0.001999999999999 -0
2.38761041672824 -3.71234067539282e-07 6.54773933267128e-06 -0.001999999999999 -0
2.40855436775218 -2.30027498541875e-07 6.86255915248568e-06 -0.00199999999999901 -0
2.42949831877611 -8.37758619622895e-08 7.02686620782429e-06 -0.00199999999999901 -0
2.45044226980004 6.43131848749139e-08 7.03705684171711e-06 -0.00199999999999901 -0
2.47138622082397 2.10991685728807e-07 6.89290754855275e-06 -0.00199999999999901 -0
2.4923301718479 3.53042621093673e-07 6.59757987610507e-06 -0.00199999999999901 -0
2.51327412287184 4.87350465332055e-07 6.1575510850313e-06 -0.001999999999999 -0
2.53421807389577 6.10969517798183e-07 5.58247208664919e-06 -0.001999999999999 -0
2.5551620249197 7.21188509282551e-07 4.88495577476633e-06 -0.001999999999999 -0
2.57610597594363 8.15590066799742e-07 4.08030039396402e-06 -0.001999999999999 -0
2.59704992696756 8.92103732510776e-07 3.18615401154834e-06 -0.001999999999999 -0
2.6179938779915 9.49051373944887e-07 2.22212745212173e-06 -0.001999999999999 -0
2.63893782901543 9.85183989563121e-07 1.20936418407017e-06 -0.001999999999999 -0
2.65988178003936 9.99709102427413e-07 1.70076591410574e-07 -0.001999999999999 -0
2.68082573106329 9.92308141164761e-07 -8.72941198304814e-07 -0.001999999999999 0
2.70176968208722 9.63143427019276e-07 -1.89681324514759e-06 -0.001999999999999 0
2.72271363311116 9.12854613748929e-07 -2.87908352231848e-06 -0.001999999999999 0
2.74365758413509 8.42544658448781e-07 -3.79820843192723e-06 -0.001999999999999 0
2.76460153515902 7.5375563099499e-07 -4.63402930896711e-06 -0.001999999999999 0
2.78554548618295 6.48434892667836e-07 -5.36821455031244e-06 -0.001999999999999 0
2.80648943720688 5.28892385739585e-07 -5.98466167176501e-06 -0.001999999999999 0
2.82743338823082 3.97749970771338e-07 -6.46985047505163e-06 -0.001999999999999 0
2.84837733925475 2.57883922776296e-07 -6.81313957895391e-06 -0.001999999999999 0
2.86932129027868 1.12361847449692e-07 -7.00699981091468e-06 -0.00199999999999901 0
2.89026524130261 -3.56245989526988e-08 -7.04717934027049e-06 -0.00199999999999901 0
2.91120919232654 -1.82829710469288e-07 -6.93279693133297e-06 -0.00199999999999901 0
2.93215314335048 -3.26024917730106e-07 -6.66636127105024e-06 -0.00199999999999901 0
2.95309709437441 -4.62069598406714e-07 -6.25371594734528e-06 -0.001999999999999 0
2.97404104539834 -5.87979958767669e-07 -5.70391128489126e-06 -0.001999999999999 0
2.99498499642227 -7.00994475597945e-07 -5.02900584927997e-06 -0.001999999999999 0
3.0159289474462 -7.98634463180443e-07 -4.2438019730839e-06 -0.001999999999999 0
3.03687289847014 -8.78758436957015e-07 -3.36552110437475e-06 -0.001999999999999 0
3.05781684949407 -9.39609081540511e-07 -2.41342609810186e-06 -0.001999999999999 0
3.078760800518 -9.79851792954064e-07 -1.40839873440782e-06 -0.001999999999999 0
3.09970475154193 -9.98603949771721e-07 -3.7248172994134e-07 -0.001999999999999 0
3.12064870256586 -9.95454271172466e-07 6.71604713016585e-07 -0.001999999999999 -0
3.1415926535898 -9.70471837337999e-07 1.70096121634923e-06 -0.001999999999999 0
3.16253660461373 -9.24204574354814e-07 2.69301146566641e-06 -0.001999999999999 0
3.18348055563766 -8.5766723685039e-07 3.62599736428646e-06 -0.001999999999999 0
3.20442450666159 -7.7231915193377e-07 4.47945624169564e-06 -0.001999999999999 0
3.22536845768552 -6.7003221257055e-07 5.23466965013257e-06 -0.001999999999999 0
3.24631240870946 -5.53049822376091e-07 5.87507390608687e-06 -0.001999999999999 0
3.26725635973339 -4.23937692268422e-07 6.38662337252954e-06 -0.001999999999999 0
3.28820031075732 -2.85527568130976e-07 6.75809851420418e-06 -0.00199999999999901 0
3.30914426178125 -1.40855123675623e-07 6.98135196957042e-06 -0.00199999999999901 0
3.33008821280518 6.90661933205197e-09 7.05148724243794e-06 -0.00199999999999901 0
3.35103216382912 1.5451688322738e-07 6.96696609414503e-06 -0.00199999999999901 0
3.37197611485305 2.98738212654388e-07 6.72964228090765e-06 -0.001999999999999 0
3.39292006587698 4.36407479907203e-07 6.34472089639605e-06 -0.001999999999999 0
3.41386401690091 5.64505260083661e-07 5.82064421125612e-06 -0.001999999999999 0
3.43480796792484 6.80222054483765e-07 5.1689065133949e-06 -0.001999999999999 0
3.45575191894878 7.81019909811312e-07 4.40380201003721e-06 -0.001999999999999 0
3.47669586997271 8.6468808171839e-07 3.54211132068002e-06 -0.001999999999999 0
3.49763982099664 9.29391521854587e-07 2.60273343692346e-06 -0.001999999999999 0
3.51858377202057 9.7371112498094e-07 1.60627122120264e-06 -0.001999999999999 0
3.5395277230445 9.96674853430626e-07 5.74579535450459e-07 -0.001999999999999 0
3.56047167406844 9.97779056280596e-07 -4.69714089661404e-07 -0.001999999999999 -0
3.58141562509237 9.76999515652387e-07 -1.5037057320031e-06 -0.001999999999999 -0
3.6023595761163 9.34791977869638e-07 -2.50471741721033e-06 -0.001999999999999 -0
3.62330352714023 8.72082157822703e-07 -3.45079450231894e-06 -0.001999999999999 -0
3.64424747816416 7.90245435769195e-07 -4.32118719496682e-06 -0.001999999999999 -0
3.6651914291881 6.91076691869449e-07 -5.09680564726501e-06 -0.001999999999999 -0
3.68613538021203 5.76750940059559e-07 -5.76063864301269e-06 -0.001999999999999 -0
3.70707933123596 4.49775624657794e-07 -6.29812669541779e-06 -0.001999999999999 -0
3.72802328225989 3.12935625956861e-07 -6.69748137237466e-06 -0.001999999999999 -0
3.74896723328382 1.6923218096437e-07 -6.94994384571154e-06 -0.00199999999999901 -0
3.76991118430776 2.1817058909542e-08 -7.0499769937885e-06 -0.00199999999999901 -0
3.79085513533169 -1.26076564791136e-07 -6.99538684416442e-06 -0.00199999999999901 -0
3.81179908635562 -2.71205020005733e-07 -6.78737069279702e-06 -0.00199999999999901 -0
3.83274303737955 -4.1038528353356e-07 -6.43049084440419e-06 -0.001999999999999 -0
3.85368698840348 -5.40564790615821e-07 -5.93257454992448e-06 -0.001999999999999 -0
3.87463093942742 -6.58888385172447e-07 -5.30454233569429e-06 -0.001999999999999 -0
3.89557489045135 -7.62760940382131e-07 -4.56016848950383e-06 -0.001999999999999 -0
3.91651884147528 -8.49904276182539e-07 -3.71577895666069e-06 -0.001999999999999 -0
3.93746279249921 -9.18407125350248e-07 -2.78989327194174e-06 -0.001999999999999 -0
3.95840674352314 -9.66767052281629e-07 -1.8028183807443e-06 -0.001999999999999 -0
3.97935069454708 -9.93923405092953e-07 -7.76203257935866e-07 -0.001999999999999 -0
4.00029464557101 -9.99280578319279e-07 2.67435907296258e-07 -0.001999999999999 0
4.02123859659494 -9.82721076004046e-07 1.30520954673358e-06 -0.001999999999999 0
4.04218254761887 -9.44608088673766e-07 2.31435673753362e-06 -0.001999999999999 0
4.0631264986428 -8.85777527678424e-07 3.27274440512823e-06 -0.001999999999999 0
4.08407044966673 -8.0751969160406e-07 4.15935275586844e-06 -0.001999999999999 0
4.10501440069067 -7.11550966858094e-07 4.95473629268644e-06 -0.001999999999999 0
4.1259583517146 -5.99976183103014e-07 5.64145030256996e-06 -0.001999999999999 0
4.14690230273853 -4.75242449176151e-07 6.20443346193178e-06 -0.001999999999999 0
4.16784625376246 -3.40085481987126e-07 6.63133816839995e-06 -0.001999999999999 0
4.18879020478639 -1.97469605531953e-07 6.91280135404157e-06 -0.00199999999999901 0
4.20973415581032 -5.05227359926918e-08 7.04264984042163e-06 -0.00199999999999901 0
4.23067810683425 9.75322211410327e-08 7.01803573155645e-06 -0.00199999999999901 0
4.25162205785819 2.43448057299154e-07 6.83949887526201e-06 -0.00199999999999901 0
4.27256600888212 3.84024480084483e-07 6.51095502296638e-06 -0.001999999999999 0
4.29350995990605 5.16178303539217e-07 6.03960994767085e-06 -0.001999999999999 0
4.31445391092998 6.37011069979824e-07 5.43580140366335e-06 -0.001999999999999 0
4.33539786195391 7.43872620287508e-07 4.71277239419577e-06 -0.001999999999999 0
4.35634181297784 8.34419218401773e-07 3.88638071992136e-06 -0.001999999999999 0
4.37728576400178 9.06664955204281e-07 2.97475117840777e-06 -0.001999999999999 0
4.39822971502571 9.59025304379686e-07 1.99787804284407e-06 -0.001999999999999 0
4.41917366604964 9.90351874966512e-07 9.771865385593e-07 -0.001999999999999 0
4.44011761707357 9.99957598389349e-07 -6.49370647513512e-08 -0.001999999999999 -0
4.4610615680975 9.87631797558931e-07 -1.10563643886186e-06 -0.001999999999999 -0
4.48200551912143 9.53644807537754e-07 -2.12208649238795e-06 -0.001999999999999 -0
4.50294947014536 8.9874204642869e-07 -3.09199398105902e-06 -0.001999999999999 -0
4.5238934211693 8.24127666526569e-07 -3.99408645327768e-06 -0.001999999999999 -0
4.54483737219323 7.31438144303094e-07 -4.80857880719058e-06 -0.001999999999999 -0
4.56578132321716 6.22706388461536e-07 -5.51760722652922e-06 -0.001999999999999 -0
4.58672527424109 5.00317153259652e-07 -6.10562097794246e-06 -0.001999999999999 -0
4.60766922526502 3.66954734996099e-07 -6.55972347674398e-06 -0.00199999999999901 -0
4.62861317628895 2.25544098804727e-07 -6.86995514066551e-06 -0.00199999999999901 -0
4.64955712731289 7.91867269906826e-08 -7.02951182793904e-06 -0.00199999999999901 -0
4.67050107833682 -6.89074040882844e-08 -7.03489406882472e-06 -0.00199999999999901 -0
4.69144502936075 -2.15490226681346e-07 -6.88598381757068e-06 -0.00199999999999901 -0
4.71238898038468 -3.57346819741861e-07 -6.58604704144615e-06 -0.00199999999999901 -0
4.73333293140861 -4.91365920036066e-07 -6.14166209006377e-06 -0.001999999999999 -0
4.75427688243254 -6.14608159781531e-07 -5.56257541602785e-06 -0.001999999999999 -0
4.77522083345647 -7.24370534196497e-07 -4.8614878113088e-06 -0.001999999999999 -0
4.79616478448041 -8.18245685028519e-07 -4.05377584770458e-06 -0.001999999999999 -0
4.81710873550434 -8.94174699829143e-07 -3.15715463088365e-06 -0.001999999999999 -0
4.83805268652827 -9.50492268956933e-07 -2.19128926464078e-06 -0.001999999999999 -0
4.8589966375522 -9.85963209904951e-07 -1.17736354690824e-06 -0.001999999999999 -0
4.87994058857613 -9.99809557884551e-07 -1.37615357077378e-07 -0.001999999999999 -0
4.90088453960006 -9.9172762850249e-07 9.05151075273185e-07 -0.001999999999999 0
4.921828490624 -9.61894678304989e-07 1.92806532309894e-06 -0.001999999999999 0
4.94277244164793 -9.10965017106639e-07 2.90869236648373e-06 -0.001999999999999 0
4.96371639267186 -8.40055657370349e-07 3.82552464768707e-06 -0.001999999999999 0
4.98466034369579 -7.50721815382634e-07 4.6584537846698e-06 -0.001999999999999 0
5.00560429471972 -6.449228015436e-07 5.38921159726267e-06 -0.001999999999999 0
5.02654824574365 -5.24979047881283e-07 6.00177077319169e-06 -0.001999999999999 0
5.04749219676758 -3.93521215282414e-07 6.4826963863709e-06 -0.001999999999999 0
5.06843614779152 -2.53432496642937e-07 6.82144055780378e-06 -0.00199999999999901 0
5.08938009881545 -1.07785381371803e-07 7.01057379645651e-06 -0.00199999999999901 0
5.11032404983938 4.02257318423545e-08 7.04594794622998e-06 -0.00199999999999901 0
5.13126800086331 1.87354596034227e-07 6.92678716520355e-06 -0.00199999999999901 0
5.15221195188724 3.30374314124802e-07 6.65570494175244e-06 -0.001999999999999 0
5.17315590291117 4.66148112693837e-07 6.23864677433363e-06 -0.001999999999999 0
5.19409985393511 5.91698139119311e-07 5.68475977211304e-06 -0.001999999999999 0
5.21504380495904 7.04270773193745e-07 5.00619203641252e-06 -0.001999999999999 0
5.23598775598297 8.01397020773354e-07 4.21782622303363e-06 -0.001999999999999 0
5.2569317070069 8.80946664879089e-07 3.33695312909058e-06 -0.001999999999999 0
5.27787565803083 9.41174986583014e-07 2.38289246339401e-06 -0.001999999999999 0
5.29881960905476 9.8076103097633e-07 1.37656911782182e-06 -0.001999999999999 0
5.31976356007869 9.98836578952449e-07 3.40054233085962e-07 -0.001999999999999 0
5.34070751110263 9.95005189382797e-07 -7.03918875550947e-07 -0.001999999999999 -0
5.36165146212656 9.69350894043728e-07 -1.73245331567198e-06 -0.001999999999999 -0
5.38259541315049 9.22436354593432e-07 -2.72299080275072e-06 -0.001999999999999 -0
5.40353936417442 8.55290522020871e-07 -3.65380641869404e-06 -0.001999999999999 -0
5.42448331519835 7.6938606922532e-07 -4.50448509261367e-06 -0.001999999999999 -0
5.44542726622228 6.66607091685407e-07 -5.25636935343399e-06 -0.001999999999999 -0
5.46637121724622 5.49207784621283e-07 -5.89296853402233e-06 -0.001999999999999 -0
5.48731516827015 4.19763002961136e-07 -6.40032045199098e-06 -0.001999999999999 -0
5.50825911929408 2.81111788453345e-07 -6.76729763462331e-06 -0.00199999999999901 -0
5.52920307031801 1.36295102513294e-07 -6.98585137165973e-06 -0.00199999999999901 -0
5.55014702134194 -1.15108695236735e-08 -7.05118824326707e-06 -0.00199999999999901 -0
5.57109097236587 -1.59064379941727e-07 -6.96187525149961e-06 -0.00199999999999901 -0
5.5920349233898 -3.03129218127937e-07 -6.71987124946096e-06 -0.00199999999999901 -0
5.61297887441374 -4.40545688613405e-07 -6.33048397884803e-06 -0.001999999999999 -0
5.63392282543767 -5.68299910949495e-07 -5.80225365814919e-06 -0.001999999999999 -0
5.6548667764616 -6.83589921502818e-07 -5.14676567469324e-06 -0.001999999999999 -0
5.67581072748553 -7.83887127394354e-07 -4.37839648867215e-06 -0.001999999999999 -0
5.69675467850946 -8.66991764747028e-07 -3.51399832208594e-06 -0.001999999999999 -0
5.71769862953339 -9.31081144906248e-07 -2.57252954815514e-06 -0.001999999999999 -0
5.73864258055733 -9.74749630475386e-07 -1.57463888766791e-06 -0.001999999999999 -0
5.75958653158126 -9.97039464393639e-07 -5.42212531856582e-07 -0.001999999999999 -0
5.78053048260519 -9.97461775898919e-07 5.02105875489716e-07 -0.001999999999999 0
5.80147443362912 -9.76007302663468e-07 1.53541186870592e-06 -0.001999999999999 0
5.82241838465305 -9.33146593939438e-07 2.53504251139577e-06 -0.001999999999999 0
5.84336233567698 -8.69819690258952e-07 3.47907345024693e-06 -0.001999999999999 0
5.86430628670091 -7.8741550603817e-07 4.34679976990641e-06 -0.001999999999999 0
5.88525023772485 -6.87741367275434e-07 5.11919010258876e-06 -0.001999999999999 0
5.90619418874878 -5.72983372456538e-07 5.77930403267886e-06 -0.001999999999999 0
5.92713813977271 -4.45658446049758e-07 6.31266364162195e-06 -0.001999999999999 0
5.94808209079664 -3.08559136175166e-07 6.70757104420962e-06 -0.001999999999999 0
5.96902604182057 -1.64692367170817e-07 6.95536495191163e-06 -0.00199999999999901 0
5.9899699928445 -1.72134903623458e-08 7.05061063619015e-06 -0.00199999999999901 0
6.01091394386844 1.30642920535544e-07 6.99121912543465e-06 -0.00199999999999901 0
6.03185789489237 2.75634011559014e-07 6.77849302123611e-06 -0.00199999999999901 0
6.0528018459163 4.14579772241211e-07 6.41709792913725e-06 -0.001999999999999 0
6.07374579694023 5.44432781046265e-07 5.91496013045255e-06 -0.001999999999999 0
6.09468974796416 6.62345042802628e-07 5.28309273946613e-06 -0.001999999999999 0
6.11563369898809 7.65730452226804e-07 4.53535415880685e-06 -0.001999999999999 0
6.13657765001202 8.52321513559101e-07 3.68814413066702e-06 -0.001999999999999 0
6.15752160103596 9.20219072310588e-07 2.76004405020749e-06 -0.001999999999999 0
6.17846555205989 9.67933968381982e-07 1.7714094299588e-06 -0.001999999999999 0
6.19940950308382 9.94419696999365e-07 7.43923453474457e-07 -0.001999999999999 0
6.22035345410775 9.99095361132229e-07 -2.99878590099845e-07 -0.001999999999999 -0
6.24129740513168 9.81858411991011e-07 -1.33710356022383e-06 -0.001999999999999 -0
6.26224135615561 9.43086898173723e-07 -2.34500256771962e-06 -0.001999999999999 -0
6.28318530717955 8.83631174132382e-07 -3.30146991374225e-06 -0.001999999999999 -0
6.30412925820348 8.04795249812918e-07 -4.18552792200772e-06 -0.001999999999999 0
6.32507320922741 7.08308190516723e-07 -4.97778703071781e-06 -0.001999999999999 0
6.34601716025134 5.96286194255083e-07 -5.6608710532367e-06 -0.001999999999999 0
6.36696111127527 4.71186178333157e-07 -6.21979828050888e-06 -0.001999999999999 0
6.3879050622992 3.35751893123654e-07 -6.64231006670731e-06 -0.001999999999999 0
6.40884901332313 1.9295374488738e-07 -6.9191396914218e-06 -0.00199999999999901 0
6.42979296434707 4.59236474738907e-08 -7.04421560158027e-06 -0.00199999999999901 0
6.450736915371 -1.02113668235649e-07 -7.01479457550858e-06 -0.00199999999999901 0
6.47168086639493 -2.479113805909e-07 -6.83152188851426e-06 -0.00199999999999901 0
6.49262481741886 -3.88271787939572e-07 -6.49841716041547e-06 -0.001999999999999 0
6.51356876844279 -5.20116442072541e-07 -6.02278619541324e-06 -0.001999999999999 0
6.53451271946672 -6.40553666148269e-07 -5.41506074787531e-06 -0.001999999999999 0
6.55545667049066 -7.46941976262774e-07 -4.68856972836097e-06 -0.001999999999999 0
6.57640062151459 -8.36948015674433e-07 -3.85924686790034e-06 -0.001999999999999 0
6.59734457253852 -9.08597731043909e-07 -2.94528125216791e-06 -0.001999999999999 0
6.61828852356245 -9.60319668268653e-07 -1.96671839019364e-06 -0.001999999999999 0
6.63923247458638 -9.90979438328073e-07 -9.45020567153703e-07 -0.001999999999999 0
6.66017642561031 -9.99904597218804e-07 9.74038762166695e-08 -0.001999999999999 -0
6.68112037663424 -9.86899394302027e-07 1.13769201353062e-06 -0.001999999999999 -0
6.70206432765818 -9.52249065595396e-07 2.15302777283608e-06 -0.001999999999999 -0
6.72300827868211 -8.96713577847139e-07 3.12114234906944e-06 -0.001999999999999 -0
6.74395222970604 -8.21510960600135e-07 4.02080261360328e-06 -0.001999999999999 -0
6.76489618072997 -7.28290591814729e-07 4.83227680886796e-06 -0.001999999999999 -0
6.7858401317539 -6.1909702296211e-07 5.53776731422137e-06 -0.001999999999999 -0
6.80678408277783 -4.96325136992762e-07 6.12180099144892e-06 -0.001999999999999 -0
6.82772803380177 -3.62667622675781e-07 6.57156854865916e-06 -0.001999999999999 -0
6.8486719848257 -2.21055917325704e-07 6.87720547949184e-06 -0.00199999999999901 -0
6.86961593584963 -7.45959131877944e-08 7.0320084159521e-06 -0.00199999999999901 -0
6.89055988687356 7.35001624014521e-08 7.03258214972219e-06 -0.00199999999999901 -0
6.91150383789749 2.19984199043325e-07 6.87891409741246e-06 -0.00199999999999901 -0
6.93244778892142 3.61643442309535e-07 6.57437457654598e-06 -0.001999999999999 -0
6.95339173994535 4.95370957331649e-07 6.12564288622376e-06 -0.001999999999999 -0
6.97433569096929 6.1823377150787e-07 5.54256081370294e-06 -0.001999999999999 -0
6.99527964199322 7.27537201790367e-07 4.83791677984831e-06 -0.001999999999999 -0
7.01622359301715 8.20883955697873e-07 4.02716535767705e-06 -0.001999999999999 -0
7.03716754404108 8.96226709823294e-07 3.12808831564349e-06 -0.001999999999999 -0
7.05811149506501 9.51913012660616e-07 2.16040461981648e-06 -0.001999999999999 -0
7.07905544608894 9.86721526921919e-07 1.14533794855865e-06 -0.001999999999999 -0
7.09999939711288 9.99888816461542e-07 1.05151205172325e-07 -0.001999999999999 -0
7.12094334813681 9.91126090304392e-07 -9.37341762208107e-07 -0.001999999999999 0
7.14188729916074 9.60625536540796e-07 -1.95927652429607e-06 -0.001999999999999 0
7.16283125018467 9.09056107169999e-07 -2.93823954370152e-06 -0.001999999999999 0
7.1837752012086 8.37548846341067e-07 -3.85275975881372e-06 -0.001999999999999 0
7.20471915223253 7.47672083778858e-07 -4.68277949687722e-06 -0.001999999999999 0
7.22566310325646 6.41397037464128e-07 -5.41009438798139e-06 -0.001999999999999 0
7.2466070542804 5.21054579985396e-07 -6.01875263157019e-06 -0.001999999999999 0
7.26755100530433 3.89284116782593e-07 -6.49540485857764e-06 -0.001999999999999 0
7.28849495632826 2.48975697508076e-07 -6.82959691585383e-06 -0.00199999999999901 0
7.30943890735219 1.03206630144915e-07 -7.01399915140029e-06 -0.00199999999999901 0
7.33038285837612 -4.482601190958e-08 -7.04456717162698e-06 -0.00199999999999901 0
7.35132680940005 -1.91875509509794e-07 -6.92063054482955e-06 -0.00199999999999901 0
7.37227076042399 -3.34716706280855e-07 -6.64490750540197e-06 -0.001999999999999 0
7.39321471144792 -4.70216744213188e-07 -6.22344533628519e-06 -0.001999999999999 0
7.41415866247185 -5.95403774927404e-07 -5.66548773721078e-06 -0.001999999999999 0
7.43510261349578 -7.07532139602847e-07 -4.98327208767974e-06 -0.001999999999999 0
7.45604656451971 -8.04142588013988e-07 -4.19176105119675e-06 -0.001999999999999 0
7.47699051554364 -8.83116215923427e-07 -3.30831440733777e-06 -0.001999999999999 0
7.49793446656757 -9.42720937852089e-07 -2.35230830917916e-06 -0.001999999999999 0
7.51887841759151 -9.81649475964701e-07 -1.34471031670726e-06 -0.001999999999999 0
7.53982236861544 -9.99048031881075e-07 -3.07619526768776e-07 -0.001999999999999 0
7.56076631963937 -9.94535012570001e-07 7.36218114359164e-07 -0.001999999999999 -0
7.5817102706633 -9.68209399620935e-07 1.76390868539458e-06 -0.001999999999999 -0
7.60265422168723 -9.20648578334817e-07 2.75291240993114e-06 -0.001999999999999 -0
7.62359817271116 -8.52895674247391e-07 3.68153800905246e-06 -0.001999999999999 -0
7.6445421237351 -7.6643667482614e-07 4.52941844431398e-06 -0.001999999999999 -0
7.66548607475903 -6.63167838118178e-07 5.27795761688137e-06 -0.001999999999999 -0
7.68643002578296 -5.45354103157436e-07 5.91073822561692e-06 -0.001999999999999 -0
7.70737397680689 -4.15579414292972e-07 6.4138818387853e-06 -0.001999999999999 -0
7.72831792783082 -2.76690048947824e-07 6.77635328212226e-06 -0.001999999999999 -0
7.74926187885475 -1.31732191769714e-07 6.99020266728908e-06 -0.00199999999999901 -0
7.77020582987868 1.61148756742978e-08 7.0507397524346e-06 -0.00199999999999901 -0
7.79114978090262 1.63608504345247e-07 6.95663681070998e-06 -0.00199999999999901 -0
7.81209373192655 3.07513796983882e-07 6.709957750577e-06 -0.00199999999999901 -0
7.83303768295048 4.44674557346721e-07 6.3161128492302e-06 -0.001999999999999 -0
7.85398163397441 5.72082513335691e-07 5.78374009194e-06 -0.001999999999999 -0
7.87492558499834 6.86943295788208e-07 5.12451571983612e-06 -0.001999999999999 -0
7.89586953602227 7.86737725850925e-07 4.35289814128349e-06 -0.001999999999999 -0
7.91681348704621 8.69277066754619e-07 3.48581082350265e-06 -0.001999999999999 -0
7.93775743807014 9.32751028183188e-07 2.54227111939961e-06 -0.001999999999999 -0
7.95870138909407 9.75767470383143e-07 1.54297317034373e-06 -0.001999999999999 -0
7.979645340118 9.97382937205028e-07 5.09834032859445e-07 -0.001999999999999 -0
8.00058929114193 9.97123348412227e-07 -5.34487016212687e-07 -0.001999999999999 0
8.02153324216586 9.74994397424056e-07 -1.56708545326807e-06 -0.001999999999999 0
8.0424771931898 9.31481426445102e-07 -2.56531386035357e-06 -0.001999999999999 0
8.06342114421373 8.67538781719538e-07 -3.50727863862505e-06 -0.001999999999999 0
8.08436509523766 7.8456888237581e-07 -4.37232018870184e-06 -0.001999999999999 0
8.10530904626159 6.84391461933297e-07 -5.14146602638447e-06 -0.001999999999999 0
8.12625299728553 5.69203657080197e-07 -5.7978468957959e-06 -0.001999999999999 0
8.14719694830946 4.41531819073687e-07 -6.32706675356381e-06 -0.001999999999999 0
8.16814089933339 3.0417610465662e-07 -6.71751850938294e-06 -0.001999999999999 0
8.18908485035732 1.60149061747942e-07 -6.96063859799184e-06 -0.00199999999999901 0
8.21002880138126 1.26095568733571e-08 -7.05109479917601e-06 -0.00199999999999901 0
8.23097275240519 -1.35206506530145e-07 -6.98690318644363e-06 -0.00199999999999901 0
8.25191670342912 -2.80057159418302e-07 -6.76947163940256e-06 -0.00199999999999901 0
8.27286065445305 -4.18765471477233e-07 -6.40356896550528e-06 -0.001999999999999 0
8.29380460547699 -5.48289229002128e-07 -5.89722030839773e-06 -0.001999999999999 0
8.31474855650092 -6.65787658110071e-07 -5.26153113682363e-06 -0.001999999999999 0
8.33569250752485 -7.68683729883183e-07 -4.51044367443964e-06 -0.001999999999999 0
8.35663645854878 -8.54720680937406e-07 -3.66043111263319e-06 -0.001999999999999 0
8.37758040957272 -9.22011509782115e-07 -2.73013631300649e-06 -0.001999999999999 0
8.39852436059665 -9.69080363393938e-07 -1.73996292366776e-06 -0.001999999999999 0
8.41946831162058 -9.94894906295626e-07 -7.11627877153136e-07 -0.001999999999999 0
8.44041226264451 -9.98888962206658e-07 3.32314915202126e-07 -0.001999999999999 -0
8.46135621366845 -9.80974931678595e-07 1.36896922589156e-06 -0.001999999999999 -0
8.48230016469238 -9.41545713365972e-07 2.37559868169919e-06 -0.001999999999999 -0
8.50324411571631 -8.81466086794545e-07 3.33012542816435e-06 -0.001999999999999 -0
8.52418806674024 -8.02053745623923e-07 4.21161435111401e-06 -0.001999999999999 -0
8.54513201776417 -7.05050397391703e-07 5.00073223509604e-06 -0.001999999999999 -0
8.56607596878811 -5.92583563592624e-07 5.68017178824215e-06 -0.001999999999999 -0
8.58701991981204 -4.67119917910776e-07 6.23503123365456e-06 -0.001999999999999 -0
8.60796387083597 -3.3141118601193e-07 6.65314114194564e-06 -0.00199999999999901 -0
8.6289078218599 -1.88433793446343e-07 6.92533133669091e-06 -0.00199999999999901 -0
8.64985177288384 -4.13235853316189e-08 7.04563201890372e-06 -0.00199999999999901 -0
8.67079572390777 1.06692950426789e-07 7.01140469937825e-06 -0.00199999999999901 -0
8.6917396749317 2.5236944793387e-07 6.82340006723322e-06 -0.00199999999999901 -0
8.71268362595563 3.92510864076443e-07 6.48574152545718e-06 -0.001999999999999 -0
8.73362757697957 5.24043553659984e-07 6.0058347545612e-06 -0.001999999999999 -0
8.7545715280035 6.44082681991159e-07 5.39420528783004e-06 -0.001999999999999 -0
8.77551547902743 7.49995496382678e-07 4.66426766054526e-06 -0.001999999999999 -0
8.79645943005136 8.39459068881098e-07 3.83203119630411e-06 -0.001999999999999 -0
8.8174033810753 9.10511243777824e-07 2.91574888326264e-06 -0.001999999999999 -0
8.83834733209923 9.61593672499372e-07 1.93551704130849e-06 -0.001999999999999 -0
8.85929128312316 9.91585992016125e-07 9.1283456044484e-07 -0.001999999999999 -0
8.88023523414709 9.99830397153191e-07 -1.29868622630426e-07 -0.001999999999999 0
8.90117918517103 9.86146067872291e-07 -1.16972346808464e-06 -0.001999999999999 0
8.92212313619496 9.50833135098974e-07 -2.1839234071196e-06 -0.001999999999999 0
8.94306708721889 8.94666098114828e-07 -3.15022454599781e-06 -0.001999999999999 0
8.96401103824282 8.18876837887441e-07 -4.0474335292236e-06 -0.001999999999999 0
8.98495498926676 7.2512759889747e-07 -4.85587236184244e-06 -0.001999999999999 0
9.00589894029069 6.15474532037655e-07 -5.55780999616449e-06 -0.001999999999999 0
9.02684289131462 4.92322598177493e-07 -6.13785121715642e-06 -0.001999999999999 0
9.04778684233855 3.58372821469045e-07 -6.58327429729041e-06 -0.001999999999999 0
9.06873079336249 2.16563049258372e-07 -6.88431001525082e-06 -0.00199999999999901 0
9.08967474438642 7.00035178830902e-08 -7.0343559189335e-06 -0.00199999999999901 0
9.11061869541035 -7.80913624437262e-08 -7.03012113342432e-06 -0.00199999999999901 0
9.13156264643428 -2.24473507538406e-07 -6.87169853796262e-06 -0.00199999999999901 0
9.15250659745822 -3.65932397704354e-07 -6.56256272887151e-06 -0.001999999999999 0
9.17345054848215 -4.99365492308338e-07 -6.10949381313309e-06 -0.001999999999999 0
9.19439449950608 -6.21846276110903e-07 -5.5224287040024e-06 -0.001999999999999 0
9.21533845053001 -7.30688444927903e-07 -4.81424318011235e-06 -0.001999999999999 0
9.23628240155394 -8.23504822874046e-07 -4.00046948804821e-06 -0.001999999999999 0
9.25722635257788 -8.98259718988734e-07 -3.09895568206041e-06 -0.001999999999999 0
9.27817030360181 -9.53313574934864e-07 -2.12947417243164e-06 -0.001999999999999 0
9.29911425462574 -9.87458924537007e-07 -1.11328806799348e-06 -0.001999999999999 0
9.32005820564967 -9.9994687647803e-07 -7.26848239652223e-08 -0.001999999999999 0
9.34100215667361 -9.90503539323628e-07 9.69512576637479e-07 -0.001999999999999 -0
9.36194610769754 -9.59336028633668e-07 1.99044618703287e-06 -0.001999999999999 -0
9.38289005872147 -9.07127924409651e-07 2.96772442754457e-06 -0.001999999999999 -0
9.4038340097454 -8.35024278507628e-07 3.87991318789782e-06 -0.001999999999999 -0
9.42477796076934 -7.44606500840772e-07 4.70700592986195e-06 -0.001999999999999 -0
9.44572191179327 -6.37857675178856e-07 5.43086247973427e-06 -0.001999999999999 0
9.4666658628172 -5.17119065254243e-07 6.03560688686953e-06 -0.001999999999999 0
9.48760981384113 -3.85038765102252e-07 6.50797562224059e-06 -0.001999999999999 0
9.50855376486507 -2.44513619859943e-07 6.83760848018178e-06 -0.00199999999999901 0
9.529497715889 -9.86256908427545e-08 7.01727580312535e-06 -0.00199999999999901 0
9.55044166691293 4.94253416242169e-08 7.04303704573519e-06 -0.00199999999999901 0
9.57138561793686 1.96392355048478e-07 6.91432720073697e-06 -0.00199999999999901 0
9.5923295689608 3.39052002135568e-07 6.63396919091439e-06 -0.001999999999999 0
9.61327351998473 4.74275406706047e-07 6.20811195548439e-06 -0.001999999999999 0
9.63421747100866 5.99096787629071e-07 5.6460955887693e-06 -0.001999999999999 0
9.65516142203259 7.10778505681291e-07 4.96024648900558e-06 -0.001999999999999 0
9.67610537305653 8.06871106693798e-07 4.16560701017882e-06 -0.001999999999999 0
9.69704932408046 8.85267044093557e-07 3.2796055462835e-06 -0.001999999999999 0
9.71799327510439 9.44246902572152e-07 2.32167428386946e-06 -0.001999999999999 0
9.73893722612832 9.82517109083326e-07 1.31282300649994e-06 -0.001999999999999 0
9.75988117715226 9.99238304074604e-07 2.75178298635319e-07 -0.001999999999999 0
9.78082512817619 9.9404375070226e-07 -7.68501744667736e-07 -0.001999999999999 -0
9.80176907920012 9.67047378270349e-07 -1.79532665863431e-06 -0.001999999999999 -0
9.82271303022405 9.18841283481467e-07 -2.78277565284213e-06 -0.001999999999999 -0
9.84365698124799 8.50482744302917e-07 -3.70919154742657e-06 -0.001999999999999 -0
9.86460093227192 7.63471031266098e-07 -4.55425576818666e-06 -0.001999999999999 -0
9.88554488329585 6.59714524784195e-07 -5.29943398278371e-06 -0.001999999999999 -0
9.90648883431978 5.41488859686132e-07 -5.92838260413687e-06 -0.001999999999999 -0
9.92743278534371 4.1138701495985e-07 -6.42730724539865e-06 -0.001999999999999 -0
9.94837673636765 2.72262443359348e-07 -6.78526526471301e-06 -0.00199999999999901 -0
9.96932068739158 1.27166488182778e-07 -6.994405764207e-06 -0.00199999999999901 -0
9.99026463841551 -2.07185401747698e-08 -7.05014177944895e-06 -0.00199999999999901 -0
10.0112085894394 -1.68149160098333e-07 -6.95125088283588e-06 -0.00199999999999901 -0
10.0321525404634 -3.11891856265127e-07 -6.69990199443102e-06 -0.00199999999999901 -0
10.0530964914873 -4.48793998571347e-07 -6.3016078122237e-06 -0.001999999999999 -0
10.0740404425112 -5.75852987047607e-07 -5.76510390513316e-06 -0.001999999999999 -0
10.0949843935352 -6.90282106245323e-07 -5.10215712054299e-06 -0.001999999999999 -0
10.1159283445591 -7.89571644745723e-07 -4.3273075084596e-06 -0.001999999999999 -0
10.136872295583 -8.71543939290664e-07 -3.45754942253099e-06 -0.001999999999999 -0
10.157816246607 -9.3440113628235e-07 -2.51195879216331e-06 -0.001999999999999 -0
10.1787601976309 -9.76764623125071e-07 -1.51127474057235e-06 -0.001999999999999 -0
10.1997041486548 -9.97705264582855e-07 -4.77444724912934e-07 -0.001999999999999 -0
10.2206480996788 -9.96763780995494e-07 5.66856825320424e-07 -0.001999999999999 0
10.2415920507027 -9.7396082140867e-07 1.59872581418052e-06 -0.001999999999999 0
10.2625360017266 -9.29796510689709e-07 2.59553082230337e-06 -0.001999999999999 0
10.2834799527506 -8.65239480561815e-07 3.53540946947742e-06 -0.001999999999999 0
10.3044239037745 -7.81705625133148e-07 4.39774791029681e-06 -0.001999999999999 0
10.3253678547984 -6.81027046864104e-07 5.16363294638213e-06 -0.001999999999999 0
10.3463118058224 -5.65411874063971e-07 5.81626683923809e-06 -0.001999999999999 0
10.3672557568463 -4.3739583121786e-07 6.34133572588417e-06 -0.001999999999999 0
10.3881997078702 -2.99786624325514e-07 6.72732355699922e-06 -0.00199999999999901 0
10.4091436588942 -1.55602361017989e-07 6.96576467214603e-06 -0.00199999999999901 0
10.4300876099181 -8.00535605019051e-09 7.05142947248136e-06 -0.00199999999999901 0
10.451031560942 1.39767226022731e-07 6.9824391186932e-06 -0.00199999999999901 0
10.471975511966 2.84474369808803e-07 6.76030673855794e-06 -0.00199999999999901 0
10.4929194629899 4.2294229250096e-07 6.38990424033472e-06 -0.001999999999999 0
10.5138634140138 5.52134052723174e-07 5.87935545986052e-06 -0.001999999999999 0
10.5348073650378 6.69216158108172e-07 5.23985798489255e-06 -0.001999999999999 0
10.5557513160617 7.71620710739071e-07 4.48543756452731e-06 -0.001999999999999 0
10.5766952670856 8.57101727452901e-07 3.63264049010061e-06 -0.001999999999999 0
10.5976392181096 9.2378439976351e-07 2.70017069441023e-06 -0.001999999999999 0
10.6185831691335 9.70206213012869e-07 1.70847952856599e-06 -0.001999999999999 0
10.6395271201574 9.95349022906863e-07 6.79317213667762e-07 -0.001999999999999 0
10.6604710711813 9.98661385918412e-07 -3.64744194923242e-07 -0.001999999999999 -0
10.6814150222053 9.80070653797391e-07 -1.40080586815539e-06 -0.001999999999999 -0
10.7023589732292 9.39984566925046e-07 -2.40614443080663e-06 -0.001999999999999 -0
10.7233029242531 8.7928231156675e-07 -3.35871034087134e-06 -0.001999999999999 -0
10.7442468752771 7.9929523715948e-07 -4.23761149013108e-06 -0.001999999999999 -0
10.765190826301 7.01777656551236e-07 -5.02357141936173e-06 -0.001999999999999 -0
10.7861347773249 5.88868369614807e-07 -5.69935209839304e-06 -0.001999999999999 -0
10.8070787283489 4.63043754117461e-07 -6.25013199841623e-06 -0.001999999999999 -0
10.8280226793728 3.27063452678928e-07 -6.6638311644862e-06 -0.001999999999999 -0
10.8489666303967 1.8390984703596e-07 -6.93137615858033e-06 -0.00199999999999901 -0
10.8699105814207 3.67226470914157e-08 -7.04689906236263e-06 -0.00199999999999901 -0
10.8908545324446 -1.11269970629469e-07 -7.00786617503397e-06 -0.00199999999999901 -0
10.9117984834685 -2.56822164812946e-07 -6.81513358360896e-06 -0.00199999999999901 -0
10.9327424344925 -3.96741618622789e-07 -6.47292838682663e-06 -0.001999999999999 -0
10.9536863855164 -5.27959555043178e-07 -5.98875598450084e-06 -0.001999999999999 -0
10.9746303365403 -6.47598042690119e-07 -5.37323546568244e-06 -0.001999999999999 -0
10.9955742875643 -7.53033115909792e-07 -4.63986670597476e-06 -0.001999999999999 -0
11.0165182385882 -8.41952324785135e-07 -3.80473428212987e-06 -0.001999999999999 -0
11.0374621896121 -9.12405452837798e-07 -2.88615469780527e-06 -0.001999999999999 -0
11.0584061406361 -9.62847290061784e-07 -1.90427465768584e-06 -0.001999999999999 -0
11.07935009166 -9.92171523171172e-07 -8.80629200805592e-07 -0.001999999999999 -0
11.1002940426839 -9.99734999765618e-07 1.62330615710203e-07 -0.001999999999999 0
11.1212379937079 -9.85371834240934e-07 1.20173012342768e-06 -0.001999999999999 0
11.1421819447318 -9.49397046067512e-07 2.21477274022271e-06 -0.001999999999999 0
11.1631258957557 -8.92599650640206e-07 3.17923995527485e-06 -0.001999999999999 0
11.1840698467797 -8.16225354234303e-07 4.07397863553879e-06 -0.001999999999999 0
11.2050137978036 -7.21949232609666e-07 4.87936496586663e-06 -0.001999999999999 0
11.2259577488275 -6.11838992488303e-07 5.5777348474353e-06 -0.001999999999999 0
11.2469016998515 -4.88309621671339e-07 6.15377131478543e-06 -0.001999999999999 0
11.2678456508754 -3.54070422429617e-07 6.59484047446511e-06 -0.001999999999999 0
11.2887896018993 -2.12065589855656e-07 6.89126859731978e-06 -0.00199999999999901 0
11.3097335529233 -6.54096384395651e-08 7.03655428711402e-06 -0.00199999999999901 0
11.3306775039472 8.26809068774524e-08 7.02751107210691e-06 -0.00199999999999901 0
11.3516214549711 2.28958056989128e-07 6.86433729219765e-06 -0.00199999999999901 0
11.3725654059951 3.70213594996527e-07 6.55061174884475e-06 -0.001999999999999 0
11.393509357019 5.03349440278324e-07 6.09321521316692e-06 -0.001999999999999 0
11.4144533080429 6.25445597002217e-07 5.50217951374543e-06 -0.001999999999999 0
11.4353972590668 7.33824196799856e-07 4.79046751400297e-06 -0.001999999999999 0
11.4563412100908 8.26108230992248e-07 3.97368880479502e-06 -0.001999999999999 0
11.4772851611147 9.00273684223803e-07 3.06975734777297e-06 -0.001999999999999 0
11.4982291121386 9.54693926086472e-07 2.09849857824014e-06 -0.001999999999999 0
11.5191730631626 9.88175387116708e-07 1.08121458469961e-06 -0.001999999999999 0
11.5401170141865 9.99983736703091e-07 4.02169017731495e-08 -0.001999999999999 0
11.5610609652104 9.8985998875885e-07 -1.00166283651051e-06 -0.001999999999999 -0
11.5820049162344 9.58026181922354e-07 -2.02157365048388e-06 -0.001999999999999 -0
11.6029488672583 9.05180509704839e-07 -2.9971463929063e-06 -0.001999999999999 -0
11.6238928182822 8.32482007393186e-07 -3.90698435926177e-06 -0.001999999999999 -0
11.6448367693062 7.41525131561545e-07 -4.73113257000136e-06 -0.001999999999999 -0
11.6657807203301 6.3430478972551e-07 -5.45151543221871e-06 -0.001999999999999 -0
11.686724671354 5.1317258712435e-07 -6.05233318176401e-06 -0.001999999999999 -0
11.707668622378 3.80785250246743e-07 -6.520408410848e-06 -0.001999999999999 -0
11.7286125734019 2.40046358298681e-07 -6.8454750809351e-06 -0.00199999999999901 -0
11.7495565244258 9.40426605854404e-08 -7.02040368216366e-06 -0.00199999999999901 -0
11.7705004754498 -5.40236234762538e-08 -7.04135760099465e-06 -0.00199999999999901 -0
11.7914444264737 -2.00905036889006e-07 -6.90787726656249e-06 -0.00199999999999901 -0
11.8123883774976 -3.43380109776689e-07 -6.622890230192e-06 -0.001999999999999 -0
11.8333323285216 -4.78324014125043e-07 -6.19264695701299e-06 -0.001999999999999 -0
11.8542762795455 -6.02777098929052e-07 -5.62658373791994e-06 -0.001999999999999 -0
11.8752202305694 -7.14009802603137e-07 -4.93711572855386e-06 -0.001999999999999 -0
11.8961641815934 -8.09582518965684e-07 -4.13936465446953e-06 -0.001999999999999 -0
11.9171081326173 -8.87399103789947e-07 -3.25082715458197e-06 -0.001999999999999 -0
11.9380520836412 -9.4575284839135e-07 -2.29099103693435e-06 -0.001999999999999 -0
11.9589960346652 -9.83363911937587e-07 -1.28090786324012e-06 -0.001999999999999 -0
11.9799399856891 -9.99407391499091e-07 -2.42731236469402e-07 -0.001999999999999 -0
12.000883936713 -9.93531414194774e-07 8.00769082034068e-07 -0.001999999999999 0
12.021827887737 -9.6586485462789e-07 1.82670656930133e-06 -0.001999999999999 0
12.0427718387609 -9.17014508349691e-07 2.81257989835555e-06 -0.001999999999999 0
12.0637157897848 -8.48051783343781e-07 3.73676644753596e-06 -0.001999999999999 0
12.0846597408088 -7.6048920141956e-07 4.57899653765763e-06 -0.001999999999999 0
12.1056036918327 -6.56247224896871e-07 5.32079799582236e-06 -0.001999999999999 0
12.1265476428566 -5.37612136154082e-07 5.94590129550517e-06 -0.001999999999999 0
12.1474915938806 -4.07185893844483e-07 6.44059638720008e-06 -0.001999999999999 0
12.1684355449045 -2.67829065557219e-07 6.79403339345334e-06 -0.00199999999999901 0
12.1893794959284 -1.22598088549593e-07 6.998460573304e-06 -0.00199999999999901 0
12.2103234469523 2.53217654231762e-08 7.04939433698769e-06 -0.00199999999999901 0
12.2312673979763 1.72686250934914e-07 6.94571758206395e-06 -0.00199999999999901 0
12.2522113490002 3.16263303152797e-07 6.68970419421429e-06 -0.00199999999999901 0
12.2731553000241 4.52903924951347e-07 6.28696917534864e-06 -0.001999999999999 0
12.2940992510481 5.7961125214774e-07 5.74634549283292e-06 -0.001999999999999 0
12.315043202072 6.93606282088316e-07 5.07969035083668e-06 -0.001999999999999 0
12.3359871530959 7.92388823997067e-07 4.30162513274538e-06 -0.001999999999999 0
12.3569311041199 8.73792334295384e-07 3.4292147183386e-06 -0.001999999999999 0
12.3778750551438 9.36031434219927e-07 2.48159320909542e-06 -0.001999999999999 0
12.3988190061677 9.77741067560617e-07 1.47954427038958e-06 -0.001999999999999 0
12.4197629571917 9.98006439693484e-07 4.45045294700112e-07 -0.001999999999999 0
12.4407069082156 9.96383081271878e-07 -5.99214616543257e-07 -0.001999999999999 -0
12.4616508592395 9.72906596530072e-07 -1.63033228063856e-06 -0.001999999999999 -0
12.4825948102635 9.2809188239502e-07 -2.62569275661782e-06 -0.001999999999999 -0
12.5035387612874 8.62921835533079e-07 -3.5634653464046e-06 -0.001999999999999 -0
12.5244827123113 7.78825795013867e-07 -4.42308239560029e-06 -0.001999999999999 -0
12.5454266633353 6.77648193396543e-07 -5.18569039262268e-06 -0.001999999999999 -0
12.5663706143592 5.61608103797139e-07 -5.83456347248573e-06 -0.001999999999999 0
12.5873145653831 4.33250570169016e-07 -6.35547025606774e-06 -0.001999999999999 0
12.6082585164071 2.95390788242861e-07 -6.73698597918247e-06 -0.00199999999999901 0
12.629202467431 1.51052361375188e-07 -6.97074306569673e-06 -0.00199999999999901 0
12.6501464184549 3.40098550612978e-09 -7.05161464901084e-06 -0.00199999999999901 0
12.6710903694789 -1.4432498232186e-07 -6.97782701682571e-06 -0.00199999999999901 0
12.6920343205028 -2.88885549081604e-07 -6.75099851300657e-06 -0.001999999999999 0
12.7129782715267 -4.27110146759954e-07 -6.37610404333028e-06 -0.001999999999999 0
12.7339222225507 -5.55967170695612e-07 -5.86136596359211e-06 -0.001999999999999 0
12.7548661735746 -6.72630470109584e-07 -5.21807374316359e-06 -0.001999999999999 0
12.7758101245985 -7.74541332527779e-07 -4.46033635922235e-06 -0.001999999999999 0
12.7967540756225 -8.59464602625216e-07 -3.60477285225599e-06 -0.001999999999999 0
12.8176980266464 -9.25537704667877e-07 -2.67014782971731e-06 -0.001999999999999 0
12.8386419776703 -9.71311493369731e-07 -1.67695991213035e-06 -0.001999999999999 0
12.8595859286943 -9.95782037205388e-07 -6.46992148034054e-07 -0.001999999999999 0
12.8805298797182 -9.98412637092319e-07 3.97165741732701e-07 -0.001999999999999 -0
12.9014738307421 -9.79145597518921e-07 1.43261281204931e-06 -0.001999999999999 -0
12.9224177817661 -9.38403491948682e-07 2.43663916744403e-06 -0.001999999999999 -0
12.94336173279 -8.77079894747037e-07 3.38722404583683e-06 -0.001999999999999 -0
12.9643056838139 -7.965197829025e-07 4.26351878789573e-06 -0.001999999999999 -0
12.9852496348378 -6.98490037380433e-07 5.04630409930323e-06 -0.001999999999999 -0
13.0061935858618 -5.85140691087152e-07 5.71841157704916e-06 -0.001999999999999 -0
13.0271375368857 -4.58957773371627e-07 6.26510025464382e-06 -0.001999999999999 -0
13.0480814879096 -3.22708785300585e-07 6.67437990769071e-06 -0.00199999999999901 -0
13.0690254389336 -1.79382001568047e-07 6.93727402893431e-06 -0.00199999999999901 -0
13.0899693899575 -3.2120930297394e-08 7.04801670509451e-06 -0.00199999999999901 -0
13.1109133409814 1.1584463180666e-07 7.0041790774957e-06 -0.00199999999999901 -0
13.1318572920054 2.61269436826444e-07 6.80672261289851e-06 -0.00199999999999901 -0
13.1528012430293 4.00963961882733e-07 6.4599780161741e-06 -0.001999999999999 -0
13.1737451940532 5.31864363199298e-07 5.97155024731775e-06 -0.001999999999999 -0
13.1946891450772 6.51099673716277e-07 5.35215172601197e-06 -0.001999999999999 -0
13.2156330961011 7.56054770443794e-07 4.61536738197212e-06 -0.001999999999999 -0
13.236577047125 8.44427730527231e-07 3.77735670409728e-06 -0.001999999999999 -0
13.257520998149 9.14280318064862e-07 2.8564993232197e-06 -0.001999999999999 -0
13.2784649491729 9.64080494378047e-07 1.87299190169291e-06 -0.001999999999999 -0
13.2994089001968 9.92736019379417e-07 8.48405171019138e-07 -0.001999999999999 -0
13.3203528512208 9.99618407078598e-07 -1.94789167231957e-07 -0.001999999999999 0
13.3412968022447 9.8457670982242e-07 -1.23371130098928e-06 -0.001999999999999 0
13.3622407532686 9.47940828947416e-07 -2.24557511811125e-06 -0.001999999999999 0
13.3831847042926 8.90514279233856e-07 -3.20818796174727e-06 -0.001999999999999 0
13.4041286553165 8.13556565854611e-07 -4.10043736976824e-06 -0.001999999999999 0
13.4250726063404 7.18755560335603e-07 -4.90275412287578e-06 -0.001999999999999 0
13.4460165573644 6.08190481390829e-07 -5.5975414456087e-06 -0.001999999999999 0
13.4669605083883 4.84286292553088e-07 -6.16956094681528e-06 -0.001999999999999 0
13.4879044594122 3.49760516772304e-07 -6.60626683496971e-06 -0.001999999999999 0
13.5088484104362 2.07563634467824e-07 -6.8980810781704e-06 -0.00199999999999901 0
13.5297923614601 6.08143722516789e-08 -7.03860347388624e-06 -0.00199999999999901 0
13.550736312484 -8.72686984000771e-08 -7.02475202110566e-06 -0.00199999999999901 0
13.571680263508 -2.33437752318929e-07 -6.85683051618272e-06 -0.00199999999999901 0
13.5926242145319 -3.74486943420743e-07 -6.53852188983746e-06 -0.001999999999999 0
13.6135681655558 -5.07322716778255e-07 -6.07680743144653e-06 -0.001999999999999 0
13.6345121165798 -6.29031657872907e-07 -5.48181367223345e-06 -0.001999999999999 0
13.6554560676037 -7.3694439092541e-07 -4.7665902855861e-06 -0.001999999999999 0
13.6764000186276 -8.28694124857837e-07 -3.94682387569254e-06 -0.001999999999999 0
13.6973439696516 -9.0226856283059e-07 -3.04049393181265e-06 -0.001999999999999 0
13.7182879206755 -9.5605403685073e-07 -2.06747849395301e-06 -0.001999999999999 0
13.7392318716994 -9.88870899471359e-07 -1.04911817866432e-06 -0.001999999999999 0
13.7601758227233 -9.99999396355254e-07 -7.74812694585314e-09 -0.001999999999999 0
13.7811197737473 -9.89195452253921e-07 1.03379186021218e-06 -0.001999999999999 -0
13.8020637247712 -9.56696024176807e-07 2.05265825471832e-06 -0.001999999999999 -0
13.8230076757951 -9.03213904342541e-07 3.02650481601403e-06 -0.001999999999999 -0
13.8439516268191 -8.29922086896223e-07 3.93397269897187e-06 -0.001999999999999 -0
13.864895577843 -7.38428041269036e-07 4.75515890578855e-06 -0.001999999999999 -0
13.8858395288669 -6.30738456428525e-07 5.47205280757315e-06 -0.001999999999999 -0
13.9067834798909 -5.09215229264674e-07 6.06893116164084e-06 -0.001999999999999 -0
13.9277274309148 -3.76523662394484e-07 6.53270296081336e-06 -0.001999999999999 -0
13.9486713819387 -2.35574007534333e-07 6.85319655133465e-06 -0.00199999999999901 -0
13.9696153329627 -8.94576365374197e-08 7.02338272220132e-06 -0.00199999999999901 -0
13.9905592839866 5.86207599778955e-08 7.03952887301116e-06 -0.00199999999999901 -0
14.0115032350105 2.05413459358382e-07 6.90128087905064e-06 -0.00199999999999901 -0
14.0324471860345 3.47700937444365e-07 6.61167085811893e-06 -0.001999999999999 -0
14.0533911370584 4.82362480635984e-07 6.17705066874314e-06 -0.001999999999999 -0
14.0743350880823 6.06444630801369e-07 5.60695259833185e-06 -0.001999999999999 -0
14.0952790391063 7.17225961861924e-07 4.91388029671792e-06 -0.001999999999999 -0
14.1162229901302 8.12276767345218e-07 4.11303454043089e-06 -0.001999999999999 -0
14.1371669411541 8.89512349810974e-07 3.2219798423615e-06 -0.001999999999999 -0
14.1581108921781 9.47238743382249e-07 2.26025921888683e-06 -0.001999999999999 -0
14.179054843202 9.84189866574487e-07 1.24896556355812e-06 -0.001999999999999 -0
14.1999987942259 9.99555290569727e-07 2.10279028178521e-07 -0.001999999999999 -0
14.2209427452499 9.92998013909549e-07 -8.33019442360999e-07 -0.001999999999999 0
14.2418866962738 9.64661853764143e-07 -1.85804775211271e-06 -0.001999999999999 0
14.2628306472977 9.15168291668798e-07 -2.84232451459402e-06 -0.001999999999999 0
14.2837745983217 8.45602842908586e-07 -3.76426212476745e-06 -0.001999999999999 0
14.3047185493456 7.57491248504055e-07 -4.60364022819988e-06 -0.001999999999999 0
14.3256625003695 6.52766011966143e-07 -5.34204920306063e-06 -0.001999999999999 0
14.3466064513935 5.33724014751382e-07 -5.96329392830948e-06 -0.001999999999999 0
14.3675504024174 4.02976140014494e-07 -6.45374898244761e-06 -0.001999999999999 0
14.3884943534413 2.63390009533115e-07 -6.80265748245089e-06 -0.00199999999999901 0
14.4094383044653 1.18027089724423e-07 -7.00236700861439e-06 -0.00199999999999901 0
14.4303822554892 -2.99244538269178e-08 -7.0484974408973e-06 -0.00199999999999901 0
14.4513262065131 -1.77219680664502e-07 -6.94003702570523e-06 -0.00199999999999901 0
14.4722701575371 -3.20628044968207e-07 -6.67936456612955e-06 -0.00199999999999901 0
14.493214108561 -4.5700424935251e-07 -6.27219724895753e-06 -0.001999999999999 0
14.5141580595849 -5.83357228957422e-07 -5.72746525273484e-06 -0.001999999999999 0
14.5351020106088 -6.96915752841611e-07 -5.05711588703333e-06 -0.001999999999999 0
14.5560459616328 -7.9518920387817e-07 -4.27585155863078e-06 -0.001999999999999 0
14.5769899126567 -8.76022204100743e-07 -3.40080731164721e-06 -0.001999999999999 0
14.5979338636806 -9.37641887432108e-07 -2.45117501397414e-06 -0.001999999999999 0
14.6188778147046 -9.78696782988263e-07 -1.44778243251052e-06 -0.001999999999999 0
14.6398217657285 -9.98286456151727e-07 -4.12636429118626e-07 -0.001999999999999 0
14.6607657167524 -9.95981257312565e-07 6.31559703866323e-07 -0.001999999999999 -0
14.6817096677764 -9.71831745138796e-07 1.6619041825561e-06 -0.001999999999999 -0
14.7026536188003 -9.26367577700719e-07 2.65579902383624e-06 -0.001999999999999 -0
14.7235975698242 -8.60585895769531e-07 3.59144567459627e-06 -0.001999999999999 -0
14.7445415208482 -7.75929453073006e-07 4.44832310749795e-06 -0.001999999999999 -0
14.7654854718721 -6.74254973165408e-07 5.20763789746803e-06 -0.001999999999999 -0
14.786429422896 -5.57792426923122e-07 5.85273640763341e-06 -0.001999999999999 -0
14.80737337392 -4.29096123810492e-07 6.36947004444949e-06 -0.001999999999999 -0
14.8283173249439 -2.90988689604418e-07 6.74650557108046e-06 -0.00199999999999901 -0
14.8492612759678 -1.46499159283706e-07 6.97557367309741e-06 -0.00199999999999901 -0
14.8702052269918 1.20345714194475e-09 7.05165032483853e-06 -0.00199999999999901 -0
14.8911491780157 1.48879678798918e-07 6.97306697862194e-06 -0.00199999999999901 -0
14.9120931290396 2.93290603715655e-07 6.74154716009136e-06 -0.00199999999999901 -0
14.9330370800636 4.3126894589188e-07 6.36216866706881e-06 -0.001999999999999 -0
14.9539810310875 5.59788501653822e-07 5.84325220098633e-06 -0.001999999999999 -0
14.9749249821114 6.76030521727761e-07 5.19617887348269e-06 -0.001999999999999 -0
14.9958689331354 7.77445533329445e-07 4.43514059069336e-06 -0.001999999999999 -0
15.0168128841593 8.61809256359229e-07 3.57682878991882e-06 -0.001999999999999 -0
15.0377568351832 9.27271387323544e-07 2.64006835544003e-06 -0.001999999999999 -0
15.0587007862072 9.72396181031566e-07 1.64540474260564e-06 -0.001999999999999 -0
15.0796447372311 9.961939400109e-07 6.14653365573067e-07 -0.001999999999999 -0
15.100588688255 9.98142721002081e-07 -4.29578868263956e-07 -0.001999999999999 0
15.121532639279 9.78199782455227e-07 -1.46438938323691e-06 -0.001999999999999 0
15.1424765903029 9.36802521957121e-07 -2.46708224509498e-06 -0.001999999999999 0
15.1634205413268 8.74858883028664e-07 -3.4156659385441e-06 -0.001999999999999 0
15.1843644923508 7.93727441695161e-07 -4.28933569514946e-06 -0.001999999999999 0
15.2053084433747 6.95187609579837e-07 -5.06892979296686e-06 -0.001999999999999 0
15.2262523943986 5.81400607039866e-07 -5.7373498201321e-06 -0.001999999999999 0
15.2471963454226 4.54862062299814e-07 -6.27993568499656e-06 -0.001999999999999 0
15.2681402964465 3.18347276199845e-07 -6.68478714791614e-06 -0.00199999999999901 0
15.2890842474704 1.74850353037083e-07 -6.94302482271257e-06 -0.00199999999999901 0
15.3100281984943 2.75185325101732e-08 -7.04898492340431e-06 -0.00199999999999901 0
15.3309721495183 -1.20416836971346e-07 -7.00034348493328e-06 -0.00199999999999901 0
15.3519161005422 -2.65711169688114e-07 -6.79816733342218e-06 -0.00199999999999901 0
15.3728600515661 -4.05177804338722e-07 -6.44689068805934e-06 -0.001999999999999 0
15.3938040025901 -5.3575789534283e-07 -5.95421790778937e-06 -0.001999999999999 0
15.414747953614 -6.5458750083184e-07 -5.33095451581327e-06 -0.001999999999999 0
15.4356919046379 -7.59060395922834e-07 -4.59077020794548e-06 -0.001999999999999 0
15.4566358556619 -8.46885233626512e-07 -3.74989904263609e-06 -0.001999999999999 0
15.4775798066858 -9.16135799710153e-07 -2.82678338822709e-06 -0.001999999999999 0
15.4985237577097 -9.65293259303098e-07 -1.84166943655284e-06 -0.001999999999999 0
15.5194677087337 -9.93279468673023e-07 -8.16163154264482e-07 -0.001999999999999 0
15.5404116597576 -9.99480621564004e-07 2.27243589044608e-07 -0.001999999999999 -0
15.5613556107815 -9.83760711474118e-07 1.26566632273914e-06 -0.001999999999999 -0
15.5822995618055 -9.46464514611827e-07 2.27632988774653e-06 -0.001999999999999 -0
15.6032435128294 -8.88410028107566e-07 3.23706795169076e-06 -0.001999999999999 -0
15.6241874638533 -8.10870529329125e-07 4.1268091709625e-06 -0.001999999999999 -0
15.6451314148773 -7.15546649784063e-07 4.92603933699829e-06 -0.001999999999999 -0
15.6660753659012 -6.04529076097016e-07 5.61722937076661e-06 -0.001999999999999 -0
15.6870193169251 -4.80252696121007e-07 6.18521977849129e-06 -0.001999999999999 -0
15.7079632679491 -3.45443195871062e-07 6.61755313655487e-06 -0.001999999999999 0
15.728907218973 -2.03057278540462e-07 6.90474731337182e-06 -0.00199999999999901 0
15.7498511699969 -5.6217816743292e-08 7.04050343580553e-06 -0.00199999999999901 0
15.7707951210209 9.18546397462095e-08 7.02184403891499e-06 -0.00199999999999901 0
15.7917390720448 2.37912498554156e-07 6.84917836906836e-06 -0.00199999999999901 0
15.8126830230687 3.78752352378093e-07 6.52629340816574e-06 -0.001999999999999 0
15.8336269740927 5.11285237571022e-07 6.06027081583193e-06 -0.001999999999999 0
15.8545709251166 6.3260438269519e-07 5.46133161124098e-06 -0.001999999999999 0
15.8755148761405 7.40048961153587e-07 4.7426120010809e-06 -0.001999999999999 0
15.8964588271645 8.3126244964749e-07 3.91987527030191e-06 -0.001999999999999 0
15.9174027781884 9.04244312515838e-07 3.01116605459074e-06 -0.001999999999999 0
15.9383467292123 9.5739387839204e-07 2.03641457722448e-06 -0.001999999999999 0
15.9592906802363 9.89545446855459e-07 1.01699953036088e-06 -0.001999999999999 0
15.9802346312602 9.9999385510252e-07 -2.47208121488445e-08 -0.001999999999999 -0
16.0011785822841 9.88509943897624e-07 -1.06589896657771e-06 -0.001999999999999 -0
16.022122533308 9.55345583597593e-07 -2.08369934071404e-06 -0.001999999999999 -0
16.043066484332 9.01228150016596e-07 -3.05579907444225e-06 -0.001999999999999 -0
16.0640104353559 8.27344571289403e-07 -3.96087763485057e-06 -0.001999999999999 -0
16.0849543863798 7.353152956244e-07 -4.77908442784316e-06 -0.001999999999999 -0
16.1058983374038 6.27158750897437e-07 -5.4924741703864e-06 -0.001999999999999 -0
16.1268422884277 5.05247075574832e-07 -6.08540047460762e-06 -0.001999999999999 -0
16.1477862394516 3.72254091895049e-07 -6.54485901148092e-06 -0.00199999999999901 -0
16.1687301904756 2.31096662384841e-07 -6.86077272767817e-06 -0.00199999999999901 -0
16.1896741414995 8.48707159054093e-08 -7.02621286007995e-06 -0.00199999999999901 -0
16.2106180925234 -6.32166536656301e-08 -7.03755090055543e-06 -0.00199999999999901 -0
16.2315620435474 -2.09917526873913e-07 -6.89453817805088e-06 -0.00199999999999901 -0
16.2525059945713 -3.52014393533083e-07 -6.60031131255618e-06 -0.001999999999999 -0
16.2734499455952 -4.86390720619674e-07 -6.16132342133046e-06 -0.001999999999999 -0
16.2943938966191 -6.10099305490983e-07 -5.5872025862032e-06 -0.001999999999999 -0
16.3153378476431 -7.20426915272126e-07 -4.89054068611026e-06 -0.001999999999999 -0
16.336281798667 -8.14953794711863e-07 -4.08661722628547e-06 -0.001999999999999 -0
16.3572257496909 -8.91606737353885e-07 -3.19306422121158e-06 -0.001999999999999 -0
16.3781697007149 -9.48704556042512e-07 -2.22947948126964e-06 -0.001999999999999 -0
16.3991136517388 -9.8499495548303e-07 -1.21699678465999e-06 -0.001999999999999 -0
16.4200576027627 -9.99681998150915e-07 -1.77822361779268e-07 -0.001999999999999 -0
16.4410015537867 -9.92443561155159e-07 8.65252141911296e-07 -0.001999999999999 0
16.4619455048106 -9.6343840118383e-07 1.88934954260663e-06 -0.001999999999999 0
16.4828894558345 -9.13302672580277e-07 2.8720088709444e-06 -0.001999999999999 0
16.5038334068585 -8.43135974917115e-07 3.79167799618745e-06 -0.001999999999999 0
16.5247773578824 -7.54477236078936e-07 4.62818631734456e-06 -0.001999999999999 0
16.5457213089063 -6.49270959796922e-07 5.36318715395342e-06 -0.001999999999999 0
16.5666652599302 -5.29824577909773e-07 5.98056013381003e-06 -0.001999999999999 0
16.5876092109542 -3.98757842720527e-07 6.46676475229414e-06 -0.001999999999999 0
16.6085531619781 -2.58945369399097e-07 6.81113734886703e-06 -0.00199999999999901 0
16.629497113002 -1.13453588616638e-07 7.00612498731815e-06 -0.00199999999999901 0
16.650441064026 3.45265078047775e-08 7.04745111019279e-06 -0.00199999999999901 0
16.6713850150499 1.81749353174228e-07 6.93420933419272e-06 -0.00199999999999901 0
16.6923289660738 3.24985989174826e-07 6.66888332938637e-06 -0.001999999999999 0
16.7132729170978 4.61094884844196e-07 6.25729234622878e-06 -0.001999999999999 0
16.7342168681217 5.87090838058505e-07 5.70846358511734e-06 -0.001999999999999 0
16.7551608191456 7.0021044834139e-07 5.03443420773228e-06 -0.001999999999999 0
16.7761047701696 7.97972725018411e-07 4.24998733253919e-06 -0.001999999999999 0
16.7970487211935 8.78233501431454e-07 3.3723278047199e-06 -0.001999999999999 0
16.8179926722174 9.39232461775806e-07 2.42070485169313e-06 -0.001999999999999 0
16.8389366232413 9.79631749145964e-07 1.41598990031525e-06 -0.001999999999999 0
16.8598805742653 9.98545308020975e-07 3.80218815266163e-07 -0.001999999999999 0
16.8808245252892 9.95558317636588e-07 -6.63891401544093e-07 -0.001999999999999 -0
16.9017684763131 9.70736290022677e-07 -1.69344085057986e-06 -0.001999999999999 -0
16.9227124273371 9.24623633163648e-07 -2.68584898567815e-06 -0.001999999999999 -0
16.943656378361 8.58231710795236e-07 -3.61934986084378e-06 -0.001999999999999 -0
16.9646003293849 7.73016660715674e-07 -4.47346951086352e-06 -0.001999999999999 -0
16.9855442804089 6.7084745811008e-07 -5.22947499561093e-06 -0.001999999999999 -0
17.0064882314328 5.53964924337769e-07 -5.87078525939822e-06 -0.001999999999999 -0
17.0274321824567 4.24932580220364e-07 -6.38333479422107e-06 -0.001999999999999 -0
17.0483761334807 2.86580421738716e-07 -6.7558821308691e-06 -0.00199999999999901 -0
17.0693200845046 1.41942851275604e-07 -6.98025639193478e-06 -0.00199999999999901 -0
17.0902640355285 -5.80787427562416e-09 -7.05153649920807e-06 -0.00199999999999901 -0
17.1112079865524 -1.5343121889016e-07 -6.96815910499908e-06 -0.00199999999999901 -0
17.1321519375764 -2.97689440319757e-07 -6.73195288018967e-06 -0.00199999999999901 -0
17.1530958886003 -4.35418601726381e-07 -6.34809840699306e-06 -0.001999999999999 -0
17.1740398396242 -5.63597964582083e-07 -5.82501455607155e-06 -0.001999999999999 -0
17.1949837906482 -6.79416240878487e-07 -5.17417384004115e-06 -0.001999999999999 -0
17.2159277416721 -7.80333251572346e-07 -4.40985079311372e-06 -0.001999999999999 -0
17.236871692696 -8.6413563894613e-07 -3.54880889552885e-06 -0.001999999999999 -0
17.25781564372 -9.28985410974847e-07 -2.60993290929082e-06 -0.001999999999999 -0
17.2787595947439 -9.73460253002e-07 -1.6138146889904e-06 -0.001999999999999 -0
17.2997035457678 -9.96584722590681e-07 -5.82301551896661e-07 -0.001999999999999 -0
17.3206474967918 -9.97851643370166e-07 4.61982887328986e-07 -0.001999999999999 0
17.3415914478157 -9.77233228658455e-07 1.49613490802573e-06 -0.001999999999999 0
17.3625353988396 -9.35181690892395e-07 2.49747301833832e-06 -0.001999999999999 0
17.3834793498635 -8.72619323499116e-07 3.44403541599895e-06 -0.001999999999999 0
17.4044233008875 -7.90918272737657e-07 4.31506166455016e-06 -0.001999999999999 0
17.4253672519114 -6.91870443163947e-07 5.09144802066714e-06 -0.001999999999999 0
17.4463112029353 -5.77648196766161e-07 5.75616642613371e-06 -0.001999999999999 0
17.4672551539593 -4.50756707734855e-07 6.29463797494971e-06 -0.001999999999999 0
17.4881991049832 -3.13979017844704e-07 6.69505266451943e-06 -0.00199999999999901 0
17.5091430560071 -1.70314997518175e-07 6.94862841799301e-06 -0.00199999999999901 0
17.5300870070311 -2.29155513048088e-08 7.04980369676492e-06 -0.00199999999999901 0
17.551030958055 1.24986489188583e-07 6.9963594786648e-06 -0.00199999999999901 0
17.5719749090789 2.70147269229147e-07 6.78946792655973e-06 -0.00199999999999901 0
17.5929188601028 4.0938305665343e-07 6.4336666799457e-06 -0.001999999999999 0
17.6138628111268 5.39640068927318e-07 5.93675933337717e-06 -0.001999999999999 0
17.6348067621507 6.58061450091675e-07 5.30964428448665e-06 -0.001999999999999 0
17.6557507131746 7.62049928624895e-07 4.5660757053775e-06 -0.001999999999999 0
17.6766946641986 8.49324781981659e-07 3.72236187987394e-06 -0.001999999999999 0
17.6976386152225 9.17971858435757e-07 2.79700752283251e-06 -0.001999999999999 0
17.7185825662464 9.66485559125206e-07 1.81030792633061e-06 -0.001999999999999 0
17.7395265172704 9.93801859530365e-07 7.83903834101965e-07 -0.001999999999999 0
17.7604704682943 9.99321646143014e-07 -2.59693193084633e-07 -0.001999999999999 -0
17.7814144193182 9.82923856495939e-07 -1.29759451120145e-06 -0.001999999999999 -0
17.8023583703422 9.44968134359961e-07 -2.30703639709921e-06 -0.001999999999999 -0
17.8233023213661 8.8628694187339e-07 -3.26587931282303e-06 -0.001999999999999 -0
17.84424627239 8.08167301604285e-07 -4.15309348001518e-06 -0.001999999999999 -0
17.8651902234139 7.12322568986893e-07 -4.94922011456626e-06 -0.001999999999999 -0
17.8861341744379 6.00854854232016e-07 -5.63679820550696e-06 -0.001999999999999 -0
17.9070781254618 4.76208917891042e-07 -6.20074747783185e-06 -0.001999999999999 -0
17.9280220764857 3.41118551257057e-07 -6.62869913994063e-06 -0.00199999999999901 -0
17.9489660275097 1.98546617612449e-07 -6.91126716159375e-06 -0.00199999999999901 -0
17.9699099785336 5.16200693655991e-08 -7.04225413259094e-06 -0.00199999999999901 -0
17.9908539295575 -9.64386336896849e-08 -7.01878718718677e-06 -0.00199999999999901 -0
18.0117978805815 -2.42382200826083e-07 -6.84138101308713e-06 -0.00199999999999901 -0
18.0327418316054 -3.83009731437994e-07 -6.51392656308461e-06 -0.001999999999999 -0
18.0536857826293 -5.1523691864755e-07 -6.04360571691456e-06 -0.001999999999999 -0
18.0746297336533 -6.36163695724022e-07 -5.44073376500651e-06 -0.001999999999999 -0
18.0955736846772 -7.43137841664648e-07 -4.71853316884901e-06 -0.001999999999999 -0
18.1165176357011 -8.33813150910366e-07 -3.8928435599583e-06 -0.001999999999999 -0
18.137461586725 -9.06200891391839e-07 -2.98177433788513e-06 -0.001999999999999 -0
18.158405537749 -9.58713422304533e-07 -2.00530748663811e-06 -0.001999999999999 -0
18.1793494887729 -9.90199014967984e-07 -9.84859320734088e-07 -0.001999999999999 -0
18.2002934397968 -9.99967113062368e-07 5.71892271396398e-08 -0.001999999999999 0
18.2212373908208 -9.87803478223366e-07 1.09798347490699e-06 -0.001999999999999 0
18.2421813418447 -9.53974888815291e-07 2.11469625037153e-06 -0.001999999999999 0
18.2631252928686 -8.99223288826818e-07 3.0850285471258e-06 -0.001999999999999 0
18.2840692438926 -8.24749515218422e-07 3.98769859648854e-06 -0.001999999999999 0
18.3050131949165 -7.32186960620702e-07 4.80290862892215e-06 -0.001999999999999 0
18.3259571459404 -6.2356574902529e-07 5.51277908770681e-06 -0.001999999999999 0
18.3469010969644 -5.01268210183327e-07 6.1017407714998e-06 -0.001999999999999 0
18.3678450479883 -3.67976629267249e-07 6.55687630513125e-06 -0.001999999999999 0
18.3887889990122 -2.26614417774029e-07 6.86820344934376e-06 -0.00199999999999901 0
18.4097329500361 -8.02819959363365e-08 7.02889403579802e-06 -0.00199999999999901 0
18.4306769010601 6.7811207102293e-08 7.03542372556227e-06 -0.00199999999999901 0
18.451620852084 2.14417143945234e-07 6.88764930651466e-06 -0.00199999999999901 0
18.4725648031079 3.56320386593617e-07 6.58881183433653e-06 -0.001999999999999 0
18.4935087541319 4.90408648673729e-07 6.14546554820703e-06 -0.001999999999999 0
18.5144527051558 6.13741045515435e-07 5.56733412025238e-06 -0.001999999999999 0
18.5353966561797 7.23612594970591e-07 4.86709739155202e-06 -0.001999999999999 0
18.5563406072037 8.1761354431018e-07 4.0601132721046e-06 -0.001999999999999 0
18.5772845582276 8.9368222201574e-07 3.1640809041699e-06 -0.001999999999999 0
18.5982285092515 9.50150255295565e-07 2.19865247664146e-06 -0.001999999999999 0
18.6191724602755 9.85779161594591e-07 1.1850022043132e-06 -0.001999999999999 0
18.6401164112994 9.9978751155634e-07 1.4536192538276e-07 -0.001999999999999 0
18.6610603623233 9.91868067686513e-07 -8.97466497322145e-07 -0.001999999999999 -0
18.6820043133472 9.6219452282527e-07 -1.92061127715639e-06 -0.001999999999999 -0
18.7029482643712 9.11417690636963e-07 -2.90163233807109e-06 -0.001999999999999 -0
18.7238922153951 8.40651231669234e-07 -3.81901348055433e-06 -0.001999999999999 -0
18.744836166419 7.51447228044032e-07 -4.65263428469204e-06 -0.001999999999999 -0
18.765780117443 6.4576214248752e-07 -5.38421140035678e-06 -0.001999999999999 -0
18.7867240684669 5.25913908300895e-07 -5.9976995459474e-06 -0.001999999999999 -0
18.8076680194908 3.94531091394358e-07 -6.4796434207934e-06 -0.001999999999999 -0
18.8286119705148 2.54495239385615e-07 -6.81947281292084e-06 -0.001999999999999 -0
18.8495559215387 1.08877682188659e-07 -7.00973442974271e-06 -0.00199999999999901 -0
