0 1e-06 0 -0.001999999999999 -0
0.20943951023932 -9.66227112319682e-08 -4.73007242302165e-06 -0.00199999999999954 0
0.418879020478639 -9.81328103348332e-07 9.14064843671865e-07 -0.00199999999999902 -0
0.628318530717959 2.86259875139263e-07 4.55343357614654e-06 -0.0019999999999995 -0
0.837758040957278 9.26009692842476e-07 -1.79399503875592e-06 -0.00199999999999908 0
1.0471975511966 -4.65207009438355e-07 -4.20675224698339e-06 -0.00199999999999943 0
1.25663706143592 -8.36110567770243e-07 2.60693065392567e-06 -0.00199999999999917 -0
1.46607657167524 6.26781549333769e-07 3.70297483143069e-06 -0.00199999999999933 -0
1.67551608191456 7.14987902476499e-07 -3.32251358959935e-06 -0.00199999999999927 0
1.88495559215388 -7.64949688604572e-07 -3.06091428916579e-06 -0.00199999999999923 0
2.0943951023932 -5.67164876738337e-07 3.91402126453573e-06 -0.00199999999999937 -0
2.30383461263252 8.74551704816718e-07 2.3045475963673e-06 -0.00199999999999913 -0
2.51327412287183 3.98161763074399e-07 -4.3593645383846e-06 -0.00199999999999946 0
2.72271363311115 -9.51494642931139e-07 -1.4621203544726e-06 -0.00199999999999905 0
2.93215314335047 -2.14289778828966e-07 4.64191260397825e-06 -0.00199999999999952 -0
3.14159265358979 9.9290516177072e-07 5.65091992276066e-07 -0.00199999999999901 -0
3.35103216382911 2.24154013759552e-08 -4.75111404475682e-06 -0.00199999999999955 -0
3.56047167406843 -9.97236835479324e-07 3.53039048477323e-07 -0.001999999999999 0
3.76991118430775 1.70296052192847e-07 4.68289086468743e-06 -0.00199999999999953 0
3.97935069454707 9.64327902929316e-07 -1.25798627197642e-06 -0.00199999999999904 -0
4.18879020478639 -3.56648005188209e-07 -4.4397907761051e-06 -0.00199999999999948 -0
4.39822971502571 -8.95407308495687e-07 2.11595551615655e-06 -0.00199999999999911 0
4.60766922526503 5.29681368795819e-07 4.03089205846993e-06 -0.00199999999999939 0
4.81710873550435 7.93048808611323e-07 -2.89490695490251e-06 -0.0019999999999992 -0
5.02654824574367 -6.82934420850543e-07 -3.47146454097536e-06 -0.00199999999999929 -0
5.23598775598299 -6.61074857938763e-07 3.56575158669245e-06 -0.00199999999999931 0
5.44542726622231 8.10684111053342e-07 2.78239936920297e-06 -0.00199999999999919 0
5.65486677646163 5.04413864413358e-07 -4.10343752825812e-06 -0.00199999999999941 -0
5.86430628670095 -9.08159781378706e-07 -1.98942885049997e-06 -0.0019999999999991 -0
6.07374579694027 -3.28916143796016e-07 4.48788554693551e-06 -0.00199999999999949 0
6.28318530717959 9.71721320541882e-07 1.12216551201244e-06 -0.00199999999999903 -0
6.49262481741891 1.41135446690666e-07 -4.70473889537919e-06 -0.00199999999999954 0
6.70206432765823 -9.98995099562306e-07 -2.1299625659233e-07 -0.001999999999999 0
6.91150383789755 5.19157833636542e-08 4.74589944696768e-06 -0.00199999999999955 -0
7.12094334813687 9.88962612073632e-07 -7.04127087008322e-07 -0.00199999999999901 0
7.33038285837619 -2.43028281134869e-07 -4.60983011057022e-06 -0.00199999999999952 0
7.53982236861551 -9.41998509214957e-07 1.59495565421255e-06 -0.00199999999999906 -0
7.74926187885483 4.2506518100855e-07 4.30161223136017e-06 -0.00199999999999945 -0
7.95870138909415 8.59856608736123e-07 -2.42622252713806e-06 -0.00199999999999914 0
8.16814089933347 -5.91228534622251e-07 -3.83275583411121e-06 -0.00199999999999936 0
8.37758040957278 -7.45604400790171e-07 3.16688504750249e-06 -0.00199999999999924 -0
8.5870199198121 7.35313172044039e-07 3.22076979521124e-06 -0.00199999999999925 -0
8.79645943005142 6.035084962151e-07 -3.78928406723779e-06 -0.00199999999999935 0
9.00589894029074 -8.51938426355841e-07 -2.48850799480151e-06 -0.00199999999999915 0
9.21533845053006 -4.38875295100619e-07 4.27017684599874e-06 -0.00199999999999944 -0
9.42477796076938 9.36749068166674e-07 1.66331586620046e-06 -0.00199999999999907 -0
9.6342174710087 2.5785282568001e-07 -4.59160502325413e-06 -0.00199999999999951 -0
9.84365698124802 -9.86577946398815e-07 -7.76009213694066e-07 -0.00199999999999901 -0
10.0530964914873 -6.7201153634559e-08 4.74156525159062e-06 -0.00199999999999955 0
10.2625360017267 9.99564261723014e-07 -1.40276566489906e-07 -0.001999999999999 -0
10.471975511966 -1.25960064401958e-07 -4.71445744723743e-06 -0.00199999999999954 -0
10.6814150222053 -9.75223055864027e-07 1.0513238875696e-06 -0.00199999999999903 0
10.8908545324446 3.1441745582899e-07 4.51129391843726e-06 -0.00199999999999949 0
11.1002940426839 9.14463321782215e-07 -1.92311078669716e-06 -0.00199999999999909 -0
11.3097335529232 -4.91133306774623e-07 -4.13966156201645e-06 -0.00199999999999942 -0
11.5191730631626 -8.19554058428307e-07 2.72308143410711e-06 -0.00199999999999918 0
11.7286125734019 6.49508377027732e-07 3.61343853987806e-06 -0.00199999999999932 0
11.9380520836412 6.9403953771558e-07 -3.42136189129387e-06 -0.00199999999999928 -0
12.1474915938805 -7.83628340700386e-07 -2.95227601579237e-06 -0.00199999999999921 -0
12.3569311041198 -5.4260694796211e-07 3.99187571719646e-06 -0.00199999999999939 0
12.5663706143592 8.88484649591331e-07 2.18086430639879e-06 -0.00199999999999912 0
12.7758101245985 3.70911356499042e-07 -4.41331776142362e-06 -0.00199999999999947 0
12.9852496348378 -9.60161571374777e-07 -1.32801085112466e-06 -0.00199999999999904 0
13.1946891450771 -1.8536452800506e-07 4.66994977938634e-06 -0.00199999999999953 -0
13.4041286553164 9.95982417899008e-07 4.25564433121713e-07 -0.001999999999999 -0
13.6135681655558 -7.10451510848933e-09 -4.75218815805072e-06 -0.00199999999999955 0
13.8230076757951 -9.94609502875464e-07 4.92774175108927e-07 -0.00199999999999901 -0
14.0324471860344 1.99308248678308e-07 4.6569618044023e-06 -0.00199999999999953 -0
14.2418866962737 9.56094096159007e-07 -1.39271072639914e-06 -0.00199999999999905 0
14.451326206513 -3.8406905620586e-07 -4.38782683170879e-06 -0.00199999999999947 0
14.6607657167524 -8.81874509137061e-07 2.24063817619155e-06 -0.00199999999999912 -0
14.8702052269917 5.54487268284299e-07 3.95483376076121e-06 -0.00199999999999938 -0
15.079644737231 7.74722382726447e-07 -3.00489169706492e-06 -0.00199999999999922 0
15.2890842474703 -7.04198822426652e-07 -3.37415219530288e-06 -0.00199999999999928 0
15.4985237577096 -6.38639183787873e-07 3.65693116350445e-06 -0.00199999999999932 -0
15.7079632679489 8.27612921299901e-07 2.66746698768939e-06 -0.00199999999999917 -0
15.9174027781883 4.78706775174566e-07 -4.17240694844974e-06 -0.00199999999999942 -0
16.1268422884276 -9.20120814304993e-07 -1.86116844424441e-06 -0.00199999999999908 -0
16.3362817986669 -3.00897639696285e-07 4.53206923073486e-06 -0.0019999999999995 0
16.5457213089062 9.78267905806603e-07 9.85366811115088e-07 -0.00199999999999902 0
16.7551608191455 1.11851844955763e-07 -4.72248685643107e-06 -0.00199999999999954 -0
16.9646003293849 -9.99882762838491e-07 -7.27678434636437e-08 -0.001999999999999 -0
17.1740398396242 8.13709219633687e-08 4.73654890908302e-06 -0.00199999999999954 0
17.3834793498635 9.8415820464737e-07 -8.42548551493225e-07 -0.00199999999999902 -0
17.5929188601028 -2.7155498999181e-07 -4.57373025830304e-06 -0.00199999999999951 -0
17.8023583703422 -9.3168144588412e-07 1.72640098749522e-06 -0.00199999999999907 0
18.0117978805815 4.51598164603542e-07 4.24011117013184e-06 -0.00199999999999944 0
18.2212373908208 8.44412167781239e-07 -2.54578306186172e-06 -0.00199999999999916 -0
18.4306769010601 -6.14776950700204e-07 -3.74815024684019e-06 -0.00199999999999934 -0
18.6401164112994 -7.25609336221948e-07 3.27009593977117e-06 -0.00199999999999926 0
18.8495559215388 7.54997633422317e-07 3.11621917546089e-06 -0.00199999999999924 0
