0 1e-06 0 -0.001999999999999 -0
0.0418879020478639 9.56135091550721e-07 -2.04845987768132e-06 -0.001999999999999 0
0.0837758040957278 8.28388626589411e-07 -3.91720874536966e-06 -0.00199999999999901 0
0.125663706143592 6.27967779096561e-07 -5.44230160707335e-06 -0.00199999999999901 0
0.167551608191456 3.7245543332537e-07 -6.48994234528178e-06 -0.00199999999999902 0
0.20943951023932 8.42676405856664e-08 -6.96822162985639e-06 -0.00199999999999902 0
0.251327412287183 -2.11312936833092e-07 -6.83518010673504e-06 -0.00199999999999902 0
0.293215314335047 -4.88355068995184e-07 -6.10248948438108e-06 -0.00199999999999902 0
0.335103216382911 -7.22553900372841e-07 -4.83442857693698e-06 -0.00199999999999901 0
0.376991118430775 -8.93363210371444e-07 -3.14224413562907e-06 -0.001999999999999 0
0.418879020478639 -9.85797929500251e-07 -1.17439119165192e-06 -0.001999999999999 0
0.460766922526503 -9.91748776775024e-07 8.96490876536111e-07 -0.001999999999999 -0
0.502654824574367 -9.10693685453955e-07 2.88872396427442e-06 -0.001999999999999 -0
0.544542726622231 -7.49743603857336e-07 4.62752982755651e-06 -0.00199999999999901 -0
0.586430628670095 -5.23018653173443e-07 5.9603633463745e-06 -0.00199999999999902 -0
0.628318530717958 -2.50409371812109e-07 6.77029528016616e-06 -0.00199999999999902 -0
0.670206432765822 4.41682778879882e-08 6.98627044867961e-06 -0.00199999999999902 -0
0.712094334813686 3.34871052656247e-07 6.58934138992649e-06 -0.00199999999999902 -0
0.75398223686155 5.96195651290341e-07 5.61433061755298e-06 -0.00199999999999901 -0
0.795870138909414 8.05216114601012e-07 4.14677564809359e-06 -0.00199999999999901 -0
0.837758040957278 9.43595115613964e-07 2.31542481030759e-06 -0.001999999999999 -0
0.879645943005142 9.99192689907729e-07 2.80942177870985e-07 -0.001999999999999 -0
0.921533845053005 9.67131272469511e-07 -1.77818746038932e-06 -0.001999999999999 0
0.963421747100869 8.50223605580673e-07 -3.6813170383384e-06 -0.00199999999999901 0
1.00530964914873 6.58725977451408e-07 -5.26148534656856e-06 -0.00199999999999901 0
1.0471975511966 4.09438439934003e-07 -6.38006450872984e-06 -0.00199999999999902 0
1.08908545324446 1.24230943049951e-07 -6.93892177973923e-06 -0.00199999999999902 0
1.13097335529233 -1.7187531172101e-07 -6.88902871353859e-06 -0.00199999999999902 0
1.17286125734019 -4.52902976865301e-07 -6.23476241969022e-06 -0.00199999999999902 0
1.21474915938805 -6.94197546776383e-07 -5.03352156035639e-06 -0.00199999999999901 0
1.25663706143592 -8.7459029301734e-07 -3.39069077617757e-06 -0.00199999999999901 0
1.29852496348378 -9.78255392990627e-07 -1.45039531104513e-06 -0.001999999999999 0
1.34041286553164 -9.96098326456819e-07 6.17143069155794e-07 -0.001999999999999 -0
1.38230076757951 -9.26553736129995e-07 2.63053960089948e-06 -0.001999999999999 -0
1.42418866962737 -7.7572275618581e-07 4.41315937511191e-06 -0.00199999999999901 -0
1.46607657167524 -5.56837760877395e-07 5.80861348540166e-06 -0.00199999999999902 -0
1.5079644737231 -2.89101490764998e-07 6.69447899818262e-06 -0.00199999999999902 -0
1.54985237577096 3.99760019731591e-09 6.99303909422171e-06 -0.00199999999999902 -0
1.59174027781883 2.96745982426286e-07 6.67810115096019e-06 -0.00199999999999902 -0
1.63362817986669 5.63460893951611e-07 5.77729461649482e-06 -0.00199999999999902 -0
1.67551608191456 7.80743484421059e-07 4.36964708315533e-06 -0.00199999999999901 -0
1.71740398396242 9.29531591957501e-07 2.57865121129935e-06 -0.001999999999999 -0
1.75929188601028 9.96772063130084e-07 5.61430740830889e-07 -0.001999999999999 -0
1.80117978805815 9.76565903714668e-07 -1.50504394573187e-06 -0.001999999999999 0
1.84306769010601 8.7068579637699e-07 -3.43948140251133e-06 -0.00199999999999901 0
1.88495559215388 6.8842058354698e-07 -5.07217378562253e-06 -0.00199999999999901 0
1.92684349420174 4.4576035897319e-07 -6.25988529124343e-06 -0.00199999999999902 0
1.9687313962496 1.63993659726042e-07 -6.89841820645754e-06 -0.00199999999999902 0
2.01061929829747 -1.32160173261398e-07 -6.93175415552936e-06 -0.00199999999999902 0
2.05250720034533 -4.16719618447333e-07 -6.35696858175069e-06 -0.00199999999999902 0
2.0943951023932 -6.64720327808841e-07 -5.22448731826511e-06 -0.00199999999999901 0
2.13628300444106 -8.54405244522925e-07 -3.63366273895932e-06 -0.00199999999999901 0
2.17817090648892 -9.69133345577842e-07 -1.72405759289356e-06 -0.001999999999999 0
2.22005880853679 -9.98839555674928e-07 3.36798810119268e-07 -0.001999999999999 -0
2.26194671058465 -9.40917754441616e-07 2.36810791518869e-06 -0.001999999999999 -0
2.30383461263252 -8.00449410894538e-07 4.19166334646264e-06 -0.00199999999999901 -0
2.34572251468038 -5.89757787093119e-07 5.64748491985107e-06 -0.00199999999999901 -0
2.38761041672824 -3.27326820615517e-07 6.60785367528361e-06 -0.00199999999999902 -0
2.42949831877611 -3.61795320993247e-08 6.98851663769099e-06 -0.00199999999999902 -0
2.47138622082397 2.58141780143418e-07 6.75607831508113e-06 -0.00199999999999902 -0
2.51327412287184 5.29816361280307e-07 5.93093047893681e-06 -0.00199999999999902 -0
2.5551620249197 7.55010250052209e-07 4.58546319783728e-06 -0.00199999999999901 -0
2.59704992696756 9.13967227830492e-07 2.83771406999645e-06 -0.001999999999999 -0
2.63893782901543 9.92742028059922e-07 8.41012806384424e-07 -0.001999999999999 -0
2.68082573106329 9.84423751940152e-07 -1.22947035674103e-06 -0.001999999999999 0
2.72271363311116 8.89742160312081e-07 -3.19209231058741e-06 -0.001999999999999 0
2.76460153515902 7.17003651872902e-07 -4.87467259050273e-06 -0.00199999999999901 0
2.80648943720688 4.81362544339311e-07 -6.12959873661285e-06 -0.00199999999999902 0
2.84837733925475 2.03491588929003e-07 -6.84677630789828e-06 -0.00199999999999902 0
2.89026524130261 -9.22316463184462e-08 -6.96328744734633e-06 -0.00199999999999902 0
2.93215314335048 -3.79863416122124e-07 -6.46891065402657e-06 -0.00199999999999902 0
2.97404104539834 -6.34169837982942e-07 -5.40701751349588e-06 -0.00199999999999901 0
3.0159289474462 -8.32840656074924e-07 -3.87076771653891e-06 -0.00199999999999901 0
3.05781684949407 -9.58446515903774e-07 -1.9949361765532e-06 -0.001999999999999 0
3.09970475154193 -9.99968038385325e-07 5.59107489257949e-08 -0.001999999999999 -0
3.1415926535898 -9.53762547954921e-07 2.10185263463887e-06 -0.001999999999999 0
3.18348055563766 -8.2388364382773e-07 3.96339937356737e-06 -0.00199999999999901 0
3.22536845768552 -6.21725578481811e-07 5.477237811157e-06 -0.00199999999999901 0
3.26725635973339 -3.65023641974528e-07 6.51055917846398e-06 -0.00199999999999902 0
3.30914426178125 -7.62982481931703e-08 6.97271038113704e-06 -0.00199999999999902 0
3.35103216382912 2.19120776931856e-07 6.82314697878618e-06 -0.00199999999999902 0
3.39292006587698 4.95316376417978e-07 6.07499014131439e-06 -0.00199999999999902 0
3.43480796792484 7.28057960894088e-07 4.79387553108452e-06 -0.00199999999999901 0
3.47669586997271 8.96927153769418e-07 3.09219509827817e-06 -0.001999999999999 0
3.51858377202057 9.8710909167321e-07 1.11923695568531e-06 -0.001999999999999 0
3.56047167406844 9.90692129705609e-07 -9.51911640095891e-07 -0.001999999999999 -0
3.6023595761163 9.07361928596094e-07 -2.9395492019879e-06 -0.001999999999999 -0
3.64424747816416 7.44429031630118e-07 -4.66930065062526e-06 -0.00199999999999901 -0
3.68613538021203 5.16187512025257e-07 -5.98941520813899e-06 -0.00199999999999902 -0
3.72802328225989 2.42660956505093e-07 -6.78407946611324e-06 -0.00199999999999902 -0
3.76991118430775 -5.21542002976951e-08 -6.98357767470003e-06 -0.00199999999999902 -0
3.81179908635562 -3.42393878657875e-07 -6.57040789258844e-06 -0.00199999999999902 -0
3.85368698840348 -6.02595404736208e-07 -5.58081742911118e-06 -0.00199999999999901 -0
3.89557489045135 -8.09931346293116e-07 -4.10162287443371e-06 -0.00199999999999901 -0
3.93746279249921 -9.46212159139323e-07 -2.26259369599529e-06 -0.001999999999999 -0
3.97935069454707 -9.99481952517047e-07 -2.25067586891426e-07 -0.001999999999999 -0
4.02123859659494 -9.65067377207037e-07 1.83220366040022e-06 -0.001999999999999 0
4.0631264986428 -8.45987617599882e-07 3.72873601604413e-06 -0.00199999999999901 0
4.10501440069067 -6.52689519202239e-07 5.29814704373749e-06 -0.00199999999999901 0
4.14690230273853 -4.02131088793371e-07 6.40275260138214e-06 -0.00199999999999902 0
4.18879020478639 -1.16293771595438e-07 6.94564584566072e-06 -0.00199999999999902 0
4.23067810683426 1.79745976891007e-07 6.87919885165718e-06 -0.00199999999999902 0
4.27256600888212 4.6001664373655e-07 6.2092410019889e-06 -0.00199999999999902 0
4.31445391092999 6.9993013465679e-07 4.99454757613709e-06 -0.00199999999999901 0
4.35634181297785 8.78438883021803e-07 3.34168340593967e-06 -0.00199999999999901 0
4.39822971502571 9.79882349022736e-07 1.39565396240626e-06 -0.001999999999999 0
4.44011761707358 9.95360915961776e-07 -6.72815947702754e-07 -0.001999999999999 -0
4.48200551912144 9.23516651995509e-07 -2.6822598379134e-06 -0.001999999999999 -0
4.52389342116931 7.70652441246905e-07 -4.45638956366959e-06 -0.00199999999999901 -0
4.56578132321717 5.50179032935279e-07 -5.83956104897646e-06 -0.00199999999999902 -0
4.60766922526503 2.8143851880281e-07 -6.71042891268866e-06 -0.00199999999999902 -0
4.6495571273129 -1.19925450524343e-08 -6.99259207657984e-06 -0.00199999999999902 -0
4.69144502936076 -3.04371505126081e-07 -6.66129641794626e-06 -0.00199999999999902 -0
4.73333293140863 -5.70048008785874e-07 -5.74560644425918e-06 -0.00199999999999902 -0
4.77522083345649 -7.85714305011489e-07 -4.32585546924607e-06 -0.00199999999999901 -0
4.81710873550435 -9.32450029123865e-07 -2.52659798598642e-06 -0.001999999999999 -0
4.85899663755222 -9.97382082914148e-07 -5.05682524039967e-07 -0.001999999999999 -0
4.90088453960008 -9.7481398919247e-07 1.5595963731493e-06 -0.001999999999999 0
4.94277244164795 -8.66725642688785e-07 3.48805216608656e-06 -0.00199999999999901 0
4.98466034369581 -6.82599614250724e-07 5.11050178116048e-06 -0.00199999999999901 0
5.02654824574367 -4.38589246639416e-07 6.28460801071347e-06 -0.00199999999999902 0
5.06843614779154 -1.56101524726751e-07 6.90736673020732e-06 -0.00199999999999902 0
5.1103240498394 1.4008095536778e-07 6.92414343120881e-06 -0.00199999999999902 0
5.15221195188727 4.23974158896919e-07 6.33346629681091e-06 -0.00199999999999902 0
5.19409985393513 6.70672187096306e-07 5.18715532386057e-06 -0.00199999999999901 0
5.23598775598299 8.58532267122773e-07 3.58577616412358e-06 -0.00199999999999901 0
5.27787565803086 9.71073468553053e-07 1.66981751806888e-06 -0.001999999999999 0
5.31976356007872 9.98422572392126e-07 -3.92633913099974e-07 -0.001999999999999 -0
5.36165146212659 9.38180246767851e-07 -2.42063964296441e-06 -0.001999999999999 -0
5.40353936417445 7.95631539876787e-07 -4.23628310017424e-06 -0.00199999999999901 -0
5.44542726622231 5.83282223673611e-07 -5.68027821667538e-06 -0.00199999999999901 -0
5.48731516827018 3.1976166478736e-07 -6.62594356529472e-06 -0.00199999999999902 -0
5.52920307031804 2.81884735981322e-08 -6.99031609815052e-06 -0.00199999999999902 -0
5.57109097236591 -2.6585768721851e-07 -6.74142947965244e-06 -0.00199999999999902 -0
5.61297887441377 -5.36580201814395e-07 -5.90111848726985e-06 -0.00199999999999902 -0
5.65486677646163 -7.60228633553707e-07 -4.54310345050236e-06 -0.00199999999999901 -0
5.6967546785095 -9.17182346470306e-07 -2.78652277987114e-06 -0.001999999999999 -0
5.73864258055736 -9.93671820068474e-07 -7.85480975978223e-07 -0.001999999999999 -0
5.78053048260522 -9.82986646834779e-07 1.28447093011455e-06 -0.001999999999999 0
5.82241838465309 -8.86064235060541e-07 3.24173643669688e-06 -0.001999999999999 0
5.86430628670095 -7.11407570184078e-07 4.91460499925447e-06 -0.00199999999999901 0
5.90619418874882 -4.74339249435114e-07 6.15631616509876e-06 -0.00199999999999902 0
5.94808209079668 -1.95657233185402e-07 6.85793484100928e-06 -0.00199999999999902 0
5.98996999284454 1.00189756306546e-07 6.95790814901573e-06 -0.00199999999999902 0
6.03185789489241 3.87247116822608e-07 6.44746544911197e-06 -0.00199999999999902 0
6.07374579694027 6.40331358685323e-07 5.37138778589778e-06 -0.00199999999999901 0
6.11563369898814 8.37239447696166e-07 3.82407925573565e-06 -0.00199999999999901 0
6.157521601036 9.6069667326037e-07 1.94128495266232e-06 -0.001999999999999 0
6.19940950308386 9.99872155584388e-07 -1.11817923855966e-07 -0.001999999999999 -0
6.24129740513173 9.51329036777022e-07 -2.15511103438839e-06 -0.001999999999999 -0
6.28318530717959 8.19325995762925e-07 -4.00933664847791e-06 -0.00199999999999901 0
6.32507320922746 6.15443635160315e-07 -5.51182389251183e-06 -0.00199999999999901 0
6.36696111127532 3.57568517133702e-07 -6.53075983567861e-06 -0.00199999999999902 0
6.40884901332318 6.83239785702558e-08 -6.97675341425279e-06 -0.00199999999999902 0
6.45073691537105 -2.26914610122941e-07 -6.8106776932481e-06 -0.00199999999999902 0
6.49262481741891 -5.02246021618441e-07 -6.04710246525959e-06 -0.00199999999999902 0
6.53451271946678 -7.3351548159932e-07 -4.75301604522701e-06 -0.00199999999999901 0
6.57640062151464 -9.0043376268723e-07 -3.0419483978308e-06 -0.001999999999999 0
6.6182885235625 -9.88357154645307e-07 -1.06401117447809e-06 -0.001999999999999 0
6.66017642561037 -9.89572154395972e-07 1.00727155438958e-06 -0.001999999999999 -0
6.70206432765823 -9.03972170233566e-07 2.99018653422354e-06 -0.001999999999999 -0
6.7439522297061 -7.39066873095177e-07 4.71077299691761e-06 -0.00199999999999901 -0
6.78584013175396 -5.09323374504353e-07 6.01808420714145e-06 -0.00199999999999902 -0
6.82772803380182 -2.34897029526101e-07 6.79742999179266e-06 -0.00199999999999902 -0
6.86961593584969 6.01367888424942e-08 6.98043848788306e-06 -0.00199999999999902 -0
6.91150383789755 3.49894817737069e-07 6.55105439355974e-06 -0.00199999999999902 -0
6.95339173994542 6.08956638337812e-07 5.54694749679688e-06 -0.00199999999999901 -0
6.99527964199328 8.14594804558012e-07 4.05620791179413e-06 -0.00199999999999901 -0
7.03716754404114 9.48768717727818e-07 2.20961794938724e-06 -0.001999999999999 -0
7.07905544608901 9.99707325012282e-07 1.69178608864894e-07 -0.001999999999999 -0
7.12094334813687 9.62941791721271e-07 -1.88610274003632e-06 -0.001999999999999 0
7.16283125018474 8.41697551358584e-07 -3.77591664090232e-06 -0.00199999999999901 0
7.2047191522326 6.4661133893124e-07 -5.3344700662378e-06 -0.00199999999999901 0
7.24660705428046 3.94798032134922e-07 -6.42503140941141e-06 -0.00199999999999902 0
7.28849495632833 1.08349166267492e-07 -6.95192592346984e-06 -0.00199999999999902 0
7.33038285837619 -1.87605152117699e-07 -6.86892924916983e-06 -0.00199999999999902 0
7.37227076042406 -4.67100904858375e-07 -6.18332266955092e-06 -0.00199999999999902 0
7.41415866247192 -7.0561798074267e-07 -4.95525432430759e-06 -0.00199999999999901 0
7.45604656451978 -8.82231320376075e-07 -3.29246242450699e-06 -0.001999999999999 0
7.49793446656765 -9.81446667810712e-07 -1.34082339905907e-06 -0.001999999999999 0
7.53982236861551 -9.94559878782616e-07 7.28445817681574e-07 -0.001999999999999 -0
7.58171027066338 -9.20420533694268e-07 2.73380861621651e-06 -0.001999999999999 -0
7.62359817271124 -7.65532863715249e-07 4.49933488541512e-06 -0.00199999999999901 -0
7.6654860747591 -5.43485135772657e-07 5.87013532895102e-06 -0.00199999999999902 -0
7.70737397680697 -2.73757556381637e-07 6.72594987490828e-06 -0.00199999999999902 -0
7.74926187885483 1.99867233053442e-08 6.99169806987089e-06 -0.00199999999999902 -0
7.7911497809027 3.11977571416345e-07 6.64406587335364e-06 -0.00199999999999902 -0
7.83303768295056 5.76598684310529e-07 5.71355099430505e-06 -0.00199999999999902 -0
7.87492558499842 7.90634900206196e-07 4.28178733268551e-06 -0.00199999999999901 -0
7.91681348704629 9.3530886107316e-07 2.47438325237095e-06 -0.001999999999999 -0
7.95870138909415 9.97928346814575e-07 4.49901982389087e-07 -0.001999999999999 -0
8.00058929114202 9.72999761412067e-07 -1.61404910613006e-06 -0.001999999999999 0
8.04247719318988 8.62710085098538e-07 -3.53639996210318e-06 -0.00199999999999901 0
8.08436509523774 6.76735010982772e-07 -5.14850309692097e-06 -0.00199999999999901 0
8.1262529972856 4.31390098264639e-07 -6.30892899774425e-06 -0.00199999999999902 0
8.16814089933347 1.48199411213893e-07 -6.9158737127694e-06 -0.00199999999999902 0
8.21002880138133 -1.47992783047123e-07 -6.91609009327965e-06 -0.00199999999999902 0
8.25191670342919 -4.31201597549106e-07 -6.30955915625246e-06 -0.00199999999999902 0
8.29380460547706 -6.76581174851735e-07 -5.14949174973659e-06 -0.00199999999999901 0
8.33569250752492 -8.62604409567605e-07 -3.53766037489572e-06 -0.00199999999999901 0
8.37758040957278 -9.72951517376218e-07 -1.61547070311602e-06 -0.001999999999999 0
8.41946831162065 -9.9794176671424e-07 4.48443917652995e-07 -0.001999999999999 -0
8.46135621366851 -9.35382767582999e-07 2.47301663563705e-06 -0.001999999999999 -0
8.50324411571637 -7.90762809521635e-07 4.28063205698963e-06 -0.00199999999999901 -0
8.54513201776424 -5.76769374970744e-07 5.71270841177247e-06 -0.00199999999999901 -0
8.5870199198121 -3.12176068760968e-07 6.64360990359565e-06 -0.00199999999999902 -0
8.62890782185996 -2.01956131986774e-08 6.99166871503088e-06 -0.00199999999999902 -0
8.67079572390782 2.73556599811688e-07 6.72634971028098e-06 -0.00199999999999902 -0
8.71268362595569 5.43309742409178e-07 5.8709292770524e-06 -0.00199999999999902 -0
8.75457152800355 7.65398420785903e-07 4.50045329332362e-06 -0.00199999999999901 -0
8.79645943005141 9.20338835852631e-07 2.7351533662111e-06 -0.001999999999999 -0
8.83834733209928 9.94538093365374e-07 7.29898935091448e-07 -0.001999999999999 -0
8.88023523414714 9.81486706048532e-07 -1.33938939595821e-06 -0.001999999999999 0
8.922123136195 8.82329669721684e-07 -3.29117334054461e-06 -0.001999999999999 0
8.96401103824287 7.05766013025985e-07 -4.95422325058368e-06 -0.00199999999999901 0
9.00589894029073 4.67285633234286e-07 -6.18264006197449e-06 -0.00199999999999902 0
9.04778684233859 1.87810370399612e-07 -6.86865499277857e-06 -0.00199999999999902 0
9.08967474438646 -1.08141461841874e-07 -6.95208407872673e-06 -0.00199999999999902 0
9.13156264643432 -3.94606063436828e-07 -6.42560810138474e-06 -0.00199999999999902 0
9.17345054848218 -6.46451947339403e-07 -5.33541470184633e-06 -0.00199999999999901 0
9.21533845053004 -8.41584720268172e-07 -3.77714634743708e-06 -0.00199999999999901 0
9.25722635257791 -9.62885419783186e-07 -1.88750963556818e-06 -0.001999999999999 0
9.29911425462577 -9.9971235772633e-07 1.67717951023343e-07 -0.001999999999999 -0
9.34100215667363 -9.48834713574918e-07 2.20823167248099e-06 -0.001999999999999 -0
9.3828900587215 -8.14715973734581e-07 4.05501763364233e-06 -0.00199999999999901 -0
9.42477796076936 -6.09122350694176e-07 5.54605764028386e-06 -0.00199999999999901 -0
9.46666586281722 -3.50090535358547e-07 6.55054302563444e-06 -0.00199999999999902 0
9.50855376486509 -6.03453414579891e-08 6.98035047075994e-06 -0.00199999999999902 0
9.55044166691295 2.34693938199359e-07 6.79777304719781e-06 -0.00199999999999902 0
9.59232956896081 5.09143561631274e-07 6.018828238887e-06 -0.00199999999999902 0
9.63421747100868 7.38926113626191e-07 4.71185273123474e-06 -0.00199999999999901 0
9.67610537305654 9.03882812971116e-07 2.99150724621833e-06 -0.001999999999999 0
9.7179932751044 9.89542038636328e-07 1.00871737824053e-06 -0.001999999999999 0
9.75988117715226 9.88388922438551e-07 -1.06256708063267e-06 -0.001999999999999 -0
9.80176907920013 9.00524627050676e-07 -3.04063272407957e-06 -0.001999999999999 -0
9.84365698124799 7.33657471019001e-07 -4.75194421538726e-06 -0.00199999999999901 -0
9.88554488329585 5.02426679388566e-07 -6.0463685107669e-06 -0.00199999999999902 -0
9.92743278534372 2.27118087170416e-07 -6.81034600379573e-06 -0.00199999999999902 -0
9.96932068739158 -6.8115533249548e-08 -6.97685308889567e-06 -0.00199999999999902 -0
10.0112085894394 -3.57373390409581e-07 -6.53128212997856e-06 -0.00199999999999902 -0
10.0530964914873 -6.1527894546456e-07 -5.51272298568556e-06 -0.00199999999999901 -0
10.0949843935352 -8.1920619129239e-07 -4.0105336632459e-06 -0.00199999999999901 -0
10.136872295583 -9.5126462795597e-07 -2.15650095686423e-06 -0.001999999999999 -0
10.1787601976309 -9.99868792986898e-07 -1.13278816395345e-07 -0.001999999999999 -0
10.2206480996788 -9.60754651886503e-07 1.93988125389439e-06 -0.001999999999999 0
10.2625360017266 -8.37353681091666e-07 3.82285589697507e-06 -0.00199999999999901 0
10.3044239037745 -6.40491825175322e-07 5.3704520921846e-06 -0.00199999999999901 0
10.3463118058223 -3.87439738711318e-07 6.44689950868433e-06 -0.00199999999999902 0
10.3881997078702 -1.0039763491094e-07 6.95776161172372e-06 -0.00199999999999902 0
10.4300876099181 1.95452335017224e-07 6.8582205625427e-06 -0.00199999999999902 0
10.4719755119659 4.74155307381929e-07 6.15700907915979e-06 -0.00199999999999902 0
10.5138634140138 7.11260721448533e-07 4.91564431661942e-06 -0.00199999999999901 0
10.5557513160617 8.85967362655316e-07 3.24303097824362e-06 -0.001999999999999 0
10.5976392181095 9.82948249358247e-07 1.28590712595022e-06 -0.001999999999999 0
10.6395271201574 9.93695266124221e-07 -7.84029123051322e-07 -0.001999999999999 -0
10.6814150222053 9.17265579140154e-07 -2.78518264064445e-06 -0.001999999999999 -0
10.7233029242531 7.6036435085077e-07 -4.54199259514485e-06 -0.00199999999999901 -0
10.765190826301 5.36756497285052e-07 -5.90033437091864e-06 -0.00199999999999902 -0
10.8070787283488 2.66059094493401e-07 -6.74104089269145e-06 -0.00199999999999902 -0
10.8489666303967 -2.79796239423566e-08 -6.99035713124268e-06 -0.00199999999999902 -0
10.8908545324446 -3.1956369509276e-07 -6.62641061861438e-06 -0.00199999999999902 -0
10.9327424344924 -5.83112501785245e-07 -5.68113031572031e-06 -0.00199999999999901 -0
10.9746303365403 -7.95504955464845e-07 -4.23744549045126e-06 -0.00199999999999901 -0
11.0165182385882 -9.38107905059615e-07 -2.42201034818735e-06 -0.001999999999999 -0
11.058406140636 -9.98410819912414e-07 -3.940926815506e-07 -0.001999999999999 -0
11.1002940426839 -9.71123336344758e-07 1.66839866387963e-06 -0.001999999999999 0
11.1421819447317 -8.5863938029366e-07 3.58452170001395e-06 -0.00199999999999901 0
11.1840698467796 -6.70827148627504e-07 5.18617530373719e-06 -0.00199999999999901 0
11.2259577488275 -4.24163374041671e-07 6.33284669765977e-06 -0.00199999999999902 0
11.2678456508753 -1.40287824316083e-07 6.92393861034998e-06 -0.00199999999999902 0
11.3097335529232 1.55895150549854e-07 6.90759465653725e-06 -0.00199999999999902 0
11.3516214549711 4.38401472402678e-07 6.28524868829696e-06 -0.00199999999999902 0
11.3935093570189 6.82446913353551e-07 5.11149900347045e-06 -0.00199999999999901 0
11.4353972590668 8.66621411552926e-07 3.48931844699234e-06 -0.00199999999999901 0
11.4772851611147 9.74767371996391e-07 1.56102062205889e-06 -0.001999999999999 0
11.5191730631625 9.97397169375923e-07 -5.04225256222623e-07 -0.001999999999999 -0
11.5610609652104 9.32525495710966e-07 -2.52523554510011e-06 -0.001999999999999 -0
11.6029488672582 7.85843531054048e-07 -4.32470738198029e-06 -0.00199999999999901 -0
11.6448367693061 5.70219657306838e-07 -5.74477343209954e-06 -0.00199999999999901 -0
11.686724671354 3.04570517432135e-07 -6.660851560897e-06 -0.00199999999999902 -0
11.7286125734018 1.22014618304079e-08 -6.99257440186843e-06 -0.00199999999999902 -0
11.7705004754497 -2.81238025783596e-07 -6.71083997091431e-06 -0.00199999999999902 -0
11.8123883774976 -5.50004552890689e-07 -5.84036477807628e-06 -0.00199999999999902 -0
11.8542762795454 -7.70519281279303e-07 -4.45751545263684e-06 -0.00199999999999901 -0
11.8961641815933 -9.23436494204472e-07 -2.68360911271511e-06 -0.001999999999999 -0
11.9380520836411 -9.95340792575634e-07 -6.74270236707641e-07 -0.001999999999999 -0
11.979939985689 -9.79924025462471e-07 1.39422224370632e-06 -0.001999999999999 0
12.0218278877369 -8.78538703020988e-07 3.34039986196406e-06 -0.001999999999999 0
12.0637157897847 -7.00079341025174e-07 4.99352481196379e-06 -0.00199999999999901 0
12.1056036918326 -4.60202146626753e-07 6.20856874453155e-06 -0.00199999999999902 0
12.1474915938805 -1.7995150216844e-07 6.87893607793943e-06 -0.00199999999999902 0
12.1893794959283 1.16086254625734e-07 6.94581560877271e-06 -0.00199999999999902 0
12.2312673979762 4.01939785557152e-07 6.40334000803714e-06 -0.00199999999999902 0
12.273155300024 6.5253121269739e-07 5.29910056085721e-06 -0.00199999999999901 0
12.3150432020719 8.45876196027086e-07 3.72997199174625e-06 -0.00199999999999901 0
12.3569311041198 9.65012615560475e-07 1.8336136627627e-06 -0.001999999999999 0
12.3988190061676 9.99488655025945e-07 -2.2360725711767e-07 -0.001999999999999 -0
12.4407069082155 9.46279737793802e-07 -2.26121115327393e-06 -0.001999999999999 -0
12.4825948102634 8.10053872430193e-07 -4.10043940898453e-06 -0.00199999999999901 -0
12.5244827123112 6.02762129160312e-07 -5.57993686614135e-06 -0.00199999999999901 -0
12.5663706143591 3.42590174665807e-07 -6.56990748372608e-06 -0.00199999999999902 -0
12.608258516407 5.23628468766204e-08 -6.983501320723e-06 -0.00199999999999902 0
12.6501464184548 -2.4245826388134e-07 -6.78443386554196e-06 -0.00199999999999902 0
12.6920343205027 -5.16008555543444e-07 -5.99016926957648e-06 -0.00199999999999902 0
12.7339222225505 -7.44289511109628e-07 -4.67038822039967e-06 -0.00199999999999901 0
12.7758101245984 -9.07274084146642e-07 -2.94087486780206e-06 -0.001999999999999 0
12.8176980266463 -9.90663667904663e-07 -9.5335910153066e-07 -0.001999999999999 0
12.8595859286941 -9.87142509469354e-07 1.11779468415658e-06 -0.001999999999999 -0
12.901473830742 -8.97019519425515e-07 3.0908845468726e-06 -0.001999999999999 -0
12.9433617327899 -7.28201171188042e-07 4.79281167423697e-06 -0.00199999999999901 -0
12.9852496348377 -4.95497867536922e-07 6.07426631099129e-06 -0.00199999999999902 -0
13.0271375368856 -2.19324626693156e-07 6.82282667648925e-06 -0.00199999999999902 -0
13.0690254389334 7.60899234917474e-08 6.97282170692814e-06 -0.00199999999999902 -0
13.1109133409813 3.64829118620894e-07 6.51109236575184e-06 -0.00199999999999902 -0
13.1528012430292 6.21561921974162e-07 5.47814608351848e-06 -0.00199999999999901 -0
13.194689145077 8.23765211721517e-07 3.96460304843451e-06 -0.00199999999999901 -0
13.2365770471249 9.53699730277137e-07 2.10324611383597e-06 -0.001999999999999 -0
13.2784649491728 9.9996634611934e-07 5.73717827780353e-08 -0.001999999999999 -0
13.3203528512206 9.58506097511773e-07 -1.99353576427815e-06 -0.001999999999999 0
13.3622407532685 8.32956284473346e-07 -3.86955078375354e-06 -0.00199999999999901 0
13.4041286553164 6.34331369113566e-07 -5.40609082149061e-06 -0.00199999999999901 0
13.4460165573642 3.80056678888436e-07 -6.46835550132135e-06 -0.00199999999999902 0
13.4879044594121 9.24396858133455e-08 -6.96315253738634e-06 -0.00199999999999902 0
13.5297923614599 -2.03287023972312e-07 -6.84707347630961e-06 -0.00199999999999902 0
13.5716802635078 -4.81179400367023e-07 -6.13030191286519e-06 -0.00199999999999902 0
13.6135681655557 -7.16857996072171e-07 -4.8757200850722e-06 -0.00199999999999901 0
13.6554560676035 -8.89646771039637e-07 -3.19339222696724e-06 -0.001999999999999 0
13.6973439696514 -9.84386997679399e-07 -1.23090865350523e-06 -0.001999999999999 0
13.7392318716993 -9.92767133255427e-07 8.39562310747622e-07 -0.001999999999999 -0
13.7811197737471 -9.1405199000805e-07 2.83637862720367e-06 -0.001999999999999 -0
13.823007675795 -7.55147233041502e-07 4.58435996604022e-06 -0.00199999999999901 -0
13.8648955778428 -5.29993547588767e-07 5.93015624445902e-06 -0.00199999999999902 -0
13.9067834798907 -2.58343625248647e-07 6.75570100137158e-06 -0.00199999999999902 -0
13.9486713819386 3.59707360314507e-08 6.98856934641234e-06 -0.00199999999999902 -0
13.9905592839864 3.27129391225802e-07 6.60833178230937e-06 -0.00199999999999902 -0
14.0324471860343 5.89589044825773e-07 5.64834648093943e-06 -0.00199999999999901 -0
14.0743350880822 8.00324159477777e-07 4.19283277701706e-06 -0.00199999999999901 -0
14.11622299013 9.40846982159301e-07 2.36948262128077e-06 -0.001999999999999 -0
14.1581108921779 9.98829471366427e-07 3.38258189035243e-07 -0.001999999999999 -0
14.1999987942258 9.69184833937693e-07 -1.72264157219877e-06 -0.001999999999999 0
14.2418866962736 8.54513788486746e-07 -3.63241430372198e-06 -0.00199999999999901 0
14.2837745983215 6.6487640483456e-07 -5.22351599348002e-06 -0.00199999999999901 0
14.3256625003693 4.16909535926062e-07 -6.35635958156339e-06 -0.00199999999999902 0
14.3675504024172 1.32367269767503e-07 -6.93156090741477e-06 -0.00199999999999902 0
14.4094383044651 -1.63787552731122e-07 -6.89865766403736e-06 -0.00199999999999902 0
14.4513262065129 -4.45573323218382e-07 -6.26053644694804e-06 -0.00199999999999902 0
14.4932141085608 -6.88269027644806e-07 -5.07317951368119e-06 -0.00199999999999901 0
14.5351020106087 -8.70583016298997e-07 -3.4407534705856e-06 -0.00199999999999901 0
14.5769899126565 -9.76520916338281e-07 -1.50647075552252e-06 -0.001999999999999 0
14.6188778147044 -9.96788815189595e-07 5.59974363085552e-07 -0.001999999999999 -0
14.6607657167522 -9.29608613797796e-07 2.57729303335226e-06 -0.001999999999999 -0
14.7026536188001 -7.80874018930192e-07 4.36850625770909e-06 -0.00199999999999901 -0
14.744541520848 -5.63633489360998e-07 5.77647122795695e-06 -0.00199999999999901 -0
14.7864294228958 -2.96945496972263e-07 6.67766743505635e-06 -0.00199999999999902 -0
14.8283173249437 -4.20653050529551e-09 6.99303310076874e-06 -0.00199999999999902 -0
14.8702052269916 2.88901474112679e-07 6.69490125298504e-06 -0.00199999999999902 -0
14.9120931290394 5.56664205305022e-07 5.80942694412297e-06 -0.00199999999999902 -0
14.9539810310873 7.75590887691968e-07 4.41429267316744e-06 -0.00199999999999901 -0
14.9958689331351 9.26475123513503e-07 2.63189331425833e-06 -0.001999999999999 -0
15.037756835183 9.96079866388129e-07 6.18598436792849e-07 -0.001999999999999 -0
15.0796447372309 9.78298704968185e-07 -1.44896596826618e-06 -0.001999999999999 0
15.1215326392787 8.74691577289285e-07 -3.38941285423702e-06 -0.00199999999999901 0
15.1634205413266 6.94347917692083e-07 -5.03250717111208e-06 -0.00199999999999901 0
15.2053084433745 4.53089242411854e-07 -6.23410055532482e-06 -0.00199999999999902 0
15.2471963454223 1.72081130856122e-07 -6.88877743929169e-06 -0.00199999999999902 0
15.2890842474702 -1.24023626801316e-07 -6.93910313985451e-06 -0.00199999999999902 0
15.3309721495181 -4.09247814388379e-07 -6.38066259251759e-06 -0.00199999999999902 0
15.3728600515659 -6.58568766153009e-07 -5.26244768424759e-06 -0.00199999999999901 0
15.4147479536138 -8.50113600647921e-07 -3.68255920420032e-06 -0.00199999999999901 0
15.4566358556616 -9.67078124615014e-07 -1.77960047945052e-06 -0.001999999999999 0
15.4985237577095 -9.99201061783031e-07 2.79482269514018e-07 -0.001999999999999 -0
15.5404116597574 -9.43664272755978e-07 2.31404609014771e-06 -0.001999999999999 -0
15.5822995618052 -8.05339989866332e-07 4.14559907099796e-06 -0.00199999999999901 -0
15.6241874638531 -5.96363377124622e-07 5.61345940441479e-06 -0.00199999999999901 -0
15.666075365901 -3.35067914502758e-07 6.58885197211482e-06 -0.00199999999999902 -0
15.7079632679488 -4.43770050929809e-08 6.98620576272946e-06 -0.00199999999999902 -0
15.7498511699967 2.5020709084811e-07 6.77066100096411e-06 -0.00199999999999902 0
15.7917390720445 5.22840564522372e-07 5.96112738930189e-06 -0.00199999999999902 0
15.8336269740924 7.49605331203943e-07 4.62862516326723e-06 -0.00199999999999901 0
15.8755148761403 9.10607359432804e-07 2.89005449916712e-06 -0.001999999999999 0
15.9174027781881 9.91721970752144e-07 8.97939883028281e-07 -0.001999999999999 0
15.959290680236 9.85832995163122e-07 -1.17295083463452e-06 -0.001999999999999 -0
16.0011785822839 8.93457071415882e-07 -3.14093879034385e-06 -0.001999999999999 -0
16.0430664843317 7.22698322386603e-07 -4.8333727610868e-06 -0.00199999999999901 -0
16.0849543863796 4.88537381861448e-07 -6.10177582449716e-06 -0.00199999999999902 -0
16.1268422884275 2.11517146277481e-07 -6.83487121206831e-06 -0.00199999999999902 -0
16.1687301904753 -8.40594498203168e-08 -6.96834459967941e-06 -0.00199999999999902 -0
16.2106180925232 -3.72261525776784e-07 -6.4904863914745e-06 -0.00199999999999902 -0
16.2525059945711 -6.27805166238471e-07 -5.44321900056289e-06 -0.00199999999999901 -0
16.2943938966189 -8.28271574418084e-07 -3.91841900339316e-06 -0.00199999999999901 -0
16.3362817986668 -9.56073869031714e-07 -2.04985682452398e-06 -0.001999999999999 -0
16.3781697007146 -9.99999978173696e-07 -1.46108177109524e-09 -0.001999999999999 -0
16.4200576027625 -9.56196272331937e-07 2.04706284141804e-06 -0.001999999999999 0
16.4619455048104 -8.28505642599414e-07 3.91599831634978e-06 -0.00199999999999901 0
16.5038334068582 -6.28130364542218e-07 5.44138397601314e-06 -0.00199999999999901 0
16.5457213089061 -3.72649324615304e-07 6.48939801578614e-06 -0.00199999999999902 0
16.587609210954 -8.44758276725135e-08 6.96809835585231e-06 -0.00199999999999902 0
16.6294971130018 2.11108718164342e-07 6.83548870302832e-06 -0.00199999999999902 0
16.6713850150497 4.88172734810947e-07 6.10320287787542e-06 -0.00199999999999902 0
16.7132729170976 7.22409446817715e-07 4.83548418175173e-06 -0.00199999999999901 0
16.7551608191454 8.93269310329371e-07 3.14354934374713e-06 -0.001999999999999 0
16.7970487211933 9.85762820804729e-07 1.17583149740407e-06 -0.001999999999999 0
16.8389366232412 9.91775539505481e-07 -8.95041830909778e-07 -0.001999999999999 -0
16.880824525289 9.1077997172095e-07 -2.88739330328138e-06 -0.001999999999999 -0
16.9227124273369 7.49881843782464e-07 -4.62643428984205e-06 -0.00199999999999901 -0
16.9646003293848 5.23196718993384e-07 -5.9595990432617e-06 -0.00199999999999902 -0
17.0064882314326 2.50611641845084e-07 -6.76992926382717e-06 -0.00199999999999902 -0
17.0483761334805 -4.39595487549356e-08 -6.98633482966082e-06 -0.00199999999999902 -0
17.0902640355283 -3.34674176191741e-07 -6.58983052009623e-06 -0.00199999999999902 -0
17.1321519375762 -5.96027899430565e-07 -5.615201585611e-06 -0.00199999999999901 -0
17.1740398396241 -8.05092204185908e-07 -4.14795204417163e-06 -0.00199999999999901 -0
17.2159277416719 -9.43525917281562e-07 -2.31680342939314e-06 -0.001999999999999 -0
17.2578156437198 -9.99184274415058e-07 -2.82402073964089e-07 -0.001999999999999 -0
17.2997035457677 -9.67184378106204e-07 1.7767743637056e-06 -0.001999999999999 0
17.3415914478155 -8.50333573398947e-07 3.68007471177738e-06 -0.00199999999999901 0
17.3834793498634 -6.588831599947e-07 5.26052277921198e-06 -0.00199999999999901 0
17.4253672519113 -4.0962904760657e-07 6.37946614643564e-06 -0.00199999999999902 0
17.4672551539591 -1.2443825387558e-07 6.93874011672191e-06 -0.00199999999999902 0
17.509143056007 1.71669485083092e-07 6.88927968706141e-06 -0.00199999999999902 0
17.5510309580549 4.52716691548353e-07 6.23542401189197e-06 -0.00199999999999902 0
17.5929188601027 6.94047145557151e-07 5.03453572987434e-06 -0.00199999999999901 0
17.6348067621506 8.74488970567248e-07 3.39196855010563e-06 -0.00199999999999901 0
17.6766946641985 9.7821203830967e-07 1.45182459051053e-06 -0.001999999999999 0
17.7185825662463 9.96116743043219e-07 -6.15687674578839e-07 -0.001999999999999 -0
17.7604704682942 9.26632308299998e-07 -2.62918577271073e-06 -0.001999999999999 -0
17.8023583703421 7.7585459081733e-07 -4.41202588441046e-06 -0.00199999999999901 -0
17.8442462723899 5.57011292142347e-07 -5.80779977311921e-06 -0.00199999999999902 -0
17.8861341744378 2.89301494797282e-07 -6.69405645114873e-06 -0.00199999999999902 -0
17.9280220764856 -3.78866971483133e-09 -6.99304478241029e-06 -0.00199999999999902 -0
17.9699099785335 -2.96546454926574e-07 -6.67853457534749e-06 -0.00199999999999902 -0
18.0117978805814 -5.63288273945687e-07 -5.7781177528387e-06 -0.00199999999999901 -0
18.0536857826292 -7.80612915830436e-07 -4.37078771785507e-06 -0.00199999999999901 -0
18.0955736846771 -9.29454529540727e-07 -2.58000927668159e-06 -0.001999999999999 -0
18.137461586725 -9.96755267558873e-07 -5.62887094068304e-07 -0.001999999999999 -0
18.1793494887728 -9.76610848461406e-07 1.50361707024214e-06 -0.001999999999999 0
18.2212373908207 -8.70788538447275e-07 3.43820918429473e-06 -0.00199999999999901 0
18.2631252928686 -6.88572109397799e-07 5.07116783615026e-06 -0.00199999999999901 0
18.3050131949164 -4.45947375269395e-07 6.2592338622785e-06 -0.00199999999999902 0
18.3469010969643 -1.6419975956221e-07 6.89817844774376e-06 -0.00199999999999902 0
18.3887889990122 1.31953070986158e-07 6.9319471010548e-06 -0.00199999999999902 0
18.43067690106 4.16529682777705e-07 6.35757730443973e-06 -0.00199999999999902 0
18.4725648031079 6.64564221766346e-07 5.2254584149877e-06 -0.00199999999999901 0
18.5144527051558 8.54296663262087e-07 3.63491101557778e-06 -0.00199999999999901 0
18.5563406072036 9.69081814912793e-07 1.72547353832874e-06 -0.001999999999999 0
18.5982285092515 9.98849596381477e-07 -3.35339416501153e-07 -0.001999999999999 -0
18.6401164112993 9.40988485650417e-07 -2.36673310572254e-06 -0.001999999999999 -0
18.6820043133472 8.00574627369593e-07 -4.19049373293118e-06 -0.00199999999999901 -0
18.7238922153951 5.89926503615999e-07 -5.64662311223527e-06 -0.00199999999999901 -0
18.7657801174429 3.27524235716562e-07 -6.60737527980779e-06 -0.00199999999999902 -0
18.8076680194908 3.6388326587867e-08 -6.98846362390266e-06 -0.00199999999999902 -0
18.8495559215387 -2.57939923769627e-07 -6.75645533387023e-06 -0.00199999999999902 -0
